<?xml version="1.0" encoding="UTF-8"?>
<!-- Generated by org.testng.reporters.JUnitReportReporter -->
<testsuite hostname="HW1315" name="com.desktopWeb.scripts.sprint1.TC_118_Design_Project_Sub_Page_Template_En" tests="1" failures="0" timestamp="11 Feb 2017 09:46:04 GMT" time="294.434" errors="0">
  <testcase name="TC118_Design_Project_Sub_Page_Template_en" time="294.434" classname="com.desktopWeb.scripts.sprint1.TC_118_Design_Project_Sub_Page_Template_En"/>
</testsuite> <!-- com.desktopWeb.scripts.sprint1.TC_118_Design_Project_Sub_Page_Template_En -->
