<?xml version="1.0" encoding="UTF-8"?>
<!-- Generated by org.testng.reporters.JUnitReportReporter -->
<testsuite hostname="HW1315" name="com.desktopWeb.scripts.addUpdate.TC_56_Verify_Update_Mobile_Preview" tests="1" failures="0" timestamp="11 Feb 2017 09:46:10 GMT" time="180.379" errors="0">
  <testcase name="TC56_Verify_Mobile_Preview" time="180.379" classname="com.desktopWeb.scripts.addUpdate.TC_56_Verify_Update_Mobile_Preview"/>
</testsuite> <!-- com.desktopWeb.scripts.addUpdate.TC_56_Verify_Update_Mobile_Preview -->
