<?xml version="1.0" encoding="UTF-8"?>
<!-- Generated by org.testng.reporters.JUnitReportReporter -->
<testsuite hostname="HW1315" name="com.desktopWeb.scripts.setting.TC_61_Verify_Setting_Mobile_Preview" tests="1" failures="0" timestamp="11 Feb 2017 09:46:05 GMT" time="227.498" errors="0">
  <testcase name="TC61_Verify_Setting_Mobile_Preview" time="227.498" classname="com.desktopWeb.scripts.setting.TC_61_Verify_Setting_Mobile_Preview"/>
</testsuite> <!-- com.desktopWeb.scripts.setting.TC_61_Verify_Setting_Mobile_Preview -->
