<?xml version="1.0" encoding="UTF-8"?>
<!-- Generated by org.testng.reporters.JUnitReportReporter -->
<testsuite hostname="HW1315" name="com.desktopWeb.scripts.sprint1.TC_116_WCCP_446_Verify_PM_Dept_Agency_Permission_To_En_Manager" tests="1" failures="0" timestamp="11 Feb 2017 09:46:08 GMT" time="173.639" errors="0">
  <testcase name="TC116_WCCP_446_Verify_PM_Dept_Agency_Permission_To_En_Manager" time="173.639" classname="com.desktopWeb.scripts.sprint1.TC_116_WCCP_446_Verify_PM_Dept_Agency_Permission_To_En_Manager"/>
</testsuite> <!-- com.desktopWeb.scripts.sprint1.TC_116_WCCP_446_Verify_PM_Dept_Agency_Permission_To_En_Manager -->
