<?xml version="1.0" encoding="UTF-8"?>
<!-- Generated by org.testng.reporters.JUnitReportReporter -->
<testsuite hostname="HW1315" name="com.desktopWeb.scripts.setting.TC_66_Verify_Setting_Version_Duplicate" tests="1" failures="0" timestamp="11 Feb 2017 09:46:06 GMT" time="239.534" errors="0">
  <testcase name="TC66_Verify_Setting_Version_Duplicate" time="239.534" classname="com.desktopWeb.scripts.setting.TC_66_Verify_Setting_Version_Duplicate"/>
</testsuite> <!-- com.desktopWeb.scripts.setting.TC_66_Verify_Setting_Version_Duplicate -->
