<?xml version="1.0" encoding="UTF-8"?>
<!-- Generated by org.testng.reporters.JUnitReportReporter -->
<testsuite hostname="HW1315" name="com.desktopWeb.scripts.tools.TC_50_Verify_Authoring_Tools_Options" tests="1" failures="0" timestamp="11 Feb 2017 09:46:07 GMT" time="218.517" errors="0">
  <testcase name="TC50_Verify_Authoring_Tools_Options" time="218.517" classname="com.desktopWeb.scripts.tools.TC_50_Verify_Authoring_Tools_Options"/>
</testsuite> <!-- com.desktopWeb.scripts.tools.TC_50_Verify_Authoring_Tools_Options -->
