<?xml version="1.0" encoding="UTF-8"?>
<!-- Generated by org.testng.reporters.JUnitReportReporter -->
<testsuite hostname="HW1315" name="com.desktopWeb.scripts.sprint2.TC_180_WCCP_417_ActivityFeed" tests="1" failures="0" timestamp="11 Feb 2017 09:46:07 GMT" time="1091.869" errors="0">
  <testcase name="TC180_WCCP_417_ActivityFeed" time="1091.869" classname="com.desktopWeb.scripts.sprint2.TC_180_WCCP_417_ActivityFeed"/>
</testsuite> <!-- com.desktopWeb.scripts.sprint2.TC_180_WCCP_417_ActivityFeed -->
