<?xml version="1.0" encoding="UTF-8"?>
<!-- Generated by org.testng.reporters.JUnitReportReporter -->
<testsuite hostname="HW1315" name="com.desktopWeb.scripts.setting.TC_62_Verify_Setting_Delete" tests="1" failures="0" timestamp="11 Feb 2017 09:46:06 GMT" time="202.300" errors="0">
  <testcase name="TC62_Verify_Setting_Delete" time="202.300" classname="com.desktopWeb.scripts.setting.TC_62_Verify_Setting_Delete"/>
</testsuite> <!-- com.desktopWeb.scripts.setting.TC_62_Verify_Setting_Delete -->
