<?xml version="1.0" encoding="UTF-8"?>
<!-- Generated by org.testng.reporters.JUnitReportReporter -->
<testsuite hostname="HW1315" name="com.desktopWeb.scripts.tools.TC_32_Add_Swipe" tests="1" failures="0" timestamp="11 Feb 2017 09:46:09 GMT" time="868.371" errors="0">
  <testcase name="TC32_Add_Swipe" time="868.371" classname="com.desktopWeb.scripts.tools.TC_32_Add_Swipe"/>
</testsuite> <!-- com.desktopWeb.scripts.tools.TC_32_Add_Swipe -->
