<?xml version="1.0" encoding="UTF-8"?>
<!-- Generated by org.testng.reporters.JUnitReportReporter -->
<testsuite hostname="HW1315" name="com.desktopWeb.scripts.sprint1.TC_139_Design_Project_Sub_Page_Template_Pa" tests="1" failures="0" timestamp="11 Feb 2017 09:46:05 GMT" time="349.432" errors="0">
  <testcase name="TC139_Design_Project_Sub_Page_Template_Pa" time="349.432" classname="com.desktopWeb.scripts.sprint1.TC_139_Design_Project_Sub_Page_Template_Pa"/>
</testsuite> <!-- com.desktopWeb.scripts.sprint1.TC_139_Design_Project_Sub_Page_Template_Pa -->
