<?xml version="1.0" encoding="UTF-8"?>
<!-- Generated by org.testng.reporters.JUnitReportReporter -->
<testsuite hostname="HW1315" name="com.desktopWeb.scripts.common.TC_03_CommonChecks_HomePage_HamburgerMenu_Login_Signout_GuestUser" tests="4" failures="0" timestamp="11 Feb 2017 09:46:09 GMT" time="1080.771" errors="0">
  <testcase name="TC03_CommonChecks_HomePage_HambergerMenu_Login_Signout_GuestUser" time="314.998" classname="com.desktopWeb.scripts.common.TC_03_CommonChecks_HomePage_HamburgerMenu_Login_Signout_GuestUser"/>
  <testcase name="TC03_CommonChecks_HomePage_HambergerMenu_Login_Signout_GuestUser" time="277.679" classname="com.desktopWeb.scripts.common.TC_03_CommonChecks_HomePage_HamburgerMenu_Login_Signout_GuestUser"/>
  <testcase name="TC03_CommonChecks_HomePage_HambergerMenu_Login_Signout_GuestUser" time="225.858" classname="com.desktopWeb.scripts.common.TC_03_CommonChecks_HomePage_HamburgerMenu_Login_Signout_GuestUser"/>
  <testcase name="TC03_CommonChecks_HomePage_HambergerMenu_Login_Signout_GuestUser" time="262.236" classname="com.desktopWeb.scripts.common.TC_03_CommonChecks_HomePage_HamburgerMenu_Login_Signout_GuestUser"/>
</testsuite> <!-- com.desktopWeb.scripts.common.TC_03_CommonChecks_HomePage_HamburgerMenu_Login_Signout_GuestUser -->
