<?xml version="1.0" encoding="UTF-8"?>
<!-- Generated by org.testng.reporters.JUnitReportReporter -->
<testsuite hostname="HW1315" name="com.desktopWeb.scripts.tools.TC_23_Add_Divider" tests="1" failures="0" timestamp="11 Feb 2017 09:46:07 GMT" time="604.409" errors="0">
  <testcase name="TC23_Add_Divider" time="604.409" classname="com.desktopWeb.scripts.tools.TC_23_Add_Divider"/>
</testsuite> <!-- com.desktopWeb.scripts.tools.TC_23_Add_Divider -->
