<?xml version="1.0" encoding="UTF-8"?>
<!-- Generated by org.testng.reporters.JUnitReportReporter -->
<testsuite hostname="HW1315" name="com.desktopWeb.scripts.dashboard.TC_110_Verify_Dashboard_Create_Community_User" tests="1" failures="0" timestamp="11 Feb 2017 09:46:05 GMT" time="267.494" errors="0">
  <testcase name="TC110_Verify_Dashboard_Create_Community_User" time="267.494" classname="com.desktopWeb.scripts.dashboard.TC_110_Verify_Dashboard_Create_Community_User"/>
</testsuite> <!-- com.desktopWeb.scripts.dashboard.TC_110_Verify_Dashboard_Create_Community_User -->
