<?xml version="1.0" encoding="UTF-8"?>
<!-- Generated by org.testng.reporters.JUnitReportReporter -->
<testsuite hostname="HW1315" name="com.desktopWeb.scripts.dashboard.TC_111_Verify_DashBoard_Sitemap_Links" tests="1" failures="0" timestamp="11 Feb 2017 09:46:11 GMT" time="1581.610" errors="0">
  <testcase name="TC111_Verify_DashBoard_Sitemap_Links" time="1581.610" classname="com.desktopWeb.scripts.dashboard.TC_111_Verify_DashBoard_Sitemap_Links"/>
</testsuite> <!-- com.desktopWeb.scripts.dashboard.TC_111_Verify_DashBoard_Sitemap_Links -->
