<?xml version="1.0" encoding="UTF-8"?>
<!-- Generated by org.testng.reporters.JUnitReportReporter -->
<testsuite hostname="HW1315" name="com.desktopWeb.scripts.sprint1.TC_138_Verify_Project_Sub_Page_Delete_Pa" tests="1" failures="0" timestamp="11 Feb 2017 09:46:08 GMT" time="189.779" errors="0">
  <testcase name="TC138_Verify_Project_Sub_Page_Delete_Pa" time="189.779" classname="com.desktopWeb.scripts.sprint1.TC_138_Verify_Project_Sub_Page_Delete_Pa"/>
</testsuite> <!-- com.desktopWeb.scripts.sprint1.TC_138_Verify_Project_Sub_Page_Delete_Pa -->
