<?xml version="1.0" encoding="UTF-8"?>
<!-- Generated by org.testng.reporters.JUnitReportReporter -->
<testsuite hostname="HW1315" name="com.desktopWeb.scripts.common.TC_18_Contactus_GuestUser" tests="1" failures="0" timestamp="11 Feb 2017 09:46:09 GMT" time="187.573" errors="0">
  <testcase name="TC18_Contactus_GuestUser" time="187.573" classname="com.desktopWeb.scripts.common.TC_18_Contactus_GuestUser"/>
</testsuite> <!-- com.desktopWeb.scripts.common.TC_18_Contactus_GuestUser -->
