<?xml version="1.0" encoding="UTF-8"?>
<!-- Generated by org.testng.reporters.JUnitReportReporter -->
<testsuite hostname="HW1315" name="com.desktopWeb.scripts.sprint1.TC_136_WCCP_450_Verify_View_Project_Pa" tests="1" failures="0" timestamp="11 Feb 2017 09:46:07 GMT" time="164.628" errors="0">
  <testcase name="TC136_WCCP_450_Verify_View_Project_Pa" time="164.628" classname="com.desktopWeb.scripts.sprint1.TC_136_WCCP_450_Verify_View_Project_Pa"/>
</testsuite> <!-- com.desktopWeb.scripts.sprint1.TC_136_WCCP_450_Verify_View_Project_Pa -->
