<?xml version="1.0" encoding="UTF-8"?>
<!-- Generated by org.testng.reporters.JUnitReportReporter -->
<testsuite hostname="HW1315" name="com.desktopWeb.scripts.tools.TC_36_Add_Social_Map" tests="1" failures="0" timestamp="11 Feb 2017 09:46:05 GMT" time="726.551" errors="0">
  <testcase name="TC36_Add_Social_Map" time="726.551" classname="com.desktopWeb.scripts.tools.TC_36_Add_Social_Map"/>
</testsuite> <!-- com.desktopWeb.scripts.tools.TC_36_Add_Social_Map -->
