<?xml version="1.0" encoding="UTF-8"?>
<!-- Generated by org.testng.reporters.JUnitReportReporter -->
<testsuite hostname="HW1315" name="com.desktopWeb.scripts.dashboard.TC_106_Verify_Dashboard_Moderation_Refer_Reject" tests="1" failures="0" timestamp="11 Feb 2017 09:46:09 GMT" time="204.861" errors="0">
  <testcase name="TC106_Verify_Dashboard_Moderation_Refer_Reject" time="204.861" classname="com.desktopWeb.scripts.dashboard.TC_106_Verify_Dashboard_Moderation_Refer_Reject"/>
</testsuite> <!-- com.desktopWeb.scripts.dashboard.TC_106_Verify_Dashboard_Moderation_Refer_Reject -->
