<?xml version="1.0" encoding="UTF-8"?>
<!-- Generated by org.testng.reporters.JUnitReportReporter -->
<testsuite hostname="HW1315" name="com.desktopWeb.scripts.sprint2.TC_182_WCCP_408_En_Manage_ProjectUser" tests="1" failures="0" timestamp="11 Feb 2017 09:46:08 GMT" time="757.128" errors="0">
  <testcase name="TC182_WCCP_408_En_Manage_ProjectUser" time="757.128" classname="com.desktopWeb.scripts.sprint2.TC_182_WCCP_408_En_Manage_ProjectUser"/>
</testsuite> <!-- com.desktopWeb.scripts.sprint2.TC_182_WCCP_408_En_Manage_ProjectUser -->
