<?xml version="1.0" encoding="UTF-8"?>
<!-- Generated by org.testng.reporters.JUnitReportReporter -->
<testsuite hostname="HW1315" name="com.desktopWeb.scripts.common.TC_06_loginviaFooter_CommonCheck_FooterLinks_SearchSite_CommunityUser" tests="1" failures="0" timestamp="11 Feb 2017 09:46:10 GMT" time="461.623" errors="0">
  <testcase name="TC06_loginviaFooter_CommonCheck_FooterLinks_SearchSite_CommunityUser" time="461.623" classname="com.desktopWeb.scripts.common.TC_06_loginviaFooter_CommonCheck_FooterLinks_SearchSite_CommunityUser"/>
</testsuite> <!-- com.desktopWeb.scripts.common.TC_06_loginviaFooter_CommonCheck_FooterLinks_SearchSite_CommunityUser -->
