<?xml version="1.0" encoding="UTF-8"?>
<!-- Generated by org.testng.reporters.JUnitReportReporter -->
<testsuite hostname="HW1315" name="com.desktopWeb.scripts.page.TC_75_Verify_Project_Sub_Page_Mobile_Preview" tests="1" failures="0" timestamp="11 Feb 2017 09:46:08 GMT" time="321.340" errors="0">
  <testcase name="TC75_Verify_Project_Sub_Page_Mobile_Preview" time="321.340" classname="com.desktopWeb.scripts.page.TC_75_Verify_Project_Sub_Page_Mobile_Preview"/>
</testsuite> <!-- com.desktopWeb.scripts.page.TC_75_Verify_Project_Sub_Page_Mobile_Preview -->
