<?xml version="1.0" encoding="UTF-8"?>
<!-- Generated by org.testng.reporters.JUnitReportReporter -->
<testsuite hostname="HW1315" name="com.desktopWeb.scripts.dashboard.TC_102_Verify_Dashboard_Moderation_Recently_RejecttoApprove" tests="1" failures="0" timestamp="11 Feb 2017 09:46:10 GMT" time="175.157" errors="0">
  <testcase name="TC102_Verify_Dashboard_Moderation_Recently_RejecttoApprove" time="175.157" classname="com.desktopWeb.scripts.dashboard.TC_102_Verify_Dashboard_Moderation_Recently_RejecttoApprove"/>
</testsuite> <!-- com.desktopWeb.scripts.dashboard.TC_102_Verify_Dashboard_Moderation_Recently_RejecttoApprove -->
