<?xml version="1.0" encoding="UTF-8"?>
<!-- Generated by org.testng.reporters.JUnitReportReporter -->
<testsuite hostname="HW1315" name="com.desktopWeb.scripts.dashboard.TC_100_Verify_Dashboard_Moderation_Recently_ApprovetoReject" tests="1" failures="0" timestamp="11 Feb 2017 09:46:09 GMT" time="176.136" errors="0">
  <testcase name="TC100_Verify_Dashboard_Moderation_Recently_ApprovetoReject" time="176.136" classname="com.desktopWeb.scripts.dashboard.TC_100_Verify_Dashboard_Moderation_Recently_ApprovetoReject"/>
</testsuite> <!-- com.desktopWeb.scripts.dashboard.TC_100_Verify_Dashboard_Moderation_Recently_ApprovetoReject -->
