<?xml version="1.0" encoding="UTF-8"?>
<!-- Generated by org.testng.reporters.JUnitReportReporter -->
<testsuite hostname="HW1315" name="com.desktopWeb.scripts.tools.TC_21_Add_Block_Quote" tests="1" failures="0" timestamp="11 Feb 2017 09:46:10 GMT" time="595.094" errors="0">
  <testcase name="TC21_Add_Block_Quote" time="595.094" classname="com.desktopWeb.scripts.tools.TC_21_Add_Block_Quote"/>
</testsuite> <!-- com.desktopWeb.scripts.tools.TC_21_Add_Block_Quote -->
