<?xml version="1.0" encoding="UTF-8"?>
<!-- Generated by org.testng.reporters.JUnitReportReporter -->
<testsuite hostname="HW1315" name="com.desktopWeb.scripts.sprint2.TC_175_Verify_Field_Enable_ToEdit_Dashoard_Project_Cm" tests="1" failures="0" timestamp="11 Feb 2017 09:46:06 GMT" time="262.155" errors="0">
  <testcase name="TC175_Verify_Field_Enable_ToEdit_Dashoard_Project_Cm" time="262.155" classname="com.desktopWeb.scripts.sprint2.TC_175_Verify_Field_Enable_ToEdit_Dashoard_Project_Cm"/>
</testsuite> <!-- com.desktopWeb.scripts.sprint2.TC_175_Verify_Field_Enable_ToEdit_Dashoard_Project_Cm -->
