<?xml version="1.0" encoding="UTF-8"?>
<!-- Generated by org.testng.reporters.JUnitReportReporter -->
<testsuite hostname="HW1315" name="com.desktopWeb.scripts.common.TC_05_loginviaFooter_CommonCheck_FooterLinks_SearchSite_SiteAdmin" tests="1" failures="0" timestamp="11 Feb 2017 09:46:11 GMT" time="1103.235" errors="0">
  <testcase name="TC05_loginviaFooter_CommonCheck_FooterLinks_SearchSite_SiteAdmin" time="1103.235" classname="com.desktopWeb.scripts.common.TC_05_loginviaFooter_CommonCheck_FooterLinks_SearchSite_SiteAdmin"/>
</testsuite> <!-- com.desktopWeb.scripts.common.TC_05_loginviaFooter_CommonCheck_FooterLinks_SearchSite_SiteAdmin -->
