<?xml version="1.0" encoding="UTF-8"?>
<!-- Generated by org.testng.reporters.JUnitReportReporter -->
<testsuite hostname="HW1315" name="com.desktopWeb.scripts.sprint2.TC_171_Detail_Project_Dashboard_Project_Cm" tests="1" failures="0" timestamp="11 Feb 2017 09:46:08 GMT" time="141.384" errors="0">
  <testcase name="TC171_Detail_Project_Dashboard_Project_Cm" time="141.384" classname="com.desktopWeb.scripts.sprint2.TC_171_Detail_Project_Dashboard_Project_Cm"/>
</testsuite> <!-- com.desktopWeb.scripts.sprint2.TC_171_Detail_Project_Dashboard_Project_Cm -->
