<?xml version="1.0" encoding="UTF-8"?>
<!-- Generated by org.testng.reporters.JUnitReportReporter -->
<testsuite hostname="HW1315" name="com.desktopWeb.scripts.sprint1.TC_125_WCCP_450_Verify_View_Project_En" tests="1" failures="0" timestamp="11 Feb 2017 09:46:07 GMT" time="209.944" errors="0">
  <testcase name="TC125_WCCP_450_Verify_View_Project_En" time="209.944" classname="com.desktopWeb.scripts.sprint1.TC_125_WCCP_450_Verify_View_Project_En"/>
</testsuite> <!-- com.desktopWeb.scripts.sprint1.TC_125_WCCP_450_Verify_View_Project_En -->
