<?xml version="1.0" encoding="UTF-8"?>
<!-- Generated by org.testng.reporters.JUnitReportReporter -->
<testsuite hostname="HW1315" name="com.desktopWeb.scripts.tools.TC_46_Add_News_Feed" tests="1" failures="0" timestamp="11 Feb 2017 09:46:06 GMT" time="777.395" errors="0">
  <testcase name="TC46_Add_News_Feed" time="777.395" classname="com.desktopWeb.scripts.tools.TC_46_Add_News_Feed"/>
</testsuite> <!-- com.desktopWeb.scripts.tools.TC_46_Add_News_Feed -->
