<?xml version="1.0" encoding="UTF-8"?>
<!-- Generated by org.testng.reporters.JUnitReportReporter -->
<testsuite hostname="HW1315" name="com.desktopWeb.scripts.common.TC_08_ActiveConsultation_SiteAdmin" tests="1" failures="0" timestamp="11 Feb 2017 09:46:05 GMT" time="230.422" errors="0">
  <testcase name="TC08_ActiveConsultation_SiteAdmin" time="230.422" classname="com.desktopWeb.scripts.common.TC_08_ActiveConsultation_SiteAdmin"/>
</testsuite> <!-- com.desktopWeb.scripts.common.TC_08_ActiveConsultation_SiteAdmin -->
