<?xml version="1.0" encoding="UTF-8"?>
<!-- Generated by org.testng.reporters.JUnitReportReporter -->
<testsuite hostname="HW1315" name="com.desktopWeb.scripts.tools.TC_38_Add_Visioner_Result" tests="1" failures="0" timestamp="11 Feb 2017 09:46:11 GMT" time="730.591" errors="0">
  <testcase name="TC38_Add_Visioner_Result" time="730.591" classname="com.desktopWeb.scripts.tools.TC_38_Add_Visioner_Result"/>
</testsuite> <!-- com.desktopWeb.scripts.tools.TC_38_Add_Visioner_Result -->
