<?xml version="1.0" encoding="UTF-8"?>
<!-- Generated by org.testng.reporters.JUnitReportReporter -->
<testsuite hostname="HW1315" name="com.desktopWeb.scripts.sprint2.TC_177_Verify_Field_Enable_ToEdit_Dashoard_Project_SiteAdmin" tests="1" failures="0" timestamp="11 Feb 2017 09:46:09 GMT" time="320.714" errors="0">
  <testcase name="TC177_Verify_Field_Enable_ToEdit_Dashoard_Project_SiteAdmin" time="320.714" classname="com.desktopWeb.scripts.sprint2.TC_177_Verify_Field_Enable_ToEdit_Dashoard_Project_SiteAdmin"/>
</testsuite> <!-- com.desktopWeb.scripts.sprint2.TC_177_Verify_Field_Enable_ToEdit_Dashoard_Project_SiteAdmin -->
