<?xml version="1.0" encoding="UTF-8"?>
<!-- Generated by org.testng.reporters.JUnitReportReporter -->
<testsuite hostname="HW1315" name="com.desktopWeb.scripts.roles_permission.TC_187_Verify_Edit_Site_User_Account_Site_Admin" tests="1" failures="0" timestamp="11 Feb 2017 09:46:09 GMT" time="173.958" errors="0">
  <testcase name="TC187_Verify_Edit_Site_User_Account_Site_Admin" time="173.958" classname="com.desktopWeb.scripts.roles_permission.TC_187_Verify_Edit_Site_User_Account_Site_Admin"/>
</testsuite> <!-- com.desktopWeb.scripts.roles_permission.TC_187_Verify_Edit_Site_User_Account_Site_Admin -->
