<?xml version="1.0" encoding="UTF-8"?>
<!-- Generated by org.testng.reporters.JUnitReportReporter -->
<testsuite hostname="HW1315" name="com.desktopWeb.scripts.dashboard.TC_103_Verify_Dashboard_Moderation_Recently_RejecttoReject" tests="1" failures="0" timestamp="11 Feb 2017 09:46:07 GMT" time="167.531" errors="0">
  <testcase name="TC103_Verify_Dashboard_Moderation_Recently_RejecttoReject" time="167.531" classname="com.desktopWeb.scripts.dashboard.TC_103_Verify_Dashboard_Moderation_Recently_RejecttoReject"/>
</testsuite> <!-- com.desktopWeb.scripts.dashboard.TC_103_Verify_Dashboard_Moderation_Recently_RejecttoReject -->
