<?xml version="1.0" encoding="UTF-8"?>
<!-- Generated by org.testng.reporters.JUnitReportReporter -->
<testsuite hostname="HW1315" name="com.desktopWeb.scripts.tools.TC_39_Add_Forum" tests="1" failures="0" timestamp="11 Feb 2017 09:46:05 GMT" time="745.985" errors="0">
  <testcase name="TC39_Add_Forum" time="745.985" classname="com.desktopWeb.scripts.tools.TC_39_Add_Forum"/>
</testsuite> <!-- com.desktopWeb.scripts.tools.TC_39_Add_Forum -->
