<?xml version="1.0" encoding="UTF-8"?>
<!-- Generated by org.testng.reporters.JUnitReportReporter -->
<testsuite hostname="HW1315" name="com.desktopWeb.scripts.addUpdate.TC_63_Verify_Update_Delete" tests="1" failures="0" timestamp="11 Feb 2017 09:46:06 GMT" time="309.277" errors="0">
  <testcase name="TC63_Verify_Update_Delete" time="309.277" classname="com.desktopWeb.scripts.addUpdate.TC_63_Verify_Update_Delete"/>
</testsuite> <!-- com.desktopWeb.scripts.addUpdate.TC_63_Verify_Update_Delete -->
