<?xml version="1.0" encoding="UTF-8"?>
<!-- Generated by org.testng.reporters.JUnitReportReporter -->
<testsuite hostname="HW1315" name="com.desktopWeb.scripts.setting.TC_57_Detail_Setting_Project_Desc" tests="1" failures="0" timestamp="11 Feb 2017 09:46:10 GMT" time="142.950" errors="0">
  <testcase name="TC57_Detail_Setting_Project_Desc" time="142.950" classname="com.desktopWeb.scripts.setting.TC_57_Detail_Setting_Project_Desc"/>
</testsuite> <!-- com.desktopWeb.scripts.setting.TC_57_Detail_Setting_Project_Desc -->
