<?xml version="1.0" encoding="UTF-8"?>
<!-- Generated by org.testng.reporters.JUnitReportReporter -->
<testsuite hostname="HW1315" name="com.desktopWeb.scripts.dashboard.TC_95_Verify_Authoring_Dashboard_Options" tests="1" failures="0" timestamp="11 Feb 2017 09:46:07 GMT" time="179.051" errors="0">
  <testcase name="TC95_Verify_Authoring_Dashboard_Options" time="179.051" classname="com.desktopWeb.scripts.dashboard.TC_95_Verify_Authoring_Dashboard_Options"/>
</testsuite> <!-- com.desktopWeb.scripts.dashboard.TC_95_Verify_Authoring_Dashboard_Options -->
