<?xml version="1.0" encoding="UTF-8"?>
<!-- Generated by org.testng.reporters.JUnitReportReporter -->
<testsuite hostname="HW1315" name="com.desktopWeb.scripts.sprint2.TC_170_Detail_Project_Dashboard_Project_En" tests="1" failures="0" timestamp="11 Feb 2017 09:46:08 GMT" time="173.099" errors="0">
  <testcase name="TC170_Detail_Project_Dashboard_Project_En" time="173.099" classname="com.desktopWeb.scripts.sprint2.TC_170_Detail_Project_Dashboard_Project_En"/>
</testsuite> <!-- com.desktopWeb.scripts.sprint2.TC_170_Detail_Project_Dashboard_Project_En -->
