<?xml version="1.0" encoding="UTF-8"?>
<!-- Generated by org.testng.reporters.JUnitReportReporter -->
<testsuite hostname="HW1315" name="com.desktopWeb.scripts.dashboard.TC_97_Verify_Dashboard_Moderation_Awaiting_Reject" tests="1" failures="0" timestamp="11 Feb 2017 09:46:11 GMT" time="239.779" errors="0">
  <testcase name="TC97_Verify_Dashboard_Moderation_Awaiting_Reject" time="239.779" classname="com.desktopWeb.scripts.dashboard.TC_97_Verify_Dashboard_Moderation_Awaiting_Reject"/>
</testsuite> <!-- com.desktopWeb.scripts.dashboard.TC_97_Verify_Dashboard_Moderation_Awaiting_Reject -->
