<?xml version="1.0" encoding="UTF-8"?>
<!-- Generated by org.testng.reporters.JUnitReportReporter -->
<testsuite hostname="HW1315" name="com.desktopWeb.scripts.dashboard.TC_98_Verify_Dashboard_Moderation_Awaiting_Refer" tests="1" failures="0" timestamp="11 Feb 2017 09:46:08 GMT" time="254.092" errors="0">
  <testcase name="TC98_Verify_Dashboard_Moderation_Awaiting_Refer" time="254.092" classname="com.desktopWeb.scripts.dashboard.TC_98_Verify_Dashboard_Moderation_Awaiting_Refer"/>
</testsuite> <!-- com.desktopWeb.scripts.dashboard.TC_98_Verify_Dashboard_Moderation_Awaiting_Refer -->
