<?xml version="1.0" encoding="UTF-8"?>
<!-- Generated by org.testng.reporters.JUnitReportReporter -->
<testsuite hostname="HW1315" name="com.desktopWeb.scripts.tools.TC_29_Add_Image_Gallary" tests="1" failures="0" timestamp="11 Feb 2017 09:46:10 GMT" time="772.304" errors="0">
  <testcase name="TC29_Add_Image_Gallary" time="772.304" classname="com.desktopWeb.scripts.tools.TC_29_Add_Image_Gallary"/>
</testsuite> <!-- com.desktopWeb.scripts.tools.TC_29_Add_Image_Gallary -->
