<?xml version="1.0" encoding="UTF-8"?>
<!-- Generated by org.testng.reporters.JUnitReportReporter -->
<testsuite hostname="HW1315" name="com.desktopWeb.scripts.page.TC_71_SEO_Project_Sub_Page_Name" tests="1" failures="0" timestamp="11 Feb 2017 09:46:05 GMT" time="413.292" errors="0">
  <testcase name="TC71_SEO_Project_Sub_Page_Name" time="413.292" classname="com.desktopWeb.scripts.page.TC_71_SEO_Project_Sub_Page_Name"/>
</testsuite> <!-- com.desktopWeb.scripts.page.TC_71_SEO_Project_Sub_Page_Name -->
