<?xml version="1.0" encoding="UTF-8"?>
<!-- Generated by org.testng.reporters.JUnitReportReporter -->
<testsuite hostname="HW1315" name="com.desktopWeb.scripts.sprint2.TC_173_Detail_Project_Dashboard_Project_SiteAdmin" tests="1" failures="0" timestamp="11 Feb 2017 09:46:08 GMT" time="224.987" errors="0">
  <testcase name="TC173_Detail_Project_Dashboard_Project_SiteAdmin" time="224.987" classname="com.desktopWeb.scripts.sprint2.TC_173_Detail_Project_Dashboard_Project_SiteAdmin"/>
</testsuite> <!-- com.desktopWeb.scripts.sprint2.TC_173_Detail_Project_Dashboard_Project_SiteAdmin -->
