<?xml version="1.0" encoding="UTF-8"?>
<!-- Generated by org.testng.reporters.JUnitReportReporter -->
<testsuite hostname="HW1315" name="com.desktopWeb.scripts.common.TC_13_HelpmeFindCons_GuestUser" tests="1" failures="0" timestamp="11 Feb 2017 09:46:11 GMT" time="107.542" errors="0">
  <testcase name="TC13_HelpmeFindCons_GuestUser" time="107.542" classname="com.desktopWeb.scripts.common.TC_13_HelpmeFindCons_GuestUser"/>
</testsuite> <!-- com.desktopWeb.scripts.common.TC_13_HelpmeFindCons_GuestUser -->
