<?xml version="1.0" encoding="UTF-8"?>
<!-- Generated by org.testng.reporters.JUnitReportReporter -->
<testsuite hostname="HW1315" name="com.desktopWeb.scripts.roles_permission.TC_190_SiteAdmin_Manage_ProjectUser" tests="1" failures="0" timestamp="11 Feb 2017 09:46:06 GMT" time="590.950" errors="0">
  <testcase name="TC190_SiteAdmin_Manage_ProjectUser" time="590.950" classname="com.desktopWeb.scripts.roles_permission.TC_190_SiteAdmin_Manage_ProjectUser"/>
</testsuite> <!-- com.desktopWeb.scripts.roles_permission.TC_190_SiteAdmin_Manage_ProjectUser -->
