<?xml version="1.0" encoding="UTF-8"?>
<!-- Generated by org.testng.reporters.JUnitReportReporter -->
<testsuite hostname="HW1315" name="com.desktopWeb.scripts.tools.TC_26_Add_Tabs_Start" tests="1" failures="0" timestamp="11 Feb 2017 09:46:06 GMT" time="658.574" errors="0">
  <testcase name="TC26_Add_Tabs_Start" time="658.574" classname="com.desktopWeb.scripts.tools.TC_26_Add_Tabs_Start"/>
</testsuite> <!-- com.desktopWeb.scripts.tools.TC_26_Add_Tabs_Start -->
