<?xml version="1.0" encoding="UTF-8"?>
<!-- Generated by org.testng.reporters.JUnitReportReporter -->
<testsuite hostname="HW1315" name="com.desktopWeb.scripts.addUpdate.TC_53_Design_Update_Template" tests="1" failures="0" timestamp="11 Feb 2017 09:46:10 GMT" time="324.268" errors="0">
  <testcase name="TC53_Design_Update_Template" time="324.268" classname="com.desktopWeb.scripts.addUpdate.TC_53_Design_Update_Template"/>
</testsuite> <!-- com.desktopWeb.scripts.addUpdate.TC_53_Design_Update_Template -->
