<?xml version="1.0" encoding="UTF-8"?>
<!-- Generated by org.testng.reporters.JUnitReportReporter -->
<testsuite hostname="HW1315" name="com.desktopWeb.scripts.sprint1.TC_133_Verify_Project_Sub_Page_Mobile_Preview_Cm" tests="1" failures="0" timestamp="11 Feb 2017 09:46:09 GMT" time="203.235" errors="0">
  <testcase name="TC133_Verify_Project_Sub_Page_Mobile_Preview_Cm" time="203.235" classname="com.desktopWeb.scripts.sprint1.TC_133_Verify_Project_Sub_Page_Mobile_Preview_Cm"/>
</testsuite> <!-- com.desktopWeb.scripts.sprint1.TC_133_Verify_Project_Sub_Page_Mobile_Preview_Cm -->
