<?xml version="1.0" encoding="UTF-8"?>
<!-- Generated by org.testng.reporters.JUnitReportReporter -->
<testsuite hostname="HW1315" name="com.desktopWeb.scripts.sprint1.TC_117_Detail_Project_Sub_Page_Project_En" tests="1" failures="0" timestamp="11 Feb 2017 09:46:10 GMT" time="252.938" errors="0">
  <testcase name="TC117_Detail_Project_Sub_Page_Project_En" time="252.938" classname="com.desktopWeb.scripts.sprint1.TC_117_Detail_Project_Sub_Page_Project_En"/>
</testsuite> <!-- com.desktopWeb.scripts.sprint1.TC_117_Detail_Project_Sub_Page_Project_En -->
