<?xml version="1.0" encoding="UTF-8"?>
<!-- Generated by org.testng.reporters.JUnitReportReporter -->
<testsuite hostname="HW1315" name="com.desktopWeb.scripts.tools.TC_19_Add_Content" tests="1" failures="0" timestamp="11 Feb 2017 09:46:10 GMT" time="625.766" errors="0">
  <testcase name="TC19_Add_Content" time="625.766" classname="com.desktopWeb.scripts.tools.TC_19_Add_Content"/>
</testsuite> <!-- com.desktopWeb.scripts.tools.TC_19_Add_Content -->
