<?xml version="1.0" encoding="UTF-8"?>
<!-- Generated by org.testng.reporters.JUnitReportReporter -->
<testsuite hostname="HW1315" name="com.desktopWeb.scripts.dashboard.TC_96_Verify_Dashboard_Moderation_Awaiting_Approve" tests="1" failures="0" timestamp="11 Feb 2017 09:46:05 GMT" time="208.577" errors="0">
  <testcase name="TC96_Verify_Dashboard_Moderation_Awaiting_Approve" time="208.577" classname="com.desktopWeb.scripts.dashboard.TC_96_Verify_Dashboard_Moderation_Awaiting_Approve"/>
</testsuite> <!-- com.desktopWeb.scripts.dashboard.TC_96_Verify_Dashboard_Moderation_Awaiting_Approve -->
