<?xml version="1.0" encoding="UTF-8"?>
<!-- Generated by org.testng.reporters.JUnitReportReporter -->
<testsuite hostname="HW1315" name="com.desktopWeb.scripts.sprint2.TC_178_WCCP_418_1" tests="1" failures="0" timestamp="11 Feb 2017 09:46:09 GMT" time="1340.186" errors="0">
  <testcase name="TC178_WCCP_418_1" time="1340.186" classname="com.desktopWeb.scripts.sprint2.TC_178_WCCP_418_1"/>
</testsuite> <!-- com.desktopWeb.scripts.sprint2.TC_178_WCCP_418_1 -->
