<?xml version="1.0" encoding="UTF-8"?>
<!-- Generated by org.testng.reporters.JUnitReportReporter -->
<testsuite hostname="HW1315" name="com.desktopWeb.scripts.common.TC_15_CommonChecks_InvalidEmailIDPWD" tests="1" failures="0" timestamp="11 Feb 2017 09:46:10 GMT" time="83.330" errors="0">
  <testcase name="TC15_CommonChecks_InvalidEmailIDPWD" time="83.330" classname="com.desktopWeb.scripts.common.TC_15_CommonChecks_InvalidEmailIDPWD"/>
</testsuite> <!-- com.desktopWeb.scripts.common.TC_15_CommonChecks_InvalidEmailIDPWD -->
