<?xml version="1.0" encoding="UTF-8"?>
<!-- Generated by org.testng.reporters.JUnitReportReporter -->
<testsuite skipped="0" hostname="HW1746" name="com.Indigo.MIS.TC_515_CS_VerifySearchCombinations" tests="1" failures="0" timestamp="30 Jan 2018 12:30:30 GMT" time="134.840" errors="0">
  <testcase name="TC_515_CS_VerifySearchCombinations" time="134.840" classname="com.Indigo.MIS.TC_515_CS_VerifySearchCombinations"/>
</testsuite> <!-- com.Indigo.MIS.TC_515_CS_VerifySearchCombinations -->
