<?xml version="1.0" encoding="UTF-8"?>
<!-- Generated by org.testng.reporters.JUnitReportReporter -->
<testsuite skipped="0" hostname="HW1746" name="com.Indigo.OCC.TC_018_VerifySchedulePassengerMessageTable" tests="1" failures="0" timestamp="30 Jan 2018 11:53:43 GMT" time="13.745" errors="0">
  <testcase name="TC_018_VerifySchedulePassengerMessageTable" time="13.745" classname="com.Indigo.OCC.TC_018_VerifySchedulePassengerMessageTable"/>
</testsuite> <!-- com.Indigo.OCC.TC_018_VerifySchedulePassengerMessageTable -->
