<?xml version="1.0" encoding="UTF-8"?>
<!-- Generated by org.testng.reporters.JUnitReportReporter -->
<testsuite skipped="0" hostname="HW1746" name="com.Indigo.Commercial.TC_136_VerifyUploadSampleFile" tests="1" failures="0" timestamp="18 Jan 2018 12:23:59 GMT" time="48.419" errors="0">
  <testcase name="TC_136_VerifyDownloadSampleFil" time="48.419" classname="com.Indigo.Commercial.TC_136_VerifyUploadSampleFile"/>
</testsuite> <!-- com.Indigo.Commercial.TC_136_VerifyUploadSampleFile -->
