<?xml version="1.0" encoding="UTF-8"?>
<!-- Generated by org.testng.reporters.JUnitReportReporter -->
<testsuite skipped="0" hostname="HW1746" name="com.Indigo.Commercial.TC_133_VerifyUserToNavigateBroadCast" tests="1" failures="0" timestamp="18 Jan 2018 10:44:40 GMT" time="8.960" errors="0">
  <testcase name="TC_133_VerifyUserToNavigationBroadCast" time="8.960" classname="com.Indigo.Commercial.TC_133_VerifyUserToNavigateBroadCast"/>
</testsuite> <!-- com.Indigo.Commercial.TC_133_VerifyUserToNavigateBroadCast -->
