<?xml version="1.0" encoding="UTF-8"?>
<!-- Generated by org.testng.reporters.JUnitReportReporter -->
<testsuite skipped="0" hostname="HW1746" name="com.Indigo.Commercial.TC_142_BM_VerifyUploadWithOtherFormat" tests="1" failures="0" timestamp="31 Jan 2018 07:11:37 GMT" time="36.358" errors="0">
  <testcase name="TC_142_VerifyUploadWithOtherformat" time="36.358" classname="com.Indigo.Commercial.TC_142_BM_VerifyUploadWithOtherFormat"/>
</testsuite> <!-- com.Indigo.Commercial.TC_142_BM_VerifyUploadWithOtherFormat -->
