<?xml version="1.0" encoding="UTF-8"?>
<!-- Generated by org.testng.reporters.JUnitReportReporter -->
<testsuite skipped="0" hostname="HW1746" name="com.Indigo.Commercial.TC_135_BM_VerifyDownloadSampleFile" tests="1" failures="0" timestamp="31 Jan 2018 07:08:24 GMT" time="26.969" errors="0">
  <testcase name="TC_135_VerifyDownloadSampleFil" time="26.969" classname="com.Indigo.Commercial.TC_135_BM_VerifyDownloadSampleFile"/>
</testsuite> <!-- com.Indigo.Commercial.TC_135_BM_VerifyDownloadSampleFile -->
