<?xml version="1.0" encoding="UTF-8"?>
<!-- Generated by org.testng.reporters.JUnitReportReporter -->
<testsuite skipped="0" hostname="HW1746" name="com.Indigo.Commercial.TC_179_QBC_VerifySelectAllEmailCheckbox" tests="1" failures="0" timestamp="31 Jan 2018 07:42:29 GMT" time="33.327" errors="0">
  <testcase name="TC_179_VerifySelectAllEmailChekbox" time="33.327" classname="com.Indigo.Commercial.TC_179_QBC_VerifySelectAllEmailCheckbox"/>
</testsuite> <!-- com.Indigo.Commercial.TC_179_QBC_VerifySelectAllEmailCheckbox -->
