<?xml version="1.0" encoding="UTF-8"?>
<!-- Generated by org.testng.reporters.JUnitReportReporter -->
<testsuite skipped="0" hostname="HW1746" name="com.Indigo.OCC.TC_019_VerifyAimsUploaderBySelectingIVRSMSOption" tests="1" failures="0" timestamp="30 Jan 2018 11:53:44 GMT" time="32.966" errors="0">
  <testcase name="TC_019_VerifyAimsUploaderBySelectingIVRSMSOption" time="32.966" classname="com.Indigo.OCC.TC_019_VerifyAimsUploaderBySelectingIVRSMSOption"/>
</testsuite> <!-- com.Indigo.OCC.TC_019_VerifyAimsUploaderBySelectingIVRSMSOption -->
