<?xml version="1.0" encoding="UTF-8"?>
<!-- Generated by org.testng.reporters.JUnitReportReporter -->
<testsuite skipped="0" hostname="HW1746" name="com.Indigo.MIS.TC_511_CS_VerifyCustomerSearchScreen" tests="1" failures="0" timestamp="30 Jan 2018 12:30:30 GMT" time="13.223" errors="0">
  <testcase name="TC_511_CS_VerifyCustomersearchScreen" time="13.223" classname="com.Indigo.MIS.TC_511_CS_VerifyCustomerSearchScreen"/>
</testsuite> <!-- com.Indigo.MIS.TC_511_CS_VerifyCustomerSearchScreen -->
