<?xml version="1.0" encoding="UTF-8"?>
<!-- Generated by org.testng.reporters.JUnitReportReporter -->
<testsuite skipped="0" hostname="HW1746" name="com.Indigo.OCC.TC_016_VerifyCrewAdhocMessageBySelectingCrewNotificationTypeAsImportantNotification" tests="1" failures="0" timestamp="30 Jan 2018 11:53:44 GMT" time="55.917" errors="0">
  <testcase name="TC_016_VerifyCrewAdhocMessageBySelectingCrewNotificationTypeAsImportantNotification" time="55.917" classname="com.Indigo.OCC.TC_016_VerifyCrewAdhocMessageBySelectingCrewNotificationTypeAsImportantNotification"/>
</testsuite> <!-- com.Indigo.OCC.TC_016_VerifyCrewAdhocMessageBySelectingCrewNotificationTypeAsImportantNotification -->
