<?xml version="1.0" encoding="UTF-8"?>
<!-- Generated by org.testng.reporters.JUnitReportReporter -->
<testsuite skipped="0" hostname="HW1746" name="com.Indigo.MIS.TC_535_CSOCC_VerifyAllSearchCombinations" tests="1" failures="0" timestamp="30 Jan 2018 12:30:30 GMT" time="142.464" errors="0">
  <testcase name="TC_535_CSOCC_VerifyAllsearchCombinations" time="142.464" classname="com.Indigo.MIS.TC_535_CSOCC_VerifyAllSearchCombinations"/>
</testsuite> <!-- com.Indigo.MIS.TC_535_CSOCC_VerifyAllSearchCombinations -->
