<?xml version="1.0" encoding="UTF-8"?>
<!-- Generated by org.testng.reporters.JUnitReportReporter -->
<testsuite skipped="0" hostname="HW1746" name="com.Indigo.MIS.TC_095_FS_ToVerfySearchFunctionality" tests="1" failures="0" timestamp="31 Jan 2018 09:20:58 GMT" time="130.135" errors="0">
  <testcase name="TC_095_FS_ToVerfysearchFunctionality" time="130.135" classname="com.Indigo.MIS.TC_095_FS_ToVerfySearchFunctionality"/>
</testsuite> <!-- com.Indigo.MIS.TC_095_FS_ToVerfySearchFunctionality -->
