<?xml version="1.0" encoding="UTF-8"?>
<!-- Generated by org.testng.reporters.JUnitReportReporter -->
<testsuite skipped="0" hostname="HW1746" name="com.Indigo.OCC.TC_013_VerifyPaxSMSIVRManualBySelectingSMSOption" tests="1" failures="0" timestamp="30 Jan 2018 07:50:53 GMT" time="66.930" errors="0">
  <testcase name="TC_013" time="66.930" classname="com.Indigo.OCC.TC_013_VerifyPaxSMSIVRManualBySelectingSMSOption"/>
</testsuite> <!-- com.Indigo.OCC.TC_013_VerifyPaxSMSIVRManualBySelectingSMSOption -->
