<?xml version="1.0" encoding="UTF-8"?>
<!-- Generated by org.testng.reporters.JUnitReportReporter -->
<testsuite skipped="0" hostname="HW1746" name="com.Indigo.Commercial.TC_178_VerifyIfCheckBoxesForEmailSMSIVRInSearch" tests="1" failures="0" timestamp="17 Jan 2018 13:02:11 GMT" time="39.937" errors="0">
  <testcase name="TC_178_VerifyIfCheckBoxesForEmailSMSIVRInSearch" time="39.937" classname="com.Indigo.Commercial.TC_178_VerifyIfCheckBoxesForEmailSMSIVRInSearch"/>
</testsuite> <!-- com.Indigo.Commercial.TC_178_VerifyIfCheckBoxesForEmailSMSIVRInSearch -->
