<?xml version="1.0" encoding="UTF-8"?>
<!-- Generated by org.testng.reporters.JUnitReportReporter -->
<testsuite skipped="0" hostname="HW1746" name="com.Indigo.Commercial.TC_179_VerifySelectAllEmailCheckbox" tests="1" failures="0" timestamp="18 Jan 2018 06:54:39 GMT" time="28.625" errors="0">
  <testcase name="TC_179_VerifySelectAllEmailChekbox" time="28.625" classname="com.Indigo.Commercial.TC_179_VerifySelectAllEmailCheckbox"/>
</testsuite> <!-- com.Indigo.Commercial.TC_179_VerifySelectAllEmailCheckbox -->
