<?xml version="1.0" encoding="UTF-8"?>
<!-- Generated by org.testng.reporters.JUnitReportReporter -->
<testsuite skipped="0" hostname="HW1746" name="com.Indigo.Commercial.TC_084_QBC_VerifySearchWithDifferentParameters" tests="1" failures="0" timestamp="31 Jan 2018 06:15:21 GMT" time="82.777" errors="0">
  <testcase name="TC_084_VerifySearchWithDifferentParameters" time="82.777" classname="com.Indigo.Commercial.TC_084_QBC_VerifySearchWithDifferentParameters"/>
</testsuite> <!-- com.Indigo.Commercial.TC_084_QBC_VerifySearchWithDifferentParameters -->
