<?xml version="1.0" encoding="UTF-8"?>
<!-- Generated by org.testng.reporters.JUnitReportReporter -->
<testsuite skipped="0" hostname="HW1746" name="com.Indigo.Commercial.TC_172_QBC_VerifyQueueBasedChangesPage" tests="1" failures="0" timestamp="31 Jan 2018 07:39:31 GMT" time="29.339" errors="0">
  <testcase name="TC_172_QBC_VerifyqueueBasedChangesPage" time="29.339" classname="com.Indigo.Commercial.TC_172_QBC_VerifyQueueBasedChangesPage"/>
</testsuite> <!-- com.Indigo.Commercial.TC_172_QBC_VerifyQueueBasedChangesPage -->
