<?xml version="1.0" encoding="UTF-8"?>
<!-- Generated by org.testng.reporters.JUnitReportReporter -->
<testsuite skipped="0" hostname="HW1746" name="com.Indigo.ManualFlightCancellation.TC_014_VerifyPasengerAdhocMessagBySelectingSMSOption" tests="1" failures="0" timestamp="18 Dec 2017 06:49:42 GMT" time="70.281" errors="0">
  <testcase name="TC_014_VerifyPasengerAdhocMessagBySelectingSMSOption" time="70.281" classname="com.Indigo.ManualFlightCancellation.TC_014_VerifyPasengerAdhocMessagBySelectingSMSOption"/>
</testsuite> <!-- com.Indigo.ManualFlightCancellation.TC_014_VerifyPasengerAdhocMessagBySelectingSMSOption -->
