<?xml version="1.0" encoding="UTF-8"?>
<!-- Generated by org.testng.reporters.JUnitReportReporter -->
<testsuite skipped="0" hostname="HW1746" name="com.Indigo.Commercial.TC_121_PAXAd_ToVerifyFromAndToValidation" tests="1" failures="0" timestamp="31 Jan 2018 07:04:51 GMT" time="71.072" errors="0">
  <testcase name="TC_121_PAXAd_ToVerifyFromAndToValidation" time="71.072" classname="com.Indigo.Commercial.TC_121_PAXAd_ToVerifyFromAndToValidation"/>
</testsuite> <!-- com.Indigo.Commercial.TC_121_PAXAd_ToVerifyFromAndToValidation -->
