<?xml version="1.0" encoding="UTF-8"?>
<!-- Generated by org.testng.reporters.JUnitReportReporter -->
<testsuite skipped="0" hostname="HW1746" name="com.Indigo.OCC.TC_014_VerifyPasengerAdhocMessagBySelectingSMSOption" tests="1" failures="0" timestamp="30 Jan 2018 11:53:44 GMT" time="51.765" errors="0">
  <testcase name="TC_014_VerifyPasengerAdhocMessagBySelectingSMSOption" time="51.765" classname="com.Indigo.OCC.TC_014_VerifyPasengerAdhocMessagBySelectingSMSOption"/>
</testsuite> <!-- com.Indigo.OCC.TC_014_VerifyPasengerAdhocMessagBySelectingSMSOption -->
