<?xml version="1.0" encoding="UTF-8"?>
<!-- Generated by org.testng.reporters.JUnitReportReporter -->
<testsuite skipped="0" hostname="HW1746" name="com.Indigo.ManualFlightCancellation.TC_030_VerfyPaxSMSIVRManualWithSMSIVR" tests="1" failures="0" timestamp="18 Dec 2017 06:49:43 GMT" time="54.369" errors="0">
  <testcase name="TC_030_VerfyPaxSMSIVRManualWithSMSIVR" time="54.369" classname="com.Indigo.ManualFlightCancellation.TC_030_VerfyPaxSMSIVRManualWithSMSIVR"/>
</testsuite> <!-- com.Indigo.ManualFlightCancellation.TC_030_VerfyPaxSMSIVRManualWithSMSIVR -->
