<?xml version="1.0" encoding="UTF-8"?>
<!-- Generated by org.testng.reporters.JUnitReportReporter -->
<testsuite skipped="0" hostname="HW1746" name="com.Indigo.Commercial.TC_136_BM_VerifyUploadSampleFile" tests="1" failures="0" timestamp="31 Jan 2018 07:08:59 GMT" time="26.389" errors="0">
  <testcase name="TC_136_VerifyDownloadSampleFil" time="26.389" classname="com.Indigo.Commercial.TC_136_BM_VerifyUploadSampleFile"/>
</testsuite> <!-- com.Indigo.Commercial.TC_136_BM_VerifyUploadSampleFile -->
