<?xml version="1.0" encoding="UTF-8"?>
<!-- Generated by org.testng.reporters.JUnitReportReporter -->
<testsuite skipped="0" hostname="HW1746" name="com.Indigo.Commercial.TC_142_VerifyUploadWithOtherFormat" tests="1" failures="0" timestamp="18 Jan 2018 12:39:56 GMT" time="18.830" errors="0">
  <testcase name="TC_142_VerifyUploadWithOtherformat" time="18.830" classname="com.Indigo.Commercial.TC_142_VerifyUploadWithOtherFormat"/>
</testsuite> <!-- com.Indigo.Commercial.TC_142_VerifyUploadWithOtherFormat -->
