<?xml version="1.0" encoding="UTF-8"?>
<!-- Generated by org.testng.reporters.JUnitReportReporter -->
<testsuite skipped="0" hostname="HW1746" name="com.Indigo.Commercial.TC_180_QBC_VerifySelectAllSMSCheckbox" tests="1" failures="0" timestamp="31 Jan 2018 07:43:18 GMT" time="30.293" errors="0">
  <testcase name="TC_180_VerifySelectAllSMSCheckbox" time="30.293" classname="com.Indigo.Commercial.TC_180_QBC_VerifySelectAllSMSCheckbox"/>
</testsuite> <!-- com.Indigo.Commercial.TC_180_QBC_VerifySelectAllSMSCheckbox -->
