<?xml version="1.0" encoding="UTF-8"?>
<!-- Generated by org.testng.reporters.JUnitReportReporter -->
<testsuite skipped="0" hostname="HW1746" name="com.Indigo.Commercial.TC_185_QBC_VerifySendAndSendAllButton" tests="1" failures="0" timestamp="31 Jan 2018 07:46:36 GMT" time="78.194" errors="0">
  <testcase name="TC_185_QBC_VerifySendandSendAllButton" time="78.194" classname="com.Indigo.Commercial.TC_185_QBC_VerifySendAndSendAllButton"/>
</testsuite> <!-- com.Indigo.Commercial.TC_185_QBC_VerifySendAndSendAllButton -->
