<?xml version="1.0" encoding="UTF-8"?>
<!-- Generated by org.testng.reporters.JUnitReportReporter -->
<testsuite skipped="0" hostname="HW1746" name="com.Indigo.Commercial.TC_138_BM_VerifyPreviewFunctionality" tests="1" failures="0" timestamp="31 Jan 2018 07:10:36 GMT" time="90.367" errors="0">
  <testcase name="TC_138_BM_VerifyPreviewfunctionality" time="90.367" classname="com.Indigo.Commercial.TC_138_BM_VerifyPreviewFunctionality"/>
</testsuite> <!-- com.Indigo.Commercial.TC_138_BM_VerifyPreviewFunctionality -->
