<?xml version="1.0" encoding="UTF-8"?>
<!-- Generated by org.testng.reporters.JUnitReportReporter -->
<testsuite skipped="0" hostname="HW1746" name="com.Indigo.Commercial.TC_181_QBC_VerifySelectAllIVRCheckbox" tests="1" failures="0" timestamp="31 Jan 2018 07:44:25 GMT" time="29.403" errors="0">
  <testcase name="TC_181_VerifySelectAllIVRCheckbox" time="29.403" classname="com.Indigo.Commercial.TC_181_QBC_VerifySelectAllIVRCheckbox"/>
</testsuite> <!-- com.Indigo.Commercial.TC_181_QBC_VerifySelectAllIVRCheckbox -->
