<?xml version="1.0" encoding="UTF-8"?>
<!-- Generated by org.testng.reporters.JUnitReportReporter -->
<testsuite skipped="0" hostname="HW1746" name="com.Indigo.Commercial.TC_150_BM_VerifyUnselectedCommunicationType" tests="1" failures="0" timestamp="31 Jan 2018 07:12:26 GMT" time="42.912" errors="0">
  <testcase name="TC_150_BM_VerifyUnselectedcommunicationType" time="42.912" classname="com.Indigo.Commercial.TC_150_BM_VerifyUnselectedCommunicationType"/>
</testsuite> <!-- com.Indigo.Commercial.TC_150_BM_VerifyUnselectedCommunicationType -->
