<?xml version="1.0" encoding="UTF-8"?>
<!-- Generated by org.testng.reporters.JUnitReportReporter -->
<testsuite skipped="0" hostname="HW1746" name="com.Indigo.Commercial.TC_181_VerifySelectAllIVRCheckbox" tests="1" failures="0" timestamp="18 Jan 2018 08:37:13 GMT" time="29.718" errors="0">
  <testcase name="TC_181_VerifySelectAllIVRCheckbox" time="29.718" classname="com.Indigo.Commercial.TC_181_VerifySelectAllIVRCheckbox"/>
</testsuite> <!-- com.Indigo.Commercial.TC_181_VerifySelectAllIVRCheckbox -->
