<?xml version="1.0" encoding="UTF-8"?>
<!-- Generated by org.testng.reporters.JUnitReportReporter -->
<testsuite skipped="0" hostname="HW1746" name="com.Indigo.Commercial.TC_180_VerifySelectAllSMSCheckbox" tests="1" failures="0" timestamp="18 Jan 2018 08:31:24 GMT" time="27.788" errors="0">
  <testcase name="TC_180_VerifySelectAllSMSCheckbox" time="27.788" classname="com.Indigo.Commercial.TC_180_VerifySelectAllSMSCheckbox"/>
</testsuite> <!-- com.Indigo.Commercial.TC_180_VerifySelectAllSMSCheckbox -->
