<?xml version="1.0" encoding="UTF-8"?>
<!-- Generated by org.testng.reporters.JUnitReportReporter -->
<testsuite skipped="0" hostname="HW1746" name="com.Indigo.ManualFlightCancellation.TC_016_VerifyCrewAdhocMessageBySelectingCrewNotificationTypeAsImportantNotification" tests="1" failures="0" timestamp="18 Dec 2017 06:49:43 GMT" time="68.625" errors="0">
  <testcase name="TC_016_VerifyCrewAdhocMessageBySelectingCrewNotificationTypeAsImportantNotification" time="68.625" classname="com.Indigo.ManualFlightCancellation.TC_016_VerifyCrewAdhocMessageBySelectingCrewNotificationTypeAsImportantNotification"/>
</testsuite> <!-- com.Indigo.ManualFlightCancellation.TC_016_VerifyCrewAdhocMessageBySelectingCrewNotificationTypeAsImportantNotification -->
