<?xml version="1.0" encoding="UTF-8"?>
<!-- Generated by org.testng.reporters.JUnitReportReporter -->
<testsuite skipped="0" hostname="HW1746" name="com.Indigo.OCC.TC_020_VerifyManualFlightCancellationUsingIVRSMSOption" tests="1" failures="0" timestamp="30 Jan 2018 11:53:44 GMT" time="49.422" errors="0">
  <testcase name="TC_020_VerifyManualFlightCancellationUsingIVRSMSOption" time="49.422" classname="com.Indigo.OCC.TC_020_VerifyManualFlightCancellationUsingIVRSMSOption"/>
</testsuite> <!-- com.Indigo.OCC.TC_020_VerifyManualFlightCancellationUsingIVRSMSOption -->
