<?xml version="1.0" encoding="UTF-8"?>
<!-- Generated by org.testng.reporters.JUnitReportReporter -->
<testsuite skipped="0" hostname="HW1746" name="com.Indigo.Commercial.TC_178_QBC_VerifyIfCheckBoxesForEmailSMSIVRInSearch" tests="1" failures="0" timestamp="31 Jan 2018 07:41:47 GMT" time="30.530" errors="0">
  <testcase name="TC_178_VerifyIfCheckBoxesForEmailSMSIVRInSearch" time="30.530" classname="com.Indigo.Commercial.TC_178_QBC_VerifyIfCheckBoxesForEmailSMSIVRInSearch"/>
</testsuite> <!-- com.Indigo.Commercial.TC_178_QBC_VerifyIfCheckBoxesForEmailSMSIVRInSearch -->
