<?xml version="1.0" encoding="UTF-8"?>
<!-- Generated by org.testng.reporters.JUnitReportReporter -->
<testsuite skipped="0" hostname="HW1746" name="com.Indigo.MIS.TC_092_FS_VerifyUserNavigateToFlightSearch" tests="1" failures="0" timestamp="30 Jan 2018 12:30:30 GMT" time="14.266" errors="0">
  <testcase name="TC_092_FS_VerifyuserNavigateToFlightSearch" time="14.266" classname="com.Indigo.MIS.TC_092_FS_VerifyUserNavigateToFlightSearch"/>
</testsuite> <!-- com.Indigo.MIS.TC_092_FS_VerifyUserNavigateToFlightSearch -->
