<?xml version="1.0" encoding="UTF-8"?>
<!-- Generated by org.testng.reporters.JUnitReportReporter -->
<testsuite skipped="0" hostname="HW1746" name="com.Indigo.Commercial.TC_156_QA_VerifyExportToExcel" tests="1" failures="0" timestamp="31 Jan 2018 07:20:41 GMT" time="31.959" errors="0">
  <testcase name="TC_156_QA_VerifyExportToExcel" time="31.959" classname="com.Indigo.Commercial.TC_156_QA_VerifyExportToExcel"/>
</testsuite> <!-- com.Indigo.Commercial.TC_156_QA_VerifyExportToExcel -->
