<?xml version="1.0" encoding="UTF-8"?>
<!-- Generated by org.testng.reporters.JUnitReportReporter -->
<testsuite skipped="0" hostname="HW1746" name="com.Indigo.MIS.TC_469_GS_VerifyGenericSearchPage" tests="1" failures="0" timestamp="31 Jan 2018 09:22:36 GMT" time="13.555" errors="0">
  <testcase name="TC_469_GS_VerifyGenericSearchPage" time="13.555" classname="com.Indigo.MIS.TC_469_GS_VerifyGenericSearchPage"/>
</testsuite> <!-- com.Indigo.MIS.TC_469_GS_VerifyGenericSearchPage -->
