<?xml version="1.0" encoding="UTF-8"?>
<!-- Generated by org.testng.reporters.JUnitReportReporter -->
<testsuite skipped="0" hostname="HW1746" name="com.Indigo.ManualFlightCancellation.TC_018_VerifySchedulePassengerMessageTable" tests="1" failures="0" timestamp="18 Dec 2017 06:49:42 GMT" time="16.117" errors="0">
  <testcase name="TC_018_VerifySchedulePassengerMessageTable" time="16.117" classname="com.Indigo.ManualFlightCancellation.TC_018_VerifySchedulePassengerMessageTable"/>
</testsuite> <!-- com.Indigo.ManualFlightCancellation.TC_018_VerifySchedulePassengerMessageTable -->
