<?xml version="1.0" encoding="UTF-8"?>
<!-- Generated by org.testng.reporters.JUnitReportReporter -->
<testsuite skipped="0" hostname="HW1746" name="com.Indigo.Commercial.TC_134_VerifyDownloadSampleFile" tests="1" failures="0" timestamp="18 Jan 2018 11:24:49 GMT" time="16.322" errors="0">
  <testcase name="TC_134_VerifyDownloadSampleFil" time="16.322" classname="com.Indigo.Commercial.TC_134_VerifyDownloadSampleFile"/>
</testsuite> <!-- com.Indigo.Commercial.TC_134_VerifyDownloadSampleFile -->
