<?xml version="1.0" encoding="UTF-8"?>
<!-- Generated by org.testng.reporters.JUnitReportReporter -->
<testsuite skipped="0" hostname="HW1746" name="com.Indigo.Commercial.TC_133_BM_VerifyUserToNavigateBroadCast" tests="1" failures="0" timestamp="31 Jan 2018 07:06:49 GMT" time="13.696" errors="0">
  <testcase name="TC_133_VerifyUserToNavigationBroadCast" time="13.696" classname="com.Indigo.Commercial.TC_133_BM_VerifyUserToNavigateBroadCast"/>
</testsuite> <!-- com.Indigo.Commercial.TC_133_BM_VerifyUserToNavigateBroadCast -->
