<?xml version="1.0" encoding="UTF-8"?>
<!-- Generated by org.testng.reporters.JUnitReportReporter -->
<testsuite skipped="0" hostname="HW1746" name="com.Indigo.MIS.TC_471_GS_VerifySearchFunctionality" tests="1" failures="0" timestamp="30 Jan 2018 12:30:30 GMT" time="123.358" errors="0">
  <testcase name="TC_471_GS_VerifySearchfunctionality" time="123.358" classname="com.Indigo.MIS.TC_471_GS_VerifySearchFunctionality"/>
</testsuite> <!-- com.Indigo.MIS.TC_471_GS_VerifySearchFunctionality -->
