<?xml version="1.0" encoding="UTF-8"?>
<!-- Generated by org.testng.reporters.JUnitReportReporter -->
<testsuite skipped="0" hostname="HW1746" name="com.Indigo.Commercial.TC_152_QA_VerifyQueueApproval" tests="1" failures="0" timestamp="31 Jan 2018 07:19:55 GMT" time="13.882" errors="0">
  <testcase name="TC_152_QA_VerifyqueueApproval" time="13.882" classname="com.Indigo.Commercial.TC_152_QA_VerifyQueueApproval"/>
</testsuite> <!-- com.Indigo.Commercial.TC_152_QA_VerifyQueueApproval -->
