<?xml version="1.0" encoding="UTF-8"?>
<testsuite name="TestSuite" time="63,327.638" tests="195" errors="0" skipped="0" failures="115">
  <properties>
    <property name="java.vendor" value="Oracle Corporation"/>
    <property name="JOB_NAME" value="DPC_Chrome"/>
    <property name="sun.java.launcher" value="SUN_STANDARD"/>
    <property name="windows_tracing_logfile" value="C:\BVTBin\Tests\installpackage\csilogfile.log"/>
    <property name="NUMBER_OF_PROCESSORS" value="4"/>
    <property name="sun.management.compiler" value="HotSpot 64-Bit Tiered Compilers"/>
    <property name="DEFLOGDIR" value="C:\ProgramData\McAfee\DesktopProtection"/>
    <property name="JENKINS_HOME" value="C:\Users\E002917\.jenkins"/>
    <property name="HUDSON_SERVER_COOKIE" value="f2cb8d421d7808d4"/>
    <property name="POM_ARTIFACTID" value="DPC_Chrome"/>
    <property name="os.name" value="Windows 7"/>
    <property name="sun.boot.class.path" value="C:\Program Files\Java\jre1.8.0_111\lib\resources.jar;C:\Program Files\Java\jre1.8.0_111\lib\rt.jar;C:\Program Files\Java\jre1.8.0_111\lib\sunrsasign.jar;C:\Program Files\Java\jre1.8.0_111\lib\jsse.jar;C:\Program Files\Java\jre1.8.0_111\lib\jce.jar;C:\Program Files\Java\jre1.8.0_111\lib\charsets.jar;C:\Program Files\Java\jre1.8.0_111\lib\jfr.jar;C:\Program Files\Java\jre1.8.0_111\classes"/>
    <property name="EXECUTOR_NUMBER" value="3"/>
    <property name="sun.desktop" value="windows"/>
    <property name="PATHEXT" value=".COM;.EXE;.BAT;.CMD;.VBS;.VBE;.JS;.JSE;.WSF;.WSH;.MSC"/>
    <property name="java.vm.specification.vendor" value="Oracle Corporation"/>
    <property name="POM_DISPLAYNAME" value="DPC"/>
    <property name="NODE_LABELS" value="master"/>
    <property name="TEMP" value="C:\Users\E002917\AppData\Local\Temp"/>
    <property name="java.runtime.version" value="1.8.0_111-b14"/>
    <property name="ROOT_BUILD_CAUSE" value="MANUALTRIGGER"/>
    <property name="user.name" value="E002917"/>
    <property name="guice.disable.misplaced.annotation.check" value="true"/>
    <property name="CommonProgramW6432" value="C:\Program Files\Common Files"/>
    <property name="ProgramFiles" value="C:\Program Files"/>
    <property name="OnlineServices" value="Online Services"/>
    <property name="PROMPT" value="$P$G"/>
    <property name="user.language" value="en"/>
    <property name="JOB_BASE_NAME" value="DPC_Chrome"/>
    <property name="BUILD_DISPLAY_NAME" value="#50"/>
    <property name="sun.boot.library.path" value="C:\Program Files\Java\jre1.8.0_111\bin"/>
    <property name="LOCALAPPDATA" value="C:\Users\E002917\AppData\Local"/>
    <property name="java.version" value="1.8.0_111"/>
    <property name="PROCESSOR_LEVEL" value="6"/>
    <property name="user.timezone" value="Asia/Calcutta"/>
    <property name="USERNAME" value="E002917"/>
    <property name="sun.arch.data.model" value="64"/>
    <property name="NODE_NAME" value="master"/>
    <property name="java.endorsed.dirs" value="C:\Program Files\Java\jre1.8.0_111\lib\endorsed"/>
    <property name="BUILD_ID" value="50"/>
    <property name="sun.cpu.isalist" value="amd64"/>
    <property name="sun.jnu.encoding" value="Cp1252"/>
    <property name="file.encoding.pkg" value="sun.io"/>
    <property name="file.separator" value="\"/>
    <property name="java.specification.name" value="Java Platform API Specification"/>
    <property name="HOMEDRIVE" value="C:"/>
    <property name="OOBEUILang" value="en-US"/>
    <property name="java.class.version" value="52.0"/>
    <property name="=::" value="::\"/>
    <property name="org.slf4j.simpleLogger.defaultLogLevel" value="info"/>
    <property name="user.country" value="IN"/>
    <property name="ALLUSERSPROFILE" value="C:\ProgramData"/>
    <property name="java.home" value="C:\Program Files\Java\jre1.8.0_111"/>
    <property name="java.vm.info" value="mixed mode"/>
    <property name="os.version" value="6.1"/>
    <property name="PTSMINSTALLPATH_X86" value="c:\Program Files (x86)\Hewlett-Packard\HP ProtectTools Security Manager\"/>
    <property name="POM_VERSION" value="0.0.1-SNAPSHOT"/>
    <property name="TMP" value="C:\Users\E002917\AppData\Local\Temp"/>
    <property name="path.separator" value=";"/>
    <property name="java.vm.version" value="25.111-b14"/>
    <property name="user.variant" value=""/>
    <property name="Platform" value="BNB"/>
    <property name="CommonProgramFiles(x86)" value="C:\Program Files (x86)\Common Files"/>
    <property name="java.awt.printerjob" value="sun.awt.windows.WPrinterJob"/>
    <property name="FP_NO_HOST_CHECK" value="NO"/>
    <property name="JAVA_HOME" value="C:\Program Files\Java\jdk1.8.0_111"/>
    <property name="sun.io.unicode.encoding" value="UnicodeLittle"/>
    <property name="CommonProgramFiles" value="C:\Program Files\Common Files"/>
    <property name="ComSpec" value="C:\Windows\system32\cmd.exe"/>
    <property name="awt.toolkit" value="sun.awt.windows.WToolkit"/>
    <property name="HOMEPATH" value="\Users\E002917"/>
    <property name="USERDNSDOMAIN" value="CIGNITIGLOBAL.COM"/>
    <property name="POM_PACKAGING" value="jar"/>
    <property name="user.script" value=""/>
    <property name="COMPUTERNAME" value="HW1315"/>
    <property name="POM_GROUPID" value="DPC_Chrome"/>
    <property name="user.home" value="C:\Users\E002917"/>
    <property name="PUBLIC" value="C:\Users\Public"/>
    <property name="BUILD_TAG" value="jenkins-DPC_Chrome-50"/>
    <property name="JENKINS_SERVER_COOKIE" value="f2cb8d421d7808d4"/>
    <property name="HUDSON_URL" value="http://localhost:8080/"/>
    <property name="ProgramData" value="C:\ProgramData"/>
    <property name="java.specification.vendor" value="Oracle Corporation"/>
    <property name="USERPROFILE" value="C:\Users\E002917"/>
    <property name="CLASSPATH" value=""/>
    <property name="java.vendor.url" value="http://java.oracle.com/"/>
    <property name="java.library.path" value="C:\ProgramData\Oracle\Java\javapath;C:\Windows\Sun\Java\bin;C:\Windows\system32;C:\Windows;C:\Users\E002917\.jenkins\tools\hudson.tasks.Maven_MavenInstallation\Maven1/bin;C:\ProgramData\Oracle\Java\javapath;c:\Program Files (x86)\Intel\iCLS Client\;c:\Program Files\Intel\iCLS Client\;C:\Windows\system32;C:\Windows;C:\Windows\System32\Wbem;C:\Windows\System32\WindowsPowerShell\v1.0\;C:\Program Files\TortoiseSVN\bin;C:\Program Files (x86)\Skype\Phone\;C:\Program Files\Java\jdk1.8.0_111\bin;C:\Users\E002917\AppData\Local\Android\sdk\platform-tools;C:\Users\E002917\AppData\Local\Android\sdk\tools;C:\Program Files\nodejs\;C:\Program Files\Apache\maven\apache-maven-3.3.9\bin;C:\Program Files\Intel\Intel(R) Management Engine Components\DAL;C:\Program Files (x86)\Intel\Intel(R) Management Engine Components\DAL;C:\Program Files\Intel\Intel(R) Management Engine Components\IPT;C:\Program Files (x86)\Intel\Intel(R) Management Engine Components\IPT;C:\Users\E002917\AppData\Roaming\npm;."/>
    <property name="ROOT_BUILD_CAUSE_MANUALTRIGGER" value="true"/>
    <property name="java.vm.vendor" value="Oracle Corporation"/>
    <property name="APPDATA" value="C:\Users\E002917\AppData\Roaming"/>
    <property name="java.runtime.name" value="Java(TM) SE Runtime Environment"/>
    <property name="maven.home" value="C:\Users\E002917\.jenkins\tools\hudson.tasks.Maven_MavenInstallation\Maven1"/>
    <property name="java.class.path" value="C:\Users\E002917\.jenkins\plugins\maven-plugin\WEB-INF\lib\maven33-agent-1.8.1.jar;C:\Users\E002917\.jenkins\tools\hudson.tasks.Maven_MavenInstallation\Maven1\boot\plexus-classworlds-2.5.2.jar;C:\Users\E002917\.jenkins\tools\hudson.tasks.Maven_MavenInstallation\Maven1/conf/logging"/>
    <property name="sun.java.command" value="jenkins.maven3.agent.Maven33Main C:\Users\E002917\.jenkins\tools\hudson.tasks.Maven_MavenInstallation\Maven1 C:\Users\E002917\.jenkins\war\WEB-INF\lib\remoting-3.2.jar C:\Users\E002917\.jenkins\plugins\maven-plugin\WEB-INF\lib\maven33-interceptor-1.8.1.jar C:\Users\E002917\.jenkins\plugins\maven-plugin\WEB-INF\lib\maven3-interceptor-commons-1.8.1.jar 50648"/>
    <property name="Path" value="C:\ProgramData\Oracle\Java\javapath;c:\Program Files (x86)\Intel\iCLS Client\;c:\Program Files\Intel\iCLS Client\;C:\Windows\system32;C:\Windows;C:\Windows\System32\Wbem;C:\Windows\System32\WindowsPowerShell\v1.0\;C:\Program Files\TortoiseSVN\bin;C:\Program Files (x86)\Skype\Phone\;C:\Program Files\Java\jdk1.8.0_111\bin;C:\Users\E002917\AppData\Local\Android\sdk\platform-tools;C:\Users\E002917\AppData\Local\Android\sdk\tools;C:\Program Files\nodejs\;C:\Program Files\Apache\maven\apache-maven-3.3.9\bin;C:\Program Files\Intel\Intel(R) Management Engine Components\DAL;C:\Program Files (x86)\Intel\Intel(R) Management Engine Components\DAL;C:\Program Files\Intel\Intel(R) Management Engine Components\IPT;C:\Program Files (x86)\Intel\Intel(R) Management Engine Components\IPT;C:\Users\E002917\AppData\Roaming\npm"/>
    <property name="java.vm.specification.name" value="Java Virtual Machine Specification"/>
    <property name="PROCESSOR_ARCHITECTURE" value="AMD64"/>
    <property name="PROCESSOR_IDENTIFIER" value="Intel64 Family 6 Model 69 Stepping 1, GenuineIntel"/>
    <property name="SESSIONNAME" value="Console"/>
    <property name="java.vm.specification.version" value="1.8"/>
    <property name="sun.os.patch.level" value="Service Pack 1"/>
    <property name="sun.cpu.endian" value="little"/>
    <property name="M2_HOME" value="C:\Users\E002917\.jenkins\tools\hudson.tasks.Maven_MavenInstallation\Maven1"/>
    <property name="java.io.tmpdir" value="C:\Users\E002917\AppData\Local\Temp\"/>
    <property name="OS" value="Windows_NT"/>
    <property name="HUDSON_HOME" value="C:\Users\E002917\.jenkins"/>
    <property name="PATH+MAVEN" value="C:\Users\E002917\.jenkins\tools\hudson.tasks.Maven_MavenInstallation\Maven1/bin"/>
    <property name="ProgramFiles(x86)" value="C:\Program Files (x86)"/>
    <property name="BUILD_URL" value="http://localhost:8080/job/DPC_Chrome/50/"/>
    <property name="java.vendor.url.bug" value="http://bugreport.sun.com/bugreport/"/>
    <property name="java.awt.graphicsenv" value="sun.awt.Win32GraphicsEnvironment"/>
    <property name="os.arch" value="amd64"/>
    <property name="SystemRoot" value="C:\Windows"/>
    <property name="VSEDEFLOGDIR" value="C:\ProgramData\McAfee\DesktopProtection"/>
    <property name="windows_tracing_flags" value="3"/>
    <property name="java.ext.dirs" value="C:\Program Files\Java\jre1.8.0_111\lib\ext;C:\Windows\Sun\Java\lib\ext"/>
    <property name="user.dir" value="C:\Users\E002917\workspace\DPC_Chrome"/>
    <property name="JOB_URL" value="http://localhost:8080/job/DPC_Chrome/"/>
    <property name="LOGONSERVER" value="\\HYDWVMADS01"/>
    <property name="USERDOMAIN" value="CIGNITIGLOBAL"/>
    <property name="line.separator" value="&#10;"/>
    <property name="MAVEN_HOME" value="C:\Users\E002917\.jenkins\tools\hudson.tasks.Maven_MavenInstallation\Maven1"/>
    <property name="java.vm.name" value="Java HotSpot(TM) 64-Bit Server VM"/>
    <property name="BUILD_NUMBER" value="50"/>
    <property name="ANDROID_HOME" value="C:\Users\E002917\AppData\Local\Android\sdk"/>
    <property name="JENKINS_URL" value="http://localhost:8080/"/>
    <property name="PROCESSOR_REVISION" value="4501"/>
    <property name="UATDATA" value="C:\Windows\CCM\UATData\D9F8C395-CAB8-491d-B8AC-179A1FE1BE77"/>
    <property name="ProgramW6432" value="C:\Program Files"/>
    <property name="BUILD_CAUSE_MANUALTRIGGER" value="true"/>
    <property name="windir" value="C:\Windows"/>
    <property name="FPPUILang" value="en-US"/>
    <property name="PCBRAND" value="Pavilion"/>
    <property name="=C:" value="C:\Users\E002917\Downloads"/>
    <property name="file.encoding" value="Cp1252"/>
    <property name="SystemDrive" value="C:"/>
    <property name="maven3.interceptor" value="C:\Users\E002917\.jenkins\plugins\maven-plugin\WEB-INF\lib\maven33-interceptor-1.8.1.jar"/>
    <property name="WORKSPACE" value="C:\Users\E002917\.jenkins\workspace\DPC_Chrome"/>
    <property name="maven3.interceptor.common" value="C:\Users\E002917\.jenkins\plugins\maven-plugin\WEB-INF\lib\maven3-interceptor-commons-1.8.1.jar"/>
    <property name="java.specification.version" value="1.8"/>
    <property name="PSModulePath" value="C:\Windows\system32\WindowsPowerShell\v1.0\Modules\;C:\Program Files (x86)\AutoIt3\AutoItX"/>
    <property name="BUILD_CAUSE" value="MANUALTRIGGER"/>
  </properties>
  <testcase name="TC01_CommonChecks_HomePage_HambergerMenu_Login_Signout_SiteAdmin" classname="com.desktopWeb.scripts.common.TC_01_CommonChecks_HomePage_HamburgerMenu_Login_Signout_SiteAdmin" time="87.272">
    <failure message="Step Click Failed with description Unable to click on Menu expected [true] but found [false]" type="java.lang.AssertionError">java.lang.AssertionError: Step Click Failed with description Unable to click on Menu expected [true] but found [false]
	at org.testng.Assert.fail(Assert.java:94)
	at org.testng.Assert.failNotEquals(Assert.java:494)
	at org.testng.Assert.assertTrue(Assert.java:42)
	at com.ctaf.support.HtmlReportSupport.onFailure(HtmlReportSupport.java:778)
	at com.ctaf.utilities.Reporter.failureReport(Reporter.java:91)
	at com.ctaf.accelerators.ActionEngine.click(ActionEngine.java:100)
	at com.desktopWeb.workflows.HelperClass.verifyHamberger(HelperClass.java:94)
	at com.desktopWeb.scripts.common.TC_01_CommonChecks_HomePage_HamburgerMenu_Login_Signout_SiteAdmin.TC01_CommonChecks_HomePage_HambergerMenu_Login_Signout_SiteAdmin(TC_01_CommonChecks_HomePage_HamburgerMenu_Login_Signout_SiteAdmin.java:25)
</failure>
    <system-out>...
... TestNG 6.8beta 20120825_1010 by C?dric Beust (cedric@beust.com)
...

In Before sutie
+++++[]
 INFO [main] (TestEngine.java:125) - Starting browser : firefox
File copied from Logos\cigniti.png to Results\Firefox\Firefox_2017-02-10_18_25_25_204\Screenshots\cigniti.png
File copied from Logos\enex.png to Results\Firefox\Firefox_2017-02-10_18_25_25_204\Screenshots\enex.png
File copied from Logos\engage-vic-logo.png to Results\Firefox\Firefox_2017-02-10_18_25_25_204\Screenshots\engage-vic-logo.png
File copied from Logos\failed.ico to Results\Firefox\Firefox_2017-02-10_18_25_25_204\Screenshots\failed.ico
File copied from Logos\Minus.ico to Results\Firefox\Firefox_2017-02-10_18_25_25_204\Screenshots\Minus.ico
File copied from Logos\passed.ico to Results\Firefox\Firefox_2017-02-10_18_25_25_204\Screenshots\passed.ico
File copied from Logos\Plus.ico to Results\Firefox\Firefox_2017-02-10_18_25_25_204\Screenshots\Plus.ico
File copied from Logos\warning.ico to Results\Firefox\Firefox_2017-02-10_18_25_25_204\Screenshots\warning.ico
 INFO [main] (TestEngine.java:507) - Current Test : TC01_CommonChecks_HomePage_HambergerMenu_Login_Signout_SiteAdmin
 INFO [main] (HelperClass.java:182) - in login
 INFO [main] (ActionEngine.java:107) - Successfully click on Menu
 INFO [main] (ActionEngine.java:107) - Successfully click on Click on Menu/Login
 INFO [main] (ActionEngine.java:395) - Type  autosm2017@gmail.com in Email address
 INFO [main] (ActionEngine.java:395) - Type  Automation2017 in Password
 INFO [main] (ActionEngine.java:107) - Successfully click on Login button
 INFO [main] (HelperClass.java:35) - in verifyWebElementHomePage
 INFO [main] (ActionEngine.java:2397) - Hamburger Menu is displaying
 INFO [main] (ActionEngine.java:2397) - Engage Victoria Logo is displaying
 INFO [main] (ActionEngine.java:2397) - Search Site is displaying
 INFO [main] (ActionEngine.java:2397) - Text - Engage Victoria' on hero block  is displaying
 INFO [main] (ActionEngine.java:2397) - Text - Share ideas here and have your say about what matters to you is displaying
 INFO [main] (ActionEngine.java:2397) - Image on hero block is displaying
 INFO [main] (ActionEngine.java:2397) - Text - I'm looking for consultations relating to is displaying
 INFO [main] (ActionEngine.java:2397) - Drop Down for Category is displaying
 INFO [main] (ActionEngine.java:2397) - Help me find a consultation is displaying
 INFO [main] (ActionEngine.java:2397) - WebSite feature section is displaying
 INFO [main] (ActionEngine.java:2397) - Active Consultation section is displaying
 INFO [main] (ActionEngine.java:2397) - Stay informed section is displaying
 INFO [main] (ActionEngine.java:2397) - Sign up email is displaying
 INFO [main] (ActionEngine.java:2397) - Sign up Today is displaying
 INFO [main] (ActionEngine.java:2397) - Footer section with Links is displaying
 INFO [main] (ActionEngine.java:2397) - Footer section with copyright message is displaying
 INFO [main] (ActionEngine.java:2397) - Footer Link - Copyright is displaying
 INFO [main] (ActionEngine.java:2397) - Footer Link - Privacy is displaying
 INFO [main] (ActionEngine.java:2397) - Footer Link - Terms of Use is displaying
 INFO [main] (ActionEngine.java:2397) - Footer Link - Accessibility is displaying
 INFO [main] (ActionEngine.java:2397) - Footer Link - Moderation is displaying
 INFO [main] (ActionEngine.java:2397) - Footer Link - Community Guidelines is displaying
 INFO [main] (ActionEngine.java:2397) - Footer Link - About Us is displaying
 INFO [main] (ActionEngine.java:2397) - Footer Link - Contact Us is displaying
 INFO [main] (ActionEngine.java:2397) - Footer Link - Site Map is displaying
 INFO [main] (HelperClass.java:83) - in verifyHamburger
 INFO [main] (ActionEngine.java:1739) -  Able to get TscreenShot
 Able to get TscreenShot
</system-out>
    <system-err><![CDATA[org.openqa.selenium.WebDriverException: Element is not clickable at point (50, 35). Other element would receive the click: <img id="ccm-logo" src="/application/images/logo.png" alt="The Hive" title="The Hive" height="45" width="45">
Command duration or timeout: 216 milliseconds
Build info: version: '2.53.1', revision: 'a36b8b1cd5757287168e54b817830adce9b0158d', time: '2016-06-30 19:26:09'
System info: host: 'HW1315', ip: '10.62.66.55', os.name: 'Windows 7', os.arch: 'amd64', os.version: '6.1', java.version: '1.8.0_111'
Driver info: org.openqa.selenium.firefox.FirefoxDriver
Capabilities [{applicationCacheEnabled=true, rotatable=false, handlesAlerts=true, databaseEnabled=true, version=46.0, platform=WINDOWS, nativeEvents=false, acceptSslCerts=true, webStorageEnabled=true, locationContextEnabled=true, browserName=firefox, takesScreenshot=true, javascriptEnabled=true, cssSelectorsEnabled=true}]
Session ID: 3c21ee51-5e4b-4cd0-b0a2-69ee7794c844
	at sun.reflect.NativeConstructorAccessorImpl.newInstance0(Native Method)
	at sun.reflect.NativeConstructorAccessorImpl.newInstance(Unknown Source)
	at sun.reflect.DelegatingConstructorAccessorImpl.newInstance(Unknown Source)
	at java.lang.reflect.Constructor.newInstance(Unknown Source)
	at org.openqa.selenium.remote.ErrorHandler.createThrowable(ErrorHandler.java:206)
	at org.openqa.selenium.remote.ErrorHandler.throwIfResponseFailed(ErrorHandler.java:158)
	at org.openqa.selenium.remote.RemoteWebDriver.execute(RemoteWebDriver.java:678)
	at org.openqa.selenium.remote.RemoteWebElement.execute(RemoteWebElement.java:327)
	at org.openqa.selenium.remote.RemoteWebElement.click(RemoteWebElement.java:85)
	at com.ctaf.accelerators.ActionEngine.click(ActionEngine.java:94)
	at com.desktopWeb.workflows.HelperClass.verifyHamberger(HelperClass.java:94)
	at com.desktopWeb.scripts.common.TC_01_CommonChecks_HomePage_HamburgerMenu_Login_Signout_SiteAdmin.TC01_CommonChecks_HomePage_HambergerMenu_Login_Signout_SiteAdmin(TC_01_CommonChecks_HomePage_HamburgerMenu_Login_Signout_SiteAdmin.java:25)
	at sun.reflect.NativeMethodAccessorImpl.invoke0(Native Method)
	at sun.reflect.NativeMethodAccessorImpl.invoke(Unknown Source)
	at sun.reflect.DelegatingMethodAccessorImpl.invoke(Unknown Source)
	at java.lang.reflect.Method.invoke(Unknown Source)
	at org.testng.internal.MethodInvocationHelper.invokeMethod(MethodInvocationHelper.java:80)
	at org.testng.internal.Invoker.invokeMethod(Invoker.java:714)
	at org.testng.internal.Invoker.invokeTestMethod(Invoker.java:901)
	at org.testng.internal.Invoker.invokeTestMethods(Invoker.java:1231)
	at org.testng.internal.TestMethodWorker.invokeTestMethods(TestMethodWorker.java:127)
	at org.testng.internal.TestMethodWorker.run(TestMethodWorker.java:111)
	at org.testng.TestRunner.privateRun(TestRunner.java:767)
	at org.testng.TestRunner.run(TestRunner.java:617)
	at org.testng.SuiteRunner.runTest(SuiteRunner.java:334)
	at org.testng.SuiteRunner.runSequentially(SuiteRunner.java:329)
	at org.testng.SuiteRunner.privateRun(SuiteRunner.java:291)
	at org.testng.SuiteRunner.run(SuiteRunner.java:240)
	at org.testng.SuiteRunnerWorker.runSuite(SuiteRunnerWorker.java:52)
	at org.testng.SuiteRunnerWorker.run(SuiteRunnerWorker.java:86)
	at org.testng.TestNG.runSuitesSequentially(TestNG.java:1198)
	at org.testng.TestNG.runSuitesLocally(TestNG.java:1123)
	at org.testng.TestNG.run(TestNG.java:1031)
	at org.apache.maven.surefire.testng.TestNGExecutor.run(TestNGExecutor.java:178)
	at org.apache.maven.surefire.testng.TestNGXmlTestSuite.execute(TestNGXmlTestSuite.java:92)
	at org.apache.maven.surefire.testng.TestNGProvider.invoke(TestNGProvider.java:96)
	at sun.reflect.NativeMethodAccessorImpl.invoke0(Native Method)
	at sun.reflect.NativeMethodAccessorImpl.invoke(Unknown Source)
	at sun.reflect.DelegatingMethodAccessorImpl.invoke(Unknown Source)
	at java.lang.reflect.Method.invoke(Unknown Source)
	at org.apache.maven.surefire.util.ReflectionUtils.invokeMethodWithArray2(ReflectionUtils.java:208)
	at org.apache.maven.surefire.booter.ProviderFactory$ProviderProxy.invoke(ProviderFactory.java:159)
	at org.apache.maven.surefire.booter.ProviderFactory.invokeProvider(ProviderFactory.java:87)
	at org.apache.maven.surefire.booter.ForkedBooter.runSuitesInProcess(ForkedBooter.java:153)
	at org.apache.maven.surefire.booter.ForkedBooter.main(ForkedBooter.java:95)
]]></system-err>
  </testcase>
  <testcase name="TC19_Add_Content" classname="com.desktopWeb.scripts.tools.TC_19_Add_Content" time="590.684"/>
  <testcase name="TC52_Detail_Update_Project" classname="com.desktopWeb.scripts.addUpdate.TC_52_Detail_Update_Project" time="221.157">
    <failure message="Step Click Failed with description Unable to click on Submit expected [true] but found [false]" type="java.lang.AssertionError">java.lang.AssertionError: Step Click Failed with description Unable to click on Submit expected [true] but found [false]
	at org.testng.Assert.fail(Assert.java:94)
	at org.testng.Assert.failNotEquals(Assert.java:494)
	at org.testng.Assert.assertTrue(Assert.java:42)
	at com.ctaf.support.HtmlReportSupport.onFailure(HtmlReportSupport.java:778)
	at com.ctaf.utilities.Reporter.failureReport(Reporter.java:91)
	at com.ctaf.accelerators.ActionEngine.click(ActionEngine.java:100)
	at com.desktopWeb.workflows.HelperClass.detailName(HelperClass.java:1121)
	at com.desktopWeb.scripts.addUpdate.TC_52_Detail_Update_Project.TC52_Detail_Update_Project(TC_52_Detail_Update_Project.java:26)
</failure>
    <system-out>TC19_Add_Content-10_Feb_2017 06 27 49 850;Time :623
 INFO [main] (TestEngine.java:507) - Current Test : TC52_Detail_Update_Project
 INFO [main] (HelperClass.java:182) - in login
 INFO [main] (ActionEngine.java:107) - Successfully click on Menu
 INFO [main] (ActionEngine.java:107) - Successfully click on Click on Menu/Login
 INFO [main] (ActionEngine.java:395) - Type  autosm2017@gmail.com in Email address
 INFO [main] (ActionEngine.java:395) - Type  Automation2017 in Password
 INFO [main] (ActionEngine.java:107) - Successfully click on Login button
 INFO [main] (HelperClass.java:407) - in navigateConsultation
 INFO [main] (ActionEngine.java:107) - Successfully click on Selected Project
 INFO [main] (ActionEngine.java:1362) - Element By.xpath: //li[contains(text(),'New Project for Test Execution')] is present
 INFO [main] (HelperClass.java:727) - in navigateToUpdate
 INFO [main] (ActionEngine.java:107) - Successfully click on Update
 INFO [main] (HelperClass.java:609) - in getRandomString
 INFO [main] (ActionEngine.java:107) - Successfully click on Details
 INFO [main] (ActionEngine.java:395) - Type  New Project for Test Execution - geLn in Project Name
 INFO [main] (ActionEngine.java:1739) -  Able to get TscreenShot
 Able to get TscreenShot
</system-out>
    <system-err><![CDATA[org.openqa.selenium.WebDriverException: Element is not clickable at point (1285, 599). Other element would receive the click: <div style="z-index: 1299;" class="ui-widget-overlay ui-front"></div>
Command duration or timeout: 137 milliseconds
Build info: version: '2.53.1', revision: 'a36b8b1cd5757287168e54b817830adce9b0158d', time: '2016-06-30 19:26:09'
System info: host: 'HW1315', ip: '10.62.66.55', os.name: 'Windows 7', os.arch: 'amd64', os.version: '6.1', java.version: '1.8.0_111'
Driver info: org.openqa.selenium.firefox.FirefoxDriver
Capabilities [{applicationCacheEnabled=true, rotatable=false, handlesAlerts=true, databaseEnabled=true, version=46.0, platform=WINDOWS, nativeEvents=false, acceptSslCerts=true, webStorageEnabled=true, locationContextEnabled=true, browserName=firefox, takesScreenshot=true, javascriptEnabled=true, cssSelectorsEnabled=true}]
Session ID: 55e7b1a4-3d68-4f38-b294-0c84efa1146f
	at sun.reflect.NativeConstructorAccessorImpl.newInstance0(Native Method)
	at sun.reflect.NativeConstructorAccessorImpl.newInstance(Unknown Source)
	at sun.reflect.DelegatingConstructorAccessorImpl.newInstance(Unknown Source)
	at java.lang.reflect.Constructor.newInstance(Unknown Source)
	at org.openqa.selenium.remote.ErrorHandler.createThrowable(ErrorHandler.java:206)
	at org.openqa.selenium.remote.ErrorHandler.throwIfResponseFailed(ErrorHandler.java:158)
	at org.openqa.selenium.remote.RemoteWebDriver.execute(RemoteWebDriver.java:678)
	at org.openqa.selenium.remote.RemoteWebElement.execute(RemoteWebElement.java:327)
	at org.openqa.selenium.remote.RemoteWebElement.click(RemoteWebElement.java:85)
	at com.ctaf.accelerators.ActionEngine.click(ActionEngine.java:94)
	at com.desktopWeb.workflows.HelperClass.detailName(HelperClass.java:1121)
	at com.desktopWeb.scripts.addUpdate.TC_52_Detail_Update_Project.TC52_Detail_Update_Project(TC_52_Detail_Update_Project.java:26)
	at sun.reflect.NativeMethodAccessorImpl.invoke0(Native Method)
	at sun.reflect.NativeMethodAccessorImpl.invoke(Unknown Source)
	at sun.reflect.DelegatingMethodAccessorImpl.invoke(Unknown Source)
	at java.lang.reflect.Method.invoke(Unknown Source)
	at org.testng.internal.MethodInvocationHelper.invokeMethod(MethodInvocationHelper.java:80)
	at org.testng.internal.Invoker.invokeMethod(Invoker.java:714)
	at org.testng.internal.Invoker.invokeTestMethod(Invoker.java:901)
	at org.testng.internal.Invoker.invokeTestMethods(Invoker.java:1231)
	at org.testng.internal.TestMethodWorker.invokeTestMethods(TestMethodWorker.java:127)
	at org.testng.internal.TestMethodWorker.run(TestMethodWorker.java:111)
	at org.testng.TestRunner.privateRun(TestRunner.java:767)
	at org.testng.TestRunner.run(TestRunner.java:617)
	at org.testng.SuiteRunner.runTest(SuiteRunner.java:334)
	at org.testng.SuiteRunner.runSequentially(SuiteRunner.java:329)
	at org.testng.SuiteRunner.privateRun(SuiteRunner.java:291)
	at org.testng.SuiteRunner.run(SuiteRunner.java:240)
	at org.testng.SuiteRunnerWorker.runSuite(SuiteRunnerWorker.java:52)
	at org.testng.SuiteRunnerWorker.run(SuiteRunnerWorker.java:86)
	at org.testng.TestNG.runSuitesSequentially(TestNG.java:1198)
	at org.testng.TestNG.runSuitesLocally(TestNG.java:1123)
	at org.testng.TestNG.run(TestNG.java:1031)
	at org.apache.maven.surefire.testng.TestNGExecutor.run(TestNGExecutor.java:178)
	at org.apache.maven.surefire.testng.TestNGXmlTestSuite.execute(TestNGXmlTestSuite.java:92)
	at org.apache.maven.surefire.testng.TestNGProvider.invoke(TestNGProvider.java:96)
	at sun.reflect.NativeMethodAccessorImpl.invoke0(Native Method)
	at sun.reflect.NativeMethodAccessorImpl.invoke(Unknown Source)
	at sun.reflect.DelegatingMethodAccessorImpl.invoke(Unknown Source)
	at java.lang.reflect.Method.invoke(Unknown Source)
	at org.apache.maven.surefire.util.ReflectionUtils.invokeMethodWithArray2(ReflectionUtils.java:208)
	at org.apache.maven.surefire.booter.ProviderFactory$ProviderProxy.invoke(ProviderFactory.java:159)
	at org.apache.maven.surefire.booter.ProviderFactory.invokeProvider(ProviderFactory.java:87)
	at org.apache.maven.surefire.booter.ForkedBooter.runSuitesInProcess(ForkedBooter.java:153)
	at org.apache.maven.surefire.booter.ForkedBooter.main(ForkedBooter.java:95)
]]></system-err>
  </testcase>
  <testcase name="TC51_Verify_Authoring_Setting_Options" classname="com.desktopWeb.scripts.setting.TC_51_Verify_Authoring_Setting_Options" time="100.832"/>
  <testcase name="TC69_Detail_Project_Sub_Page_Project" classname="com.desktopWeb.scripts.page.TC_69_Detail_Project_Sub_Page_Project" time="421.552"/>
  <testcase name="TC184_Verify_Dashboard_Create_Community_User_En" classname="com.desktopWeb.scripts.roles_permission.TC_184_Verify_Dashboard_Create_Community_User_En" time="234.671">
    <failure message="Step TC184_Verify_Dashboard_Create_Community_User_En Failed with description Failed expected [true] but found [false]" type="java.lang.AssertionError">java.lang.AssertionError: Step TC184_Verify_Dashboard_Create_Community_User_En Failed with description Failed expected [true] but found [false]
	at org.testng.Assert.fail(Assert.java:94)
	at org.testng.Assert.failNotEquals(Assert.java:494)
	at org.testng.Assert.assertTrue(Assert.java:42)
	at com.ctaf.support.HtmlReportSupport.onFailure(HtmlReportSupport.java:778)
	at com.ctaf.utilities.Reporter.failureReport(Reporter.java:91)
	at com.desktopWeb.scripts.roles_permission.TC_184_Verify_Dashboard_Create_Community_User_En.TC184_Verify_Dashboard_Create_Community_User_En(TC_184_Verify_Dashboard_Create_Community_User_En.java:28)
</failure>
    <system-out>TC69_Detail_Project_Sub_Page_Project-10_Feb_2017 06 45 23 493;Time :460
 INFO [main] (TestEngine.java:507) - Current Test : TC184_Verify_Dashboard_Create_Community_User_En
 INFO [main] (HelperClass.java:182) - in login
 INFO [main] (ActionEngine.java:107) - Successfully click on Menu
 INFO [main] (ActionEngine.java:107) - Successfully click on Click on Menu/Login
 INFO [main] (ActionEngine.java:395) - Type  autoenmanager@harvestdp.com in Email address
 INFO [main] (ActionEngine.java:395) - Type  Automation2017 in Password
 INFO [main] (ActionEngine.java:107) - Successfully click on Login button
 INFO [main] (ActionEngine.java:107) - Successfully click on Dashboard
 INFO [main] (ActionEngine.java:1739) -  Able to get TscreenShot
 Able to get TscreenShot
</system-out>
  </testcase>
  <testcase name="TC100_Verify_Dashboard_Moderation_Recently_ApprovetoReject" classname="com.desktopWeb.scripts.dashboard.TC_100_Verify_Dashboard_Moderation_Recently_ApprovetoReject" time="141.779"/>
  <testcase name="TC114_WCCP_451_Verify_View_Edit_Draft_Page" classname="com.desktopWeb.scripts.sprint1.TC_114_WCCP_451_Verify_View_Edit_Draft_Page" time="175.567"/>
  <testcase name="TC170_Detail_Project_Dashboard_Project_En" classname="com.desktopWeb.scripts.sprint2.TC_170_Detail_Project_Dashboard_Project_En" time="128.173"/>
  <testcase name="TC02_CommonChecks_HomePage_HambergerMenu_Login_Signout_CommunityUser" classname="com.desktopWeb.scripts.common.TC_02_CommonChecks_HomePage_HamburgerMenu_Login_Signout_CommunityUser" time="42.128">
    <failure message="Step Click Failed with description Unable to click on Menu expected [true] but found [false]" type="java.lang.AssertionError">java.lang.AssertionError: Step Click Failed with description Unable to click on Menu expected [true] but found [false]
	at org.testng.Assert.fail(Assert.java:94)
	at org.testng.Assert.failNotEquals(Assert.java:494)
	at org.testng.Assert.assertTrue(Assert.java:42)
	at com.ctaf.support.HtmlReportSupport.onFailure(HtmlReportSupport.java:778)
	at com.ctaf.utilities.Reporter.failureReport(Reporter.java:91)
	at com.ctaf.accelerators.ActionEngine.click(ActionEngine.java:100)
	at com.desktopWeb.scripts.common.TC_02_CommonChecks_HomePage_HamburgerMenu_Login_Signout_CommunityUser.TC02_CommonChecks_HomePage_HambergerMenu_Login_Signout_CommunityUser(TC_02_CommonChecks_HomePage_HamburgerMenu_Login_Signout_CommunityUser.java:25)
</failure>
    <system-out>TC170_Detail_Project_Dashboard_Project_En-10_Feb_2017 07 04 27 401;Time :171
 INFO [main] (TestEngine.java:507) - Current Test : TC02_CommonChecks_HomePage_HambergerMenu_Login_Signout_CommunityUser
 INFO [main] (HelperClass.java:182) - in login
 INFO [main] (ActionEngine.java:107) - Successfully click on Menu
 INFO [main] (ActionEngine.java:107) - Successfully click on Click on Menu/Login
 INFO [main] (ActionEngine.java:395) - Type  autosu2017@gmail.com in Email address
 INFO [main] (ActionEngine.java:395) - Type  Automation2017 in Password
 INFO [main] (ActionEngine.java:107) - Successfully click on Login button
 INFO [main] (ActionEngine.java:1739) -  Able to get TscreenShot
 Able to get TscreenShot
</system-out>
    <system-err><![CDATA[org.openqa.selenium.WebDriverException: Element is not clickable at point (50, 35). Other element would receive the click: <img id="ccm-logo" src="/application/images/logo.png" alt="The Hive" title="The Hive" height="45" width="45">
Command duration or timeout: 152 milliseconds
Build info: version: '2.53.1', revision: 'a36b8b1cd5757287168e54b817830adce9b0158d', time: '2016-06-30 19:26:09'
System info: host: 'HW1315', ip: '10.62.66.55', os.name: 'Windows 7', os.arch: 'amd64', os.version: '6.1', java.version: '1.8.0_111'
Driver info: org.openqa.selenium.firefox.FirefoxDriver
Capabilities [{applicationCacheEnabled=true, rotatable=false, handlesAlerts=true, databaseEnabled=true, version=46.0, platform=WINDOWS, nativeEvents=false, acceptSslCerts=true, webStorageEnabled=true, locationContextEnabled=true, browserName=firefox, takesScreenshot=true, javascriptEnabled=true, cssSelectorsEnabled=true}]
Session ID: 7ca5c666-c1cc-42e4-9863-aa60ebe0c0e5
	at sun.reflect.NativeConstructorAccessorImpl.newInstance0(Native Method)
	at sun.reflect.NativeConstructorAccessorImpl.newInstance(Unknown Source)
	at sun.reflect.DelegatingConstructorAccessorImpl.newInstance(Unknown Source)
	at java.lang.reflect.Constructor.newInstance(Unknown Source)
	at org.openqa.selenium.remote.ErrorHandler.createThrowable(ErrorHandler.java:206)
	at org.openqa.selenium.remote.ErrorHandler.throwIfResponseFailed(ErrorHandler.java:158)
	at org.openqa.selenium.remote.RemoteWebDriver.execute(RemoteWebDriver.java:678)
	at org.openqa.selenium.remote.RemoteWebElement.execute(RemoteWebElement.java:327)
	at org.openqa.selenium.remote.RemoteWebElement.click(RemoteWebElement.java:85)
	at com.ctaf.accelerators.ActionEngine.click(ActionEngine.java:94)
	at com.desktopWeb.scripts.common.TC_02_CommonChecks_HomePage_HamburgerMenu_Login_Signout_CommunityUser.TC02_CommonChecks_HomePage_HambergerMenu_Login_Signout_CommunityUser(TC_02_CommonChecks_HomePage_HamburgerMenu_Login_Signout_CommunityUser.java:25)
	at sun.reflect.NativeMethodAccessorImpl.invoke0(Native Method)
	at sun.reflect.NativeMethodAccessorImpl.invoke(Unknown Source)
	at sun.reflect.DelegatingMethodAccessorImpl.invoke(Unknown Source)
	at java.lang.reflect.Method.invoke(Unknown Source)
	at org.testng.internal.MethodInvocationHelper.invokeMethod(MethodInvocationHelper.java:80)
	at org.testng.internal.Invoker.invokeMethod(Invoker.java:714)
	at org.testng.internal.Invoker.invokeTestMethod(Invoker.java:901)
	at org.testng.internal.Invoker.invokeTestMethods(Invoker.java:1231)
	at org.testng.internal.TestMethodWorker.invokeTestMethods(TestMethodWorker.java:127)
	at org.testng.internal.TestMethodWorker.run(TestMethodWorker.java:111)
	at org.testng.TestRunner.privateRun(TestRunner.java:767)
	at org.testng.TestRunner.run(TestRunner.java:617)
	at org.testng.SuiteRunner.runTest(SuiteRunner.java:334)
	at org.testng.SuiteRunner.runSequentially(SuiteRunner.java:329)
	at org.testng.SuiteRunner.privateRun(SuiteRunner.java:291)
	at org.testng.SuiteRunner.run(SuiteRunner.java:240)
	at org.testng.SuiteRunnerWorker.runSuite(SuiteRunnerWorker.java:52)
	at org.testng.SuiteRunnerWorker.run(SuiteRunnerWorker.java:86)
	at org.testng.TestNG.runSuitesSequentially(TestNG.java:1198)
	at org.testng.TestNG.runSuitesLocally(TestNG.java:1123)
	at org.testng.TestNG.run(TestNG.java:1031)
	at org.apache.maven.surefire.testng.TestNGExecutor.run(TestNGExecutor.java:178)
	at org.apache.maven.surefire.testng.TestNGXmlTestSuite.execute(TestNGXmlTestSuite.java:92)
	at org.apache.maven.surefire.testng.TestNGProvider.invoke(TestNGProvider.java:96)
	at sun.reflect.NativeMethodAccessorImpl.invoke0(Native Method)
	at sun.reflect.NativeMethodAccessorImpl.invoke(Unknown Source)
	at sun.reflect.DelegatingMethodAccessorImpl.invoke(Unknown Source)
	at java.lang.reflect.Method.invoke(Unknown Source)
	at org.apache.maven.surefire.util.ReflectionUtils.invokeMethodWithArray2(ReflectionUtils.java:208)
	at org.apache.maven.surefire.booter.ProviderFactory$ProviderProxy.invoke(ProviderFactory.java:159)
	at org.apache.maven.surefire.booter.ProviderFactory.invokeProvider(ProviderFactory.java:87)
	at org.apache.maven.surefire.booter.ForkedBooter.runSuitesInProcess(ForkedBooter.java:153)
	at org.apache.maven.surefire.booter.ForkedBooter.main(ForkedBooter.java:95)
]]></system-err>
  </testcase>
  <testcase name="TC20_Add_HTML" classname="com.desktopWeb.scripts.tools.TC_20_Add_HTML" time="230.788">
    <failure message="Step Select  Failed with description Public is Not Select from the DropDown Project Department expected [true] but found [false]" type="java.lang.AssertionError">java.lang.AssertionError: Step Select  Failed with description Public is Not Select from the DropDown Project Department expected [true] but found [false]
	at org.testng.Assert.fail(Assert.java:94)
	at org.testng.Assert.failNotEquals(Assert.java:494)
	at org.testng.Assert.assertTrue(Assert.java:42)
	at com.ctaf.support.HtmlReportSupport.onFailure(HtmlReportSupport.java:778)
	at com.ctaf.utilities.Reporter.failureReport(Reporter.java:91)
	at com.ctaf.accelerators.ActionEngine.selectByVisibleText(ActionEngine.java:907)
	at com.desktopWeb.workflows.HelperClass.createProject(HelperClass.java:2059)
	at com.desktopWeb.scripts.tools.TC_20_Add_HTML.TC20_Add_HTML(TC_20_Add_HTML.java:26)
</failure>
    <system-out><![CDATA[TC02_CommonChecks_HomePage_HambergerMenu_Login_Signout_CommunityUser-10_Feb_2017 07 07 20 541;Time :70
 INFO [main] (TestEngine.java:507) - Current Test : TC20_Add_HTML
 INFO [main] (HelperClass.java:182) - in login
 INFO [main] (ActionEngine.java:107) - Successfully click on Menu
 INFO [main] (ActionEngine.java:107) - Successfully click on Click on Menu/Login
 INFO [main] (ActionEngine.java:395) - Type  autosm2017@gmail.com in Email address
 INFO [main] (ActionEngine.java:395) - Type  Automation2017 in Password
 INFO [main] (ActionEngine.java:107) - Successfully click on Login button
 INFO [main] (ActionEngine.java:107) - Successfully click on Dashboard
 INFO [main] (ActionEngine.java:107) - Successfully click on Dashboard/Project
 INFO [main] (ActionEngine.java:107) - Successfully click on Launch New Project
 INFO [main] (HelperClass.java:609) - in getRandomString
 INFO [main] (ActionEngine.java:395) - Type  New Automation Project - SVkE in Project Name
 INFO [main] (ActionEngine.java:395) - Type  Department of Education & Training in Project Description
 INFO [main] (ActionEngine.java:107) - Successfully click on Next Button
 INFO [main] (HelperClass.java:460) - in scrollandClick
 INFO [main] (ActionEngine.java:894) - Select Public from Project Department
 INFO [main] (ActionEngine.java:1739) -  Able to get TscreenShot
 Able to get TscreenShot
]]></system-out>
  </testcase>
  <testcase name="TC53_Design_Update_Template" classname="com.desktopWeb.scripts.addUpdate.TC_53_Design_Update_Template" time="293.845"/>
  <testcase name="TC57_Detail_Setting_Project_Desc" classname="com.desktopWeb.scripts.setting.TC_57_Detail_Setting_Project_Desc" time="108.657"/>
  <testcase name="TC70_Design_Project_Sub_Page_Template" classname="com.desktopWeb.scripts.page.TC_70_Design_Project_Sub_Page_Template" time="285.403">
    <failure message="Step TC70_Design_Project_Sub_Page_Template Failed with description Failed expected [true] but found [false]" type="java.lang.AssertionError">java.lang.AssertionError: Step TC70_Design_Project_Sub_Page_Template Failed with description Failed expected [true] but found [false]
	at org.testng.Assert.fail(Assert.java:94)
	at org.testng.Assert.failNotEquals(Assert.java:494)
	at org.testng.Assert.assertTrue(Assert.java:42)
	at com.ctaf.support.HtmlReportSupport.onFailure(HtmlReportSupport.java:778)
	at com.ctaf.utilities.Reporter.failureReport(Reporter.java:91)
	at com.desktopWeb.scripts.page.TC_70_Design_Project_Sub_Page_Template.TC70_Design_Project_Sub_Page_Template(TC_70_Design_Project_Sub_Page_Template.java:30)
</failure>
    <system-out>TC57_Detail_Setting_Project_Desc-10_Feb_2017 07 18 18 306;Time :141
 INFO [main] (TestEngine.java:507) - Current Test : TC70_Design_Project_Sub_Page_Template
 INFO [main] (HelperClass.java:182) - in login
 INFO [main] (ActionEngine.java:107) - Successfully click on Menu
 INFO [main] (ActionEngine.java:107) - Successfully click on Click on Menu/Login
 INFO [main] (ActionEngine.java:395) - Type  autosm2017@gmail.com in Email address
 INFO [main] (ActionEngine.java:395) - Type  Automation2017 in Password
 INFO [main] (ActionEngine.java:107) - Successfully click on Login button
 INFO [main] (HelperClass.java:733) - in navigateToProjectSubPage
 INFO [main] (ActionEngine.java:107) - Successfully click on Page
 INFO [main] (ActionEngine.java:107) - Successfully click on Project Sub Page
 INFO [main] (ActionEngine.java:1739) -  Able to get TscreenShot
 Able to get TscreenShot
</system-out>
  </testcase>
  <testcase name="TC185_Verify_Dashboard_Create_Community_User_Cm" classname="com.desktopWeb.scripts.roles_permission.TC_185_Verify_Dashboard_Create_Community_User_Cm" time="227.283">
    <failure message="Step TC185_Verify_Dashboard_Create_Community_User_Cm Failed with description Failed expected [true] but found [false]" type="java.lang.AssertionError">java.lang.AssertionError: Step TC185_Verify_Dashboard_Create_Community_User_Cm Failed with description Failed expected [true] but found [false]
	at org.testng.Assert.fail(Assert.java:94)
	at org.testng.Assert.failNotEquals(Assert.java:494)
	at org.testng.Assert.assertTrue(Assert.java:42)
	at com.ctaf.support.HtmlReportSupport.onFailure(HtmlReportSupport.java:778)
	at com.ctaf.utilities.Reporter.failureReport(Reporter.java:91)
	at com.desktopWeb.scripts.roles_permission.TC_185_Verify_Dashboard_Create_Community_User_Cm.TC185_Verify_Dashboard_Create_Community_User_Cm(TC_185_Verify_Dashboard_Create_Community_User_Cm.java:28)
</failure>
    <system-out>TC70_Design_Project_Sub_Page_Template-10_Feb_2017 07 20 41 320;Time :319
 INFO [main] (TestEngine.java:507) - Current Test : TC185_Verify_Dashboard_Create_Community_User_Cm
 INFO [main] (HelperClass.java:182) - in login
 INFO [main] (ActionEngine.java:107) - Successfully click on Menu
 INFO [main] (ActionEngine.java:107) - Successfully click on Click on Menu/Login
 INFO [main] (ActionEngine.java:395) - Type  autoconmanager@harvestdp.com in Email address
 INFO [main] (ActionEngine.java:395) - Type  Automation2017 in Password
 INFO [main] (ActionEngine.java:107) - Successfully click on Login button
 INFO [main] (ActionEngine.java:107) - Successfully click on Dashboard
 INFO [main] (ActionEngine.java:1739) -  Able to get TscreenShot
 Able to get TscreenShot
</system-out>
  </testcase>
  <testcase name="TC101_Verify_Dashboard_Moderation_Recently_ApprovetoApprove" classname="com.desktopWeb.scripts.dashboard.TC_101_Verify_Dashboard_Moderation_Recently_ApprovetoApprove" time="173.134">
    <failure message="Step AssertText  Failed with description Automation TestingypjvZc is not present in the element  expected [true] but found [false]" type="java.lang.AssertionError">java.lang.AssertionError: Step AssertText  Failed with description Automation TestingypjvZc is not present in the element  expected [true] but found [false]
	at org.testng.Assert.fail(Assert.java:94)
	at org.testng.Assert.failNotEquals(Assert.java:494)
	at org.testng.Assert.assertTrue(Assert.java:42)
	at com.ctaf.support.HtmlReportSupport.onFailure(HtmlReportSupport.java:778)
	at com.ctaf.utilities.Reporter.failureReport(Reporter.java:91)
	at com.ctaf.accelerators.ActionEngine.assertText(ActionEngine.java:1392)
	at com.desktopWeb.workflows.HelperClass.getCommentID(HelperClass.java:2215)
	at com.desktopWeb.scripts.dashboard.TC_101_Verify_Dashboard_Moderation_Recently_ApprovetoApprove.TC101_Verify_Dashboard_Moderation_Recently_ApprovetoApprove(TC_101_Verify_Dashboard_Moderation_Recently_ApprovetoApprove.java:26)
</failure>
    <system-out>TC185_Verify_Dashboard_Create_Community_User_Cm-10_Feb_2017 07 26 02 271;Time :258
 INFO [main] (TestEngine.java:507) - Current Test : TC101_Verify_Dashboard_Moderation_Recently_ApprovetoApprove
 INFO [main] (HelperClass.java:609) - in getRandomString
 INFO [main] (HelperClass.java:182) - in login
 INFO [main] (ActionEngine.java:107) - Successfully click on Menu
 INFO [main] (ActionEngine.java:107) - Successfully click on Click on Menu/Login
 INFO [main] (ActionEngine.java:395) - Type  autosm2017@gmail.com in Email address
 INFO [main] (ActionEngine.java:395) - Type  Automation2017 in Password
 INFO [main] (ActionEngine.java:107) - Successfully click on Login button
 INFO [main] (HelperClass.java:407) - in navigateConsultation
 INFO [main] (ActionEngine.java:107) - Successfully click on Selected Project
 INFO [main] (ActionEngine.java:1362) - Element By.xpath: //li[contains(text(),'Smart Planning internal consultation')] is present
 INFO [main] (ActionEngine.java:395) - Type  Automation TestingypjvZc in Project Comment
 INFO [main] (HelperClass.java:509) - in clickTo
 INFO [main] (HelperClass.java:514) - Successfully Click on By.xpath: //button[@class='btn pull-right submit']
 INFO [main] (ActionEngine.java:107) - Successfully click on Dashboard
 INFO [main] (ActionEngine.java:107) - Successfully click on Moderation
 INFO [main] (ActionEngine.java:1739) -  Able to get TscreenShot
 Able to get TscreenShot
 INFO [main] (ActionEngine.java:1739) -  Able to get TscreenShot
 Able to get TscreenShot
 INFO [main] (ActionEngine.java:1739) -  Able to get TscreenShot
 Able to get TscreenShot
</system-out>
  </testcase>
  <testcase name="TC115_WCCP_450_Verify_View_Project_CM" classname="com.desktopWeb.scripts.sprint1.TC_115_WCCP_450_Verify_View_Project_CM" time="142.093"/>
  <testcase name="TC171_Detail_Project_Dashboard_Project_Cm" classname="com.desktopWeb.scripts.sprint2.TC_171_Detail_Project_Dashboard_Project_Cm" time="110.496"/>
  <testcase name="TC03_CommonChecks_HomePage_HambergerMenu_Login_Signout_GuestUser" classname="com.desktopWeb.scripts.common.TC_03_CommonChecks_HomePage_HamburgerMenu_Login_Signout_GuestUser" time="189.352"/>
  <testcase name="TC21_Add_Block_Quote" classname="com.desktopWeb.scripts.tools.TC_21_Add_Block_Quote" time="561.611"/>
  <testcase name="TC54_SEO_Update_Name" classname="com.desktopWeb.scripts.addUpdate.TC_54_SEO_Update_Name" time="385.866">
    <failure message="Step TC54_SEO_Update_Name Failed with description Failed expected [true] but found [false]" type="java.lang.AssertionError">java.lang.AssertionError: Step TC54_SEO_Update_Name Failed with description Failed expected [true] but found [false]
	at org.testng.Assert.fail(Assert.java:94)
	at org.testng.Assert.failNotEquals(Assert.java:494)
	at org.testng.Assert.assertTrue(Assert.java:42)
	at com.ctaf.support.HtmlReportSupport.onFailure(HtmlReportSupport.java:778)
	at com.ctaf.utilities.Reporter.failureReport(Reporter.java:91)
	at com.desktopWeb.scripts.addUpdate.TC_54_SEO_Update_Name.TC54_SEO_Update_Name(TC_54_SEO_Update_Name.java:31)
</failure>
    <system-out>TC21_Add_Block_Quote-10_Feb_2017 07 43 34 276;Time :593
 INFO [main] (TestEngine.java:507) - Current Test : TC54_SEO_Update_Name
 INFO [main] (HelperClass.java:182) - in login
 INFO [main] (ActionEngine.java:107) - Successfully click on Menu
 INFO [main] (ActionEngine.java:107) - Successfully click on Click on Menu/Login
 INFO [main] (ActionEngine.java:395) - Type  autosm2017@gmail.com in Email address
 INFO [main] (ActionEngine.java:395) - Type  Automation2017 in Password
 INFO [main] (ActionEngine.java:107) - Successfully click on Login button
 INFO [main] (HelperClass.java:407) - in navigateConsultation
 INFO [main] (ActionEngine.java:107) - Successfully click on Selected Project
 INFO [main] (ActionEngine.java:1362) - Element By.xpath: //li[contains(text(),'New Project for Test Execution')] is present
 INFO [main] (HelperClass.java:727) - in navigateToUpdate
 INFO [main] (ActionEngine.java:107) - Successfully click on Update
 INFO [main] (ActionEngine.java:107) - Successfully click on SEO
 INFO [main] (HelperClass.java:609) - in getRandomString
 INFO [main] (ActionEngine.java:395) - Type  Value 1JNUp in SEO Name
 INFO [main] (ActionEngine.java:107) - Successfully click on Detail
 INFO [main] (ActionEngine.java:395) - Type  Testing SEO in Project Name
 INFO [main] (ActionEngine.java:107) - Successfully click on Submit
 INFO [main] (ActionEngine.java:107) - Successfully click on Save Page
 INFO [main] (HelperClass.java:2360) - in workflow
 INFO [main] (HelperClass.java:2384) - in sumbitWorkflow
 INFO [main] (ActionEngine.java:395) - Type  Testing SEO in Version Comment
 INFO [main] (ActionEngine.java:1739) -  Able to get TscreenShot
 Able to get TscreenShot
</system-out>
  </testcase>
  <testcase name="TC58_SEO_Setting_Name" classname="com.desktopWeb.scripts.setting.TC_58_SEO_Setting_Name" time="290.057">
    <failure message="Step TC58_SEO_Setting_Name Failed with description Failed expected [true] but found [false]" type="java.lang.AssertionError">java.lang.AssertionError: Step TC58_SEO_Setting_Name Failed with description Failed expected [true] but found [false]
	at org.testng.Assert.fail(Assert.java:94)
	at org.testng.Assert.failNotEquals(Assert.java:494)
	at org.testng.Assert.assertTrue(Assert.java:42)
	at com.ctaf.support.HtmlReportSupport.onFailure(HtmlReportSupport.java:778)
	at com.ctaf.utilities.Reporter.failureReport(Reporter.java:91)
	at com.desktopWeb.scripts.setting.TC_58_SEO_Setting_Name.TC58_SEO_Setting_Name(TC_58_SEO_Setting_Name.java:30)
</failure>
    <system-out>TC54_SEO_Update_Name-10_Feb_2017 07 53 29 431;Time :414
 INFO [main] (TestEngine.java:507) - Current Test : TC58_SEO_Setting_Name
 INFO [main] (HelperClass.java:182) - in login
 INFO [main] (ActionEngine.java:107) - Successfully click on Menu
 INFO [main] (ActionEngine.java:107) - Successfully click on Click on Menu/Login
 INFO [main] (ActionEngine.java:395) - Type  autosm2017@gmail.com in Email address
 INFO [main] (ActionEngine.java:395) - Type  Automation2017 in Password
 INFO [main] (ActionEngine.java:107) - Successfully click on Login button
 INFO [main] (HelperClass.java:407) - in navigateConsultation
 INFO [main] (ActionEngine.java:107) - Successfully click on Selected Project
 INFO [main] (ActionEngine.java:1362) - Element By.xpath: //li[contains(text(),'New Project for Test Execution')] is present
 INFO [main] (HelperClass.java:713) - in navigateToSetting
 INFO [main] (ActionEngine.java:107) - Successfully click on Settings
 INFO [main] (ActionEngine.java:107) - Successfully click on SEO
 INFO [main] (HelperClass.java:609) - in getRandomString
 INFO [main] (ActionEngine.java:1739) -  Able to get TscreenShot
 Able to get TscreenShot
</system-out>
  </testcase>
  <testcase name="TC71_SEO_Project_Sub_Page_Name" classname="com.desktopWeb.scripts.page.TC_71_SEO_Project_Sub_Page_Name" time="383.314"/>
  <testcase name="TC186_Verify_Dashboard_Create_Community_User_Pa" classname="com.desktopWeb.scripts.roles_permission.TC_186_Verify_Dashboard_Create_Community_User_Pa" time="249.696">
    <failure message="Step TC186_Verify_Dashboard_Create_Community_User_Pa Failed with description Failed expected [true] but found [false]" type="java.lang.AssertionError">java.lang.AssertionError: Step TC186_Verify_Dashboard_Create_Community_User_Pa Failed with description Failed expected [true] but found [false]
	at org.testng.Assert.fail(Assert.java:94)
	at org.testng.Assert.failNotEquals(Assert.java:494)
	at org.testng.Assert.assertTrue(Assert.java:42)
	at com.ctaf.support.HtmlReportSupport.onFailure(HtmlReportSupport.java:778)
	at com.ctaf.utilities.Reporter.failureReport(Reporter.java:91)
	at com.desktopWeb.scripts.roles_permission.TC_186_Verify_Dashboard_Create_Community_User_Pa.TC186_Verify_Dashboard_Create_Community_User_Pa(TC_186_Verify_Dashboard_Create_Community_User_Pa.java:28)
</failure>
    <system-out>TC71_SEO_Project_Sub_Page_Name-10_Feb_2017 08 05 49 995;Time :411
 INFO [main] (TestEngine.java:507) - Current Test : TC186_Verify_Dashboard_Create_Community_User_Pa
 INFO [main] (HelperClass.java:182) - in login
 INFO [main] (ActionEngine.java:107) - Successfully click on Menu
 INFO [main] (ActionEngine.java:107) - Successfully click on Click on Menu/Login
 INFO [main] (ActionEngine.java:395) - Type  autoprauthor@harvestdp.com in Email address
 INFO [main] (ActionEngine.java:395) - Type  Automation2017 in Password
 INFO [main] (ActionEngine.java:107) - Successfully click on Login button
 INFO [main] (ActionEngine.java:107) - Successfully click on Dashboard
 INFO [main] (ActionEngine.java:1739) -  Able to get TscreenShot
 Able to get TscreenShot
</system-out>
  </testcase>
  <testcase name="TC102_Verify_Dashboard_Moderation_Recently_RejecttoApprove" classname="com.desktopWeb.scripts.dashboard.TC_102_Verify_Dashboard_Moderation_Recently_RejecttoApprove" time="141.133"/>
  <testcase name="TC116_WCCP_446_Verify_PM_Dept_Agency_Permission_To_En_Manager" classname="com.desktopWeb.scripts.sprint1.TC_116_WCCP_446_Verify_PM_Dept_Agency_Permission_To_En_Manager" time="143.481"/>
  <testcase name="TC172_Detail_Project_Dashboard_Project_Pa" classname="com.desktopWeb.scripts.sprint2.TC_172_Detail_Project_Dashboard_Project_Pa" time="110.219"/>
  <testcase name="TC04_ForgotPwdChangePwd_SiteAdmin" classname="com.desktopWeb.scripts.common.TC_04_ForgotPwdChangePwd_SiteAdmin" time="137.287"/>
  <testcase name="TC22_Add_Heading" classname="com.desktopWeb.scripts.tools.TC_22_Add_Heading" time="491.278">
    <failure message="Step TC22_Add_Heading Failed with description Failed expected [true] but found [false]" type="java.lang.AssertionError">java.lang.AssertionError: Step TC22_Add_Heading Failed with description Failed expected [true] but found [false]
	at org.testng.Assert.fail(Assert.java:94)
	at org.testng.Assert.failNotEquals(Assert.java:494)
	at org.testng.Assert.assertTrue(Assert.java:42)
	at com.ctaf.support.HtmlReportSupport.onFailure(HtmlReportSupport.java:778)
	at com.ctaf.utilities.Reporter.failureReport(Reporter.java:91)
	at com.desktopWeb.scripts.tools.TC_22_Add_Heading.TC22_Add_Heading(TC_22_Add_Heading.java:30)
</failure>
    <system-out><![CDATA[TC04_ForgotPwdChangePwd_SiteAdmin-10_Feb_2017 08 25 36 925;Time :169
 INFO [main] (TestEngine.java:507) - Current Test : TC22_Add_Heading
 INFO [main] (HelperClass.java:182) - in login
 INFO [main] (ActionEngine.java:107) - Successfully click on Menu
 INFO [main] (ActionEngine.java:107) - Successfully click on Click on Menu/Login
 INFO [main] (ActionEngine.java:395) - Type  autosm2017@gmail.com in Email address
 INFO [main] (ActionEngine.java:395) - Type  Automation2017 in Password
 INFO [main] (ActionEngine.java:107) - Successfully click on Login button
 INFO [main] (ActionEngine.java:107) - Successfully click on Dashboard
 INFO [main] (ActionEngine.java:107) - Successfully click on Dashboard/Project
 INFO [main] (ActionEngine.java:107) - Successfully click on Launch New Project
 INFO [main] (HelperClass.java:609) - in getRandomString
 INFO [main] (ActionEngine.java:395) - Type  Automation Project - oIiF in Project Name
 INFO [main] (ActionEngine.java:395) - Type  New Automation Project in Project Description
 INFO [main] (ActionEngine.java:107) - Successfully click on Next Button
 INFO [main] (HelperClass.java:460) - in scrollandClick
 INFO [main] (ActionEngine.java:894) - Select Department of Education & Training from Project Department
 INFO [main] (ActionEngine.java:894) - Select Public from Project Type
 INFO [main] (ActionEngine.java:894) - Select Active from Project Status
 INFO [main] (HelperClass.java:509) - in clickTo
 INFO [main] (HelperClass.java:514) - Successfully Click on By.xpath: //div[@class='ccm-file-selector-choose-new']
 INFO [main] (ActionEngine.java:107) - Successfully click on Select project image
 INFO [main] (HelperClass.java:509) - in clickTo
 INFO [main] (HelperClass.java:514) - Successfully Click on By.xpath: //div[6]/div/fieldset/div[1]/ul/li[1]/span/span[2]
 INFO [main] (HelperClass.java:509) - in clickTo
 INFO [main] (HelperClass.java:514) - Successfully Click on By.xpath: //div[7]/div/fieldset/div[1]/ul/li[1]/span/span[2]
 INFO [main] (HelperClass.java:509) - in clickTo
 INFO [main] (HelperClass.java:514) - Successfully Click on By.xpath: //label/input[@value='1']
 INFO [main] (HelperClass.java:509) - in clickTo
 INFO [main] (HelperClass.java:514) - Successfully Click on By.xpath: //div[contains(@data-file-selector, 'ccm-file-akID-35')]/div[@class='ccm-file-selector-choose-new']
 INFO [main] (ActionEngine.java:1739) -  Able to get TscreenShot
 Able to get TscreenShot
]]></system-out>
  </testcase>
  <testcase name="TC55_Location_Update_Location" classname="com.desktopWeb.scripts.addUpdate.TC_55_Location_Update_Location" time="305.922">
    <failure message="Step TC55_Location_Update_Location Failed with description Failed expected [true] but found [false]" type="java.lang.AssertionError">java.lang.AssertionError: Step TC55_Location_Update_Location Failed with description Failed expected [true] but found [false]
	at org.testng.Assert.fail(Assert.java:94)
	at org.testng.Assert.failNotEquals(Assert.java:494)
	at org.testng.Assert.assertTrue(Assert.java:42)
	at com.ctaf.support.HtmlReportSupport.onFailure(HtmlReportSupport.java:778)
	at com.ctaf.utilities.Reporter.failureReport(Reporter.java:91)
	at com.desktopWeb.scripts.addUpdate.TC_55_Location_Update_Location.TC55_Location_Update_Location(TC_55_Location_Update_Location.java:33)
</failure>
    <system-out>TC22_Add_Heading-10_Feb_2017 08 28 28 024;Time :519
 INFO [main] (TestEngine.java:507) - Current Test : TC55_Location_Update_Location
 INFO [main] (HelperClass.java:182) - in login
 INFO [main] (ActionEngine.java:107) - Successfully click on Menu
 INFO [main] (ActionEngine.java:107) - Successfully click on Click on Menu/Login
 INFO [main] (ActionEngine.java:395) - Type  autosm2017@gmail.com in Email address
 INFO [main] (ActionEngine.java:395) - Type  Automation2017 in Password
 INFO [main] (ActionEngine.java:107) - Successfully click on Login button
 INFO [main] (HelperClass.java:407) - in navigateConsultation
 INFO [main] (ActionEngine.java:107) - Successfully click on Selected Project
 INFO [main] (ActionEngine.java:1362) - Element By.xpath: //li[contains(text(),'New Project for Test Execution')] is present
 INFO [main] (HelperClass.java:727) - in navigateToUpdate
 INFO [main] (ActionEngine.java:107) - Successfully click on Update
 INFO [main] (ActionEngine.java:107) - Successfully click on Location
 INFO [main] (ActionEngine.java:107) - Successfully click on Location
 INFO [main] (ActionEngine.java:1739) -  Able to get TscreenShot
 Able to get TscreenShot
</system-out>
  </testcase>
  <testcase name="TC59_Design_Setting_Template" classname="com.desktopWeb.scripts.setting.TC_59_Design_Setting_Template" time="294.491">
    <failure message="Step TC_59_Design_Setting_Template Failed with description Failed expected [true] but found [false]" type="java.lang.AssertionError">java.lang.AssertionError: Step TC_59_Design_Setting_Template Failed with description Failed expected [true] but found [false]
	at org.testng.Assert.fail(Assert.java:94)
	at org.testng.Assert.failNotEquals(Assert.java:494)
	at org.testng.Assert.assertTrue(Assert.java:42)
	at com.ctaf.support.HtmlReportSupport.onFailure(HtmlReportSupport.java:778)
	at com.ctaf.utilities.Reporter.failureReport(Reporter.java:91)
	at com.desktopWeb.scripts.setting.TC_59_Design_Setting_Template.TC59_Design_Setting_Template(TC_59_Design_Setting_Template.java:30)
</failure>
    <system-out>TC55_Location_Update_Location-10_Feb_2017 08 37 08 474;Time :335
 INFO [main] (TestEngine.java:507) - Current Test : TC59_Design_Setting_Template
 INFO [main] (HelperClass.java:182) - in login
 INFO [main] (ActionEngine.java:107) - Successfully click on Menu
 INFO [main] (ActionEngine.java:107) - Successfully click on Click on Menu/Login
 INFO [main] (ActionEngine.java:395) - Type  autosm2017@gmail.com in Email address
 INFO [main] (ActionEngine.java:395) - Type  Automation2017 in Password
 INFO [main] (ActionEngine.java:107) - Successfully click on Login button
 INFO [main] (HelperClass.java:407) - in navigateConsultation
 INFO [main] (ActionEngine.java:107) - Successfully click on Selected Project
 INFO [main] (ActionEngine.java:1362) - Element By.xpath: //li[contains(text(),'New Project for Test Execution')] is present
 INFO [main] (HelperClass.java:713) - in navigateToSetting
 INFO [main] (ActionEngine.java:107) - Successfully click on Settings
 INFO [main] (ActionEngine.java:107) - Successfully click on Design
 INFO [main] (ActionEngine.java:1739) -  Able to get TscreenShot
 Able to get TscreenShot
</system-out>
  </testcase>
  <testcase name="TC72_Location_Page_Location" classname="com.desktopWeb.scripts.page.TC_72_Location_Project_Sub_Page_Location" time="410.161">
    <failure message="Step TC72_Location_Project_Sub_Page_Location Failed with description Failed expected [true] but found [false]" type="java.lang.AssertionError">java.lang.AssertionError: Step TC72_Location_Project_Sub_Page_Location Failed with description Failed expected [true] but found [false]
	at org.testng.Assert.fail(Assert.java:94)
	at org.testng.Assert.failNotEquals(Assert.java:494)
	at org.testng.Assert.assertTrue(Assert.java:42)
	at com.ctaf.support.HtmlReportSupport.onFailure(HtmlReportSupport.java:778)
	at com.ctaf.utilities.Reporter.failureReport(Reporter.java:91)
	at com.desktopWeb.scripts.page.TC_72_Location_Project_Sub_Page_Location.TC72_Location_Page_Location(TC_72_Location_Project_Sub_Page_Location.java:30)
</failure>
    <system-out>TC59_Design_Setting_Template-10_Feb_2017 08 42 45 604;Time :323
 INFO [main] (TestEngine.java:507) - Current Test : TC72_Location_Page_Location
 INFO [main] (HelperClass.java:182) - in login
 INFO [main] (ActionEngine.java:107) - Successfully click on Menu
 INFO [main] (ActionEngine.java:107) - Successfully click on Click on Menu/Login
 INFO [main] (ActionEngine.java:395) - Type  autosm2017@gmail.com in Email address
 INFO [main] (ActionEngine.java:395) - Type  Automation2017 in Password
 INFO [main] (ActionEngine.java:107) - Successfully click on Login button
 INFO [main] (HelperClass.java:733) - in navigateToProjectSubPage
 INFO [main] (ActionEngine.java:107) - Successfully click on Page
 INFO [main] (ActionEngine.java:107) - Successfully click on Project Sub Page
 INFO [main] (ActionEngine.java:107) - Successfully click on Location
 INFO [main] (ActionEngine.java:107) - Successfully click on Location
 INFO [main] (ActionEngine.java:1739) -  Able to get TscreenShot
 Able to get TscreenShot
</system-out>
  </testcase>
  <testcase name="TC187_Verify_Edit_Site_User_Account_Site_Admin" classname="com.desktopWeb.scripts.roles_permission.TC_187_Verify_Edit_Site_User_Account_Site_Admin" time="143.049"/>
  <testcase name="TC103_Verify_Dashboard_Moderation_Recently_RejecttoReject" classname="com.desktopWeb.scripts.dashboard.TC_103_Verify_Dashboard_Moderation_Recently_RejecttoReject" time="135.534"/>
  <testcase name="TC117_Detail_Project_Sub_Page_Project_En" classname="com.desktopWeb.scripts.sprint1.TC_117_Detail_Project_Sub_Page_Project_En" time="223.04"/>
  <testcase name="TC173_Detail_Project_Dashboard_Project_SiteAdmin" classname="com.desktopWeb.scripts.sprint2.TC_173_Detail_Project_Dashboard_Project_SiteAdmin" time="194.384"/>
  <testcase name="TC05_loginviaFooter_CommonCheck_FooterLinks_SearchSite_SiteAdmin" classname="com.desktopWeb.scripts.common.TC_05_loginviaFooter_CommonCheck_FooterLinks_SearchSite_SiteAdmin" time="946.964"/>
  <testcase name="TC23_Add_Divider" classname="com.desktopWeb.scripts.tools.TC_23_Add_Divider" time="569.293"/>
  <testcase name="TC56_Verify_Mobile_Preview" classname="com.desktopWeb.scripts.addUpdate.TC_56_Verify_Update_Mobile_Preview" time="148.704"/>
  <testcase name="TC60_Location_Setting_Location" classname="com.desktopWeb.scripts.setting.TC_60_Location_Setting_Location" time="289.965">
    <failure message="Step TC60_Location_Setting_Location Failed with description Failed expected [true] but found [false]" type="java.lang.AssertionError">java.lang.AssertionError: Step TC60_Location_Setting_Location Failed with description Failed expected [true] but found [false]
	at org.testng.Assert.fail(Assert.java:94)
	at org.testng.Assert.failNotEquals(Assert.java:494)
	at org.testng.Assert.assertTrue(Assert.java:42)
	at com.ctaf.support.HtmlReportSupport.onFailure(HtmlReportSupport.java:778)
	at com.ctaf.utilities.Reporter.failureReport(Reporter.java:91)
	at com.desktopWeb.scripts.setting.TC_60_Location_Setting_Location.TC60_Location_Setting_Location(TC_60_Location_Setting_Location.java:29)
</failure>
    <system-out>TC56_Verify_Mobile_Preview-10_Feb_2017 09 37 37 319;Time :179
 INFO [main] (TestEngine.java:507) - Current Test : TC60_Location_Setting_Location
 INFO [main] (HelperClass.java:182) - in login
 INFO [main] (ActionEngine.java:107) - Successfully click on Menu
 INFO [main] (ActionEngine.java:107) - Successfully click on Click on Menu/Login
 INFO [main] (ActionEngine.java:395) - Type  autosm2017@gmail.com in Email address
 INFO [main] (ActionEngine.java:395) - Type  Automation2017 in Password
 INFO [main] (ActionEngine.java:107) - Successfully click on Login button
 INFO [main] (HelperClass.java:407) - in navigateConsultation
 INFO [main] (ActionEngine.java:107) - Successfully click on Selected Project
 INFO [main] (ActionEngine.java:1362) - Element By.xpath: //li[contains(text(),'New Project for Test Execution')] is present
 INFO [main] (HelperClass.java:713) - in navigateToSetting
 INFO [main] (ActionEngine.java:107) - Successfully click on Settings
 INFO [main] (ActionEngine.java:107) - Successfully click on Location
 INFO [main] (ActionEngine.java:107) - Successfully click on Location
 INFO [main] (ActionEngine.java:1739) -  Able to get TscreenShot
 Able to get TscreenShot
</system-out>
  </testcase>
  <testcase name="TC73_Verify_Project_Sub_Page_Version_Approve" classname="com.desktopWeb.scripts.page.TC_73_Verify_Project_Sub_Page_Version_Approve" time="219.376"/>
  <testcase name="TC187_Verify_Edit_Site_User_Account_Site_Admin" classname="com.desktopWeb.scripts.roles_permission.TC_188_Verify_Edit_Community_User_Account_Site_Admin" time="139.169">
    <failure message="Step AssertText  Failed with description fxCBwRew is not present in the element  expected [true] but found [false]" type="java.lang.AssertionError">java.lang.AssertionError: Step AssertText  Failed with description fxCBwRew is not present in the element  expected [true] but found [false]
	at org.testng.Assert.fail(Assert.java:94)
	at org.testng.Assert.failNotEquals(Assert.java:494)
	at org.testng.Assert.assertTrue(Assert.java:42)
	at com.ctaf.support.HtmlReportSupport.onFailure(HtmlReportSupport.java:778)
	at com.ctaf.utilities.Reporter.failureReport(Reporter.java:91)
	at com.ctaf.accelerators.ActionEngine.assertText(ActionEngine.java:1392)
	at com.desktopWeb.workflows.HelperClass.editUserAccountUserName(HelperClass.java:2572)
	at com.desktopWeb.scripts.roles_permission.TC_188_Verify_Edit_Community_User_Account_Site_Admin.TC187_Verify_Edit_Site_User_Account_Site_Admin(TC_188_Verify_Edit_Community_User_Account_Site_Admin.java:24)
</failure>
    <system-out>TC73_Verify_Project_Sub_Page_Version_Approve-10_Feb_2017 09 45 58 907;Time :248
 INFO [main] (TestEngine.java:507) - Current Test : TC187_Verify_Edit_Site_User_Account_Site_Admin
 INFO [main] (HelperClass.java:182) - in login
 INFO [main] (ActionEngine.java:107) - Successfully click on Menu
 INFO [main] (ActionEngine.java:107) - Successfully click on Click on Menu/Login
 INFO [main] (ActionEngine.java:395) - Type  autosm2017@gmail.com in Email address
 INFO [main] (ActionEngine.java:395) - Type  Automation2017 in Password
 INFO [main] (ActionEngine.java:107) - Successfully click on Login button
 INFO [main] (HelperClass.java:609) - in getRandomString
 INFO [main] (ActionEngine.java:107) - Successfully click on Dashboard
 INFO [main] (ActionEngine.java:107) - Successfully click on Dashboard/Memebers
 INFO [main] (ActionEngine.java:107) - Successfully click on All User
 INFO [main] (ActionEngine.java:395) - Type  auto_com_user_dont_delete@gmail.com in Email Id
 INFO [main] (ActionEngine.java:107) - Successfully click on Search
 INFO [main] (ActionEngine.java:107) - Successfully click on User
 INFO [main] (ActionEngine.java:107) - Successfully click on Postal None
 INFO [main] (ActionEngine.java:395) - Type  fxCBwRew in Postal code
 INFO [main] (ActionEngine.java:107) - Successfully click on Submit
 INFO [main] (ActionEngine.java:1739) -  Able to get TscreenShot
 Able to get TscreenShot
</system-out>
  </testcase>
  <testcase name="TC104_Verify_Dashboard_Moderation_Recently_RejecttoRefer" classname="com.desktopWeb.scripts.dashboard.TC_104_Verify_Dashboard_Moderation_Recently_RejecttoRefer" time="134.517"/>
  <testcase name="TC118_Design_Project_Sub_Page_Template_en" classname="com.desktopWeb.scripts.sprint1.TC_118_Design_Project_Sub_Page_Template_En" time="264.642"/>
  <testcase name="TC174_Verify_Field_Enable_ToEdit_Dashoard_Project_En" classname="com.desktopWeb.scripts.sprint2.TC_174_Verify_Field_Enable_ToEdit_Dashoard_Project_En" time="183.1">
    <failure message="Step IsEnabled  Failed with description Project Type is not Enabled expected [true] but found [false]" type="java.lang.AssertionError">java.lang.AssertionError: Step IsEnabled  Failed with description Project Type is not Enabled expected [true] but found [false]
	at org.testng.Assert.fail(Assert.java:94)
	at org.testng.Assert.failNotEquals(Assert.java:494)
	at org.testng.Assert.assertTrue(Assert.java:42)
	at com.ctaf.support.HtmlReportSupport.onFailure(HtmlReportSupport.java:778)
	at com.ctaf.utilities.Reporter.failureReport(Reporter.java:91)
	at com.ctaf.accelerators.ActionEngine.isEnabled(ActionEngine.java:1161)
	at com.desktopWeb.workflows.HelperClass.VerifyFieldsEnableToEditOnProjectPage(HelperClass.java:2541)
	at com.desktopWeb.scripts.sprint2.TC_174_Verify_Field_Enable_ToEdit_Dashoard_Project_En.TC174_Verify_Field_Enable_ToEdit_Dashoard_Project_En(TC_174_Verify_Field_Enable_ToEdit_Dashoard_Project_En.java:26)
</failure>
    <system-out>TC118_Design_Project_Sub_Page_Template_en-10_Feb_2017 09 55 41 132;Time :292
 INFO [main] (TestEngine.java:507) - Current Test : TC174_Verify_Field_Enable_ToEdit_Dashoard_Project_En
 INFO [main] (HelperClass.java:182) - in login
 INFO [main] (ActionEngine.java:107) - Successfully click on Menu
 INFO [main] (ActionEngine.java:107) - Successfully click on Click on Menu/Login
 INFO [main] (ActionEngine.java:395) - Type  autoenmanager@harvestdp.com in Email address
 INFO [main] (ActionEngine.java:395) - Type  Automation2017 in Password
 INFO [main] (ActionEngine.java:107) - Successfully click on Login button
 INFO [main] (ActionEngine.java:107) - Successfully click on Dashboard
 INFO [main] (ActionEngine.java:107) - Successfully click on Dashboard/Project
 INFO [main] (ActionEngine.java:395) - Type  New Project for Test Execution in Project
 INFO [main] (ActionEngine.java:107) - Successfully click on Search
 INFO [main] (ActionEngine.java:107) - Successfully click on Project
 INFO [main] (HelperClass.java:713) - in navigateToSetting
 INFO [main] (ActionEngine.java:107) - Successfully click on Settings
 INFO [main] (HelperClass.java:2531) - in VerifyFieldsEnableToEditOnProjectPage
 INFO [main] (ActionEngine.java:1739) -  Able to get TscreenShot
 Able to get TscreenShot
</system-out>
  </testcase>
  <testcase name="TC06_loginviaFooter_CommonCheck_FooterLinks_SearchSite_CommunityUser" classname="com.desktopWeb.scripts.common.TC_06_loginviaFooter_CommonCheck_FooterLinks_SearchSite_CommunityUser" time="430.752"/>
  <testcase name="TC24_Add_Image" classname="com.desktopWeb.scripts.tools.TC_24_Add_Image" time="2,610.908">
    <failure message="Step TC24_Add_Image Failed with description Failed expected [true] but found [false]" type="java.lang.AssertionError">java.lang.AssertionError: Step TC24_Add_Image Failed with description Failed expected [true] but found [false]
	at org.testng.Assert.fail(Assert.java:94)
	at org.testng.Assert.failNotEquals(Assert.java:494)
	at org.testng.Assert.assertTrue(Assert.java:42)
	at com.ctaf.support.HtmlReportSupport.onFailure(HtmlReportSupport.java:778)
	at com.ctaf.utilities.Reporter.failureReport(Reporter.java:91)
	at com.desktopWeb.scripts.tools.TC_24_Add_Image.TC24_Add_Image(TC_24_Add_Image.java:30)
</failure>
    <system-out>TC06_loginviaFooter_CommonCheck_FooterLinks_SearchSite_CommunityUser-10_Feb_2017 10 04 09 724;Time :459
 INFO [main] (TestEngine.java:507) - Current Test : TC24_Add_Image
 INFO [main] (HelperClass.java:182) - in login
 INFO [main] (ActionEngine.java:107) - Successfully click on Menu
 INFO [main] (ActionEngine.java:107) - Successfully click on Click on Menu/Login
 INFO [main] (ActionEngine.java:395) - Type  autosm2017@gmail.com in Email address
 INFO [main] (ActionEngine.java:395) - Type  Automation2017 in Password
 INFO [main] (ActionEngine.java:107) - Successfully click on Login button
 INFO [main] (ActionEngine.java:107) - Successfully click on Dashboard
 INFO [main] (ActionEngine.java:107) - Successfully click on Dashboard/Project
 INFO [main] (ActionEngine.java:1739) -  Able to get TscreenShot
 Able to get TscreenShot
</system-out>
  </testcase>
  <testcase name="TC63_Verify_Update_Delete" classname="com.desktopWeb.scripts.addUpdate.TC_63_Verify_Update_Delete" time="202.711"/>
  <testcase name="TC61_Verify_Setting_Mobile_Preview" classname="com.desktopWeb.scripts.setting.TC_61_Verify_Setting_Mobile_Preview" time="170.812"/>
  <testcase name="TC74_Verify_Project_Sub_Page_Version_Duplicate" classname="com.desktopWeb.scripts.page.TC_74_Verify_Project_Sub_Page_Version_Duplicate" time="234.167"/>
  <testcase name="TC189_Pa_Manage_ProjectUser" classname="com.desktopWeb.scripts.roles_permission.TC_189_Pa_Manage_ProjectUser" time="1,478.395">
    <failure message="Step TC189_Pa_Manage_ProjectUser Failed with description Failed expected [true] but found [false]" type="java.lang.AssertionError">java.lang.AssertionError: Step TC189_Pa_Manage_ProjectUser Failed with description Failed expected [true] but found [false]
	at org.testng.Assert.fail(Assert.java:94)
	at org.testng.Assert.failNotEquals(Assert.java:494)
	at org.testng.Assert.assertTrue(Assert.java:42)
	at com.ctaf.support.HtmlReportSupport.onFailure(HtmlReportSupport.java:778)
	at com.ctaf.utilities.Reporter.failureReport(Reporter.java:91)
	at com.desktopWeb.scripts.roles_permission.TC_189_Pa_Manage_ProjectUser.TC189_Pa_Manage_ProjectUser(TC_189_Pa_Manage_ProjectUser.java:48)
</failure>
    <system-out><![CDATA[TC74_Verify_Project_Sub_Page_Version_Duplicate-10_Feb_2017 11 04 54 472;Time :295
 INFO [main] (TestEngine.java:507) - Current Test : TC189_Pa_Manage_ProjectUser
 INFO [main] (HelperClass.java:182) - in login
 INFO [main] (ActionEngine.java:107) - Successfully click on Menu
 INFO [main] (ActionEngine.java:107) - Successfully click on Click on Menu/Login
 INFO [main] (ActionEngine.java:395) - Type  autosm2017@gmail.com in Email address
 INFO [main] (ActionEngine.java:395) - Type  Automation2017 in Password
 INFO [main] (ActionEngine.java:107) - Successfully click on Login button
 INFO [main] (ActionEngine.java:107) - Successfully click on Dashboard
 INFO [main] (ActionEngine.java:107) - Successfully click on Dashboard/Project
 INFO [main] (ActionEngine.java:107) - Successfully click on Launch New Project
 INFO [main] (HelperClass.java:609) - in getRandomString
 INFO [main] (ActionEngine.java:395) - Type  Automation Project - TaLR in Project Name
 INFO [main] (ActionEngine.java:395) - Type  New Automation Project in Project Description
 INFO [main] (ActionEngine.java:107) - Successfully click on Next Button
 INFO [main] (HelperClass.java:460) - in scrollandClick
 INFO [main] (ActionEngine.java:894) - Select Department of Economic Development, Jobs, Transport & Resources from Project Department
 INFO [main] (ActionEngine.java:894) - Select Public from Project Type
 INFO [main] (ActionEngine.java:894) - Select Active from Project Status
 INFO [main] (HelperClass.java:509) - in clickTo
 INFO [main] (HelperClass.java:514) - Successfully Click on By.xpath: //div[@class='ccm-file-selector-choose-new']
 INFO [main] (ActionEngine.java:107) - Successfully click on Select project image
 INFO [main] (HelperClass.java:509) - in clickTo
 INFO [main] (HelperClass.java:514) - Successfully Click on By.xpath: //div[6]/div/fieldset/div[1]/ul/li[1]/span/span[2]
 INFO [main] (HelperClass.java:509) - in clickTo
 INFO [main] (HelperClass.java:514) - Successfully Click on By.xpath: //div[7]/div/fieldset/div[1]/ul/li[1]/span/span[2]
 INFO [main] (HelperClass.java:509) - in clickTo
 INFO [main] (HelperClass.java:514) - Successfully Click on By.xpath: //label/input[@value='1']
 INFO [main] (HelperClass.java:509) - in clickTo
 INFO [main] (HelperClass.java:514) - Successfully Click on By.xpath: //div[contains(@data-file-selector, 'ccm-file-akID-35')]/div[@class='ccm-file-selector-choose-new']
 INFO [main] (ActionEngine.java:107) - Successfully click on Select Project logo
 INFO [main] (ActionEngine.java:107) - Successfully click on Anothter Partnership
 INFO [main] (ActionEngine.java:107) - Successfully click on Next Button
 INFO [main] (ActionEngine.java:395) - Type  autoconmanager in Project user name
 INFO [main] (ActionEngine.java:107) - Successfully click on User
 INFO [main] (ActionEngine.java:894) - Select Consultation Manager from User Role
 INFO [main] (ActionEngine.java:395) - Type  autoprauthor in Project user name
 INFO [main] (ActionEngine.java:107) - Successfully click on User
 INFO [main] (ActionEngine.java:894) - Select Project Author from User Role
 INFO [main] (ActionEngine.java:107) - Successfully click on Launch Project
 INFO [main] (ActionEngine.java:2397) - Page Draft popup is displaying
 INFO [main] (ActionEngine.java:107) - Successfully click on Submit for approval
 INFO [main] (HelperClass.java:301) - in signOut
 INFO [main] (HelperClass.java:494) - in scrollTo
 INFO [main] (HelperClass.java:500) - Successfully scroll on By.xpath: //a[@aria-label='navigation menu']
 INFO [main] (HelperClass.java:509) - in clickTo
 INFO [main] (HelperClass.java:514) - Successfully Click on By.xpath: //a[@aria-label='navigation menu']
 INFO [main] (ActionEngine.java:107) - Successfully click on Menu/Sign Out
 INFO [main] (HelperClass.java:182) - in login
 INFO [main] (ActionEngine.java:107) - Successfully click on Menu
 INFO [main] (ActionEngine.java:107) - Successfully click on Click on Menu/Login
 INFO [main] (ActionEngine.java:395) - Type  autoprauthor@harvestdp.com in Email address
 INFO [main] (ActionEngine.java:395) - Type  Automation2017 in Password
 INFO [main] (ActionEngine.java:107) - Successfully click on Login button
 INFO [main] (ActionEngine.java:107) - Successfully click on Dashboard
 INFO [main] (ActionEngine.java:107) - Successfully click on Dashboard/Project
 INFO [main] (ActionEngine.java:395) - Type  Automation Project - TaLR in Project
 INFO [main] (ActionEngine.java:107) - Successfully click on Search
 INFO [main] (ActionEngine.java:107) - Successfully click on Project
 INFO [main] (HelperClass.java:713) - in navigateToSetting
 INFO [main] (ActionEngine.java:107) - Successfully click on Settings
 INFO [main] (ActionEngine.java:1739) -  Able to get TscreenShot
 Able to get TscreenShot
]]></system-out>
  </testcase>
  <testcase name="TC105_Verify_Dashboard_Moderation_Refer_Approve" classname="com.desktopWeb.scripts.dashboard.TC_105_Verify_Dashboard_Moderation_Refer_Approve" time="149.477">
    <failure message="Step AssertText  Failed with description Automation TestingMhBVKv is not present in the element  expected [true] but found [false]" type="java.lang.AssertionError">java.lang.AssertionError: Step AssertText  Failed with description Automation TestingMhBVKv is not present in the element  expected [true] but found [false]
	at org.testng.Assert.fail(Assert.java:94)
	at org.testng.Assert.failNotEquals(Assert.java:494)
	at org.testng.Assert.assertTrue(Assert.java:42)
	at com.ctaf.support.HtmlReportSupport.onFailure(HtmlReportSupport.java:778)
	at com.ctaf.utilities.Reporter.failureReport(Reporter.java:91)
	at com.ctaf.accelerators.ActionEngine.assertText(ActionEngine.java:1392)
	at com.desktopWeb.workflows.HelperClass.referAwaitingComment(HelperClass.java:2246)
	at com.desktopWeb.scripts.dashboard.TC_105_Verify_Dashboard_Moderation_Refer_Approve.TC105_Verify_Dashboard_Moderation_Refer_Approve(TC_105_Verify_Dashboard_Moderation_Refer_Approve.java:28)
</failure>
    <system-out>TC189_Pa_Manage_ProjectUser-10_Feb_2017 11 09 51 870;Time :1521
 INFO [main] (TestEngine.java:507) - Current Test : TC105_Verify_Dashboard_Moderation_Refer_Approve
 INFO [main] (HelperClass.java:609) - in getRandomString
 INFO [main] (HelperClass.java:182) - in login
 INFO [main] (ActionEngine.java:107) - Successfully click on Menu
 INFO [main] (ActionEngine.java:107) - Successfully click on Click on Menu/Login
 INFO [main] (ActionEngine.java:395) - Type  autosm2017@gmail.com in Email address
 INFO [main] (ActionEngine.java:395) - Type  Automation2017 in Password
 INFO [main] (ActionEngine.java:107) - Successfully click on Login button
 INFO [main] (HelperClass.java:407) - in navigateConsultation
 INFO [main] (ActionEngine.java:107) - Successfully click on Selected Project
 INFO [main] (ActionEngine.java:1362) - Element By.xpath: //li[contains(text(),'Smart Planning internal consultation')] is present
 INFO [main] (ActionEngine.java:395) - Type  Automation TestingMhBVKv in Project Comment
 INFO [main] (HelperClass.java:509) - in clickTo
 INFO [main] (HelperClass.java:514) - Successfully Click on By.xpath: //button[@class='btn pull-right submit']
 INFO [main] (ActionEngine.java:107) - Successfully click on Dashboard
 INFO [main] (ActionEngine.java:107) - Successfully click on Moderation
 INFO [main] (ActionEngine.java:1400) - Assert text of By.xpath: //div[@id='awaiting']/div[1]/div[3]/p .Expected text Automation TestingMhBVKv is present
1236
 INFO [main] (ActionEngine.java:1295) - Assert data-feedbackid of Comment ID. Equal
 INFO [main] (ActionEngine.java:107) - Successfully click on Refer
 INFO [main] (ActionEngine.java:894) - Select Inappropriate from Reason for refer
 INFO [main] (ActionEngine.java:107) - Successfully click on Sumbit
 INFO [main] (ActionEngine.java:1400) - Assert text of By.xpath: //div[@id='review']/div[1]/div/span/b .Expected text REFERRED is present
 INFO [main] (ActionEngine.java:1739) -  Able to get TscreenShot
 Able to get TscreenShot
</system-out>
  </testcase>
  <testcase name="TC119_SEO_Project_Sub_Page_Name_En" classname="com.desktopWeb.scripts.sprint1.TC_119_SEO_Project_Sub_Page_Name_En" time="182.442">
    <failure message="Step TC119_SEO_Project_Sub_Page_Name_En Failed with description Failed expected [true] but found [false]" type="java.lang.AssertionError">java.lang.AssertionError: Step TC119_SEO_Project_Sub_Page_Name_En Failed with description Failed expected [true] but found [false]
	at org.testng.Assert.fail(Assert.java:94)
	at org.testng.Assert.failNotEquals(Assert.java:494)
	at org.testng.Assert.assertTrue(Assert.java:42)
	at com.ctaf.support.HtmlReportSupport.onFailure(HtmlReportSupport.java:778)
	at com.ctaf.utilities.Reporter.failureReport(Reporter.java:91)
	at com.desktopWeb.scripts.sprint1.TC_119_SEO_Project_Sub_Page_Name_En.TC119_SEO_Project_Sub_Page_Name_En(TC_119_SEO_Project_Sub_Page_Name_En.java:29)
</failure>
    <system-out>TC105_Verify_Dashboard_Moderation_Refer_Approve-10_Feb_2017 11 35 14 860;Time :205
 INFO [main] (TestEngine.java:507) - Current Test : TC119_SEO_Project_Sub_Page_Name_En
 INFO [main] (HelperClass.java:182) - in login
 INFO [main] (ActionEngine.java:1739) -  Able to get TscreenShot
 Able to get TscreenShot
</system-out>
  </testcase>
  <testcase name="TC175_Verify_Field_Enable_ToEdit_Dashoard_Project_Cm" classname="com.desktopWeb.scripts.sprint2.TC_175_Verify_Field_Enable_ToEdit_Dashoard_Project_Cm" time="199.976"/>
  <testcase name="TC07_loginviaFooter_CommonCheck_FooterLinks_SearchSite_GuestUSer" classname="com.desktopWeb.scripts.common.TC_07_loginviaFooter_CommonCheck_FooterLinks_SearchSite_GuestUSer" time="550.777"/>
  <testcase name="TC25_Add_Flexi" classname="com.desktopWeb.scripts.tools.TC_25_Add_Flexi" time="816.889">
    <failure message="Step AssertText  Failed with description flexicontent is not present in the element  expected [true] but found [false]" type="java.lang.AssertionError">java.lang.AssertionError: Step AssertText  Failed with description flexicontent is not present in the element  expected [true] but found [false]
	at org.testng.Assert.fail(Assert.java:94)
	at org.testng.Assert.failNotEquals(Assert.java:494)
	at org.testng.Assert.assertTrue(Assert.java:42)
	at com.ctaf.support.HtmlReportSupport.onFailure(HtmlReportSupport.java:778)
	at com.ctaf.utilities.Reporter.failureReport(Reporter.java:91)
	at com.ctaf.accelerators.ActionEngine.assertText(ActionEngine.java:1392)
	at com.desktopWeb.workflows.HelperClass.addflexi(HelperClass.java:1509)
	at com.desktopWeb.scripts.tools.TC_25_Add_Flexi.TC25_Add_Flexi(TC_25_Add_Flexi.java:27)
</failure>
    <system-out><![CDATA[TC07_loginviaFooter_CommonCheck_FooterLinks_SearchSite_GuestUSer-10_Feb_2017 11 47 24 322;Time :612
 INFO [main] (TestEngine.java:507) - Current Test : TC25_Add_Flexi
 INFO [main] (HelperClass.java:182) - in login
 INFO [main] (ActionEngine.java:107) - Successfully click on Menu
 INFO [main] (ActionEngine.java:107) - Successfully click on Click on Menu/Login
 INFO [main] (ActionEngine.java:395) - Type  autosm2017@gmail.com in Email address
 INFO [main] (ActionEngine.java:395) - Type  Automation2017 in Password
 INFO [main] (ActionEngine.java:107) - Successfully click on Login button
 INFO [main] (ActionEngine.java:107) - Successfully click on Dashboard
 INFO [main] (ActionEngine.java:107) - Successfully click on Dashboard/Project
 INFO [main] (ActionEngine.java:107) - Successfully click on Launch New Project
 INFO [main] (HelperClass.java:609) - in getRandomString
 INFO [main] (ActionEngine.java:395) - Type  Automation Project - ueuz in Project Name
 INFO [main] (ActionEngine.java:395) - Type  New Automation Project in Project Description
 INFO [main] (ActionEngine.java:107) - Successfully click on Next Button
 INFO [main] (HelperClass.java:460) - in scrollandClick
 INFO [main] (ActionEngine.java:894) - Select Department of Education & Training from Project Department
 INFO [main] (ActionEngine.java:894) - Select Public from Project Type
 INFO [main] (ActionEngine.java:894) - Select Active from Project Status
 INFO [main] (HelperClass.java:509) - in clickTo
 INFO [main] (HelperClass.java:514) - Successfully Click on By.xpath: //div[@class='ccm-file-selector-choose-new']
 INFO [main] (ActionEngine.java:107) - Successfully click on Select project image
 INFO [main] (HelperClass.java:509) - in clickTo
 INFO [main] (HelperClass.java:514) - Successfully Click on By.xpath: //div[6]/div/fieldset/div[1]/ul/li[1]/span/span[2]
 INFO [main] (HelperClass.java:509) - in clickTo
 INFO [main] (HelperClass.java:514) - Successfully Click on By.xpath: //div[7]/div/fieldset/div[1]/ul/li[1]/span/span[2]
 INFO [main] (HelperClass.java:509) - in clickTo
 INFO [main] (HelperClass.java:514) - Successfully Click on By.xpath: //label/input[@value='1']
 INFO [main] (HelperClass.java:509) - in clickTo
 INFO [main] (HelperClass.java:514) - Successfully Click on By.xpath: //div[contains(@data-file-selector, 'ccm-file-akID-35')]/div[@class='ccm-file-selector-choose-new']
 INFO [main] (ActionEngine.java:107) - Successfully click on Select Project logo
 INFO [main] (ActionEngine.java:107) - Successfully click on Anothter Partnership
 INFO [main] (ActionEngine.java:107) - Successfully click on Next Button
 INFO [main] (ActionEngine.java:395) - Type  autoconmanager in Project user name
 INFO [main] (ActionEngine.java:107) - Successfully click on User
 INFO [main] (ActionEngine.java:894) - Select Consultation Manager from User Role
 INFO [main] (ActionEngine.java:395) - Type  autoprauthor in Project user name
 INFO [main] (ActionEngine.java:107) - Successfully click on User
 INFO [main] (ActionEngine.java:894) - Select Project Author from User Role
 INFO [main] (ActionEngine.java:107) - Successfully click on Launch Project
 INFO [main] (ActionEngine.java:2397) - Page Draft popup is displaying
 INFO [main] (ActionEngine.java:107) - Successfully click on Submit for approval
 INFO [main] (HelperClass.java:720) - in navigateToTools
 INFO [main] (ActionEngine.java:107) - Successfully click on Tools
 INFO [main] (HelperClass.java:494) - in scrollTo
 INFO [main] (HelperClass.java:500) - Successfully scroll on By.xpath: //a[text()='Home']
 INFO [main] (ActionEngine.java:395) - Type  flexititle in Flexi Title
 INFO [main] (ActionEngine.java:395) - Type  flexicontent in Flexi Content
 INFO [main] (ActionEngine.java:107) - Successfully click on Add
 INFO [main] (ActionEngine.java:107) - Successfully click on Save Page
 INFO [main] (HelperClass.java:2360) - in workflow
 INFO [main] (HelperClass.java:2384) - in sumbitWorkflow
 INFO [main] (ActionEngine.java:395) - Type  Added Image on page in Version Comment
 INFO [main] (ActionEngine.java:107) - Successfully click on Submit to Change
 INFO [main] (ActionEngine.java:1400) - Assert text of By.xpath: //div[@class='hive-block-flexi-content hive-block']/div/h3 .Expected text flexititle is present
 INFO [main] (ActionEngine.java:1739) -  Able to get TscreenShot
 Able to get TscreenShot
 INFO [main] (ActionEngine.java:1739) -  Able to get TscreenShot
 Able to get TscreenShot
 INFO [main] (ActionEngine.java:1739) -  Able to get TscreenShot
 Able to get TscreenShot
]]></system-out>
    <system-err>log4j:ERROR Failed to rename [./Logs/DPCAutomation.log] to [./Logs/DPCAutomation.log_2017-02-10.log].
</system-err>
  </testcase>
  <testcase name="TC64_Verify_Update_Version_Approve" classname="com.desktopWeb.scripts.addUpdate.TC_64_Verify_Update_Version_Approve" time="416.722">
    <failure message="Step TC64_Verify_Update_Version_Approve Failed with description Failed expected [true] but found [false]" type="java.lang.AssertionError">java.lang.AssertionError: Step TC64_Verify_Update_Version_Approve Failed with description Failed expected [true] but found [false]
	at org.testng.Assert.fail(Assert.java:94)
	at org.testng.Assert.failNotEquals(Assert.java:494)
	at org.testng.Assert.assertTrue(Assert.java:42)
	at com.ctaf.support.HtmlReportSupport.onFailure(HtmlReportSupport.java:778)
	at com.ctaf.utilities.Reporter.failureReport(Reporter.java:91)
	at com.desktopWeb.scripts.addUpdate.TC_64_Verify_Update_Version_Approve.TC64_Verify_Update_Version_Approve(TC_64_Verify_Update_Version_Approve.java:29)
</failure>
    <system-out>TC25_Add_Flexi-10_Feb_2017 11 57 39 387;Time :949
 INFO [main] (TestEngine.java:507) - Current Test : TC64_Verify_Update_Version_Approve
 INFO [main] (HelperClass.java:182) - in login
 INFO [main] (ActionEngine.java:107) - Successfully click on Menu
 INFO [main] (ActionEngine.java:107) - Successfully click on Click on Menu/Login
 INFO [main] (ActionEngine.java:395) - Type  autosm2017@gmail.com in Email address
 INFO [main] (ActionEngine.java:395) - Type  Automation2017 in Password
 INFO [main] (ActionEngine.java:107) - Successfully click on Login button
 INFO [main] (HelperClass.java:407) - in navigateConsultation
 INFO [main] (ActionEngine.java:107) - Successfully click on Selected Project
 INFO [main] (ActionEngine.java:1362) - Element By.xpath: //li[contains(text(),'New Project for Test Execution')] is present
 INFO [main] (HelperClass.java:727) - in navigateToUpdate
 INFO [main] (ActionEngine.java:107) - Successfully click on Update
 INFO [main] (ActionEngine.java:107) - Successfully click on Version
 INFO [main] (ActionEngine.java:1739) -  Able to get TscreenShot
 Able to get TscreenShot
</system-out>
  </testcase>
  <testcase name="TC62_Verify_Setting_Delete" classname="com.desktopWeb.scripts.setting.TC_62_Verify_Setting_Delete" time="150.402"/>
  <testcase name="TC75_Verify_Project_Sub_Page_Mobile_Preview" classname="com.desktopWeb.scripts.page.TC_75_Verify_Project_Sub_Page_Mobile_Preview" time="247.225"/>
  <testcase name="TC190_SiteAdmin_Manage_ProjectUser" classname="com.desktopWeb.scripts.roles_permission.TC_190_SiteAdmin_Manage_ProjectUser" time="544.31"/>
  <testcase name="TC106_Verify_Dashboard_Moderation_Refer_Reject" classname="com.desktopWeb.scripts.dashboard.TC_106_Verify_Dashboard_Moderation_Refer_Reject" time="154.974"/>
  <testcase name="TC120_Location_Project_Sub_Page_Location_En" classname="com.desktopWeb.scripts.sprint1.TC_120_Location_Project_Sub_Page_Location_En" time="271.678">
    <failure message="Step TC120_Location_Project_Sub_Page_Location_En Failed with description Failed expected [true] but found [false]" type="java.lang.AssertionError">java.lang.AssertionError: Step TC120_Location_Project_Sub_Page_Location_En Failed with description Failed expected [true] but found [false]
	at org.testng.Assert.fail(Assert.java:94)
	at org.testng.Assert.failNotEquals(Assert.java:494)
	at org.testng.Assert.assertTrue(Assert.java:42)
	at com.ctaf.support.HtmlReportSupport.onFailure(HtmlReportSupport.java:778)
	at com.ctaf.utilities.Reporter.failureReport(Reporter.java:91)
	at com.desktopWeb.scripts.sprint1.TC_120_Location_Project_Sub_Page_Location_En.TC120_Location_Project_Sub_Page_Location_En(TC_120_Location_Project_Sub_Page_Location_En.java:29)
</failure>
    <system-out>TC106_Verify_Dashboard_Moderation_Refer_Reject-11_Feb_2017 12 40 16 904;Time :203
 INFO [main] (TestEngine.java:507) - Current Test : TC120_Location_Project_Sub_Page_Location_En
 INFO [main] (HelperClass.java:182) - in login
 INFO [main] (ActionEngine.java:107) - Successfully click on Menu
 INFO [main] (ActionEngine.java:107) - Successfully click on Click on Menu/Login
 INFO [main] (ActionEngine.java:395) - Type  autoenmanager@harvestdp.com in Email address
 INFO [main] (ActionEngine.java:395) - Type  Automation2017 in Password
 INFO [main] (ActionEngine.java:107) - Successfully click on Login button
 INFO [main] (HelperClass.java:733) - in navigateToProjectSubPage
 INFO [main] (ActionEngine.java:107) - Successfully click on Page
 INFO [main] (ActionEngine.java:107) - Successfully click on Project Sub Page
 INFO [main] (ActionEngine.java:1739) -  Able to get TscreenShot
 Able to get TscreenShot
</system-out>
  </testcase>
  <testcase name="TC176_Verify_Field_Enable_ToEdit_Dashoard_Project_Pa" classname="com.desktopWeb.scripts.sprint2.TC_176_Verify_Field_Enable_ToEdit_Dashoard_Project_Pa" time="244.099"/>
  <testcase name="TC08_ActiveConsultation_SiteAdmin" classname="com.desktopWeb.scripts.common.TC_08_ActiveConsultation_SiteAdmin" time="140.785"/>
  <testcase name="TC26_Add_Tabs_Start" classname="com.desktopWeb.scripts.tools.TC_26_Add_Tabs_Start" time="575.252"/>
  <testcase name="TC67_Verify_Update_Version_Duplicate" classname="com.desktopWeb.scripts.addUpdate.TC_67_Verify_Update_Version_Duplicate" time="439.171">
    <failure message="Step TC67_Verify_Update_Version_Duplicate Failed with description Failed expected [true] but found [false]" type="java.lang.AssertionError">java.lang.AssertionError: Step TC67_Verify_Update_Version_Duplicate Failed with description Failed expected [true] but found [false]
	at org.testng.Assert.fail(Assert.java:94)
	at org.testng.Assert.failNotEquals(Assert.java:494)
	at org.testng.Assert.assertTrue(Assert.java:42)
	at com.ctaf.support.HtmlReportSupport.onFailure(HtmlReportSupport.java:778)
	at com.ctaf.utilities.Reporter.failureReport(Reporter.java:91)
	at com.desktopWeb.scripts.addUpdate.TC_67_Verify_Update_Version_Duplicate.TC67_Verify_Update_Version_Duplicate(TC_67_Verify_Update_Version_Duplicate.java:29)
</failure>
    <system-out>TC26_Add_Tabs_Start-11_Feb_2017 12 58 11 659;Time :657
 INFO [main] (TestEngine.java:507) - Current Test : TC67_Verify_Update_Version_Duplicate
 INFO [main] (HelperClass.java:182) - in login
 INFO [main] (ActionEngine.java:107) - Successfully click on Menu
 INFO [main] (ActionEngine.java:107) - Successfully click on Click on Menu/Login
 INFO [main] (ActionEngine.java:395) - Type  autosm2017@gmail.com in Email address
 INFO [main] (ActionEngine.java:395) - Type  Automation2017 in Password
 INFO [main] (ActionEngine.java:107) - Successfully click on Login button
 INFO [main] (HelperClass.java:407) - in navigateConsultation
 INFO [main] (ActionEngine.java:107) - Successfully click on Selected Project
 INFO [main] (ActionEngine.java:1362) - Element By.xpath: //li[contains(text(),'New Project for Test Execution')] is present
 INFO [main] (HelperClass.java:727) - in navigateToUpdate
 INFO [main] (ActionEngine.java:107) - Successfully click on Update
 INFO [main] (ActionEngine.java:107) - Successfully click on Version
 INFO [main] (ActionEngine.java:1739) -  Able to get TscreenShot
 Able to get TscreenShot
</system-out>
  </testcase>
  <testcase name="TC65_Verify_Setting_Version_Approve" classname="com.desktopWeb.scripts.setting.TC_65_Verify_Setting_Version_Approve" time="152.251"/>
  <testcase name="TC76_Verify_Project_Sub_Page_Delete" classname="com.desktopWeb.scripts.page.TC_76_Verify_Project_Sub_Page_Delete" time="379.48">
    <failure message="Step TC76_Verify_Project_Sub_Page_Delete Failed with description Failed expected [true] but found [false]" type="java.lang.AssertionError">java.lang.AssertionError: Step TC76_Verify_Project_Sub_Page_Delete Failed with description Failed expected [true] but found [false]
	at org.testng.Assert.fail(Assert.java:94)
	at org.testng.Assert.failNotEquals(Assert.java:494)
	at org.testng.Assert.assertTrue(Assert.java:42)
	at com.ctaf.support.HtmlReportSupport.onFailure(HtmlReportSupport.java:778)
	at com.ctaf.utilities.Reporter.failureReport(Reporter.java:91)
	at com.desktopWeb.scripts.page.TC_76_Verify_Project_Sub_Page_Delete.TC76_Verify_Project_Sub_Page_Delete(TC_76_Verify_Project_Sub_Page_Delete.java:27)
</failure>
    <system-out>TC65_Verify_Setting_Version_Approve-11_Feb_2017 01 17 26 651;Time :210
 INFO [main] (TestEngine.java:507) - Current Test : TC76_Verify_Project_Sub_Page_Delete
 INFO [main] (HelperClass.java:182) - in login
 INFO [main] (ActionEngine.java:107) - Successfully click on Menu
 INFO [main] (ActionEngine.java:107) - Successfully click on Click on Menu/Login
 INFO [main] (ActionEngine.java:395) - Type  autosm2017@gmail.com in Email address
 INFO [main] (ActionEngine.java:395) - Type  Automation2017 in Password
 INFO [main] (ActionEngine.java:107) - Successfully click on Login button
 INFO [main] (HelperClass.java:733) - in navigateToProjectSubPage
 INFO [main] (ActionEngine.java:107) - Successfully click on Page
 INFO [main] (ActionEngine.java:107) - Successfully click on Project Sub Page
 INFO [main] (ActionEngine.java:1739) -  Able to get TscreenShot
 Able to get TscreenShot
</system-out>
  </testcase>
  <testcase name="TC191_Verify_Setting_Version_NewPage" classname="com.desktopWeb.scripts.roles_permission.TC_191_Verify_Setting_Version_NewPage" time="381.44">
    <failure message="Step TC191_Verify_Setting_Version_NewPage Failed with description Failed expected [true] but found [false]" type="java.lang.AssertionError">java.lang.AssertionError: Step TC191_Verify_Setting_Version_NewPage Failed with description Failed expected [true] but found [false]
	at org.testng.Assert.fail(Assert.java:94)
	at org.testng.Assert.failNotEquals(Assert.java:494)
	at org.testng.Assert.assertTrue(Assert.java:42)
	at com.ctaf.support.HtmlReportSupport.onFailure(HtmlReportSupport.java:778)
	at com.ctaf.utilities.Reporter.failureReport(Reporter.java:91)
	at com.desktopWeb.scripts.roles_permission.TC_191_Verify_Setting_Version_NewPage.TC191_Verify_Setting_Version_NewPage(TC_191_Verify_Setting_Version_NewPage.java:29)
</failure>
    <system-out>TC76_Verify_Project_Sub_Page_Delete-11_Feb_2017 01 20 58 829;Time :453
 INFO [main] (TestEngine.java:507) - Current Test : TC191_Verify_Setting_Version_NewPage
 INFO [main] (HelperClass.java:182) - in login
 INFO [main] (ActionEngine.java:107) - Successfully click on Menu
 INFO [main] (ActionEngine.java:107) - Successfully click on Click on Menu/Login
 INFO [main] (ActionEngine.java:395) - Type  autosm2017@gmail.com in Email address
 INFO [main] (ActionEngine.java:395) - Type  Automation2017 in Password
 INFO [main] (ActionEngine.java:107) - Successfully click on Login button
 INFO [main] (HelperClass.java:407) - in navigateConsultation
 INFO [main] (ActionEngine.java:107) - Successfully click on Selected Project
 INFO [main] (ActionEngine.java:1362) - Element By.xpath: //li[contains(text(),'New Project for Test Execution')] is present
 INFO [main] (HelperClass.java:713) - in navigateToSetting
 INFO [main] (ActionEngine.java:107) - Successfully click on Settings
 INFO [main] (ActionEngine.java:107) - Successfully click on Version
 INFO [main] (ActionEngine.java:1739) -  Able to get TscreenShot
 Able to get TscreenShot
</system-out>
  </testcase>
  <testcase name="TC107_Create_New_Project_Dashboard_Project" classname="com.desktopWeb.scripts.dashboard.TC_107_Create_New_Project_Dashboard_Project" time="1,316.143">
    <failure message="Step TC107_Create_New_Project_Dashboard_Project Failed with description Failed expected [true] but found [false]" type="java.lang.AssertionError">java.lang.AssertionError: Step TC107_Create_New_Project_Dashboard_Project Failed with description Failed expected [true] but found [false]
	at org.testng.Assert.fail(Assert.java:94)
	at org.testng.Assert.failNotEquals(Assert.java:494)
	at org.testng.Assert.assertTrue(Assert.java:42)
	at com.ctaf.support.HtmlReportSupport.onFailure(HtmlReportSupport.java:778)
	at com.ctaf.utilities.Reporter.failureReport(Reporter.java:91)
	at com.desktopWeb.scripts.dashboard.TC_107_Create_New_Project_Dashboard_Project.TC107_Create_New_Project_Dashboard_Project(TC_107_Create_New_Project_Dashboard_Project.java:31)
</failure>
    <system-out><![CDATA[TC191_Verify_Setting_Version_NewPage-11_Feb_2017 01 28 33 776;Time :450
 INFO [main] (TestEngine.java:507) - Current Test : TC107_Create_New_Project_Dashboard_Project
 INFO [main] (HelperClass.java:182) - in login
 INFO [main] (ActionEngine.java:107) - Successfully click on Menu
 INFO [main] (ActionEngine.java:107) - Successfully click on Click on Menu/Login
 INFO [main] (ActionEngine.java:395) - Type  autosm2017@gmail.com in Email address
 INFO [main] (ActionEngine.java:395) - Type  Automation2017 in Password
 INFO [main] (ActionEngine.java:107) - Successfully click on Login button
 INFO [main] (ActionEngine.java:107) - Successfully click on Dashboard
 INFO [main] (ActionEngine.java:107) - Successfully click on Dashboard/Project
 INFO [main] (ActionEngine.java:107) - Successfully click on Launch New Project
 INFO [main] (HelperClass.java:609) - in getRandomString
 INFO [main] (ActionEngine.java:395) - Type  Automation Project - KqEp in Project Name
 INFO [main] (ActionEngine.java:395) - Type  New Automation Project in Project Description
 INFO [main] (ActionEngine.java:107) - Successfully click on Next Button
 INFO [main] (HelperClass.java:460) - in scrollandClick
 INFO [main] (ActionEngine.java:894) - Select Department of Education & Training from Project Department
 INFO [main] (ActionEngine.java:894) - Select Public from Project Type
 INFO [main] (ActionEngine.java:894) - Select Active from Project Status
 INFO [main] (HelperClass.java:509) - in clickTo
 INFO [main] (HelperClass.java:514) - Successfully Click on By.xpath: //div[@class='ccm-file-selector-choose-new']
 INFO [main] (ActionEngine.java:107) - Successfully click on Select project image
 INFO [main] (HelperClass.java:509) - in clickTo
 INFO [main] (HelperClass.java:514) - Successfully Click on By.xpath: //div[6]/div/fieldset/div[1]/ul/li[1]/span/span[2]
 INFO [main] (HelperClass.java:509) - in clickTo
 INFO [main] (HelperClass.java:514) - Successfully Click on By.xpath: //div[7]/div/fieldset/div[1]/ul/li[1]/span/span[2]
 INFO [main] (HelperClass.java:509) - in clickTo
 INFO [main] (HelperClass.java:514) - Successfully Click on By.xpath: //label/input[@value='1']
 INFO [main] (HelperClass.java:509) - in clickTo
 INFO [main] (HelperClass.java:514) - Successfully Click on By.xpath: //div[contains(@data-file-selector, 'ccm-file-akID-35')]/div[@class='ccm-file-selector-choose-new']
 INFO [main] (ActionEngine.java:107) - Successfully click on Select Project logo
 INFO [main] (ActionEngine.java:107) - Successfully click on Anothter Partnership
 INFO [main] (ActionEngine.java:107) - Successfully click on Next Button
 INFO [main] (ActionEngine.java:395) - Type  autoconmanager in Project user name
 INFO [main] (ActionEngine.java:107) - Successfully click on User
 INFO [main] (ActionEngine.java:894) - Select Consultation Manager from User Role
 INFO [main] (ActionEngine.java:395) - Type  autoprauthor in Project user name
 INFO [main] (ActionEngine.java:1739) -  Able to get TscreenShot
 Able to get TscreenShot
]]></system-out>
  </testcase>
  <testcase name="TC121_Verify_Project_Sub_Page_Version_Duplicate_En" classname="com.desktopWeb.scripts.sprint1.TC_121_Verify_Project_Sub_Page_Version_Duplicate_En" time="259.665">
    <failure message="Step TC121_Verify_Project_Sub_Page_Version_Duplicate_En Failed with description Failed expected [true] but found [false]" type="java.lang.AssertionError">java.lang.AssertionError: Step TC121_Verify_Project_Sub_Page_Version_Duplicate_En Failed with description Failed expected [true] but found [false]
	at org.testng.Assert.fail(Assert.java:94)
	at org.testng.Assert.failNotEquals(Assert.java:494)
	at org.testng.Assert.assertTrue(Assert.java:42)
	at com.ctaf.support.HtmlReportSupport.onFailure(HtmlReportSupport.java:778)
	at com.ctaf.utilities.Reporter.failureReport(Reporter.java:91)
	at com.desktopWeb.scripts.sprint1.TC_121_Verify_Project_Sub_Page_Version_Duplicate_En.TC121_Verify_Project_Sub_Page_Version_Duplicate_En(TC_121_Verify_Project_Sub_Page_Version_Duplicate_En.java:31)
</failure>
    <system-out>TC107_Create_New_Project_Dashboard_Project-11_Feb_2017 01 36 05 511;Time :1409
 INFO [main] (TestEngine.java:507) - Current Test : TC121_Verify_Project_Sub_Page_Version_Duplicate_En
 INFO [main] (HelperClass.java:182) - in login
 INFO [main] (ActionEngine.java:107) - Successfully click on Menu
 INFO [main] (ActionEngine.java:107) - Successfully click on Click on Menu/Login
 INFO [main] (ActionEngine.java:395) - Type  autoenmanager@harvestdp.com in Email address
 INFO [main] (ActionEngine.java:395) - Type  Automation2017 in Password
 INFO [main] (ActionEngine.java:107) - Successfully click on Login button
 INFO [main] (HelperClass.java:733) - in navigateToProjectSubPage
 INFO [main] (ActionEngine.java:107) - Successfully click on Page
 INFO [main] (ActionEngine.java:107) - Successfully click on Project Sub Page
 INFO [main] (HelperClass.java:609) - in getRandomString
 INFO [main] (ActionEngine.java:1739) -  Able to get TscreenShot
 Able to get TscreenShot
</system-out>
  </testcase>
  <testcase name="TC177_Verify_Field_Enable_ToEdit_Dashoard_Project_SiteAdmin" classname="com.desktopWeb.scripts.sprint2.TC_177_Verify_Field_Enable_ToEdit_Dashoard_Project_SiteAdmin" time="254.598"/>
  <testcase name="TC09_ActiveConsultation_CommunityUser" classname="com.desktopWeb.scripts.common.TC_09_ActiveConsultation_CommunityUser" time="95.798"/>
  <testcase name="TC27_Add_Button" classname="com.desktopWeb.scripts.tools.TC_27_Add_Button" time="659.959"/>
  <testcase name="TC68_Verify_Authoring_Update_Options" classname="com.desktopWeb.scripts.addUpdate.TC_68_Verify_Authoring_Update_Options" time="94.249"/>
  <testcase name="TC66_Verify_Setting_Version_Duplicate" classname="com.desktopWeb.scripts.setting.TC_66_Verify_Setting_Version_Duplicate" time="178.143"/>
  <testcase name="TC77_SEO_Site_Sub_Page_Name" classname="com.desktopWeb.scripts.page.TC_77_SEO_Site_Sub_Page_Name" time="258.759">
    <failure message="Step TC77_SEO_Site_Sub_Page_Name Failed with description Failed expected [true] but found [false]" type="java.lang.AssertionError">java.lang.AssertionError: Step TC77_SEO_Site_Sub_Page_Name Failed with description Failed expected [true] but found [false]
	at org.testng.Assert.fail(Assert.java:94)
	at org.testng.Assert.failNotEquals(Assert.java:494)
	at org.testng.Assert.assertTrue(Assert.java:42)
	at com.ctaf.support.HtmlReportSupport.onFailure(HtmlReportSupport.java:778)
	at com.ctaf.utilities.Reporter.failureReport(Reporter.java:91)
	at com.desktopWeb.scripts.page.TC_77_SEO_Site_Sub_Page_Name.TC77_SEO_Site_Sub_Page_Name(TC_77_SEO_Site_Sub_Page_Name.java:30)
</failure>
    <system-out>TC66_Verify_Setting_Version_Duplicate-11_Feb_2017 02 30 42 415;Time :238
 INFO [main] (TestEngine.java:507) - Current Test : TC77_SEO_Site_Sub_Page_Name
 INFO [main] (HelperClass.java:182) - in login
 INFO [main] (ActionEngine.java:107) - Successfully click on Menu
 INFO [main] (ActionEngine.java:107) - Successfully click on Click on Menu/Login
 INFO [main] (ActionEngine.java:395) - Type  autosm2017@gmail.com in Email address
 INFO [main] (ActionEngine.java:395) - Type  Automation2017 in Password
 INFO [main] (ActionEngine.java:107) - Successfully click on Login button
 INFO [main] (HelperClass.java:740) - in navigateToSiteSubPage
 INFO [main] (ActionEngine.java:107) - Successfully click on Page
 INFO [main] (ActionEngine.java:1739) -  Able to get TscreenShot
 Able to get TscreenShot
</system-out>
  </testcase>
  <testcase name="TC191_Verify_Setting_Version_NewPage" classname="com.desktopWeb.scripts.roles_permission.TC_192_Verify_Setting_Version_Delete" time="403.095">
    <failure message="Step TC191_Verify_Setting_Version_NewPage Failed with description Failed expected [true] but found [false]" type="java.lang.AssertionError">java.lang.AssertionError: Step TC191_Verify_Setting_Version_NewPage Failed with description Failed expected [true] but found [false]
	at org.testng.Assert.fail(Assert.java:94)
	at org.testng.Assert.failNotEquals(Assert.java:494)
	at org.testng.Assert.assertTrue(Assert.java:42)
	at com.ctaf.support.HtmlReportSupport.onFailure(HtmlReportSupport.java:778)
	at com.ctaf.utilities.Reporter.failureReport(Reporter.java:91)
	at com.desktopWeb.scripts.roles_permission.TC_192_Verify_Setting_Version_Delete.TC191_Verify_Setting_Version_NewPage(TC_192_Verify_Setting_Version_Delete.java:29)
</failure>
    <system-out>TC77_SEO_Site_Sub_Page_Name-11_Feb_2017 02 34 42 012;Time :318
 INFO [main] (TestEngine.java:507) - Current Test : TC191_Verify_Setting_Version_NewPage
 INFO [main] (HelperClass.java:182) - in login
 INFO [main] (ActionEngine.java:107) - Successfully click on Menu
 INFO [main] (ActionEngine.java:107) - Successfully click on Click on Menu/Login
 INFO [main] (ActionEngine.java:395) - Type  autosm2017@gmail.com in Email address
 INFO [main] (ActionEngine.java:395) - Type  Automation2017 in Password
 INFO [main] (ActionEngine.java:107) - Successfully click on Login button
 INFO [main] (HelperClass.java:407) - in navigateConsultation
 INFO [main] (ActionEngine.java:107) - Successfully click on Selected Project
 INFO [main] (ActionEngine.java:1362) - Element By.xpath: //li[contains(text(),'New Project for Test Execution')] is present
 INFO [main] (HelperClass.java:713) - in navigateToSetting
 INFO [main] (ActionEngine.java:107) - Successfully click on Settings
 INFO [main] (ActionEngine.java:107) - Successfully click on Version
 INFO [main] (ActionEngine.java:1739) -  Able to get TscreenShot
 Able to get TscreenShot
</system-out>
  </testcase>
  <testcase name="TC108_Verify_Dashboard_Create_Site_User" classname="com.desktopWeb.scripts.dashboard.TC_108_Verify_Dashboard_Create_Site_User" time="336.306">
    <failure message="Step TC108_Verify_Dashboard_Create_Site_User Failed with description Failed expected [true] but found [false]" type="java.lang.AssertionError">java.lang.AssertionError: Step TC108_Verify_Dashboard_Create_Site_User Failed with description Failed expected [true] but found [false]
	at org.testng.Assert.fail(Assert.java:94)
	at org.testng.Assert.failNotEquals(Assert.java:494)
	at org.testng.Assert.assertTrue(Assert.java:42)
	at com.ctaf.support.HtmlReportSupport.onFailure(HtmlReportSupport.java:778)
	at com.ctaf.utilities.Reporter.failureReport(Reporter.java:91)
	at com.desktopWeb.scripts.dashboard.TC_108_Verify_Dashboard_Create_Site_User.TC108_Verify_Dashboard_Create_Site_User(TC_108_Verify_Dashboard_Create_Site_User.java:28)
</failure>
    <system-out>TC191_Verify_Setting_Version_NewPage-11_Feb_2017 02 40 00 615;Time :460
 INFO [main] (TestEngine.java:507) - Current Test : TC108_Verify_Dashboard_Create_Site_User
 INFO [main] (HelperClass.java:182) - in login
 INFO [main] (ActionEngine.java:107) - Successfully click on Menu
 INFO [main] (ActionEngine.java:107) - Successfully click on Click on Menu/Login
 INFO [main] (ActionEngine.java:395) - Type  autosm2017@gmail.com in Email address
 INFO [main] (ActionEngine.java:395) - Type  Automation2017 in Password
 INFO [main] (ActionEngine.java:107) - Successfully click on Login button
 INFO [main] (ActionEngine.java:107) - Successfully click on Dashboard
 INFO [main] (ActionEngine.java:107) - Successfully click on Dashboard/Memebers
 INFO [main] (HelperClass.java:609) - in getRandomString
 INFO [main] (HelperClass.java:609) - in getRandomString
 INFO [main] (HelperClass.java:609) - in getRandomString
 INFO [main] (HelperClass.java:609) - in getRandomString
 INFO [main] (ActionEngine.java:107) - Successfully click on Add User
 INFO [main] (ActionEngine.java:107) - Successfully click on Site User
 INFO [main] (ActionEngine.java:395) - Type  tStfEl in First Name
 INFO [main] (ActionEngine.java:395) - Type  tTKvu in Last Name
 INFO [main] (ActionEngine.java:395) - Type  NPozPmDLepEb in User Name
 INFO [main] (ActionEngine.java:395) - Type  WzBqAoDT@auto.com in Email ID
 INFO [main] (ActionEngine.java:395) - Type  AutomationUser2017 in Password
 INFO [main] (ActionEngine.java:107) - Successfully click on Add User
 INFO [main] (ActionEngine.java:2397) - User created successfully. is displaying
 INFO [main] (ActionEngine.java:1739) -  Able to get TscreenShot
 Able to get TscreenShot
</system-out>
  </testcase>
  <testcase name="TC122_Verify_Project_Sub_Page_Version_NewPage_En" classname="com.desktopWeb.scripts.sprint1.TC_122_Verify_Project_Sub_Page_Version_NewPage_En" time="257.921">
    <failure message="Step TC122_Verify_Project_Sub_Page_Version_NewPage_En Failed with description Failed expected [true] but found [false]" type="java.lang.AssertionError">java.lang.AssertionError: Step TC122_Verify_Project_Sub_Page_Version_NewPage_En Failed with description Failed expected [true] but found [false]
	at org.testng.Assert.fail(Assert.java:94)
	at org.testng.Assert.failNotEquals(Assert.java:494)
	at org.testng.Assert.assertTrue(Assert.java:42)
	at com.ctaf.support.HtmlReportSupport.onFailure(HtmlReportSupport.java:778)
	at com.ctaf.utilities.Reporter.failureReport(Reporter.java:91)
	at com.desktopWeb.scripts.sprint1.TC_122_Verify_Project_Sub_Page_Version_NewPage_En.TC122_Verify_Project_Sub_Page_Version_NewPage_En(TC_122_Verify_Project_Sub_Page_Version_NewPage_En.java:32)
</failure>
    <system-out>TC108_Verify_Dashboard_Create_Site_User-11_Feb_2017 02 47 41 779;Time :395
 INFO [main] (TestEngine.java:507) - Current Test : TC122_Verify_Project_Sub_Page_Version_NewPage_En
 INFO [main] (HelperClass.java:182) - in login
 INFO [main] (ActionEngine.java:107) - Successfully click on Menu
 INFO [main] (ActionEngine.java:107) - Successfully click on Click on Menu/Login
 INFO [main] (ActionEngine.java:395) - Type  autoenmanager@harvestdp.com in Email address
 INFO [main] (ActionEngine.java:395) - Type  Automation2017 in Password
 INFO [main] (ActionEngine.java:107) - Successfully click on Login button
 INFO [main] (HelperClass.java:733) - in navigateToProjectSubPage
 INFO [main] (ActionEngine.java:107) - Successfully click on Page
 INFO [main] (ActionEngine.java:107) - Successfully click on Project Sub Page
 INFO [main] (HelperClass.java:609) - in getRandomString
 INFO [main] (ActionEngine.java:1739) -  Able to get TscreenShot
 Able to get TscreenShot
</system-out>
  </testcase>
  <testcase name="TC178_WCCP_418_1" classname="com.desktopWeb.scripts.sprint2.TC_178_WCCP_418_1" time="1,277.712"/>
  <testcase name="TC10_ActiveConsultation_GuestUser" classname="com.desktopWeb.scripts.common.TC_10_ActiveConsultation_GuestUser" time="62.244"/>
  <testcase name="TC28_Add_Web_Map" classname="com.desktopWeb.scripts.tools.TC_28_Add_Web_Map" time="586.153">
    <failure message="Step TC28_Add_Web_Map Failed with description Failed expected [true] but found [false]" type="java.lang.AssertionError">java.lang.AssertionError: Step TC28_Add_Web_Map Failed with description Failed expected [true] but found [false]
	at org.testng.Assert.fail(Assert.java:94)
	at org.testng.Assert.failNotEquals(Assert.java:494)
	at org.testng.Assert.assertTrue(Assert.java:42)
	at com.ctaf.support.HtmlReportSupport.onFailure(HtmlReportSupport.java:778)
	at com.ctaf.utilities.Reporter.failureReport(Reporter.java:91)
	at com.desktopWeb.scripts.tools.TC_28_Add_Web_Map.TC28_Add_Web_Map(TC_28_Add_Web_Map.java:30)
</failure>
    <system-out><![CDATA[TC10_ActiveConsultation_GuestUser-11_Feb_2017 03 22 08 465;Time :119
 INFO [main] (TestEngine.java:507) - Current Test : TC28_Add_Web_Map
 INFO [main] (HelperClass.java:182) - in login
 INFO [main] (ActionEngine.java:107) - Successfully click on Menu
 INFO [main] (ActionEngine.java:107) - Successfully click on Click on Menu/Login
 INFO [main] (ActionEngine.java:395) - Type  autosm2017@gmail.com in Email address
 INFO [main] (ActionEngine.java:395) - Type  Automation2017 in Password
 INFO [main] (ActionEngine.java:107) - Successfully click on Login button
 INFO [main] (ActionEngine.java:107) - Successfully click on Dashboard
 INFO [main] (ActionEngine.java:107) - Successfully click on Dashboard/Project
 INFO [main] (ActionEngine.java:107) - Successfully click on Launch New Project
 INFO [main] (HelperClass.java:609) - in getRandomString
 INFO [main] (ActionEngine.java:395) - Type  Automation Project - lDQU in Project Name
 INFO [main] (ActionEngine.java:395) - Type  New Automation Project in Project Description
 INFO [main] (ActionEngine.java:107) - Successfully click on Next Button
 INFO [main] (HelperClass.java:460) - in scrollandClick
 INFO [main] (ActionEngine.java:894) - Select Department of Education & Training from Project Department
 INFO [main] (ActionEngine.java:894) - Select Public from Project Type
 INFO [main] (ActionEngine.java:894) - Select Active from Project Status
 INFO [main] (HelperClass.java:509) - in clickTo
 INFO [main] (HelperClass.java:514) - Successfully Click on By.xpath: //div[@class='ccm-file-selector-choose-new']
 INFO [main] (ActionEngine.java:107) - Successfully click on Select project image
 INFO [main] (HelperClass.java:509) - in clickTo
 INFO [main] (HelperClass.java:514) - Successfully Click on By.xpath: //div[6]/div/fieldset/div[1]/ul/li[1]/span/span[2]
 INFO [main] (HelperClass.java:509) - in clickTo
 INFO [main] (HelperClass.java:514) - Successfully Click on By.xpath: //div[7]/div/fieldset/div[1]/ul/li[1]/span/span[2]
 INFO [main] (HelperClass.java:509) - in clickTo
 INFO [main] (HelperClass.java:514) - Successfully Click on By.xpath: //label/input[@value='1']
 INFO [main] (HelperClass.java:509) - in clickTo
 INFO [main] (HelperClass.java:514) - Successfully Click on By.xpath: //div[contains(@data-file-selector, 'ccm-file-akID-35')]/div[@class='ccm-file-selector-choose-new']
 INFO [main] (ActionEngine.java:107) - Successfully click on Select Project logo
 INFO [main] (ActionEngine.java:107) - Successfully click on Anothter Partnership
 INFO [main] (ActionEngine.java:107) - Successfully click on Next Button
 INFO [main] (ActionEngine.java:395) - Type  autoconmanager in Project user name
 INFO [main] (ActionEngine.java:1739) -  Able to get TscreenShot
 Able to get TscreenShot
]]></system-out>
  </testcase>
  <testcase name="TC78_Verify_Site_Sub_Page_Version_Duplicate" classname="com.desktopWeb.scripts.page.TC_78_Verify_Site_Sub_Page_Version_Duplicate" time="268.688">
    <failure message="Step TC78_Verify_Site_Sub_Page_Version_Duplicate Failed with description Failed expected [true] but found [false]" type="java.lang.AssertionError">java.lang.AssertionError: Step TC78_Verify_Site_Sub_Page_Version_Duplicate Failed with description Failed expected [true] but found [false]
	at org.testng.Assert.fail(Assert.java:94)
	at org.testng.Assert.failNotEquals(Assert.java:494)
	at org.testng.Assert.assertTrue(Assert.java:42)
	at com.ctaf.support.HtmlReportSupport.onFailure(HtmlReportSupport.java:778)
	at com.ctaf.utilities.Reporter.failureReport(Reporter.java:91)
	at com.desktopWeb.scripts.page.TC_78_Verify_Site_Sub_Page_Version_Duplicate.TC78_Verify_Site_Sub_Page_Version_Duplicate(TC_78_Verify_Site_Sub_Page_Version_Duplicate.java:28)
</failure>
    <system-out>TC28_Add_Web_Map-11_Feb_2017 03 24 09 356;Time :640
 INFO [main] (TestEngine.java:507) - Current Test : TC78_Verify_Site_Sub_Page_Version_Duplicate
 INFO [main] (HelperClass.java:182) - in login
 INFO [main] (ActionEngine.java:107) - Successfully click on Menu
 INFO [main] (ActionEngine.java:107) - Successfully click on Click on Menu/Login
 INFO [main] (ActionEngine.java:395) - Type  autosm2017@gmail.com in Email address
 INFO [main] (ActionEngine.java:395) - Type  Automation2017 in Password
 INFO [main] (ActionEngine.java:107) - Successfully click on Login button
 INFO [main] (HelperClass.java:740) - in navigateToSiteSubPage
 INFO [main] (ActionEngine.java:107) - Successfully click on Page
 INFO [main] (ActionEngine.java:107) - Successfully click on More
 INFO [main] (ActionEngine.java:1739) -  Able to get TscreenShot
 Able to get TscreenShot
</system-out>
  </testcase>
  <testcase name="TC109_Verify_Dashboard_Create_Site_User_SiteAdmin" classname="com.desktopWeb.scripts.dashboard.TC_109_Verify_Dashboard_Create_Site_User_SiteAdmin" time="316.604">
    <failure message="Step TC109_Verify_Dashboard_Create_Site_User_SiteAdmin Failed with description Failed expected [true] but found [false]" type="java.lang.AssertionError">java.lang.AssertionError: Step TC109_Verify_Dashboard_Create_Site_User_SiteAdmin Failed with description Failed expected [true] but found [false]
	at org.testng.Assert.fail(Assert.java:94)
	at org.testng.Assert.failNotEquals(Assert.java:494)
	at org.testng.Assert.assertTrue(Assert.java:42)
	at com.ctaf.support.HtmlReportSupport.onFailure(HtmlReportSupport.java:778)
	at com.ctaf.utilities.Reporter.failureReport(Reporter.java:91)
	at com.desktopWeb.scripts.dashboard.TC_109_Verify_Dashboard_Create_Site_User_SiteAdmin.TC109_Verify_Dashboard_Create_Site_User_SiteAdmin(TC_109_Verify_Dashboard_Create_Site_User_SiteAdmin.java:28)
</failure>
    <system-out>TC78_Verify_Site_Sub_Page_Version_Duplicate-11_Feb_2017 03 34 51 316;Time :317
 INFO [main] (TestEngine.java:507) - Current Test : TC109_Verify_Dashboard_Create_Site_User_SiteAdmin
 INFO [main] (HelperClass.java:182) - in login
 INFO [main] (ActionEngine.java:107) - Successfully click on Menu
 INFO [main] (ActionEngine.java:107) - Successfully click on Click on Menu/Login
 INFO [main] (ActionEngine.java:395) - Type  autosm2017@gmail.com in Email address
 INFO [main] (ActionEngine.java:395) - Type  Automation2017 in Password
 INFO [main] (ActionEngine.java:107) - Successfully click on Login button
 INFO [main] (ActionEngine.java:107) - Successfully click on Dashboard
 INFO [main] (ActionEngine.java:107) - Successfully click on Dashboard/Memebers
 INFO [main] (HelperClass.java:609) - in getRandomString
 INFO [main] (HelperClass.java:609) - in getRandomString
 INFO [main] (HelperClass.java:609) - in getRandomString
 INFO [main] (HelperClass.java:609) - in getRandomString
 INFO [main] (ActionEngine.java:107) - Successfully click on Add User
 INFO [main] (ActionEngine.java:107) - Successfully click on Site User
 INFO [main] (ActionEngine.java:395) - Type  QiJiuf in First Name
 INFO [main] (ActionEngine.java:395) - Type  CqVaX in Last Name
 INFO [main] (ActionEngine.java:395) - Type  WqzyBbmVRSPZ in User Name
 INFO [main] (ActionEngine.java:395) - Type  kiNeeOyF@auto.com in Email ID
 INFO [main] (ActionEngine.java:395) - Type  AutomationUser2017 in Password
 INFO [main] (ActionEngine.java:107) - Successfully click on Add User
 INFO [main] (ActionEngine.java:2397) - User created successfully. is displaying
 INFO [main] (ActionEngine.java:1739) -  Able to get TscreenShot
 Able to get TscreenShot
</system-out>
  </testcase>
  <testcase name="TC123_Verify_Project_Sub_Page_Mobile_Preview_En" classname="com.desktopWeb.scripts.sprint1.TC_123_Verify_Project_Sub_Page_Mobile_Preview_En" time="257.322">
    <failure message="Step TC123_Verify_Project_Sub_Page_Mobile_Preview_En Failed with description Failed expected [true] but found [false]" type="java.lang.AssertionError">java.lang.AssertionError: Step TC123_Verify_Project_Sub_Page_Mobile_Preview_En Failed with description Failed expected [true] but found [false]
	at org.testng.Assert.fail(Assert.java:94)
	at org.testng.Assert.failNotEquals(Assert.java:494)
	at org.testng.Assert.assertTrue(Assert.java:42)
	at com.ctaf.support.HtmlReportSupport.onFailure(HtmlReportSupport.java:778)
	at com.ctaf.utilities.Reporter.failureReport(Reporter.java:91)
	at com.desktopWeb.scripts.sprint1.TC_123_Verify_Project_Sub_Page_Mobile_Preview_En.TC123_Verify_Project_Sub_Page_Mobile_Preview_En(TC_123_Verify_Project_Sub_Page_Mobile_Preview_En.java:26)
</failure>
    <system-out>TC109_Verify_Dashboard_Create_Site_User_SiteAdmin-11_Feb_2017 03 40 09 861;Time :367
 INFO [main] (TestEngine.java:507) - Current Test : TC123_Verify_Project_Sub_Page_Mobile_Preview_En
 INFO [main] (HelperClass.java:182) - in login
 INFO [main] (ActionEngine.java:107) - Successfully click on Menu
 INFO [main] (ActionEngine.java:107) - Successfully click on Click on Menu/Login
 INFO [main] (ActionEngine.java:395) - Type  autoenmanager@harvestdp.com in Email address
 INFO [main] (ActionEngine.java:395) - Type  Automation2017 in Password
 INFO [main] (ActionEngine.java:107) - Successfully click on Login button
 INFO [main] (HelperClass.java:733) - in navigateToProjectSubPage
 INFO [main] (ActionEngine.java:107) - Successfully click on Page
 INFO [main] (ActionEngine.java:107) - Successfully click on Project Sub Page
 INFO [main] (ActionEngine.java:1739) -  Able to get TscreenShot
 Able to get TscreenShot
</system-out>
  </testcase>
  <testcase name="TC179_WCCP_418_2" classname="com.desktopWeb.scripts.sprint2.TC_179_WCCP_418_2" time="827.026">
    <failure message="Step TC_179_WCCP_418_2 Failed with description Failed expected [true] but found [false]" type="java.lang.AssertionError">java.lang.AssertionError: Step TC_179_WCCP_418_2 Failed with description Failed expected [true] but found [false]
	at org.testng.Assert.fail(Assert.java:94)
	at org.testng.Assert.failNotEquals(Assert.java:494)
	at org.testng.Assert.assertTrue(Assert.java:42)
	at com.ctaf.support.HtmlReportSupport.onFailure(HtmlReportSupport.java:778)
	at com.ctaf.utilities.Reporter.failureReport(Reporter.java:91)
	at com.desktopWeb.scripts.sprint2.TC_179_WCCP_418_2.TC179_WCCP_418_2(TC_179_WCCP_418_2.java:79)
</failure>
    <system-out><![CDATA[TC123_Verify_Project_Sub_Page_Mobile_Preview_En-11_Feb_2017 03 46 18 242;Time :305
 INFO [main] (TestEngine.java:507) - Current Test : TC179_WCCP_418_2
 INFO [main] (HelperClass.java:182) - in login
 INFO [main] (ActionEngine.java:107) - Successfully click on Menu
 INFO [main] (ActionEngine.java:107) - Successfully click on Click on Menu/Login
 INFO [main] (ActionEngine.java:395) - Type  autosm2017@gmail.com in Email address
 INFO [main] (ActionEngine.java:395) - Type  Automation2017 in Password
 INFO [main] (ActionEngine.java:107) - Successfully click on Login button
 INFO [main] (ActionEngine.java:107) - Successfully click on Dashboard
 INFO [main] (ActionEngine.java:107) - Successfully click on Dashboard/Project
 INFO [main] (ActionEngine.java:107) - Successfully click on Launch New Project
 INFO [main] (HelperClass.java:609) - in getRandomString
 INFO [main] (ActionEngine.java:395) - Type  Automation Project - nSBd in Project Name
 INFO [main] (ActionEngine.java:395) - Type  New Automation Project in Project Description
 INFO [main] (ActionEngine.java:107) - Successfully click on Next Button
 INFO [main] (HelperClass.java:460) - in scrollandClick
 INFO [main] (ActionEngine.java:894) - Select Department of Economic Development, Jobs, Transport & Resources from Project Department
 INFO [main] (ActionEngine.java:894) - Select Public from Project Type
 INFO [main] (ActionEngine.java:894) - Select Active from Project Status
 INFO [main] (HelperClass.java:509) - in clickTo
 INFO [main] (HelperClass.java:514) - Successfully Click on By.xpath: //div[@class='ccm-file-selector-choose-new']
 INFO [main] (ActionEngine.java:107) - Successfully click on Select project image
 INFO [main] (HelperClass.java:509) - in clickTo
 INFO [main] (HelperClass.java:514) - Successfully Click on By.xpath: //div[6]/div/fieldset/div[1]/ul/li[1]/span/span[2]
 INFO [main] (HelperClass.java:509) - in clickTo
 INFO [main] (HelperClass.java:514) - Successfully Click on By.xpath: //div[7]/div/fieldset/div[1]/ul/li[1]/span/span[2]
 INFO [main] (HelperClass.java:509) - in clickTo
 INFO [main] (HelperClass.java:514) - Successfully Click on By.xpath: //label/input[@value='1']
 INFO [main] (HelperClass.java:509) - in clickTo
 INFO [main] (HelperClass.java:514) - Successfully Click on By.xpath: //div[contains(@data-file-selector, 'ccm-file-akID-35')]/div[@class='ccm-file-selector-choose-new']
 INFO [main] (ActionEngine.java:107) - Successfully click on Select Project logo
 INFO [main] (ActionEngine.java:107) - Successfully click on Anothter Partnership
 INFO [main] (ActionEngine.java:107) - Successfully click on Next Button
 INFO [main] (ActionEngine.java:395) - Type  autoconmanager in Project user name
 INFO [main] (ActionEngine.java:107) - Successfully click on User
 INFO [main] (ActionEngine.java:894) - Select Consultation Manager from User Role
 INFO [main] (ActionEngine.java:395) - Type  autoprauthor in Project user name
 INFO [main] (ActionEngine.java:107) - Successfully click on User
 INFO [main] (ActionEngine.java:894) - Select Project Author from User Role
 INFO [main] (ActionEngine.java:107) - Successfully click on Launch Project
 INFO [main] (ActionEngine.java:2397) - Page Draft popup is displaying
 INFO [main] (ActionEngine.java:107) - Successfully click on Submit for approval
 INFO [main] (HelperClass.java:301) - in signOut
 INFO [main] (HelperClass.java:494) - in scrollTo
 INFO [main] (HelperClass.java:500) - Successfully scroll on By.xpath: //a[@aria-label='navigation menu']
 INFO [main] (HelperClass.java:509) - in clickTo
 INFO [main] (HelperClass.java:514) - Successfully Click on By.xpath: //a[@aria-label='navigation menu']
 INFO [main] (ActionEngine.java:107) - Successfully click on Menu/Sign Out
 INFO [main] (HelperClass.java:182) - in login
 INFO [main] (ActionEngine.java:107) - Successfully click on Menu
 INFO [main] (ActionEngine.java:107) - Successfully click on Click on Menu/Login
 INFO [main] (ActionEngine.java:395) - Type  autoprauthor@harvestdp.com in Email address
 INFO [main] (ActionEngine.java:395) - Type  Automation2017 in Password
 INFO [main] (ActionEngine.java:107) - Successfully click on Login button
 INFO [main] (HelperClass.java:733) - in navigateToProjectSubPage
 INFO [main] (ActionEngine.java:107) - Successfully click on Page
 INFO [main] (ActionEngine.java:107) - Successfully click on Project Sub Page
 INFO [main] (HelperClass.java:609) - in getRandomString
 INFO [main] (ActionEngine.java:1739) -  Able to get TscreenShot
 Able to get TscreenShot
]]></system-out>
  </testcase>
  <testcase name="TC11_HelpmeFindCons_SiteAdmin" classname="com.desktopWeb.scripts.common.TC_11_HelpmeFindCons_SiteAdmin" time="86.021">
    <failure message="Step Click Failed with description Unable to click By.xpath: //button[text()=&apos;Help me find a consultation&apos;] expected [true] but found [false]" type="java.lang.AssertionError">java.lang.AssertionError: Step Click Failed with description Unable to click By.xpath: //button[text()='Help me find a consultation'] expected [true] but found [false]
	at org.testng.Assert.fail(Assert.java:94)
	at org.testng.Assert.failNotEquals(Assert.java:494)
	at org.testng.Assert.assertTrue(Assert.java:42)
	at com.ctaf.support.HtmlReportSupport.onFailure(HtmlReportSupport.java:778)
	at com.ctaf.utilities.Reporter.failureReport(Reporter.java:91)
	at com.desktopWeb.workflows.HelperClass.scrollandClick(HelperClass.java:476)
	at com.desktopWeb.workflows.HelperClass.helpMeFoundConsutation(HelperClass.java:555)
	at com.desktopWeb.scripts.common.TC_11_HelpmeFindCons_SiteAdmin.TC11_HelpmeFindCons_SiteAdmin(TC_11_HelpmeFindCons_SiteAdmin.java:24)
</failure>
    <system-out>TC179_WCCP_418_2-11_Feb_2017 03 51 25 061;Time :884
 INFO [main] (TestEngine.java:507) - Current Test : TC11_HelpmeFindCons_SiteAdmin
 INFO [main] (HelperClass.java:182) - in login
 INFO [main] (ActionEngine.java:107) - Successfully click on Menu
 INFO [main] (ActionEngine.java:107) - Successfully click on Click on Menu/Login
 INFO [main] (ActionEngine.java:395) - Type  autosm2017@gmail.com in Email address
 INFO [main] (ActionEngine.java:395) - Type  Automation2017 in Password
 INFO [main] (ActionEngine.java:107) - Successfully click on Login button
 INFO [main] (HelperClass.java:552) - in helpMeFoundConsultation
 INFO [main] (HelperClass.java:460) - in scrollandClick
 INFO [main] (ActionEngine.java:1739) -  Able to get TscreenShot
 Able to get TscreenShot
</system-out>
  </testcase>
  <testcase name="TC29_Add_Image_Gallary" classname="com.desktopWeb.scripts.tools.TC_29_Add_Image_Gallary" time="708.578"/>
  <testcase name="TC79_Location_Site_Sub_Page_Location" classname="com.desktopWeb.scripts.page.TC_79_Location_Site_Sub_Page_Location" time="272.186">
    <failure message="Step TC79_Location_Site_Sub_Page_Location Failed with description Failed expected [true] but found [false]" type="java.lang.AssertionError">java.lang.AssertionError: Step TC79_Location_Site_Sub_Page_Location Failed with description Failed expected [true] but found [false]
	at org.testng.Assert.fail(Assert.java:94)
	at org.testng.Assert.failNotEquals(Assert.java:494)
	at org.testng.Assert.assertTrue(Assert.java:42)
	at com.ctaf.support.HtmlReportSupport.onFailure(HtmlReportSupport.java:778)
	at com.ctaf.utilities.Reporter.failureReport(Reporter.java:91)
	at com.desktopWeb.scripts.page.TC_79_Location_Site_Sub_Page_Location.TC79_Location_Site_Sub_Page_Location(TC_79_Location_Site_Sub_Page_Location.java:30)
</failure>
    <system-out>TC29_Add_Image_Gallary-11_Feb_2017 04 08 36 096;Time :771
 INFO [main] (TestEngine.java:507) - Current Test : TC79_Location_Site_Sub_Page_Location
 INFO [main] (HelperClass.java:182) - in login
 INFO [main] (ActionEngine.java:107) - Successfully click on Menu
 INFO [main] (ActionEngine.java:107) - Successfully click on Click on Menu/Login
 INFO [main] (ActionEngine.java:395) - Type  autosm2017@gmail.com in Email address
 INFO [main] (ActionEngine.java:395) - Type  Automation2017 in Password
 INFO [main] (ActionEngine.java:107) - Successfully click on Login button
 INFO [main] (HelperClass.java:740) - in navigateToSiteSubPage
 INFO [main] (ActionEngine.java:107) - Successfully click on Page
 INFO [main] (ActionEngine.java:107) - Successfully click on More
 INFO [main] (ActionEngine.java:1739) -  Able to get TscreenShot
 Able to get TscreenShot
</system-out>
  </testcase>
  <testcase name="TC110_Verify_Dashboard_Create_Community_User" classname="com.desktopWeb.scripts.dashboard.TC_110_Verify_Dashboard_Create_Community_User" time="192.287"/>
  <testcase name="TC124_Verify_Project_Sub_Page_Delete_En" classname="com.desktopWeb.scripts.sprint1.TC_124_Verify_Project_Sub_Page_Delete_En" time="426.15">
    <failure message="Step TC124_Verify_Project_Sub_Page_Delete_En Failed with description Failed expected [true] but found [false]" type="java.lang.AssertionError">java.lang.AssertionError: Step TC124_Verify_Project_Sub_Page_Delete_En Failed with description Failed expected [true] but found [false]
	at org.testng.Assert.fail(Assert.java:94)
	at org.testng.Assert.failNotEquals(Assert.java:494)
	at org.testng.Assert.assertTrue(Assert.java:42)
	at com.ctaf.support.HtmlReportSupport.onFailure(HtmlReportSupport.java:778)
	at com.ctaf.utilities.Reporter.failureReport(Reporter.java:91)
	at com.desktopWeb.scripts.sprint1.TC_124_Verify_Project_Sub_Page_Delete_En.TC124_Verify_Project_Sub_Page_Delete_En(TC_124_Verify_Project_Sub_Page_Delete_En.java:29)
</failure>
    <system-out>TC110_Verify_Dashboard_Create_Community_User-11_Feb_2017 04 26 58 507;Time :266
 INFO [main] (TestEngine.java:507) - Current Test : TC124_Verify_Project_Sub_Page_Delete_En
 INFO [main] (HelperClass.java:182) - in login
 INFO [main] (ActionEngine.java:107) - Successfully click on Menu
 INFO [main] (ActionEngine.java:107) - Successfully click on Click on Menu/Login
 INFO [main] (ActionEngine.java:395) - Type  autoenmanager@harvestdp.com in Email address
 INFO [main] (ActionEngine.java:395) - Type  Automation2017 in Password
 INFO [main] (ActionEngine.java:107) - Successfully click on Login button
 INFO [main] (HelperClass.java:733) - in navigateToProjectSubPage
 INFO [main] (ActionEngine.java:107) - Successfully click on Page
 INFO [main] (ActionEngine.java:107) - Successfully click on Project Sub Page
 INFO [main] (HelperClass.java:609) - in getRandomString
 INFO [main] (HelperClass.java:609) - in getRandomString
 INFO [main] (ActionEngine.java:107) - Successfully click on Details
 INFO [main] (ActionEngine.java:395) - Type  SubPage - NmEGAN - qMou in Project Name
 INFO [main] (ActionEngine.java:107) - Successfully click on Submit
 INFO [main] (HelperClass.java:713) - in navigateToSetting
 INFO [main] (ActionEngine.java:107) - Successfully click on Settings
 INFO [main] (ActionEngine.java:1739) -  Able to get TscreenShot
 Able to get TscreenShot
</system-out>
  </testcase>
  <testcase name="TC180_WCCP_417_ActivityFeed" classname="com.desktopWeb.scripts.sprint2.TC_180_WCCP_417_ActivityFeed" time="1,040.321"/>
  <testcase name="TC12_HelpmeFindCons_CommunityUser" classname="com.desktopWeb.scripts.common.TC_12_HelpmeFindCons_CommunityUser" time="61.698">
    <failure message="Step Click Failed with description Unable to click By.xpath: //button[text()=&apos;Help me find a consultation&apos;] expected [true] but found [false]" type="java.lang.AssertionError">java.lang.AssertionError: Step Click Failed with description Unable to click By.xpath: //button[text()='Help me find a consultation'] expected [true] but found [false]
	at org.testng.Assert.fail(Assert.java:94)
	at org.testng.Assert.failNotEquals(Assert.java:494)
	at org.testng.Assert.assertTrue(Assert.java:42)
	at com.ctaf.support.HtmlReportSupport.onFailure(HtmlReportSupport.java:778)
	at com.ctaf.utilities.Reporter.failureReport(Reporter.java:91)
	at com.desktopWeb.workflows.HelperClass.scrollandClick(HelperClass.java:476)
	at com.desktopWeb.workflows.HelperClass.helpMeFoundConsutation(HelperClass.java:555)
	at com.desktopWeb.scripts.common.TC_12_HelpmeFindCons_CommunityUser.TC12_HelpmeFindCons_CommunityUser(TC_12_HelpmeFindCons_CommunityUser.java:24)
</failure>
    <system-out>TC180_WCCP_417_ActivityFeed-11_Feb_2017 04 39 21 326;Time :1090
 INFO [main] (TestEngine.java:507) - Current Test : TC12_HelpmeFindCons_CommunityUser
 INFO [main] (HelperClass.java:182) - in login
 INFO [main] (ActionEngine.java:107) - Successfully click on Menu
 INFO [main] (ActionEngine.java:107) - Successfully click on Click on Menu/Login
 INFO [main] (ActionEngine.java:395) - Type  autosu2017@gmail.com in Email address
 INFO [main] (ActionEngine.java:395) - Type  Automation2017 in Password
 INFO [main] (ActionEngine.java:107) - Successfully click on Login button
 INFO [main] (HelperClass.java:552) - in helpMeFoundConsultation
 INFO [main] (HelperClass.java:460) - in scrollandClick
 INFO [main] (ActionEngine.java:1739) -  Able to get TscreenShot
 Able to get TscreenShot
</system-out>
  </testcase>
  <testcase name="TC30_Add_Image_Slider" classname="com.desktopWeb.scripts.tools.TC_30_Add_Image_Slider" time="803.701">
    <failure message="Step AssertText  Failed with description imagetitle is not present in the element  expected [true] but found [false]" type="java.lang.AssertionError">java.lang.AssertionError: Step AssertText  Failed with description imagetitle is not present in the element  expected [true] but found [false]
	at org.testng.Assert.fail(Assert.java:94)
	at org.testng.Assert.failNotEquals(Assert.java:494)
	at org.testng.Assert.assertTrue(Assert.java:42)
	at com.ctaf.support.HtmlReportSupport.onFailure(HtmlReportSupport.java:778)
	at com.ctaf.utilities.Reporter.failureReport(Reporter.java:91)
	at com.ctaf.accelerators.ActionEngine.assertText(ActionEngine.java:1392)
	at com.desktopWeb.workflows.HelperClass.addImageSlider(HelperClass.java:1615)
	at com.desktopWeb.scripts.tools.TC_30_Add_Image_Slider.TC30_Add_Image_Slider(TC_30_Add_Image_Slider.java:27)
</failure>
    <system-out><![CDATA[TC12_HelpmeFindCons_CommunityUser-11_Feb_2017 04 57 33 226;Time :127
 INFO [main] (TestEngine.java:507) - Current Test : TC30_Add_Image_Slider
 INFO [main] (HelperClass.java:182) - in login
 INFO [main] (ActionEngine.java:107) - Successfully click on Menu
 INFO [main] (ActionEngine.java:107) - Successfully click on Click on Menu/Login
 INFO [main] (ActionEngine.java:395) - Type  autosm2017@gmail.com in Email address
 INFO [main] (ActionEngine.java:395) - Type  Automation2017 in Password
 INFO [main] (ActionEngine.java:107) - Successfully click on Login button
 INFO [main] (ActionEngine.java:107) - Successfully click on Dashboard
 INFO [main] (ActionEngine.java:107) - Successfully click on Dashboard/Project
 INFO [main] (ActionEngine.java:107) - Successfully click on Launch New Project
 INFO [main] (HelperClass.java:609) - in getRandomString
 INFO [main] (ActionEngine.java:395) - Type  Automation Project - PEok in Project Name
 INFO [main] (ActionEngine.java:395) - Type  New Automation Project in Project Description
 INFO [main] (ActionEngine.java:107) - Successfully click on Next Button
 INFO [main] (HelperClass.java:460) - in scrollandClick
 INFO [main] (ActionEngine.java:894) - Select Department of Education & Training from Project Department
 INFO [main] (ActionEngine.java:894) - Select Public from Project Type
 INFO [main] (ActionEngine.java:894) - Select Active from Project Status
 INFO [main] (HelperClass.java:509) - in clickTo
 INFO [main] (HelperClass.java:514) - Successfully Click on By.xpath: //div[@class='ccm-file-selector-choose-new']
 INFO [main] (ActionEngine.java:107) - Successfully click on Select project image
 INFO [main] (HelperClass.java:509) - in clickTo
 INFO [main] (HelperClass.java:514) - Successfully Click on By.xpath: //div[6]/div/fieldset/div[1]/ul/li[1]/span/span[2]
 INFO [main] (HelperClass.java:509) - in clickTo
 INFO [main] (HelperClass.java:514) - Successfully Click on By.xpath: //div[7]/div/fieldset/div[1]/ul/li[1]/span/span[2]
 INFO [main] (HelperClass.java:509) - in clickTo
 INFO [main] (HelperClass.java:514) - Successfully Click on By.xpath: //label/input[@value='1']
 INFO [main] (HelperClass.java:509) - in clickTo
 INFO [main] (HelperClass.java:514) - Successfully Click on By.xpath: //div[contains(@data-file-selector, 'ccm-file-akID-35')]/div[@class='ccm-file-selector-choose-new']
 INFO [main] (ActionEngine.java:107) - Successfully click on Select Project logo
 INFO [main] (ActionEngine.java:107) - Successfully click on Anothter Partnership
 INFO [main] (ActionEngine.java:107) - Successfully click on Next Button
 INFO [main] (ActionEngine.java:395) - Type  autoconmanager in Project user name
 INFO [main] (ActionEngine.java:107) - Successfully click on User
 INFO [main] (ActionEngine.java:894) - Select Consultation Manager from User Role
 INFO [main] (ActionEngine.java:395) - Type  autoprauthor in Project user name
 INFO [main] (ActionEngine.java:107) - Successfully click on User
 INFO [main] (ActionEngine.java:894) - Select Project Author from User Role
 INFO [main] (ActionEngine.java:107) - Successfully click on Launch Project
 INFO [main] (ActionEngine.java:2397) - Page Draft popup is displaying
 INFO [main] (ActionEngine.java:107) - Successfully click on Submit for approval
 INFO [main] (HelperClass.java:720) - in navigateToTools
 INFO [main] (ActionEngine.java:107) - Successfully click on Tools
 INFO [main] (HelperClass.java:494) - in scrollTo
 INFO [main] (HelperClass.java:500) - Successfully scroll on By.xpath: //a[text()='Home']
 INFO [main] (ActionEngine.java:107) - Successfully click on Add Item
 INFO [main] (ActionEngine.java:395) - Type  imagetitle in Image Title
 INFO [main] (ActionEngine.java:107) - Successfully click on Select Image
 INFO [main] (ActionEngine.java:107) - Successfully click on Select first image
 INFO [main] (ActionEngine.java:107) - Successfully click on Add
 INFO [main] (ActionEngine.java:107) - Successfully click on Add
 INFO [main] (ActionEngine.java:107) - Successfully click on Save Page
 INFO [main] (HelperClass.java:2360) - in workflow
 INFO [main] (HelperClass.java:2384) - in sumbitWorkflow
 INFO [main] (ActionEngine.java:395) - Type  Added Image on page in Version Comment
 INFO [main] (ActionEngine.java:107) - Successfully click on Submit to Change
 INFO [main] (ActionEngine.java:2397) - Image Slider is displaying
 INFO [main] (ActionEngine.java:1739) -  Able to get TscreenShot
 Able to get TscreenShot
 INFO [main] (ActionEngine.java:1739) -  Able to get TscreenShot
 Able to get TscreenShot
 INFO [main] (ActionEngine.java:1739) -  Able to get TscreenShot
 Able to get TscreenShot
]]></system-out>
  </testcase>
  <testcase name="TC80_Verify_Site_Sub_Page_Mobile_Preview" classname="com.desktopWeb.scripts.page.TC_80_Verify_Site_Sub_Page_Mobile_Preview" time="258.475">
    <failure message="Step TC80_Verify_Site_Sub_Page_Mobile_Preview Failed with description Failed expected [true] but found [false]" type="java.lang.AssertionError">java.lang.AssertionError: Step TC80_Verify_Site_Sub_Page_Mobile_Preview Failed with description Failed expected [true] but found [false]
	at org.testng.Assert.fail(Assert.java:94)
	at org.testng.Assert.failNotEquals(Assert.java:494)
	at org.testng.Assert.assertTrue(Assert.java:42)
	at com.ctaf.support.HtmlReportSupport.onFailure(HtmlReportSupport.java:778)
	at com.ctaf.utilities.Reporter.failureReport(Reporter.java:91)
	at com.desktopWeb.scripts.page.TC_80_Verify_Site_Sub_Page_Mobile_Preview.TC80_Verify_Site_Sub_Page_Mobile_Preview(TC_80_Verify_Site_Sub_Page_Mobile_Preview.java:27)
</failure>
    <system-out>TC30_Add_Image_Slider-11_Feb_2017 04 59 41 749;Time :862
 INFO [main] (TestEngine.java:507) - Current Test : TC80_Verify_Site_Sub_Page_Mobile_Preview
 INFO [main] (HelperClass.java:182) - in login
 INFO [main] (ActionEngine.java:107) - Successfully click on Menu
 INFO [main] (ActionEngine.java:107) - Successfully click on Click on Menu/Login
 INFO [main] (ActionEngine.java:395) - Type  autosm2017@gmail.com in Email address
 INFO [main] (ActionEngine.java:395) - Type  Automation2017 in Password
 INFO [main] (ActionEngine.java:107) - Successfully click on Login button
 INFO [main] (HelperClass.java:740) - in navigateToSiteSubPage
 INFO [main] (ActionEngine.java:107) - Successfully click on Page
 INFO [main] (ActionEngine.java:1739) -  Able to get TscreenShot
 Able to get TscreenShot
</system-out>
  </testcase>
  <testcase name="TC111_Verify_DashBoard_Sitemap_Links" classname="com.desktopWeb.scripts.dashboard.TC_111_Verify_DashBoard_Sitemap_Links" time="1,529.589"/>
  <testcase name="TC125_WCCP_450_Verify_View_Project_En" classname="com.desktopWeb.scripts.sprint1.TC_125_WCCP_450_Verify_View_Project_En" time="152.926"/>
  <testcase name="TC181_WCCP_408_En_Launch_Project" classname="com.desktopWeb.scripts.sprint2.TC_181_WCCP_408_En_Launch_Project" time="549.602">
    <failure message="Step TC181_WCCP_408_En_Launch_Project Failed with description Failed expected [true] but found [false]" type="java.lang.AssertionError">java.lang.AssertionError: Step TC181_WCCP_408_En_Launch_Project Failed with description Failed expected [true] but found [false]
	at org.testng.Assert.fail(Assert.java:94)
	at org.testng.Assert.failNotEquals(Assert.java:494)
	at org.testng.Assert.assertTrue(Assert.java:42)
	at com.ctaf.support.HtmlReportSupport.onFailure(HtmlReportSupport.java:778)
	at com.ctaf.utilities.Reporter.failureReport(Reporter.java:91)
	at com.desktopWeb.scripts.sprint2.TC_181_WCCP_408_En_Launch_Project.TC181_WCCP_408_En_Launch_Project(TC_181_WCCP_408_En_Launch_Project.java:37)
</failure>
    <system-out><![CDATA[TC125_WCCP_450_Verify_View_Project_En-11_Feb_2017 05 46 17 038;Time :209
 INFO [main] (TestEngine.java:507) - Current Test : TC181_WCCP_408_En_Launch_Project
 INFO [main] (HelperClass.java:182) - in login
 INFO [main] (ActionEngine.java:107) - Successfully click on Menu
 INFO [main] (ActionEngine.java:107) - Successfully click on Click on Menu/Login
 INFO [main] (ActionEngine.java:395) - Type  autoenmanager@harvestdp.com in Email address
 INFO [main] (ActionEngine.java:395) - Type  Automation2017 in Password
 INFO [main] (ActionEngine.java:107) - Successfully click on Login button
 INFO [main] (ActionEngine.java:107) - Successfully click on Dashboard
 INFO [main] (ActionEngine.java:107) - Successfully click on Dashboard/Project
 INFO [main] (ActionEngine.java:107) - Successfully click on Launch New Project
 INFO [main] (HelperClass.java:609) - in getRandomString
 INFO [main] (ActionEngine.java:395) - Type  Automation Project - XbDj in Project Name
 INFO [main] (ActionEngine.java:395) - Type  New Automation Project in Project Description
 INFO [main] (ActionEngine.java:107) - Successfully click on Next Button
 INFO [main] (HelperClass.java:460) - in scrollandClick
 INFO [main] (ActionEngine.java:894) - Select Department of Economic Development, Jobs, Transport & Resources from Project Department
 INFO [main] (ActionEngine.java:894) - Select Public from Project Type
 INFO [main] (ActionEngine.java:894) - Select Active from Project Status
 INFO [main] (HelperClass.java:509) - in clickTo
 INFO [main] (HelperClass.java:514) - Successfully Click on By.xpath: //div[@class='ccm-file-selector-choose-new']
 INFO [main] (ActionEngine.java:107) - Successfully click on Select project image
 INFO [main] (HelperClass.java:509) - in clickTo
 INFO [main] (HelperClass.java:514) - Successfully Click on By.xpath: //div[6]/div/fieldset/div[1]/ul/li[1]/span/span[2]
 INFO [main] (HelperClass.java:509) - in clickTo
 INFO [main] (HelperClass.java:514) - Successfully Click on By.xpath: //div[7]/div/fieldset/div[1]/ul/li[1]/span/span[2]
 INFO [main] (HelperClass.java:509) - in clickTo
 INFO [main] (HelperClass.java:514) - Successfully Click on By.xpath: //label/input[@value='1']
 INFO [main] (HelperClass.java:509) - in clickTo
 INFO [main] (HelperClass.java:514) - Successfully Click on By.xpath: //div[contains(@data-file-selector, 'ccm-file-akID-35')]/div[@class='ccm-file-selector-choose-new']
 INFO [main] (ActionEngine.java:107) - Successfully click on Select Project logo
 INFO [main] (ActionEngine.java:107) - Successfully click on Anothter Partnership
 INFO [main] (ActionEngine.java:107) - Successfully click on Next Button
 INFO [main] (ActionEngine.java:395) - Type  autoconmanager in Project user name
 INFO [main] (ActionEngine.java:107) - Successfully click on User
 INFO [main] (ActionEngine.java:894) - Select Consultation Manager from User Role
 INFO [main] (ActionEngine.java:395) - Type  autoprauthor in Project user name
 INFO [main] (ActionEngine.java:107) - Successfully click on User
 INFO [main] (ActionEngine.java:894) - Select Project Author from User Role
 INFO [main] (ActionEngine.java:107) - Successfully click on Launch Project
 INFO [main] (ActionEngine.java:1739) -  Able to get TscreenShot
 Able to get TscreenShot
]]></system-out>
    <system-err><![CDATA[org.openqa.selenium.TimeoutException: Timed out after 40 seconds waiting for presence of element located by: By.xpath: //h3[text()='Page Draft.']
Build info: version: '2.53.1', revision: 'a36b8b1cd5757287168e54b817830adce9b0158d', time: '2016-06-30 19:26:09'
System info: host: 'HW1315', ip: '192.168.3.11', os.name: 'Windows 7', os.arch: 'amd64', os.version: '6.1', java.version: '1.8.0_111'
Driver info: org.openqa.selenium.firefox.FirefoxDriver
Capabilities [{applicationCacheEnabled=true, rotatable=false, handlesAlerts=true, databaseEnabled=true, version=46.0, platform=WINDOWS, nativeEvents=false, acceptSslCerts=true, webStorageEnabled=true, locationContextEnabled=true, browserName=firefox, takesScreenshot=true, javascriptEnabled=true, cssSelectorsEnabled=true}]
Session ID: ba9d6584-fd7f-472d-9360-d5d550e52c6b
	at org.openqa.selenium.support.ui.WebDriverWait.timeoutException(WebDriverWait.java:80)
	at org.openqa.selenium.support.ui.FluentWait.until(FluentWait.java:261)
	at com.ctaf.accelerators.ActionEngine.isElementDisplayed(ActionEngine.java:2389)
	at com.desktopWeb.workflows.HelperClass.createProject(HelperClass.java:2093)
	at com.desktopWeb.scripts.sprint2.TC_181_WCCP_408_En_Launch_Project.TC181_WCCP_408_En_Launch_Project(TC_181_WCCP_408_En_Launch_Project.java:31)
	at sun.reflect.NativeMethodAccessorImpl.invoke0(Native Method)
	at sun.reflect.NativeMethodAccessorImpl.invoke(Unknown Source)
	at sun.reflect.DelegatingMethodAccessorImpl.invoke(Unknown Source)
	at java.lang.reflect.Method.invoke(Unknown Source)
	at org.testng.internal.MethodInvocationHelper.invokeMethod(MethodInvocationHelper.java:80)
	at org.testng.internal.Invoker.invokeMethod(Invoker.java:714)
	at org.testng.internal.Invoker.invokeTestMethod(Invoker.java:901)
	at org.testng.internal.Invoker.invokeTestMethods(Invoker.java:1231)
	at org.testng.internal.TestMethodWorker.invokeTestMethods(TestMethodWorker.java:127)
	at org.testng.internal.TestMethodWorker.run(TestMethodWorker.java:111)
	at org.testng.TestRunner.privateRun(TestRunner.java:767)
	at org.testng.TestRunner.run(TestRunner.java:617)
	at org.testng.SuiteRunner.runTest(SuiteRunner.java:334)
	at org.testng.SuiteRunner.runSequentially(SuiteRunner.java:329)
	at org.testng.SuiteRunner.privateRun(SuiteRunner.java:291)
	at org.testng.SuiteRunner.run(SuiteRunner.java:240)
	at org.testng.SuiteRunnerWorker.runSuite(SuiteRunnerWorker.java:52)
	at org.testng.SuiteRunnerWorker.run(SuiteRunnerWorker.java:86)
	at org.testng.TestNG.runSuitesSequentially(TestNG.java:1198)
	at org.testng.TestNG.runSuitesLocally(TestNG.java:1123)
	at org.testng.TestNG.run(TestNG.java:1031)
	at org.apache.maven.surefire.testng.TestNGExecutor.run(TestNGExecutor.java:178)
	at org.apache.maven.surefire.testng.TestNGXmlTestSuite.execute(TestNGXmlTestSuite.java:92)
	at org.apache.maven.surefire.testng.TestNGProvider.invoke(TestNGProvider.java:96)
	at sun.reflect.NativeMethodAccessorImpl.invoke0(Native Method)
	at sun.reflect.NativeMethodAccessorImpl.invoke(Unknown Source)
	at sun.reflect.DelegatingMethodAccessorImpl.invoke(Unknown Source)
	at java.lang.reflect.Method.invoke(Unknown Source)
	at org.apache.maven.surefire.util.ReflectionUtils.invokeMethodWithArray2(ReflectionUtils.java:208)
	at org.apache.maven.surefire.booter.ProviderFactory$ProviderProxy.invoke(ProviderFactory.java:159)
	at org.apache.maven.surefire.booter.ProviderFactory.invokeProvider(ProviderFactory.java:87)
	at org.apache.maven.surefire.booter.ForkedBooter.runSuitesInProcess(ForkedBooter.java:153)
	at org.apache.maven.surefire.booter.ForkedBooter.main(ForkedBooter.java:95)
Caused by: org.openqa.selenium.NoSuchElementException: Unable to locate element: {"method":"xpath","selector":"//h3[text()='Page Draft.']"}
Command duration or timeout: 45.06 seconds
For documentation on this error, please visit: http://seleniumhq.org/exceptions/no_such_element.html
Build info: version: '2.53.1', revision: 'a36b8b1cd5757287168e54b817830adce9b0158d', time: '2016-06-30 19:26:09'
System info: host: 'HW1315', ip: '192.168.3.11', os.name: 'Windows 7', os.arch: 'amd64', os.version: '6.1', java.version: '1.8.0_111'
Driver info: org.openqa.selenium.firefox.FirefoxDriver
Capabilities [{applicationCacheEnabled=true, rotatable=false, handlesAlerts=true, databaseEnabled=true, version=46.0, platform=WINDOWS, nativeEvents=false, acceptSslCerts=true, webStorageEnabled=true, locationContextEnabled=true, browserName=firefox, takesScreenshot=true, javascriptEnabled=true, cssSelectorsEnabled=true}]
Session ID: ba9d6584-fd7f-472d-9360-d5d550e52c6b
*** Element info: {Using=xpath, value=//h3[text()='Page Draft.']}
	at sun.reflect.GeneratedConstructorAccessor103.newInstance(Unknown Source)
	at sun.reflect.DelegatingConstructorAccessorImpl.newInstance(Unknown Source)
	at java.lang.reflect.Constructor.newInstance(Unknown Source)
	at org.openqa.selenium.remote.ErrorHandler.createThrowable(ErrorHandler.java:206)
	at org.openqa.selenium.remote.ErrorHandler.throwIfResponseFailed(ErrorHandler.java:158)
	at org.openqa.selenium.remote.RemoteWebDriver.execute(RemoteWebDriver.java:678)
	at org.openqa.selenium.remote.RemoteWebDriver.findElement(RemoteWebDriver.java:363)
	at org.openqa.selenium.remote.RemoteWebDriver.findElementByXPath(RemoteWebDriver.java:500)
	at org.openqa.selenium.By$ByXPath.findElement(By.java:361)
	at org.openqa.selenium.remote.RemoteWebDriver.findElement(RemoteWebDriver.java:355)
	at org.openqa.selenium.support.ui.ExpectedConditions.findElement(ExpectedConditions.java:899)
	at org.openqa.selenium.support.ui.ExpectedConditions.access$000(ExpectedConditions.java:41)
	at org.openqa.selenium.support.ui.ExpectedConditions$6.apply(ExpectedConditions.java:181)
	at org.openqa.selenium.support.ui.ExpectedConditions$6.apply(ExpectedConditions.java:178)
	at org.openqa.selenium.support.ui.FluentWait.until(FluentWait.java:238)
	... 36 more
Caused by: org.openqa.selenium.NoSuchElementException: Unable to locate element: {"method":"xpath","selector":"//h3[text()='Page Draft.']"}
For documentation on this error, please visit: http://seleniumhq.org/exceptions/no_such_element.html
Build info: version: '2.53.1', revision: 'a36b8b1cd5757287168e54b817830adce9b0158d', time: '2016-06-30 19:26:09'
System info: host: 'HW1315', ip: '192.168.3.11', os.name: 'Windows 7', os.arch: 'amd64', os.version: '6.1', java.version: '1.8.0_111'
Driver info: driver.version: unknown
	at <anonymous class>.FirefoxDriver.prototype.findElementInternal_(file:///C:/Users/E002917/AppData/Local/Temp/anonymous2664145490971055872webdriver-profile/extensions/fxdriver@googlecode.com/components/driver-component.js:10770)
	at <anonymous class>.fxdriver.Timer.prototype.setTimeout/<.notify(file:///C:/Users/E002917/AppData/Local/Temp/anonymous2664145490971055872webdriver-profile/extensions/fxdriver@googlecode.com/components/driver-component.js:625)
]]></system-err>
  </testcase>
  <testcase name="TC13_HelpmeFindCons_GuestUser" classname="com.desktopWeb.scripts.common.TC_13_HelpmeFindCons_GuestUser" time="52.542"/>
  <testcase name="TC31_Add_Video" classname="com.desktopWeb.scripts.tools.TC_31_Add_Video" time="295.515">
    <failure message="Step Select  Failed with description Automation Project is Not Select from the DropDown Project Department expected [true] but found [false]" type="java.lang.AssertionError">java.lang.AssertionError: Step Select  Failed with description Automation Project is Not Select from the DropDown Project Department expected [true] but found [false]
	at org.testng.Assert.fail(Assert.java:94)
	at org.testng.Assert.failNotEquals(Assert.java:494)
	at org.testng.Assert.assertTrue(Assert.java:42)
	at com.ctaf.support.HtmlReportSupport.onFailure(HtmlReportSupport.java:778)
	at com.ctaf.utilities.Reporter.failureReport(Reporter.java:91)
	at com.ctaf.accelerators.ActionEngine.selectByVisibleText(ActionEngine.java:907)
	at com.desktopWeb.workflows.HelperClass.createProject(HelperClass.java:2059)
	at com.desktopWeb.scripts.tools.TC_31_Add_Video.TC31_Add_Video(TC_31_Add_Video.java:26)
</failure>
    <system-out>TC13_HelpmeFindCons_GuestUser-11_Feb_2017 06 00 09 474;Time :106
 INFO [main] (TestEngine.java:507) - Current Test : TC31_Add_Video
 INFO [main] (HelperClass.java:182) - in login
 INFO [main] (ActionEngine.java:107) - Successfully click on Menu
 INFO [main] (ActionEngine.java:107) - Successfully click on Click on Menu/Login
 INFO [main] (ActionEngine.java:395) - Type  autosm2017@gmail.com in Email address
 INFO [main] (ActionEngine.java:395) - Type  Automation2017 in Password
 INFO [main] (ActionEngine.java:107) - Successfully click on Login button
 INFO [main] (ActionEngine.java:107) - Successfully click on Dashboard
 INFO [main] (ActionEngine.java:107) - Successfully click on Dashboard/Project
 INFO [main] (ActionEngine.java:107) - Successfully click on Launch New Project
 INFO [main] (HelperClass.java:609) - in getRandomString
 INFO [main] (ActionEngine.java:395) - Type  YouTube - iiBa in Project Name
 INFO [main] (ActionEngine.java:395) - Type  http://youtu.be/hu3IfIwSjgM in Project Description
 INFO [main] (ActionEngine.java:107) - Successfully click on Next Button
 INFO [main] (HelperClass.java:460) - in scrollandClick
 INFO [main] (ActionEngine.java:894) - Select Automation Project from Project Department
 INFO [main] (ActionEngine.java:1739) -  Able to get TscreenShot
 Able to get TscreenShot
</system-out>
  </testcase>
  <testcase name="TC81_Verify_Site_Sub_Page_Delete" classname="com.desktopWeb.scripts.page.TC_81_Verify_Site_Sub_Page_Delete" time="271.211">
    <failure message="Step TC81_Verify_Site_Sub_Page_Delete Failed with description Failed expected [true] but found [false]" type="java.lang.AssertionError">java.lang.AssertionError: Step TC81_Verify_Site_Sub_Page_Delete Failed with description Failed expected [true] but found [false]
	at org.testng.Assert.fail(Assert.java:94)
	at org.testng.Assert.failNotEquals(Assert.java:494)
	at org.testng.Assert.assertTrue(Assert.java:42)
	at com.ctaf.support.HtmlReportSupport.onFailure(HtmlReportSupport.java:778)
	at com.ctaf.utilities.Reporter.failureReport(Reporter.java:91)
	at com.desktopWeb.scripts.page.TC_81_Verify_Site_Sub_Page_Delete.TC81_Verify_Site_Sub_Page_Delete(TC_81_Verify_Site_Sub_Page_Delete.java:27)
</failure>
    <system-out>TC31_Add_Video-11_Feb_2017 06 01 57 094;Time :350
 INFO [main] (TestEngine.java:507) - Current Test : TC81_Verify_Site_Sub_Page_Delete
 INFO [main] (HelperClass.java:182) - in login
 INFO [main] (ActionEngine.java:107) - Successfully click on Menu
 INFO [main] (ActionEngine.java:107) - Successfully click on Click on Menu/Login
 INFO [main] (ActionEngine.java:395) - Type  autosm2017@gmail.com in Email address
 INFO [main] (ActionEngine.java:395) - Type  Automation2017 in Password
 INFO [main] (ActionEngine.java:107) - Successfully click on Login button
 INFO [main] (HelperClass.java:740) - in navigateToSiteSubPage
 INFO [main] (ActionEngine.java:107) - Successfully click on Page
 INFO [main] (ActionEngine.java:107) - Successfully click on More
 INFO [main] (ActionEngine.java:1739) -  Able to get TscreenShot
 Able to get TscreenShot
</system-out>
  </testcase>
  <testcase name="TC112_Verify_DashBoard_HiveSetting_Moderation_Method_Add_Delete" classname="com.desktopWeb.scripts.dashboard.TC_112_Verify_DashBoard_HiveSetting_Moderation_Method_Add_Delete" time="107.587"/>
  <testcase name="TC126_Verify_Project_Sub_Page_Version_NewPage_Cm" classname="com.desktopWeb.scripts.sprint1.TC_126_Verify_Project_Sub_Page_Version_NewPage_Cm" time="464.277">
    <failure message="Step TC126_Verify_Project_Sub_Page_Version_NewPage_Cm Failed with description Failed expected [true] but found [false]" type="java.lang.AssertionError">java.lang.AssertionError: Step TC126_Verify_Project_Sub_Page_Version_NewPage_Cm Failed with description Failed expected [true] but found [false]
	at org.testng.Assert.fail(Assert.java:94)
	at org.testng.Assert.failNotEquals(Assert.java:494)
	at org.testng.Assert.assertTrue(Assert.java:42)
	at com.ctaf.support.HtmlReportSupport.onFailure(HtmlReportSupport.java:778)
	at com.ctaf.utilities.Reporter.failureReport(Reporter.java:91)
	at com.desktopWeb.scripts.sprint1.TC_126_Verify_Project_Sub_Page_Version_NewPage_Cm.TC126_Verify_Project_Sub_Page_Version_NewPage_Cm(TC_126_Verify_Project_Sub_Page_Version_NewPage_Cm.java:31)
</failure>
    <system-out>TC112_Verify_DashBoard_HiveSetting_Moderation_Method_Add_Delete-11_Feb_2017 06 13 37 764;Time :171
 INFO [main] (TestEngine.java:507) - Current Test : TC126_Verify_Project_Sub_Page_Version_NewPage_Cm
 INFO [main] (HelperClass.java:182) - in login
 INFO [main] (ActionEngine.java:107) - Successfully click on Menu
 INFO [main] (ActionEngine.java:107) - Successfully click on Click on Menu/Login
 INFO [main] (ActionEngine.java:395) - Type  autoconmanager@harvestdp.com in Email address
 INFO [main] (ActionEngine.java:395) - Type  Automation2017 in Password
 INFO [main] (ActionEngine.java:107) - Successfully click on Login button
 INFO [main] (HelperClass.java:733) - in navigateToProjectSubPage
 INFO [main] (ActionEngine.java:107) - Successfully click on Page
 INFO [main] (ActionEngine.java:107) - Successfully click on Project Sub Page
 INFO [main] (HelperClass.java:609) - in getRandomString
 INFO [main] (ActionEngine.java:107) - Successfully click on Details
 INFO [main] (ActionEngine.java:395) - Type  Testing Version New Page - XogQ in Project Name
 INFO [main] (ActionEngine.java:107) - Successfully click on Submit
 INFO [main] (ActionEngine.java:107) - Successfully click on Save Page
 INFO [main] (HelperClass.java:2360) - in workflow
 INFO [main] (HelperClass.java:2384) - in sumbitWorkflow
 INFO [main] (ActionEngine.java:395) - Type  Testing in Version Comment
 INFO [main] (ActionEngine.java:107) - Successfully click on Submit to Change
 INFO [main] (HelperClass.java:713) - in navigateToSetting
 INFO [main] (ActionEngine.java:107) - Successfully click on Settings
 INFO [main] (ActionEngine.java:107) - Successfully click on Version
 INFO [main] (ActionEngine.java:1739) -  Able to get TscreenShot
 Able to get TscreenShot
</system-out>
  </testcase>
  <testcase name="TC182_WCCP_408_En_Manage_ProjectUser" classname="com.desktopWeb.scripts.sprint2.TC_182_WCCP_408_En_Manage_ProjectUser" time="691.565"/>
  <testcase name="TC14_Signup_from_Menu_Footer" classname="com.desktopWeb.scripts.common.TC_14_Signup_from_Menu_Footer" time="82.837"/>
  <testcase name="TC32_Add_Swipe" classname="com.desktopWeb.scripts.tools.TC_32_Add_Swipe" time="812.939"/>
  <testcase name="TC82_Verify_Site_Sub_Page_Version_Approve" classname="com.desktopWeb.scripts.page.TC_82_Verify_Site_Sub_Page_Version_Approve" time="274.282">
    <failure message="Step TC82_Verify_Site_Sub_Page_Version_Approve Failed with description Failed expected [true] but found [false]" type="java.lang.AssertionError">java.lang.AssertionError: Step TC82_Verify_Site_Sub_Page_Version_Approve Failed with description Failed expected [true] but found [false]
	at org.testng.Assert.fail(Assert.java:94)
	at org.testng.Assert.failNotEquals(Assert.java:494)
	at org.testng.Assert.assertTrue(Assert.java:42)
	at com.ctaf.support.HtmlReportSupport.onFailure(HtmlReportSupport.java:778)
	at com.ctaf.utilities.Reporter.failureReport(Reporter.java:91)
	at com.desktopWeb.scripts.page.TC_82_Verify_Site_Sub_Page_Version_Approve.TC82_Verify_Site_Sub_Page_Version_Approve(TC_82_Verify_Site_Sub_Page_Version_Approve.java:28)
</failure>
    <system-out>TC32_Add_Swipe-11_Feb_2017 06 40 08 868;Time :867
 INFO [main] (TestEngine.java:507) - Current Test : TC82_Verify_Site_Sub_Page_Version_Approve
 INFO [main] (HelperClass.java:182) - in login
 INFO [main] (ActionEngine.java:107) - Successfully click on Menu
 INFO [main] (ActionEngine.java:107) - Successfully click on Click on Menu/Login
 INFO [main] (ActionEngine.java:395) - Type  autosm2017@gmail.com in Email address
 INFO [main] (ActionEngine.java:395) - Type  Automation2017 in Password
 INFO [main] (ActionEngine.java:107) - Successfully click on Login button
 INFO [main] (HelperClass.java:740) - in navigateToSiteSubPage
 INFO [main] (ActionEngine.java:107) - Successfully click on Page
 INFO [main] (ActionEngine.java:107) - Successfully click on More
 INFO [main] (ActionEngine.java:1739) -  Able to get TscreenShot
 Able to get TscreenShot
</system-out>
  </testcase>
  <testcase name="TC113_Verify_DashBoard_Result_Form_OpenPage" classname="com.desktopWeb.scripts.dashboard.TC_113_Verify_DashBoard_Result_Form_OpenPage" time="235.507">
    <failure message="Step Click Failed with description Unable to click By.xpath: //a[text()=&apos;Home&apos;] expected [true] but found [false]" type="java.lang.AssertionError">java.lang.AssertionError: Step Click Failed with description Unable to click By.xpath: //a[text()='Home'] expected [true] but found [false]
	at org.testng.Assert.fail(Assert.java:94)
	at org.testng.Assert.failNotEquals(Assert.java:494)
	at org.testng.Assert.assertTrue(Assert.java:42)
	at com.ctaf.support.HtmlReportSupport.onFailure(HtmlReportSupport.java:778)
	at com.ctaf.utilities.Reporter.failureReport(Reporter.java:91)
	at com.desktopWeb.workflows.HelperClass.scrollandClick(HelperClass.java:476)
	at com.desktopWeb.workflows.HelperClass.clickOnBreadcrumbs(HelperClass.java:156)
	at com.desktopWeb.workflows.HelperClass.verifyContactUs(HelperClass.java:647)
	at com.desktopWeb.scripts.dashboard.TC_113_Verify_DashBoard_Result_Form_OpenPage.TC113_Verify_DashBoard_Result_Form_OpenPage(TC_113_Verify_DashBoard_Result_Form_OpenPage.java:24)
</failure>
    <system-out>TC82_Verify_Site_Sub_Page_Version_Approve-11_Feb_2017 06 54 37 332;Time :322
 INFO [main] (TestEngine.java:507) - Current Test : TC113_Verify_DashBoard_Result_Form_OpenPage
 INFO [main] (HelperClass.java:182) - in login
 INFO [main] (ActionEngine.java:107) - Successfully click on Menu
 INFO [main] (ActionEngine.java:107) - Successfully click on Click on Menu/Login
 INFO [main] (ActionEngine.java:395) - Type  autosm2017@gmail.com in Email address
 INFO [main] (ActionEngine.java:395) - Type  Automation2017 in Password
 INFO [main] (ActionEngine.java:107) - Successfully click on Login button
 INFO [main] (HelperClass.java:620) - in verifyContactUs
 INFO [main] (HelperClass.java:609) - in getRandomString
 INFO [main] (HelperClass.java:609) - in getRandomString
 INFO [main] (HelperClass.java:609) - in getRandomString
 INFO [main] (HelperClass.java:651) - in randomNumber
 INFO [main] (ActionEngine.java:107) - Successfully click on Dashboard
 INFO [main] (ActionEngine.java:107) - Successfully click on Dashboard/Reports
 INFO [main] (ActionEngine.java:107) - Successfully click on Reports/Form
 INFO [main] (ActionEngine.java:107) - Successfully click on Open Page
 INFO [main] (ActionEngine.java:395) - Type  Heijodh in Name
 INFO [main] (ActionEngine.java:395) - Type  autosm2017@gmail.com in Email Id
 INFO [main] (ActionEngine.java:395) - Type  fuWignckHMgj in Organisation
 INFO [main] (ActionEngine.java:395) - Type  FfHOneDDBZz in Comment
 INFO [main] (ActionEngine.java:107) - Successfully click on Checkbox for Accept Privacy
 INFO [main] (ActionEngine.java:107) - Successfully click on Submit Button
 INFO [main] (ActionEngine.java:2397) - Success message is displaying
 INFO [main] (HelperClass.java:154) - in clickOnBreadcrumbs
 INFO [main] (HelperClass.java:460) - in scrollandClick
 INFO [main] (ActionEngine.java:1739) -  Able to get TscreenShot
 Able to get TscreenShot
</system-out>
  </testcase>
  <testcase name="TC127_Detail_Project_Sub_Page_Project_Cm" classname="com.desktopWeb.scripts.sprint1.TC_127_Detail_Project_Sub_Page_Project_Cm" time="254.523">
    <failure message="Step TC127_Detail_Project_Sub_Page_Project_Cm Failed with description Failed expected [true] but found [false]" type="java.lang.AssertionError">java.lang.AssertionError: Step TC127_Detail_Project_Sub_Page_Project_Cm Failed with description Failed expected [true] but found [false]
	at org.testng.Assert.fail(Assert.java:94)
	at org.testng.Assert.failNotEquals(Assert.java:494)
	at org.testng.Assert.assertTrue(Assert.java:42)
	at com.ctaf.support.HtmlReportSupport.onFailure(HtmlReportSupport.java:778)
	at com.ctaf.utilities.Reporter.failureReport(Reporter.java:91)
	at com.desktopWeb.scripts.sprint1.TC_127_Detail_Project_Sub_Page_Project_Cm.TC127_Detail_Project_Sub_Page_Project_Cm(TC_127_Detail_Project_Sub_Page_Project_Cm.java:29)
</failure>
    <system-out>TC113_Verify_DashBoard_Result_Form_OpenPage-11_Feb_2017 07 00 01 325;Time :308
 INFO [main] (TestEngine.java:507) - Current Test : TC127_Detail_Project_Sub_Page_Project_Cm
 INFO [main] (HelperClass.java:182) - in login
 INFO [main] (ActionEngine.java:107) - Successfully click on Menu
 INFO [main] (ActionEngine.java:107) - Successfully click on Click on Menu/Login
 INFO [main] (ActionEngine.java:395) - Type  autoconmanager@harvestdp.com in Email address
 INFO [main] (ActionEngine.java:395) - Type  Automation2017 in Password
 INFO [main] (ActionEngine.java:107) - Successfully click on Login button
 INFO [main] (HelperClass.java:733) - in navigateToProjectSubPage
 INFO [main] (ActionEngine.java:107) - Successfully click on Page
 INFO [main] (ActionEngine.java:107) - Successfully click on Project Sub Page
 INFO [main] (HelperClass.java:609) - in getRandomString
 INFO [main] (ActionEngine.java:1739) -  Able to get TscreenShot
 Able to get TscreenShot
</system-out>
  </testcase>
  <testcase name="TC183_WCCP_408_Cm_Manage_ProjectUser" classname="com.desktopWeb.scripts.sprint2.TC_183_WCCP_408_Cm_Manage_ProjectUser" time="722.266"/>
  <testcase name="TC15_CommonChecks_InvalidEmailIDPWD" classname="com.desktopWeb.scripts.common.TC_15_CommonChecks_InvalidEmailIDPWD" time="15.705"/>
  <testcase name="TC33_Add_Form" classname="com.desktopWeb.scripts.tools.TC_33_Add_Form" time="323.252">
    <failure message="Step Select  Failed with description New Automation Project is Not Select from the DropDown Project Department expected [true] but found [false]" type="java.lang.AssertionError">java.lang.AssertionError: Step Select  Failed with description New Automation Project is Not Select from the DropDown Project Department expected [true] but found [false]
	at org.testng.Assert.fail(Assert.java:94)
	at org.testng.Assert.failNotEquals(Assert.java:494)
	at org.testng.Assert.assertTrue(Assert.java:42)
	at com.ctaf.support.HtmlReportSupport.onFailure(HtmlReportSupport.java:778)
	at com.ctaf.utilities.Reporter.failureReport(Reporter.java:91)
	at com.ctaf.accelerators.ActionEngine.selectByVisibleText(ActionEngine.java:907)
	at com.desktopWeb.workflows.HelperClass.createProject(HelperClass.java:2059)
	at com.desktopWeb.scripts.tools.TC_33_Add_Form.TC33_Add_Form(TC_33_Add_Form.java:26)
</failure>
    <system-out>TC15_CommonChecks_InvalidEmailIDPWD-11_Feb_2017 07 23 14 244;Time :82
 INFO [main] (TestEngine.java:507) - Current Test : TC33_Add_Form
 INFO [main] (HelperClass.java:182) - in login
 INFO [main] (ActionEngine.java:107) - Successfully click on Menu
 INFO [main] (ActionEngine.java:107) - Successfully click on Click on Menu/Login
 INFO [main] (ActionEngine.java:395) - Type  autosm2017@gmail.com in Email address
 INFO [main] (ActionEngine.java:395) - Type  Automation2017 in Password
 INFO [main] (ActionEngine.java:107) - Successfully click on Login button
 INFO [main] (ActionEngine.java:107) - Successfully click on Dashboard
 INFO [main] (ActionEngine.java:107) - Successfully click on Dashboard/Project
 INFO [main] (ActionEngine.java:107) - Successfully click on Launch New Project
 INFO [main] (HelperClass.java:609) - in getRandomString
 INFO [main] (ActionEngine.java:395) - Type  Share your idea here.. - weZt in Project Name
 INFO [main] (ActionEngine.java:395) - Type  Automation Project in Project Description
 INFO [main] (ActionEngine.java:107) - Successfully click on Next Button
 INFO [main] (HelperClass.java:460) - in scrollandClick
 INFO [main] (ActionEngine.java:894) - Select New Automation Project from Project Department
 INFO [main] (ActionEngine.java:1739) -  Able to get TscreenShot
 Able to get TscreenShot
</system-out>
  </testcase>
  <testcase name="TC83_Design_Site_Sub_Page_Template" classname="com.desktopWeb.scripts.page.TC_83_Design_Site_Sub_Page_Template" time="283.187">
    <failure message="Step TC83_Design_Site_Sub_Page_Template Failed with description Failed expected [true] but found [false]" type="java.lang.AssertionError">java.lang.AssertionError: Step TC83_Design_Site_Sub_Page_Template Failed with description Failed expected [true] but found [false]
	at org.testng.Assert.fail(Assert.java:94)
	at org.testng.Assert.failNotEquals(Assert.java:494)
	at org.testng.Assert.assertTrue(Assert.java:42)
	at com.ctaf.support.HtmlReportSupport.onFailure(HtmlReportSupport.java:778)
	at com.ctaf.utilities.Reporter.failureReport(Reporter.java:91)
	at com.desktopWeb.scripts.page.TC_83_Design_Site_Sub_Page_Template.TC83_Design_Site_Sub_Page_Template(TC_83_Design_Site_Sub_Page_Template.java:30)
</failure>
    <system-out>TC33_Add_Form-11_Feb_2017 07 24 37 640;Time :395
 INFO [main] (TestEngine.java:507) - Current Test : TC83_Design_Site_Sub_Page_Template
 INFO [main] (HelperClass.java:182) - in login
 INFO [main] (ActionEngine.java:107) - Successfully click on Menu
 INFO [main] (ActionEngine.java:107) - Successfully click on Click on Menu/Login
 INFO [main] (ActionEngine.java:395) - Type  autosm2017@gmail.com in Email address
 INFO [main] (ActionEngine.java:395) - Type  Automation2017 in Password
 INFO [main] (ActionEngine.java:107) - Successfully click on Login button
 INFO [main] (HelperClass.java:740) - in navigateToSiteSubPage
 INFO [main] (ActionEngine.java:107) - Successfully click on Page
 INFO [main] (ActionEngine.java:107) - Successfully click on More
 INFO [main] (ActionEngine.java:1739) -  Able to get TscreenShot
 Able to get TscreenShot
</system-out>
  </testcase>
  <testcase name="TC95_Verify_Authoring_Dashboard_Options" classname="com.desktopWeb.scripts.dashboard.TC_95_Verify_Authoring_Dashboard_Options" time="64.356"/>
  <testcase name="TC128_Verify_Project_Sub_Page_Version_Duplicate_Cm" classname="com.desktopWeb.scripts.sprint1.TC_128_Verify_Project_Sub_Page_Version_Duplicate_Cm" time="491.648">
    <failure message="Step TC128_Verify_Project_Sub_Page_Version_Duplicate_Cm Failed with description Failed expected [true] but found [false]" type="java.lang.AssertionError">java.lang.AssertionError: Step TC128_Verify_Project_Sub_Page_Version_Duplicate_Cm Failed with description Failed expected [true] but found [false]
	at org.testng.Assert.fail(Assert.java:94)
	at org.testng.Assert.failNotEquals(Assert.java:494)
	at org.testng.Assert.assertTrue(Assert.java:42)
	at com.ctaf.support.HtmlReportSupport.onFailure(HtmlReportSupport.java:778)
	at com.ctaf.utilities.Reporter.failureReport(Reporter.java:91)
	at com.desktopWeb.scripts.sprint1.TC_128_Verify_Project_Sub_Page_Version_Duplicate_Cm.TC128_Verify_Project_Sub_Page_Version_Duplicate_Cm(TC_128_Verify_Project_Sub_Page_Version_Duplicate_Cm.java:32)
</failure>
    <system-out>TC95_Verify_Authoring_Dashboard_Options-11_Feb_2017 07 37 04 787;Time :178
 INFO [main] (TestEngine.java:507) - Current Test : TC128_Verify_Project_Sub_Page_Version_Duplicate_Cm
 INFO [main] (HelperClass.java:182) - in login
 INFO [main] (ActionEngine.java:107) - Successfully click on Menu
 INFO [main] (ActionEngine.java:107) - Successfully click on Click on Menu/Login
 INFO [main] (ActionEngine.java:395) - Type  autoconmanager@harvestdp.com in Email address
 INFO [main] (ActionEngine.java:395) - Type  Automation2017 in Password
 INFO [main] (ActionEngine.java:107) - Successfully click on Login button
 INFO [main] (HelperClass.java:733) - in navigateToProjectSubPage
 INFO [main] (ActionEngine.java:107) - Successfully click on Page
 INFO [main] (ActionEngine.java:107) - Successfully click on Project Sub Page
 INFO [main] (HelperClass.java:609) - in getRandomString
 INFO [main] (ActionEngine.java:107) - Successfully click on Details
 INFO [main] (ActionEngine.java:395) - Type  Testing Version Duplicate - WRQf in Project Name
 INFO [main] (ActionEngine.java:107) - Successfully click on Submit
 INFO [main] (ActionEngine.java:107) - Successfully click on Save Page
 INFO [main] (HelperClass.java:2360) - in workflow
 INFO [main] (HelperClass.java:2384) - in sumbitWorkflow
 INFO [main] (ActionEngine.java:395) - Type  Testing in Version Comment
 INFO [main] (ActionEngine.java:107) - Successfully click on Submit to Change
 INFO [main] (HelperClass.java:713) - in navigateToSetting
 INFO [main] (ActionEngine.java:107) - Successfully click on Settings
 INFO [main] (ActionEngine.java:107) - Successfully click on Version
 INFO [main] (ActionEngine.java:1739) -  Able to get TscreenShot
 Able to get TscreenShot
</system-out>
  </testcase>
  <testcase name="TC16_Contactus_SiteAdmin" classname="com.desktopWeb.scripts.common.TC_16_Contactus_SiteAdmin" time="71.76">
    <failure message="Step Click Failed with description Unable to click By.xpath: //a[@aria-label=&apos;navigation menu&apos;] expected [true] but found [false]" type="java.lang.AssertionError">java.lang.AssertionError: Step Click Failed with description Unable to click By.xpath: //a[@aria-label='navigation menu'] expected [true] but found [false]
	at org.testng.Assert.fail(Assert.java:94)
	at org.testng.Assert.failNotEquals(Assert.java:494)
	at org.testng.Assert.assertTrue(Assert.java:42)
	at com.ctaf.support.HtmlReportSupport.onFailure(HtmlReportSupport.java:778)
	at com.ctaf.utilities.Reporter.failureReport(Reporter.java:91)
	at com.desktopWeb.workflows.HelperClass.scrollandClick(HelperClass.java:476)
	at com.desktopWeb.workflows.HelperClass.verifyContactUs(HelperClass.java:628)
	at com.desktopWeb.scripts.common.TC_16_Contactus_SiteAdmin.TC16_Contactus_SiteAdmin(TC_16_Contactus_SiteAdmin.java:23)
</failure>
    <system-out>TC128_Verify_Project_Sub_Page_Version_Duplicate_Cm-11_Feb_2017 07 40 03 853;Time :546
 INFO [main] (TestEngine.java:507) - Current Test : TC16_Contactus_SiteAdmin
 INFO [main] (HelperClass.java:182) - in login
 INFO [main] (ActionEngine.java:107) - Successfully click on Menu
 INFO [main] (ActionEngine.java:107) - Successfully click on Click on Menu/Login
 INFO [main] (ActionEngine.java:395) - Type  autosm2017@gmail.com in Email address
 INFO [main] (ActionEngine.java:395) - Type  Automation2017 in Password
 INFO [main] (ActionEngine.java:107) - Successfully click on Login button
 INFO [main] (HelperClass.java:620) - in verifyContactUs
 INFO [main] (HelperClass.java:609) - in getRandomString
 INFO [main] (HelperClass.java:609) - in getRandomString
 INFO [main] (HelperClass.java:609) - in getRandomString
 INFO [main] (HelperClass.java:651) - in randomNumber
 INFO [main] (HelperClass.java:460) - in scrollandClick
 INFO [main] (ActionEngine.java:1739) -  Able to get TscreenShot
 Able to get TscreenShot
</system-out>
  </testcase>
  <testcase name="TC34_Add_Quick_Poll" classname="com.desktopWeb.scripts.tools.TC_34_Add_Quick_Poll" time="189.346">
    <failure message="Step Click Failed with description Unable to click By.xpath: //input[@id=&apos;projectTemplate1&apos;] expected [true] but found [false]" type="java.lang.AssertionError">java.lang.AssertionError: Step Click Failed with description Unable to click By.xpath: //input[@id='projectTemplate1'] expected [true] but found [false]
	at org.testng.Assert.fail(Assert.java:94)
	at org.testng.Assert.failNotEquals(Assert.java:494)
	at org.testng.Assert.assertTrue(Assert.java:42)
	at com.ctaf.support.HtmlReportSupport.onFailure(HtmlReportSupport.java:778)
	at com.ctaf.utilities.Reporter.failureReport(Reporter.java:91)
	at com.desktopWeb.workflows.HelperClass.scrollandClick(HelperClass.java:476)
	at com.desktopWeb.workflows.HelperClass.createProject(HelperClass.java:2058)
	at com.desktopWeb.scripts.tools.TC_34_Add_Quick_Poll.TC34_Add_Quick_Poll(TC_34_Add_Quick_Poll.java:26)
</failure>
    <system-out>TC16_Contactus_SiteAdmin-11_Feb_2017 07 49 11 683;Time :125
 INFO [main] (TestEngine.java:507) - Current Test : TC34_Add_Quick_Poll
 INFO [main] (HelperClass.java:182) - in login
 INFO [main] (ActionEngine.java:107) - Successfully click on Menu
 INFO [main] (ActionEngine.java:107) - Successfully click on Click on Menu/Login
 INFO [main] (ActionEngine.java:395) - Type  autosm2017@gmail.com in Email address
 INFO [main] (ActionEngine.java:395) - Type  Automation2017 in Password
 INFO [main] (ActionEngine.java:107) - Successfully click on Login button
 INFO [main] (ActionEngine.java:107) - Successfully click on Dashboard
 INFO [main] (ActionEngine.java:107) - Successfully click on Dashboard/Project
 INFO [main] (ActionEngine.java:107) - Successfully click on Launch New Project
 INFO [main] (HelperClass.java:609) - in getRandomString
 INFO [main] (ActionEngine.java:395) - Type  Automation Project - WnZx in Project Name
 INFO [main] (ActionEngine.java:395) - Type  New Automation Project in Project Description
 INFO [main] (ActionEngine.java:107) - Successfully click on Next Button
 INFO [main] (HelperClass.java:460) - in scrollandClick
 INFO [main] (ActionEngine.java:1739) -  Able to get TscreenShot
 Able to get TscreenShot
</system-out>
  </testcase>
  <testcase name="TC84_Detail_Site_Sub_Page_Project" classname="com.desktopWeb.scripts.page.TC_84_Detail_Site_Sub_Page_Project" time="265.142">
    <failure message="Step TC84_Detail_Site_Sub_Page_Project Failed with description Failed expected [true] but found [false]" type="java.lang.AssertionError">java.lang.AssertionError: Step TC84_Detail_Site_Sub_Page_Project Failed with description Failed expected [true] but found [false]
	at org.testng.Assert.fail(Assert.java:94)
	at org.testng.Assert.failNotEquals(Assert.java:494)
	at org.testng.Assert.assertTrue(Assert.java:42)
	at com.ctaf.support.HtmlReportSupport.onFailure(HtmlReportSupport.java:778)
	at com.ctaf.utilities.Reporter.failureReport(Reporter.java:91)
	at com.desktopWeb.scripts.page.TC_84_Detail_Site_Sub_Page_Project.TC84_Detail_Site_Sub_Page_Project(TC_84_Detail_Site_Sub_Page_Project.java:32)
</failure>
    <system-out>TC34_Add_Quick_Poll-11_Feb_2017 07 51 18 006;Time :242
 INFO [main] (TestEngine.java:507) - Current Test : TC84_Detail_Site_Sub_Page_Project
 INFO [main] (HelperClass.java:182) - in login
 INFO [main] (ActionEngine.java:107) - Successfully click on Menu
 INFO [main] (ActionEngine.java:107) - Successfully click on Click on Menu/Login
 INFO [main] (ActionEngine.java:395) - Type  autosm2017@gmail.com in Email address
 INFO [main] (ActionEngine.java:395) - Type  Automation2017 in Password
 INFO [main] (ActionEngine.java:107) - Successfully click on Login button
 INFO [main] (HelperClass.java:740) - in navigateToSiteSubPage
 INFO [main] (ActionEngine.java:107) - Successfully click on Page
 INFO [main] (ActionEngine.java:107) - Successfully click on More
 INFO [main] (ActionEngine.java:1739) -  Able to get TscreenShot
 Able to get TscreenShot
</system-out>
  </testcase>
  <testcase name="TC96_Verify_Dashboard_Moderation_Awaiting_Approve" classname="com.desktopWeb.scripts.dashboard.TC_96_Verify_Dashboard_Moderation_Awaiting_Approve" time="157.972"/>
  <testcase name="TC129_Verify_Project_Sub_Page_Delete_Cm" classname="com.desktopWeb.scripts.sprint1.TC_129_Verify_Project_Sub_Page_Delete_Cm" time="223.045">
    <failure message="Step Click Failed with description Unable to click on Settings expected [true] but found [false]" type="java.lang.AssertionError">java.lang.AssertionError: Step Click Failed with description Unable to click on Settings expected [true] but found [false]
	at org.testng.Assert.fail(Assert.java:94)
	at org.testng.Assert.failNotEquals(Assert.java:494)
	at org.testng.Assert.assertTrue(Assert.java:42)
	at com.ctaf.support.HtmlReportSupport.onFailure(HtmlReportSupport.java:778)
	at com.ctaf.utilities.Reporter.failureReport(Reporter.java:91)
	at com.ctaf.accelerators.ActionEngine.click(ActionEngine.java:100)
	at com.desktopWeb.workflows.HelperClass.navigateToSetting(HelperClass.java:715)
	at com.desktopWeb.scripts.sprint1.TC_129_Verify_Project_Sub_Page_Delete_Cm.TC129_Verify_Project_Sub_Page_Delete_Cm(TC_129_Verify_Project_Sub_Page_Delete_Cm.java:25)
</failure>
    <system-out>TC96_Verify_Dashboard_Moderation_Awaiting_Approve-11_Feb_2017 08 00 37 470;Time :207
 INFO [main] (TestEngine.java:507) - Current Test : TC129_Verify_Project_Sub_Page_Delete_Cm
 INFO [main] (HelperClass.java:182) - in login
 INFO [main] (ActionEngine.java:107) - Successfully click on Menu
 INFO [main] (ActionEngine.java:107) - Successfully click on Click on Menu/Login
 INFO [main] (ActionEngine.java:395) - Type  autoenmanager@harvestdp.com in Email address
 INFO [main] (ActionEngine.java:395) - Type  Automation2017 in Password
 INFO [main] (ActionEngine.java:107) - Successfully click on Login button
 INFO [main] (HelperClass.java:733) - in navigateToProjectSubPage
 INFO [main] (ActionEngine.java:107) - Successfully click on Page
 INFO [main] (ActionEngine.java:107) - Successfully click on Project Sub Page
 INFO [main] (HelperClass.java:609) - in getRandomString
 INFO [main] (HelperClass.java:609) - in getRandomString
 INFO [main] (ActionEngine.java:107) - Successfully click on Details
 INFO [main] (ActionEngine.java:395) - Type  SubPage - UkUSmr - RZZm in Project Name
 INFO [main] (ActionEngine.java:107) - Successfully click on Submit
 INFO [main] (HelperClass.java:713) - in navigateToSetting
 INFO [main] (ActionEngine.java:1739) -  Able to get TscreenShot
 Able to get TscreenShot
</system-out>
    <system-err><![CDATA[org.openqa.selenium.WebDriverException: Element is not clickable at point (177, 32). Other element would receive the click: <div style="z-index: 1300;" class="ui-widget-overlay ui-front"></div>
Command duration or timeout: 109 milliseconds
Build info: version: '2.53.1', revision: 'a36b8b1cd5757287168e54b817830adce9b0158d', time: '2016-06-30 19:26:09'
System info: host: 'HW1315', ip: '192.168.3.11', os.name: 'Windows 7', os.arch: 'amd64', os.version: '6.1', java.version: '1.8.0_111'
Driver info: org.openqa.selenium.firefox.FirefoxDriver
Capabilities [{applicationCacheEnabled=true, rotatable=false, handlesAlerts=true, databaseEnabled=true, version=46.0, platform=WINDOWS, nativeEvents=false, acceptSslCerts=true, webStorageEnabled=true, locationContextEnabled=true, browserName=firefox, takesScreenshot=true, javascriptEnabled=true, cssSelectorsEnabled=true}]
Session ID: e1b9687c-14af-45d9-82fd-a8bd92fb535a
	at sun.reflect.NativeConstructorAccessorImpl.newInstance0(Native Method)
	at sun.reflect.NativeConstructorAccessorImpl.newInstance(Unknown Source)
	at sun.reflect.DelegatingConstructorAccessorImpl.newInstance(Unknown Source)
	at java.lang.reflect.Constructor.newInstance(Unknown Source)
	at org.openqa.selenium.remote.ErrorHandler.createThrowable(ErrorHandler.java:206)
	at org.openqa.selenium.remote.ErrorHandler.throwIfResponseFailed(ErrorHandler.java:158)
	at org.openqa.selenium.remote.RemoteWebDriver.execute(RemoteWebDriver.java:678)
	at org.openqa.selenium.remote.RemoteWebElement.execute(RemoteWebElement.java:327)
	at org.openqa.selenium.remote.RemoteWebElement.click(RemoteWebElement.java:85)
	at com.ctaf.accelerators.ActionEngine.click(ActionEngine.java:94)
	at com.desktopWeb.workflows.HelperClass.navigateToSetting(HelperClass.java:715)
	at com.desktopWeb.scripts.sprint1.TC_129_Verify_Project_Sub_Page_Delete_Cm.TC129_Verify_Project_Sub_Page_Delete_Cm(TC_129_Verify_Project_Sub_Page_Delete_Cm.java:25)
	at sun.reflect.NativeMethodAccessorImpl.invoke0(Native Method)
	at sun.reflect.NativeMethodAccessorImpl.invoke(Unknown Source)
	at sun.reflect.DelegatingMethodAccessorImpl.invoke(Unknown Source)
	at java.lang.reflect.Method.invoke(Unknown Source)
	at org.testng.internal.MethodInvocationHelper.invokeMethod(MethodInvocationHelper.java:80)
	at org.testng.internal.Invoker.invokeMethod(Invoker.java:714)
	at org.testng.internal.Invoker.invokeTestMethod(Invoker.java:901)
	at org.testng.internal.Invoker.invokeTestMethods(Invoker.java:1231)
	at org.testng.internal.TestMethodWorker.invokeTestMethods(TestMethodWorker.java:127)
	at org.testng.internal.TestMethodWorker.run(TestMethodWorker.java:111)
	at org.testng.TestRunner.privateRun(TestRunner.java:767)
	at org.testng.TestRunner.run(TestRunner.java:617)
	at org.testng.SuiteRunner.runTest(SuiteRunner.java:334)
	at org.testng.SuiteRunner.runSequentially(SuiteRunner.java:329)
	at org.testng.SuiteRunner.privateRun(SuiteRunner.java:291)
	at org.testng.SuiteRunner.run(SuiteRunner.java:240)
	at org.testng.SuiteRunnerWorker.runSuite(SuiteRunnerWorker.java:52)
	at org.testng.SuiteRunnerWorker.run(SuiteRunnerWorker.java:86)
	at org.testng.TestNG.runSuitesSequentially(TestNG.java:1198)
	at org.testng.TestNG.runSuitesLocally(TestNG.java:1123)
	at org.testng.TestNG.run(TestNG.java:1031)
	at org.apache.maven.surefire.testng.TestNGExecutor.run(TestNGExecutor.java:178)
	at org.apache.maven.surefire.testng.TestNGXmlTestSuite.execute(TestNGXmlTestSuite.java:92)
	at org.apache.maven.surefire.testng.TestNGProvider.invoke(TestNGProvider.java:96)
	at sun.reflect.NativeMethodAccessorImpl.invoke0(Native Method)
	at sun.reflect.NativeMethodAccessorImpl.invoke(Unknown Source)
	at sun.reflect.DelegatingMethodAccessorImpl.invoke(Unknown Source)
	at java.lang.reflect.Method.invoke(Unknown Source)
	at org.apache.maven.surefire.util.ReflectionUtils.invokeMethodWithArray2(ReflectionUtils.java:208)
	at org.apache.maven.surefire.booter.ProviderFactory$ProviderProxy.invoke(ProviderFactory.java:159)
	at org.apache.maven.surefire.booter.ProviderFactory.invokeProvider(ProviderFactory.java:87)
	at org.apache.maven.surefire.booter.ForkedBooter.runSuitesInProcess(ForkedBooter.java:153)
	at org.apache.maven.surefire.booter.ForkedBooter.main(ForkedBooter.java:95)
]]></system-err>
  </testcase>
  <testcase name="TC17_Contactus_CommunityUser" classname="com.desktopWeb.scripts.common.TC_17_Contactus_CommunityUser" time="45.921">
    <failure message="Step Click Failed with description Unable to click By.xpath: //a[@aria-label=&apos;navigation menu&apos;] expected [true] but found [false]" type="java.lang.AssertionError">java.lang.AssertionError: Step Click Failed with description Unable to click By.xpath: //a[@aria-label='navigation menu'] expected [true] but found [false]
	at org.testng.Assert.fail(Assert.java:94)
	at org.testng.Assert.failNotEquals(Assert.java:494)
	at org.testng.Assert.assertTrue(Assert.java:42)
	at com.ctaf.support.HtmlReportSupport.onFailure(HtmlReportSupport.java:778)
	at com.ctaf.utilities.Reporter.failureReport(Reporter.java:91)
	at com.desktopWeb.workflows.HelperClass.scrollandClick(HelperClass.java:476)
	at com.desktopWeb.workflows.HelperClass.verifyContactUs(HelperClass.java:628)
	at com.desktopWeb.scripts.common.TC_17_Contactus_CommunityUser.TC17_Contactus_CommunityUser(TC_17_Contactus_CommunityUser.java:23)
</failure>
    <system-out>TC129_Verify_Project_Sub_Page_Delete_Cm-11_Feb_2017 08 04 06 218;Time :305
 INFO [main] (TestEngine.java:507) - Current Test : TC17_Contactus_CommunityUser
 INFO [main] (HelperClass.java:182) - in login
 INFO [main] (ActionEngine.java:107) - Successfully click on Menu
 INFO [main] (ActionEngine.java:107) - Successfully click on Click on Menu/Login
 INFO [main] (ActionEngine.java:395) - Type  autosu2017@gmail.com in Email address
 INFO [main] (ActionEngine.java:395) - Type  Automation2017 in Password
 INFO [main] (ActionEngine.java:107) - Successfully click on Login button
 INFO [main] (HelperClass.java:620) - in verifyContactUs
 INFO [main] (HelperClass.java:609) - in getRandomString
 INFO [main] (HelperClass.java:609) - in getRandomString
 INFO [main] (HelperClass.java:609) - in getRandomString
 INFO [main] (HelperClass.java:651) - in randomNumber
 INFO [main] (HelperClass.java:460) - in scrollandClick
 INFO [main] (ActionEngine.java:1739) -  Able to get TscreenShot
 Able to get TscreenShot
</system-out>
  </testcase>
  <testcase name="TC35_Add_Conversation" classname="com.desktopWeb.scripts.tools.TC_35_Add_Conversation" time="216.448">
    <failure message="Step Click Failed with description Unable to click By.xpath: //input[@id=&apos;projectTemplate1&apos;] expected [true] but found [false]" type="java.lang.AssertionError">java.lang.AssertionError: Step Click Failed with description Unable to click By.xpath: //input[@id='projectTemplate1'] expected [true] but found [false]
	at org.testng.Assert.fail(Assert.java:94)
	at org.testng.Assert.failNotEquals(Assert.java:494)
	at org.testng.Assert.assertTrue(Assert.java:42)
	at com.ctaf.support.HtmlReportSupport.onFailure(HtmlReportSupport.java:778)
	at com.ctaf.utilities.Reporter.failureReport(Reporter.java:91)
	at com.desktopWeb.workflows.HelperClass.scrollandClick(HelperClass.java:476)
	at com.desktopWeb.workflows.HelperClass.createProject(HelperClass.java:2058)
	at com.desktopWeb.scripts.tools.TC_35_Add_Conversation.TC35_Add_Conversation(TC_35_Add_Conversation.java:26)
</failure>
    <system-out>TC17_Contactus_CommunityUser-11_Feb_2017 08 09 12 776;Time :105
 INFO [main] (TestEngine.java:507) - Current Test : TC35_Add_Conversation
 INFO [main] (HelperClass.java:182) - in login
 INFO [main] (ActionEngine.java:107) - Successfully click on Menu
 INFO [main] (ActionEngine.java:107) - Successfully click on Click on Menu/Login
 INFO [main] (ActionEngine.java:395) - Type  autosm2017@gmail.com in Email address
 INFO [main] (ActionEngine.java:395) - Type  Automation2017 in Password
 INFO [main] (ActionEngine.java:107) - Successfully click on Login button
 INFO [main] (ActionEngine.java:107) - Successfully click on Dashboard
 INFO [main] (ActionEngine.java:107) - Successfully click on Dashboard/Project
 INFO [main] (ActionEngine.java:107) - Successfully click on Launch New Project
 INFO [main] (HelperClass.java:609) - in getRandomString
 INFO [main] (ActionEngine.java:395) - Type  Automation Project - DDUl in Project Name
 INFO [main] (ActionEngine.java:395) - Type  New Automation Project in Project Description
 INFO [main] (ActionEngine.java:107) - Successfully click on Next Button
 INFO [main] (HelperClass.java:460) - in scrollandClick
 INFO [main] (ActionEngine.java:1739) -  Able to get TscreenShot
 Able to get TscreenShot
</system-out>
  </testcase>
  <testcase name="TC85_Create_New_Project_Page_New_Project" classname="com.desktopWeb.scripts.page.TC_85_Create_New_Project_Page_New_Project" time="265.445">
    <failure message="Step TC85_Create_New_Project_Page_New_Project Failed with description Failed expected [true] but found [false]" type="java.lang.AssertionError">java.lang.AssertionError: Step TC85_Create_New_Project_Page_New_Project Failed with description Failed expected [true] but found [false]
	at org.testng.Assert.fail(Assert.java:94)
	at org.testng.Assert.failNotEquals(Assert.java:494)
	at org.testng.Assert.assertTrue(Assert.java:42)
	at com.ctaf.support.HtmlReportSupport.onFailure(HtmlReportSupport.java:778)
	at com.ctaf.utilities.Reporter.failureReport(Reporter.java:91)
	at com.desktopWeb.scripts.page.TC_85_Create_New_Project_Page_New_Project.TC85_Create_New_Project_Page_New_Project(TC_85_Create_New_Project_Page_New_Project.java:30)
</failure>
    <system-out>TC35_Add_Conversation-11_Feb_2017 08 10 59 341;Time :273
 INFO [main] (TestEngine.java:507) - Current Test : TC85_Create_New_Project_Page_New_Project
 INFO [main] (HelperClass.java:182) - in login
 INFO [main] (ActionEngine.java:107) - Successfully click on Menu
 INFO [main] (ActionEngine.java:107) - Successfully click on Click on Menu/Login
 INFO [main] (ActionEngine.java:395) - Type  autosm2017@gmail.com in Email address
 INFO [main] (ActionEngine.java:395) - Type  Automation2017 in Password
 INFO [main] (ActionEngine.java:107) - Successfully click on Login button
 INFO [main] (HelperClass.java:752) - in navigateToProjectPage
 INFO [main] (ActionEngine.java:107) - Successfully click on Page
 INFO [main] (ActionEngine.java:107) - Successfully click on More
 INFO [main] (ActionEngine.java:1739) -  Able to get TscreenShot
 Able to get TscreenShot
</system-out>
  </testcase>
  <testcase name="TC97_Verify_Dashboard_Moderation_Awaiting_Reject" classname="com.desktopWeb.scripts.dashboard.TC_97_Verify_Dashboard_Moderation_Awaiting_Reject" time="155.349"/>
  <testcase name="TC130_Design_Project_Sub_Page_Template_Cm" classname="com.desktopWeb.scripts.sprint1.TC_130_Design_Project_Sub_Page_Template_Cm" time="264.69"/>
  <testcase name="TC18_Contactus_GuestUser" classname="com.desktopWeb.scripts.common.TC_18_Contactus_GuestUser" time="127.597"/>
  <testcase name="TC36_Add_Social_Map" classname="com.desktopWeb.scripts.tools.TC_36_Add_Social_Map" time="671.609"/>
  <testcase name="TC86_Verify_Page_News_Page_Delete" classname="com.desktopWeb.scripts.page.TC_86_Verify_Page_News_Page_Delete" time="271.272">
    <failure message="Step TC86_Verify_Page_News_Page_Delete Failed with description Failed expected [true] but found [false]" type="java.lang.AssertionError">java.lang.AssertionError: Step TC86_Verify_Page_News_Page_Delete Failed with description Failed expected [true] but found [false]
	at org.testng.Assert.fail(Assert.java:94)
	at org.testng.Assert.failNotEquals(Assert.java:494)
	at org.testng.Assert.assertTrue(Assert.java:42)
	at com.ctaf.support.HtmlReportSupport.onFailure(HtmlReportSupport.java:778)
	at com.ctaf.utilities.Reporter.failureReport(Reporter.java:91)
	at com.desktopWeb.scripts.page.TC_86_Verify_Page_News_Page_Delete.TC86_Verify_Page_News_Page_Delete(TC_86_Verify_Page_News_Page_Delete.java:27)
</failure>
    <system-out>TC36_Add_Social_Map-11_Feb_2017 08 33 33 736;Time :724
 INFO [main] (TestEngine.java:507) - Current Test : TC86_Verify_Page_News_Page_Delete
 INFO [main] (HelperClass.java:182) - in login
 INFO [main] (ActionEngine.java:107) - Successfully click on Menu
 INFO [main] (ActionEngine.java:107) - Successfully click on Click on Menu/Login
 INFO [main] (ActionEngine.java:395) - Type  autosm2017@gmail.com in Email address
 INFO [main] (ActionEngine.java:395) - Type  Automation2017 in Password
 INFO [main] (ActionEngine.java:107) - Successfully click on Login button
 INFO [main] (HelperClass.java:759) - in navigateToNewsPage
 INFO [main] (ActionEngine.java:107) - Successfully click on Page
 INFO [main] (ActionEngine.java:107) - Successfully click on More
 INFO [main] (ActionEngine.java:1739) -  Able to get TscreenShot
 Able to get TscreenShot
</system-out>
  </testcase>
  <testcase name="TC98_Verify_Dashboard_Moderation_Awaiting_Refer" classname="com.desktopWeb.scripts.dashboard.TC_98_Verify_Dashboard_Moderation_Awaiting_Refer" time="167.387"/>
  <testcase name="TC131_SEO_Project_Sub_Page_Name_Cm" classname="com.desktopWeb.scripts.sprint1.TC_131_SEO_Project_Sub_Page_Name_Cm" time="188.981">
    <failure message="Step Click Failed with description Unable to click on Save Page expected [true] but found [false]" type="java.lang.AssertionError">java.lang.AssertionError: Step Click Failed with description Unable to click on Save Page expected [true] but found [false]
	at org.testng.Assert.fail(Assert.java:94)
	at org.testng.Assert.failNotEquals(Assert.java:494)
	at org.testng.Assert.assertTrue(Assert.java:42)
	at com.ctaf.support.HtmlReportSupport.onFailure(HtmlReportSupport.java:778)
	at com.ctaf.utilities.Reporter.failureReport(Reporter.java:91)
	at com.ctaf.accelerators.ActionEngine.click(ActionEngine.java:100)
	at com.desktopWeb.workflows.HelperClass.savePage(HelperClass.java:2379)
	at com.desktopWeb.scripts.sprint1.TC_131_SEO_Project_Sub_Page_Name_Cm.TC131_SEO_Project_Sub_Page_Name_Cm(TC_131_SEO_Project_Sub_Page_Name_Cm.java:25)
</failure>
    <system-out>TC98_Verify_Dashboard_Moderation_Awaiting_Refer-11_Feb_2017 08 51 20 084;Time :252
 INFO [main] (TestEngine.java:507) - Current Test : TC131_SEO_Project_Sub_Page_Name_Cm
 INFO [main] (HelperClass.java:182) - in login
 INFO [main] (ActionEngine.java:107) - Successfully click on Menu
 INFO [main] (ActionEngine.java:107) - Successfully click on Click on Menu/Login
 INFO [main] (ActionEngine.java:395) - Type  autoconmanager@harvestdp.com in Email address
 INFO [main] (ActionEngine.java:395) - Type  Automation2017 in Password
 INFO [main] (ActionEngine.java:107) - Successfully click on Login button
 INFO [main] (HelperClass.java:733) - in navigateToProjectSubPage
 INFO [main] (ActionEngine.java:107) - Successfully click on Page
 INFO [main] (ActionEngine.java:107) - Successfully click on Project Sub Page
 INFO [main] (ActionEngine.java:107) - Successfully click on SEO
 INFO [main] (HelperClass.java:609) - in getRandomString
 INFO [main] (ActionEngine.java:395) - Type  New Desczfdx in SEO Name
 INFO [main] (ActionEngine.java:107) - Successfully click on Detail
 INFO [main] (ActionEngine.java:395) - Type  Testing SEO in Project Name
 INFO [main] (ActionEngine.java:107) - Successfully click on Submit
 INFO [main] (ActionEngine.java:1739) -  Able to get TscreenShot
 Able to get TscreenShot
</system-out>
    <system-err><![CDATA[org.openqa.selenium.WebDriverException: Element is not clickable at point (103, 32). Other element would receive the click: <div style="z-index: 1300;" class="ui-widget-overlay ui-front"></div>
Command duration or timeout: 110 milliseconds
Build info: version: '2.53.1', revision: 'a36b8b1cd5757287168e54b817830adce9b0158d', time: '2016-06-30 19:26:09'
System info: host: 'HW1315', ip: '192.168.3.11', os.name: 'Windows 7', os.arch: 'amd64', os.version: '6.1', java.version: '1.8.0_111'
Driver info: org.openqa.selenium.firefox.FirefoxDriver
Capabilities [{applicationCacheEnabled=true, rotatable=false, handlesAlerts=true, databaseEnabled=true, version=46.0, platform=WINDOWS, nativeEvents=false, acceptSslCerts=true, webStorageEnabled=true, locationContextEnabled=true, browserName=firefox, takesScreenshot=true, javascriptEnabled=true, cssSelectorsEnabled=true}]
Session ID: 7465c118-add2-486c-ae60-38924bb3336e
	at sun.reflect.NativeConstructorAccessorImpl.newInstance0(Native Method)
	at sun.reflect.NativeConstructorAccessorImpl.newInstance(Unknown Source)
	at sun.reflect.DelegatingConstructorAccessorImpl.newInstance(Unknown Source)
	at java.lang.reflect.Constructor.newInstance(Unknown Source)
	at org.openqa.selenium.remote.ErrorHandler.createThrowable(ErrorHandler.java:206)
	at org.openqa.selenium.remote.ErrorHandler.throwIfResponseFailed(ErrorHandler.java:158)
	at org.openqa.selenium.remote.RemoteWebDriver.execute(RemoteWebDriver.java:678)
	at org.openqa.selenium.remote.RemoteWebElement.execute(RemoteWebElement.java:327)
	at org.openqa.selenium.remote.RemoteWebElement.click(RemoteWebElement.java:85)
	at com.ctaf.accelerators.ActionEngine.click(ActionEngine.java:94)
	at com.desktopWeb.workflows.HelperClass.savePage(HelperClass.java:2379)
	at com.desktopWeb.scripts.sprint1.TC_131_SEO_Project_Sub_Page_Name_Cm.TC131_SEO_Project_Sub_Page_Name_Cm(TC_131_SEO_Project_Sub_Page_Name_Cm.java:25)
	at sun.reflect.NativeMethodAccessorImpl.invoke0(Native Method)
	at sun.reflect.NativeMethodAccessorImpl.invoke(Unknown Source)
	at sun.reflect.DelegatingMethodAccessorImpl.invoke(Unknown Source)
	at java.lang.reflect.Method.invoke(Unknown Source)
	at org.testng.internal.MethodInvocationHelper.invokeMethod(MethodInvocationHelper.java:80)
	at org.testng.internal.Invoker.invokeMethod(Invoker.java:714)
	at org.testng.internal.Invoker.invokeTestMethod(Invoker.java:901)
	at org.testng.internal.Invoker.invokeTestMethods(Invoker.java:1231)
	at org.testng.internal.TestMethodWorker.invokeTestMethods(TestMethodWorker.java:127)
	at org.testng.internal.TestMethodWorker.run(TestMethodWorker.java:111)
	at org.testng.TestRunner.privateRun(TestRunner.java:767)
	at org.testng.TestRunner.run(TestRunner.java:617)
	at org.testng.SuiteRunner.runTest(SuiteRunner.java:334)
	at org.testng.SuiteRunner.runSequentially(SuiteRunner.java:329)
	at org.testng.SuiteRunner.privateRun(SuiteRunner.java:291)
	at org.testng.SuiteRunner.run(SuiteRunner.java:240)
	at org.testng.SuiteRunnerWorker.runSuite(SuiteRunnerWorker.java:52)
	at org.testng.SuiteRunnerWorker.run(SuiteRunnerWorker.java:86)
	at org.testng.TestNG.runSuitesSequentially(TestNG.java:1198)
	at org.testng.TestNG.runSuitesLocally(TestNG.java:1123)
	at org.testng.TestNG.run(TestNG.java:1031)
	at org.apache.maven.surefire.testng.TestNGExecutor.run(TestNGExecutor.java:178)
	at org.apache.maven.surefire.testng.TestNGXmlTestSuite.execute(TestNGXmlTestSuite.java:92)
	at org.apache.maven.surefire.testng.TestNGProvider.invoke(TestNGProvider.java:96)
	at sun.reflect.NativeMethodAccessorImpl.invoke0(Native Method)
	at sun.reflect.NativeMethodAccessorImpl.invoke(Unknown Source)
	at sun.reflect.DelegatingMethodAccessorImpl.invoke(Unknown Source)
	at java.lang.reflect.Method.invoke(Unknown Source)
	at org.apache.maven.surefire.util.ReflectionUtils.invokeMethodWithArray2(ReflectionUtils.java:208)
	at org.apache.maven.surefire.booter.ProviderFactory$ProviderProxy.invoke(ProviderFactory.java:159)
	at org.apache.maven.surefire.booter.ProviderFactory.invokeProvider(ProviderFactory.java:87)
	at org.apache.maven.surefire.booter.ForkedBooter.runSuitesInProcess(ForkedBooter.java:153)
	at org.apache.maven.surefire.booter.ForkedBooter.main(ForkedBooter.java:95)
]]></system-err>
  </testcase>
  <testcase name="TC49_CommonChecks_HomePage_HamburgerMenu_Login_Signout_SiteUser" classname="com.desktopWeb.scripts.common.TC_49_CommonChecks_HomePage_HamburgerMenu_Login_Signout_SiteUser" time="75.206">
    <failure message="Step Click Failed with description Unable to click on Menu expected [true] but found [false]" type="java.lang.AssertionError">java.lang.AssertionError: Step Click Failed with description Unable to click on Menu expected [true] but found [false]
	at org.testng.Assert.fail(Assert.java:94)
	at org.testng.Assert.failNotEquals(Assert.java:494)
	at org.testng.Assert.assertTrue(Assert.java:42)
	at com.ctaf.support.HtmlReportSupport.onFailure(HtmlReportSupport.java:778)
	at com.ctaf.utilities.Reporter.failureReport(Reporter.java:91)
	at com.ctaf.accelerators.ActionEngine.click(ActionEngine.java:100)
	at com.desktopWeb.workflows.HelperClass.verifyHamberger(HelperClass.java:94)
	at com.desktopWeb.scripts.common.TC_49_CommonChecks_HomePage_HamburgerMenu_Login_Signout_SiteUser.TC49_CommonChecks_HomePage_HamburgerMenu_Login_Signout_SiteUser(TC_49_CommonChecks_HomePage_HamburgerMenu_Login_Signout_SiteUser.java:25)
</failure>
    <system-out>TC131_SEO_Project_Sub_Page_Name_Cm-11_Feb_2017 08 55 34 194;Time :239
 INFO [main] (TestEngine.java:507) - Current Test : TC49_CommonChecks_HomePage_HamburgerMenu_Login_Signout_SiteUser
 INFO [main] (HelperClass.java:182) - in login
 INFO [main] (ActionEngine.java:107) - Successfully click on Menu
 INFO [main] (ActionEngine.java:107) - Successfully click on Click on Menu/Login
 INFO [main] (ActionEngine.java:395) - Type  autoenmanager@harvestdp.com in Email address
 INFO [main] (ActionEngine.java:395) - Type  Automation2017 in Password
 INFO [main] (ActionEngine.java:107) - Successfully click on Login button
 INFO [main] (HelperClass.java:35) - in verifyWebElementHomePage
 INFO [main] (ActionEngine.java:2397) - Hamburger Menu is displaying
 INFO [main] (ActionEngine.java:2397) - Engage Victoria Logo is displaying
 INFO [main] (ActionEngine.java:2397) - Search Site is displaying
 INFO [main] (ActionEngine.java:2397) - Text - Engage Victoria' on hero block  is displaying
 INFO [main] (ActionEngine.java:2397) - Text - Share ideas here and have your say about what matters to you is displaying
 INFO [main] (ActionEngine.java:2397) - Image on hero block is displaying
 INFO [main] (ActionEngine.java:2397) - Text - I'm looking for consultations relating to is displaying
 INFO [main] (ActionEngine.java:2397) - Drop Down for Category is displaying
 INFO [main] (ActionEngine.java:2397) - Help me find a consultation is displaying
 INFO [main] (ActionEngine.java:2397) - WebSite feature section is displaying
 INFO [main] (ActionEngine.java:2397) - Active Consultation section is displaying
 INFO [main] (ActionEngine.java:2397) - Stay informed section is displaying
 INFO [main] (ActionEngine.java:2397) - Sign up email is displaying
 INFO [main] (ActionEngine.java:2397) - Sign up Today is displaying
 INFO [main] (ActionEngine.java:2397) - Footer section with Links is displaying
 INFO [main] (ActionEngine.java:2397) - Footer section with copyright message is displaying
 INFO [main] (ActionEngine.java:2397) - Footer Link - Copyright is displaying
 INFO [main] (ActionEngine.java:2397) - Footer Link - Privacy is displaying
 INFO [main] (ActionEngine.java:2397) - Footer Link - Terms of Use is displaying
 INFO [main] (ActionEngine.java:2397) - Footer Link - Accessibility is displaying
 INFO [main] (ActionEngine.java:2397) - Footer Link - Moderation is displaying
 INFO [main] (ActionEngine.java:2397) - Footer Link - Community Guidelines is displaying
 INFO [main] (ActionEngine.java:2397) - Footer Link - About Us is displaying
 INFO [main] (ActionEngine.java:2397) - Footer Link - Contact Us is displaying
 INFO [main] (ActionEngine.java:2397) - Footer Link - Site Map is displaying
 INFO [main] (HelperClass.java:83) - in verifyHamburger
 INFO [main] (ActionEngine.java:1739) -  Able to get TscreenShot
 Able to get TscreenShot
</system-out>
    <system-err><![CDATA[org.openqa.selenium.WebDriverException: Element is not clickable at point (50, 35). Other element would receive the click: <img id="ccm-logo" src="/application/images/logo.png" alt="The Hive" title="The Hive" height="45" width="45">
Command duration or timeout: 94 milliseconds
Build info: version: '2.53.1', revision: 'a36b8b1cd5757287168e54b817830adce9b0158d', time: '2016-06-30 19:26:09'
System info: host: 'HW1315', ip: '192.168.3.11', os.name: 'Windows 7', os.arch: 'amd64', os.version: '6.1', java.version: '1.8.0_111'
Driver info: org.openqa.selenium.firefox.FirefoxDriver
Capabilities [{applicationCacheEnabled=true, rotatable=false, handlesAlerts=true, databaseEnabled=true, version=46.0, platform=WINDOWS, nativeEvents=false, acceptSslCerts=true, webStorageEnabled=true, locationContextEnabled=true, browserName=firefox, takesScreenshot=true, javascriptEnabled=true, cssSelectorsEnabled=true}]
Session ID: 438bb6c2-cb0c-468c-80c9-b817524764a9
	at sun.reflect.NativeConstructorAccessorImpl.newInstance0(Native Method)
	at sun.reflect.NativeConstructorAccessorImpl.newInstance(Unknown Source)
	at sun.reflect.DelegatingConstructorAccessorImpl.newInstance(Unknown Source)
	at java.lang.reflect.Constructor.newInstance(Unknown Source)
	at org.openqa.selenium.remote.ErrorHandler.createThrowable(ErrorHandler.java:206)
	at org.openqa.selenium.remote.ErrorHandler.throwIfResponseFailed(ErrorHandler.java:158)
	at org.openqa.selenium.remote.RemoteWebDriver.execute(RemoteWebDriver.java:678)
	at org.openqa.selenium.remote.RemoteWebElement.execute(RemoteWebElement.java:327)
	at org.openqa.selenium.remote.RemoteWebElement.click(RemoteWebElement.java:85)
	at com.ctaf.accelerators.ActionEngine.click(ActionEngine.java:94)
	at com.desktopWeb.workflows.HelperClass.verifyHamberger(HelperClass.java:94)
	at com.desktopWeb.scripts.common.TC_49_CommonChecks_HomePage_HamburgerMenu_Login_Signout_SiteUser.TC49_CommonChecks_HomePage_HamburgerMenu_Login_Signout_SiteUser(TC_49_CommonChecks_HomePage_HamburgerMenu_Login_Signout_SiteUser.java:25)
	at sun.reflect.NativeMethodAccessorImpl.invoke0(Native Method)
	at sun.reflect.NativeMethodAccessorImpl.invoke(Unknown Source)
	at sun.reflect.DelegatingMethodAccessorImpl.invoke(Unknown Source)
	at java.lang.reflect.Method.invoke(Unknown Source)
	at org.testng.internal.MethodInvocationHelper.invokeMethod(MethodInvocationHelper.java:80)
	at org.testng.internal.Invoker.invokeMethod(Invoker.java:714)
	at org.testng.internal.Invoker.invokeTestMethod(Invoker.java:901)
	at org.testng.internal.Invoker.invokeTestMethods(Invoker.java:1231)
	at org.testng.internal.TestMethodWorker.invokeTestMethods(TestMethodWorker.java:127)
	at org.testng.internal.TestMethodWorker.run(TestMethodWorker.java:111)
	at org.testng.TestRunner.privateRun(TestRunner.java:767)
	at org.testng.TestRunner.run(TestRunner.java:617)
	at org.testng.SuiteRunner.runTest(SuiteRunner.java:334)
	at org.testng.SuiteRunner.runSequentially(SuiteRunner.java:329)
	at org.testng.SuiteRunner.privateRun(SuiteRunner.java:291)
	at org.testng.SuiteRunner.run(SuiteRunner.java:240)
	at org.testng.SuiteRunnerWorker.runSuite(SuiteRunnerWorker.java:52)
	at org.testng.SuiteRunnerWorker.run(SuiteRunnerWorker.java:86)
	at org.testng.TestNG.runSuitesSequentially(TestNG.java:1198)
	at org.testng.TestNG.runSuitesLocally(TestNG.java:1123)
	at org.testng.TestNG.run(TestNG.java:1031)
	at org.apache.maven.surefire.testng.TestNGExecutor.run(TestNGExecutor.java:178)
	at org.apache.maven.surefire.testng.TestNGXmlTestSuite.execute(TestNGXmlTestSuite.java:92)
	at org.apache.maven.surefire.testng.TestNGProvider.invoke(TestNGProvider.java:96)
	at sun.reflect.NativeMethodAccessorImpl.invoke0(Native Method)
	at sun.reflect.NativeMethodAccessorImpl.invoke(Unknown Source)
	at sun.reflect.DelegatingMethodAccessorImpl.invoke(Unknown Source)
	at java.lang.reflect.Method.invoke(Unknown Source)
	at org.apache.maven.surefire.util.ReflectionUtils.invokeMethodWithArray2(ReflectionUtils.java:208)
	at org.apache.maven.surefire.booter.ProviderFactory$ProviderProxy.invoke(ProviderFactory.java:159)
	at org.apache.maven.surefire.booter.ProviderFactory.invokeProvider(ProviderFactory.java:87)
	at org.apache.maven.surefire.booter.ForkedBooter.runSuitesInProcess(ForkedBooter.java:153)
	at org.apache.maven.surefire.booter.ForkedBooter.main(ForkedBooter.java:95)
]]></system-err>
  </testcase>
  <testcase name="TC37_Add_Visioner_Input" classname="com.desktopWeb.scripts.tools.TC_37_Add_Visioner_Input" time="263.971">
    <failure message="Step Click Failed with description Unable to click By.xpath: //input[@id=&apos;projectTemplate1&apos;] expected [true] but found [false]" type="java.lang.AssertionError">java.lang.AssertionError: Step Click Failed with description Unable to click By.xpath: //input[@id='projectTemplate1'] expected [true] but found [false]
	at org.testng.Assert.fail(Assert.java:94)
	at org.testng.Assert.failNotEquals(Assert.java:494)
	at org.testng.Assert.assertTrue(Assert.java:42)
	at com.ctaf.support.HtmlReportSupport.onFailure(HtmlReportSupport.java:778)
	at com.ctaf.utilities.Reporter.failureReport(Reporter.java:91)
	at com.desktopWeb.workflows.HelperClass.scrollandClick(HelperClass.java:476)
	at com.desktopWeb.workflows.HelperClass.createProject(HelperClass.java:2058)
	at com.desktopWeb.scripts.tools.TC_37_Add_Visioner_Input.TC37_Add_Visioner_Input(TC_37_Add_Visioner_Input.java:26)
</failure>
    <system-out>TC49_CommonChecks_HomePage_HamburgerMenu_Login_Signout_SiteUser-11_Feb_2017 08 59 34 326;Time :141
 INFO [main] (TestEngine.java:507) - Current Test : TC37_Add_Visioner_Input
 INFO [main] (HelperClass.java:182) - in login
 INFO [main] (ActionEngine.java:107) - Successfully click on Menu
 INFO [main] (ActionEngine.java:107) - Successfully click on Click on Menu/Login
 INFO [main] (ActionEngine.java:395) - Type  autosm2017@gmail.com in Email address
 INFO [main] (ActionEngine.java:395) - Type  Automation2017 in Password
 INFO [main] (ActionEngine.java:107) - Successfully click on Login button
 INFO [main] (ActionEngine.java:107) - Successfully click on Dashboard
 INFO [main] (ActionEngine.java:107) - Successfully click on Dashboard/Project
 INFO [main] (ActionEngine.java:107) - Successfully click on Launch New Project
 INFO [main] (HelperClass.java:609) - in getRandomString
 INFO [main] (ActionEngine.java:395) - Type  Share your idea here.. - eEfE in Project Name
 INFO [main] (ActionEngine.java:395) - Type  Automation Project in Project Description
 INFO [main] (ActionEngine.java:107) - Successfully click on Next Button
 INFO [main] (HelperClass.java:460) - in scrollandClick
 INFO [main] (ActionEngine.java:1739) -  Able to get TscreenShot
 Able to get TscreenShot
</system-out>
  </testcase>
  <testcase name="TC87_SEO_Page_News_Page_Name" classname="com.desktopWeb.scripts.page.TC_87_SEO_Page_News_Page_Name" time="265.373">
    <failure message="Step TC87_SEO_Page_News_Page_Name Failed with description Failed expected [true] but found [false]" type="java.lang.AssertionError">java.lang.AssertionError: Step TC87_SEO_Page_News_Page_Name Failed with description Failed expected [true] but found [false]
	at org.testng.Assert.fail(Assert.java:94)
	at org.testng.Assert.failNotEquals(Assert.java:494)
	at org.testng.Assert.assertTrue(Assert.java:42)
	at com.ctaf.support.HtmlReportSupport.onFailure(HtmlReportSupport.java:778)
	at com.ctaf.utilities.Reporter.failureReport(Reporter.java:91)
	at com.desktopWeb.scripts.page.TC_87_SEO_Page_News_Page_Name.TC87_SEO_Page_News_Page_Name(TC_87_SEO_Page_News_Page_Name.java:30)
</failure>
    <system-out>TC37_Add_Visioner_Input-11_Feb_2017 09 01 56 345;Time :327
 INFO [main] (TestEngine.java:507) - Current Test : TC87_SEO_Page_News_Page_Name
 INFO [main] (HelperClass.java:182) - in login
 INFO [main] (ActionEngine.java:107) - Successfully click on Menu
 INFO [main] (ActionEngine.java:107) - Successfully click on Click on Menu/Login
 INFO [main] (ActionEngine.java:395) - Type  autosm2017@gmail.com in Email address
 INFO [main] (ActionEngine.java:395) - Type  Automation2017 in Password
 INFO [main] (ActionEngine.java:107) - Successfully click on Login button
 INFO [main] (HelperClass.java:759) - in navigateToNewsPage
 INFO [main] (ActionEngine.java:107) - Successfully click on Page
 INFO [main] (ActionEngine.java:107) - Successfully click on More
 INFO [main] (ActionEngine.java:1739) -  Able to get TscreenShot
 Able to get TscreenShot
</system-out>
  </testcase>
  <testcase name="TC99_Verify_Dashboard_Moderation_Recently_ApprovetoRefer" classname="com.desktopWeb.scripts.dashboard.TC_99_Verify_Dashboard_Moderation_Recently_ApprovetoRefer" time="193.118">
    <failure message="Step AssertText  Failed with description APPROVED is not present in the element  expected [true] but found [false]" type="java.lang.AssertionError">java.lang.AssertionError: Step AssertText  Failed with description APPROVED is not present in the element  expected [true] but found [false]
	at org.testng.Assert.fail(Assert.java:94)
	at org.testng.Assert.failNotEquals(Assert.java:494)
	at org.testng.Assert.assertTrue(Assert.java:42)
	at com.ctaf.support.HtmlReportSupport.onFailure(HtmlReportSupport.java:778)
	at com.ctaf.utilities.Reporter.failureReport(Reporter.java:91)
	at com.ctaf.accelerators.ActionEngine.assertText(ActionEngine.java:1392)
	at com.desktopWeb.workflows.HelperClass.approveAwaitingComment(HelperClass.java:2223)
	at com.desktopWeb.scripts.dashboard.TC_99_Verify_Dashboard_Moderation_Recently_ApprovetoRefer.TC99_Verify_Dashboard_Moderation_Recently_ApprovetoRefer(TC_99_Verify_Dashboard_Moderation_Recently_ApprovetoRefer.java:27)
</failure>
    <system-out>TC87_SEO_Page_News_Page_Name-11_Feb_2017 09 07 24 956;Time :323
 INFO [main] (TestEngine.java:507) - Current Test : TC99_Verify_Dashboard_Moderation_Recently_ApprovetoRefer
 INFO [main] (HelperClass.java:609) - in getRandomString
 INFO [main] (HelperClass.java:182) - in login
 INFO [main] (ActionEngine.java:107) - Successfully click on Menu
 INFO [main] (ActionEngine.java:107) - Successfully click on Click on Menu/Login
 INFO [main] (ActionEngine.java:395) - Type  autosm2017@gmail.com in Email address
 INFO [main] (ActionEngine.java:395) - Type  Automation2017 in Password
 INFO [main] (ActionEngine.java:107) - Successfully click on Login button
 INFO [main] (HelperClass.java:407) - in navigateConsultation
 INFO [main] (ActionEngine.java:107) - Successfully click on Selected Project
 INFO [main] (ActionEngine.java:1362) - Element By.xpath: //li[contains(text(),'Smart Planning internal consultation')] is present
 INFO [main] (ActionEngine.java:395) - Type  Automation TestingWFnYtz in Project Comment
 INFO [main] (HelperClass.java:509) - in clickTo
 INFO [main] (HelperClass.java:514) - Successfully Click on By.xpath: //button[@class='btn pull-right submit']
 INFO [main] (ActionEngine.java:107) - Successfully click on Dashboard
 INFO [main] (ActionEngine.java:107) - Successfully click on Moderation
 INFO [main] (ActionEngine.java:1400) - Assert text of By.xpath: //div[@id='awaiting']/div[1]/div[3]/p .Expected text Automation TestingWFnYtz is present
 INFO [main] (ActionEngine.java:1295) - Assert data-feedbackid of Comment ID. Equal
 INFO [main] (ActionEngine.java:107) - Successfully click on Approve Comment
 INFO [main] (ActionEngine.java:1739) -  Able to get TscreenShot
 Able to get TscreenShot
</system-out>
  </testcase>
  <testcase name="TC132_Location_Project_Sub_Page_Location_Cm" classname="com.desktopWeb.scripts.sprint1.TC_132_Location_Project_Sub_Page_Location_Cm" time="296.458">
    <failure message="Step TC132_Location_Project_Sub_Page_Location_Cm Failed with description Failed expected [true] but found [false]" type="java.lang.AssertionError">java.lang.AssertionError: Step TC132_Location_Project_Sub_Page_Location_Cm Failed with description Failed expected [true] but found [false]
	at org.testng.Assert.fail(Assert.java:94)
	at org.testng.Assert.failNotEquals(Assert.java:494)
	at org.testng.Assert.assertTrue(Assert.java:42)
	at com.ctaf.support.HtmlReportSupport.onFailure(HtmlReportSupport.java:778)
	at com.ctaf.utilities.Reporter.failureReport(Reporter.java:91)
	at com.desktopWeb.scripts.sprint1.TC_132_Location_Project_Sub_Page_Location_Cm.TC132_Location_Project_Sub_Page_Location_Cm(TC_132_Location_Project_Sub_Page_Location_Cm.java:29)
</failure>
    <system-out>TC99_Verify_Dashboard_Moderation_Recently_ApprovetoRefer-11_Feb_2017 09 12 49 726;Time :260
 INFO [main] (TestEngine.java:507) - Current Test : TC132_Location_Project_Sub_Page_Location_Cm
 INFO [main] (HelperClass.java:182) - in login
 INFO [main] (ActionEngine.java:107) - Successfully click on Menu
 INFO [main] (ActionEngine.java:107) - Successfully click on Click on Menu/Login
 INFO [main] (ActionEngine.java:395) - Type  autoconmanager@harvestdp.com in Email address
 INFO [main] (ActionEngine.java:395) - Type  Automation2017 in Password
 INFO [main] (ActionEngine.java:107) - Successfully click on Login button
 INFO [main] (HelperClass.java:733) - in navigateToProjectSubPage
 INFO [main] (ActionEngine.java:107) - Successfully click on Page
 INFO [main] (ActionEngine.java:107) - Successfully click on Project Sub Page
 INFO [main] (ActionEngine.java:107) - Successfully click on Location
 INFO [main] (ActionEngine.java:107) - Successfully click on Location
 INFO [main] (ActionEngine.java:1739) -  Able to get TscreenShot
 Able to get TscreenShot
</system-out>
  </testcase>
  <testcase name="TC38_Add_Visioner_Result" classname="com.desktopWeb.scripts.tools.TC_38_Add_Visioner_Result" time="660.079"/>
  <testcase name="TC88_Verify_Page_News_Page_Version_Duplicate" classname="com.desktopWeb.scripts.page.TC_88_Verify_Page_News_Page_Version_Duplicate" time="271.218">
    <failure message="Step TC88_Verify_Page_News_Page_Version_Duplicate Failed with description Failed expected [true] but found [false]" type="java.lang.AssertionError">java.lang.AssertionError: Step TC88_Verify_Page_News_Page_Version_Duplicate Failed with description Failed expected [true] but found [false]
	at org.testng.Assert.fail(Assert.java:94)
	at org.testng.Assert.failNotEquals(Assert.java:494)
	at org.testng.Assert.assertTrue(Assert.java:42)
	at com.ctaf.support.HtmlReportSupport.onFailure(HtmlReportSupport.java:778)
	at com.ctaf.utilities.Reporter.failureReport(Reporter.java:91)
	at com.desktopWeb.scripts.page.TC_88_Verify_Page_News_Page_Version_Duplicate.TC88_Verify_Page_News_Page_Version_Duplicate(TC_88_Verify_Page_News_Page_Version_Duplicate.java:28)
</failure>
    <system-out>TC38_Add_Visioner_Result-11_Feb_2017 09 23 05 325;Time :729
 INFO [main] (TestEngine.java:507) - Current Test : TC88_Verify_Page_News_Page_Version_Duplicate
 INFO [main] (HelperClass.java:182) - in login
 INFO [main] (ActionEngine.java:107) - Successfully click on Menu
 INFO [main] (ActionEngine.java:107) - Successfully click on Click on Menu/Login
 INFO [main] (ActionEngine.java:395) - Type  autosm2017@gmail.com in Email address
 INFO [main] (ActionEngine.java:395) - Type  Automation2017 in Password
 INFO [main] (ActionEngine.java:107) - Successfully click on Login button
 INFO [main] (HelperClass.java:759) - in navigateToNewsPage
 INFO [main] (ActionEngine.java:107) - Successfully click on Page
 INFO [main] (ActionEngine.java:107) - Successfully click on More
 INFO [main] (ActionEngine.java:1739) -  Able to get TscreenShot
 Able to get TscreenShot
</system-out>
  </testcase>
  <testcase name="TC133_Verify_Project_Sub_Page_Mobile_Preview_Cm" classname="com.desktopWeb.scripts.sprint1.TC_133_Verify_Project_Sub_Page_Mobile_Preview_Cm" time="152.241"/>
  <testcase name="TC39_Add_Forum" classname="com.desktopWeb.scripts.tools.TC_39_Add_Forum" time="689.577"/>
  <testcase name="TC89_Verify_Page_News_Page_Mobile_Preview" classname="com.desktopWeb.scripts.page.TC_89_Verify_Page_News_Page_Mobile_Preview" time="285.565">
    <failure message="Step TC89_Verify_Page_News_Page_Mobile_Preview Failed with description Failed expected [true] but found [false]" type="java.lang.AssertionError">java.lang.AssertionError: Step TC89_Verify_Page_News_Page_Mobile_Preview Failed with description Failed expected [true] but found [false]
	at org.testng.Assert.fail(Assert.java:94)
	at org.testng.Assert.failNotEquals(Assert.java:494)
	at org.testng.Assert.assertTrue(Assert.java:42)
	at com.ctaf.support.HtmlReportSupport.onFailure(HtmlReportSupport.java:778)
	at com.ctaf.utilities.Reporter.failureReport(Reporter.java:91)
	at com.desktopWeb.scripts.page.TC_89_Verify_Page_News_Page_Mobile_Preview.TC89_Verify_Page_News_Page_Mobile_Preview(TC_89_Verify_Page_News_Page_Mobile_Preview.java:27)
</failure>
    <system-out>TC39_Add_Forum-11_Feb_2017 09 44 10 136;Time :744
 INFO [main] (TestEngine.java:507) - Current Test : TC89_Verify_Page_News_Page_Mobile_Preview
 INFO [main] (HelperClass.java:182) - in login
 INFO [main] (ActionEngine.java:107) - Successfully click on Menu
 INFO [main] (ActionEngine.java:107) - Successfully click on Click on Menu/Login
 INFO [main] (ActionEngine.java:395) - Type  autosm2017@gmail.com in Email address
 INFO [main] (ActionEngine.java:395) - Type  Automation2017 in Password
 INFO [main] (ActionEngine.java:107) - Successfully click on Login button
 INFO [main] (HelperClass.java:759) - in navigateToNewsPage
 INFO [main] (ActionEngine.java:107) - Successfully click on Page
 INFO [main] (ActionEngine.java:107) - Successfully click on More
 INFO [main] (ActionEngine.java:1739) -  Able to get TscreenShot
 Able to get TscreenShot
</system-out>
  </testcase>
  <testcase name="TC134_Verify_Project_Sub_Page_Version_Approve_Cm" classname="com.desktopWeb.scripts.sprint1.TC_134_Verify_Project_Sub_Page_Version_Approve_Cm" time="464.119">
    <failure message="Step TC134_Verify_Project_Sub_Page_Version_Approve_Cm Failed with description Failed expected [true] but found [false]" type="java.lang.AssertionError">java.lang.AssertionError: Step TC134_Verify_Project_Sub_Page_Version_Approve_Cm Failed with description Failed expected [true] but found [false]
	at org.testng.Assert.fail(Assert.java:94)
	at org.testng.Assert.failNotEquals(Assert.java:494)
	at org.testng.Assert.assertTrue(Assert.java:42)
	at com.ctaf.support.HtmlReportSupport.onFailure(HtmlReportSupport.java:778)
	at com.ctaf.utilities.Reporter.failureReport(Reporter.java:91)
	at com.desktopWeb.scripts.sprint1.TC_134_Verify_Project_Sub_Page_Version_Approve_Cm.TC134_Verify_Project_Sub_Page_Version_Approve_Cm(TC_134_Verify_Project_Sub_Page_Version_Approve_Cm.java:32)
</failure>
    <system-out>TC89_Verify_Page_News_Page_Mobile_Preview-11_Feb_2017 09 56 36 121;Time :359
 INFO [main] (TestEngine.java:507) - Current Test : TC134_Verify_Project_Sub_Page_Version_Approve_Cm
 INFO [main] (HelperClass.java:182) - in login
 INFO [main] (ActionEngine.java:107) - Successfully click on Menu
 INFO [main] (ActionEngine.java:107) - Successfully click on Click on Menu/Login
 INFO [main] (ActionEngine.java:395) - Type  autoconmanager@harvestdp.com in Email address
 INFO [main] (ActionEngine.java:395) - Type  Automation2017 in Password
 INFO [main] (ActionEngine.java:107) - Successfully click on Login button
 INFO [main] (HelperClass.java:733) - in navigateToProjectSubPage
 INFO [main] (ActionEngine.java:107) - Successfully click on Page
 INFO [main] (ActionEngine.java:107) - Successfully click on Project Sub Page
 INFO [main] (HelperClass.java:609) - in getRandomString
 INFO [main] (ActionEngine.java:107) - Successfully click on Details
 INFO [main] (ActionEngine.java:395) - Type  Testing Version Approve - TCFg in Project Name
 INFO [main] (ActionEngine.java:107) - Successfully click on Submit
 INFO [main] (ActionEngine.java:107) - Successfully click on Save Page
 INFO [main] (HelperClass.java:2360) - in workflow
 INFO [main] (HelperClass.java:2384) - in sumbitWorkflow
 INFO [main] (ActionEngine.java:395) - Type  Testing in Version Comment
 INFO [main] (ActionEngine.java:107) - Successfully click on Submit to Change
 INFO [main] (HelperClass.java:713) - in navigateToSetting
 INFO [main] (ActionEngine.java:107) - Successfully click on Settings
 INFO [main] (ActionEngine.java:107) - Successfully click on Version
 INFO [main] (ActionEngine.java:1739) -  Able to get TscreenShot
 Able to get TscreenShot
</system-out>
    <system-err><![CDATA[org.openqa.selenium.TimeoutException: Timed out after 180 seconds waiting for element to be clickable: By.xpath: //div[@class='ccm-popover-inverse popover fade bottom']/div/ul/li/a[text()='Approve']
Build info: version: '2.53.1', revision: 'a36b8b1cd5757287168e54b817830adce9b0158d', time: '2016-06-30 19:26:09'
System info: host: 'HW1315', ip: '192.168.3.11', os.name: 'Windows 7', os.arch: 'amd64', os.version: '6.1', java.version: '1.8.0_111'
Driver info: org.openqa.selenium.firefox.FirefoxDriver
Capabilities [{applicationCacheEnabled=true, rotatable=false, handlesAlerts=true, databaseEnabled=true, version=46.0, platform=WINDOWS, nativeEvents=false, acceptSslCerts=true, webStorageEnabled=true, locationContextEnabled=true, browserName=firefox, takesScreenshot=true, javascriptEnabled=true, cssSelectorsEnabled=true}]
Session ID: 69dcdeba-e15c-411d-b2b1-1a532367f0c3
	at org.openqa.selenium.support.ui.WebDriverWait.timeoutException(WebDriverWait.java:80)
	at org.openqa.selenium.support.ui.FluentWait.until(FluentWait.java:261)
	at com.ctaf.accelerators.ActionEngine.explicityWait(ActionEngine.java:2715)
	at com.ctaf.accelerators.ActionEngine.click(ActionEngine.java:91)
	at com.desktopWeb.workflows.HelperClass.approveVersion(HelperClass.java:1225)
	at com.desktopWeb.scripts.sprint1.TC_134_Verify_Project_Sub_Page_Version_Approve_Cm.TC134_Verify_Project_Sub_Page_Version_Approve_Cm(TC_134_Verify_Project_Sub_Page_Version_Approve_Cm.java:28)
	at sun.reflect.NativeMethodAccessorImpl.invoke0(Native Method)
	at sun.reflect.NativeMethodAccessorImpl.invoke(Unknown Source)
	at sun.reflect.DelegatingMethodAccessorImpl.invoke(Unknown Source)
	at java.lang.reflect.Method.invoke(Unknown Source)
	at org.testng.internal.MethodInvocationHelper.invokeMethod(MethodInvocationHelper.java:80)
	at org.testng.internal.Invoker.invokeMethod(Invoker.java:714)
	at org.testng.internal.Invoker.invokeTestMethod(Invoker.java:901)
	at org.testng.internal.Invoker.invokeTestMethods(Invoker.java:1231)
	at org.testng.internal.TestMethodWorker.invokeTestMethods(TestMethodWorker.java:127)
	at org.testng.internal.TestMethodWorker.run(TestMethodWorker.java:111)
	at org.testng.TestRunner.privateRun(TestRunner.java:767)
	at org.testng.TestRunner.run(TestRunner.java:617)
	at org.testng.SuiteRunner.runTest(SuiteRunner.java:334)
	at org.testng.SuiteRunner.runSequentially(SuiteRunner.java:329)
	at org.testng.SuiteRunner.privateRun(SuiteRunner.java:291)
	at org.testng.SuiteRunner.run(SuiteRunner.java:240)
	at org.testng.SuiteRunnerWorker.runSuite(SuiteRunnerWorker.java:52)
	at org.testng.SuiteRunnerWorker.run(SuiteRunnerWorker.java:86)
	at org.testng.TestNG.runSuitesSequentially(TestNG.java:1198)
	at org.testng.TestNG.runSuitesLocally(TestNG.java:1123)
	at org.testng.TestNG.run(TestNG.java:1031)
	at org.apache.maven.surefire.testng.TestNGExecutor.run(TestNGExecutor.java:178)
	at org.apache.maven.surefire.testng.TestNGXmlTestSuite.execute(TestNGXmlTestSuite.java:92)
	at org.apache.maven.surefire.testng.TestNGProvider.invoke(TestNGProvider.java:96)
	at sun.reflect.NativeMethodAccessorImpl.invoke0(Native Method)
	at sun.reflect.NativeMethodAccessorImpl.invoke(Unknown Source)
	at sun.reflect.DelegatingMethodAccessorImpl.invoke(Unknown Source)
	at java.lang.reflect.Method.invoke(Unknown Source)
	at org.apache.maven.surefire.util.ReflectionUtils.invokeMethodWithArray2(ReflectionUtils.java:208)
	at org.apache.maven.surefire.booter.ProviderFactory$ProviderProxy.invoke(ProviderFactory.java:159)
	at org.apache.maven.surefire.booter.ProviderFactory.invokeProvider(ProviderFactory.java:87)
	at org.apache.maven.surefire.booter.ForkedBooter.runSuitesInProcess(ForkedBooter.java:153)
	at org.apache.maven.surefire.booter.ForkedBooter.main(ForkedBooter.java:95)
Caused by: org.openqa.selenium.NoSuchElementException: Unable to locate element: {"method":"xpath","selector":"//div[@class='ccm-popover-inverse popover fade bottom']/div/ul/li/a[text()='Approve']"}
Command duration or timeout: 45.13 seconds
For documentation on this error, please visit: http://seleniumhq.org/exceptions/no_such_element.html
Build info: version: '2.53.1', revision: 'a36b8b1cd5757287168e54b817830adce9b0158d', time: '2016-06-30 19:26:09'
System info: host: 'HW1315', ip: '192.168.3.11', os.name: 'Windows 7', os.arch: 'amd64', os.version: '6.1', java.version: '1.8.0_111'
Driver info: org.openqa.selenium.firefox.FirefoxDriver
Capabilities [{applicationCacheEnabled=true, rotatable=false, handlesAlerts=true, databaseEnabled=true, version=46.0, platform=WINDOWS, nativeEvents=false, acceptSslCerts=true, webStorageEnabled=true, locationContextEnabled=true, browserName=firefox, takesScreenshot=true, javascriptEnabled=true, cssSelectorsEnabled=true}]
Session ID: 69dcdeba-e15c-411d-b2b1-1a532367f0c3
*** Element info: {Using=xpath, value=//div[@class='ccm-popover-inverse popover fade bottom']/div/ul/li/a[text()='Approve']}
	at sun.reflect.NativeConstructorAccessorImpl.newInstance0(Native Method)
	at sun.reflect.NativeConstructorAccessorImpl.newInstance(Unknown Source)
	at sun.reflect.DelegatingConstructorAccessorImpl.newInstance(Unknown Source)
	at java.lang.reflect.Constructor.newInstance(Unknown Source)
	at org.openqa.selenium.remote.ErrorHandler.createThrowable(ErrorHandler.java:206)
	at org.openqa.selenium.remote.ErrorHandler.throwIfResponseFailed(ErrorHandler.java:158)
	at org.openqa.selenium.remote.RemoteWebDriver.execute(RemoteWebDriver.java:678)
	at org.openqa.selenium.remote.RemoteWebDriver.findElement(RemoteWebDriver.java:363)
	at org.openqa.selenium.remote.RemoteWebDriver.findElementByXPath(RemoteWebDriver.java:500)
	at org.openqa.selenium.By$ByXPath.findElement(By.java:361)
	at org.openqa.selenium.remote.RemoteWebDriver.findElement(RemoteWebDriver.java:355)
	at org.openqa.selenium.support.ui.ExpectedConditions.findElement(ExpectedConditions.java:899)
	at org.openqa.selenium.support.ui.ExpectedConditions.access$000(ExpectedConditions.java:41)
	at org.openqa.selenium.support.ui.ExpectedConditions$7.apply(ExpectedConditions.java:205)
	at org.openqa.selenium.support.ui.ExpectedConditions$7.apply(ExpectedConditions.java:201)
	at org.openqa.selenium.support.ui.ExpectedConditions$22.apply(ExpectedConditions.java:653)
	at org.openqa.selenium.support.ui.ExpectedConditions$22.apply(ExpectedConditions.java:646)
	at org.openqa.selenium.support.ui.FluentWait.until(FluentWait.java:238)
	... 37 more
Caused by: org.openqa.selenium.NoSuchElementException: Unable to locate element: {"method":"xpath","selector":"//div[@class='ccm-popover-inverse popover fade bottom']/div/ul/li/a[text()='Approve']"}
For documentation on this error, please visit: http://seleniumhq.org/exceptions/no_such_element.html
Build info: version: '2.53.1', revision: 'a36b8b1cd5757287168e54b817830adce9b0158d', time: '2016-06-30 19:26:09'
System info: host: 'HW1315', ip: '192.168.3.11', os.name: 'Windows 7', os.arch: 'amd64', os.version: '6.1', java.version: '1.8.0_111'
Driver info: driver.version: unknown
	at <anonymous class>.FirefoxDriver.prototype.findElementInternal_(file:///C:/Users/E002917/AppData/Local/Temp/anonymous6307548428535827932webdriver-profile/extensions/fxdriver@googlecode.com/components/driver-component.js:10770)
	at <anonymous class>.fxdriver.Timer.prototype.setTimeout/<.notify(file:///C:/Users/E002917/AppData/Local/Temp/anonymous6307548428535827932webdriver-profile/extensions/fxdriver@googlecode.com/components/driver-component.js:625)
]]></system-err>
  </testcase>
  <testcase name="TC40_Add_Document_Library" classname="com.desktopWeb.scripts.tools.TC_40_Add_Document_Library" time="194.994">
    <failure message="Step Click Failed with description Unable to click By.xpath: //input[@id=&apos;projectTemplate1&apos;] expected [true] but found [false]" type="java.lang.AssertionError">java.lang.AssertionError: Step Click Failed with description Unable to click By.xpath: //input[@id='projectTemplate1'] expected [true] but found [false]
	at org.testng.Assert.fail(Assert.java:94)
	at org.testng.Assert.failNotEquals(Assert.java:494)
	at org.testng.Assert.assertTrue(Assert.java:42)
	at com.ctaf.support.HtmlReportSupport.onFailure(HtmlReportSupport.java:778)
	at com.ctaf.utilities.Reporter.failureReport(Reporter.java:91)
	at com.desktopWeb.workflows.HelperClass.scrollandClick(HelperClass.java:476)
	at com.desktopWeb.workflows.HelperClass.createProject(HelperClass.java:2058)
	at com.desktopWeb.scripts.tools.TC_40_Add_Document_Library.TC40_Add_Document_Library(TC_40_Add_Document_Library.java:26)
</failure>
    <system-out>TC134_Verify_Project_Sub_Page_Version_Approve_Cm-11_Feb_2017 10 02 36 314;Time :539
 INFO [main] (TestEngine.java:507) - Current Test : TC40_Add_Document_Library
 INFO [main] (HelperClass.java:182) - in login
 INFO [main] (ActionEngine.java:107) - Successfully click on Menu
 INFO [main] (ActionEngine.java:107) - Successfully click on Click on Menu/Login
 INFO [main] (ActionEngine.java:395) - Type  autosm2017@gmail.com in Email address
 INFO [main] (ActionEngine.java:395) - Type  Automation2017 in Password
 INFO [main] (ActionEngine.java:107) - Successfully click on Login button
 INFO [main] (ActionEngine.java:107) - Successfully click on Dashboard
 INFO [main] (ActionEngine.java:107) - Successfully click on Dashboard/Project
 INFO [main] (ActionEngine.java:107) - Successfully click on Launch New Project
 INFO [main] (HelperClass.java:609) - in getRandomString
 INFO [main] (ActionEngine.java:395) - Type  Automation Project - TVdU in Project Name
 INFO [main] (ActionEngine.java:395) - Type  New Automation Project in Project Description
 INFO [main] (ActionEngine.java:107) - Successfully click on Next Button
 INFO [main] (HelperClass.java:460) - in scrollandClick
 INFO [main] (ActionEngine.java:1739) -  Able to get TscreenShot
 Able to get TscreenShot
</system-out>
  </testcase>
  <testcase name="TC90_Design_Page_News_Page_Template" classname="com.desktopWeb.scripts.page.TC_90_Design_Page_News_Page_Template" time="264.887">
    <failure message="Step TC90_Design_Page_News_Page_Template Failed with description Failed expected [true] but found [false]" type="java.lang.AssertionError">java.lang.AssertionError: Step TC90_Design_Page_News_Page_Template Failed with description Failed expected [true] but found [false]
	at org.testng.Assert.fail(Assert.java:94)
	at org.testng.Assert.failNotEquals(Assert.java:494)
	at org.testng.Assert.assertTrue(Assert.java:42)
	at com.ctaf.support.HtmlReportSupport.onFailure(HtmlReportSupport.java:778)
	at com.ctaf.utilities.Reporter.failureReport(Reporter.java:91)
	at com.desktopWeb.scripts.page.TC_90_Design_Page_News_Page_Template.TC90_Design_Page_News_Page_Template(TC_90_Design_Page_News_Page_Template.java:32)
</failure>
    <system-out>TC40_Add_Document_Library-11_Feb_2017 10 11 36 507;Time :285
 INFO [main] (TestEngine.java:507) - Current Test : TC90_Design_Page_News_Page_Template
 INFO [main] (HelperClass.java:182) - in login
 INFO [main] (ActionEngine.java:107) - Successfully click on Menu
 INFO [main] (ActionEngine.java:107) - Successfully click on Click on Menu/Login
 INFO [main] (ActionEngine.java:395) - Type  autosm2017@gmail.com in Email address
 INFO [main] (ActionEngine.java:395) - Type  Automation2017 in Password
 INFO [main] (ActionEngine.java:107) - Successfully click on Login button
 INFO [main] (HelperClass.java:759) - in navigateToNewsPage
 INFO [main] (ActionEngine.java:107) - Successfully click on Page
 INFO [main] (ActionEngine.java:107) - Successfully click on More
 INFO [main] (ActionEngine.java:1739) -  Able to get TscreenShot
 Able to get TscreenShot
</system-out>
  </testcase>
  <testcase name="TC135_Verify_Project_Sub_Page_Version_NewPage_Pa" classname="com.desktopWeb.scripts.sprint1.TC_135_Verify_Project_Sub_Page_Version_NewPage_Pa" time="256.289">
    <failure message="Step TC135_Verify_Project_Sub_Page_Version_NewPage_Pa Failed with description Failed expected [true] but found [false]" type="java.lang.AssertionError">java.lang.AssertionError: Step TC135_Verify_Project_Sub_Page_Version_NewPage_Pa Failed with description Failed expected [true] but found [false]
	at org.testng.Assert.fail(Assert.java:94)
	at org.testng.Assert.failNotEquals(Assert.java:494)
	at org.testng.Assert.assertTrue(Assert.java:42)
	at com.ctaf.support.HtmlReportSupport.onFailure(HtmlReportSupport.java:778)
	at com.ctaf.utilities.Reporter.failureReport(Reporter.java:91)
	at com.desktopWeb.scripts.sprint1.TC_135_Verify_Project_Sub_Page_Version_NewPage_Pa.TC135_Verify_Project_Sub_Page_Version_NewPage_Pa(TC_135_Verify_Project_Sub_Page_Version_NewPage_Pa.java:31)
</failure>
    <system-out>TC90_Design_Page_News_Page_Template-11_Feb_2017 10 16 22 919;Time :323
 INFO [main] (TestEngine.java:507) - Current Test : TC135_Verify_Project_Sub_Page_Version_NewPage_Pa
 INFO [main] (HelperClass.java:182) - in login
 INFO [main] (ActionEngine.java:107) - Successfully click on Menu
 INFO [main] (ActionEngine.java:107) - Successfully click on Click on Menu/Login
 INFO [main] (ActionEngine.java:395) - Type  autoprauthor@harvestdp.com in Email address
 INFO [main] (ActionEngine.java:395) - Type  Automation2017 in Password
 INFO [main] (ActionEngine.java:107) - Successfully click on Login button
 INFO [main] (HelperClass.java:733) - in navigateToProjectSubPage
 INFO [main] (ActionEngine.java:107) - Successfully click on Page
 INFO [main] (ActionEngine.java:107) - Successfully click on Project Sub Page
 INFO [main] (HelperClass.java:609) - in getRandomString
 INFO [main] (ActionEngine.java:1739) -  Able to get TscreenShot
 Able to get TscreenShot
</system-out>
  </testcase>
  <testcase name="TC41_Add_FAQ" classname="com.desktopWeb.scripts.tools.TC_41_Add_FAQ" time="258.388">
    <failure message="&#10;The data provider is trying to pass 6 parameters but the method com.desktopWeb.scripts.tools.TC_41_Add_FAQ#TC41_Add_FAQ takes 14 and TestNG is unable in inject a suitable object" type="org.testng.TestNGException">org.testng.TestNGException: 
The data provider is trying to pass 6 parameters but the method com.desktopWeb.scripts.tools.TC_41_Add_FAQ#TC41_Add_FAQ takes 14 and TestNG is unable in inject a suitable object
	at org.testng.internal.Invoker.injectParameters(Invoker.java:1359)
	at org.testng.internal.Invoker.invokeTestMethods(Invoker.java:1225)
	at org.testng.internal.TestMethodWorker.invokeTestMethods(TestMethodWorker.java:127)
	at org.testng.internal.TestMethodWorker.run(TestMethodWorker.java:111)
	at org.testng.TestRunner.privateRun(TestRunner.java:767)
	at org.testng.TestRunner.run(TestRunner.java:617)
	at org.testng.SuiteRunner.runTest(SuiteRunner.java:334)
	at org.testng.SuiteRunner.runSequentially(SuiteRunner.java:329)
	at org.testng.SuiteRunner.privateRun(SuiteRunner.java:291)
	at org.testng.SuiteRunner.run(SuiteRunner.java:240)
	at org.testng.SuiteRunnerWorker.runSuite(SuiteRunnerWorker.java:52)
	at org.testng.SuiteRunnerWorker.run(SuiteRunnerWorker.java:86)
	at org.testng.TestNG.runSuitesSequentially(TestNG.java:1198)
	at org.testng.TestNG.runSuitesLocally(TestNG.java:1123)
	at org.testng.TestNG.run(TestNG.java:1031)
	at org.apache.maven.surefire.testng.TestNGExecutor.run(TestNGExecutor.java:178)
	at org.apache.maven.surefire.testng.TestNGXmlTestSuite.execute(TestNGXmlTestSuite.java:92)
	at org.apache.maven.surefire.testng.TestNGProvider.invoke(TestNGProvider.java:96)
	at sun.reflect.NativeMethodAccessorImpl.invoke0(Native Method)
	at sun.reflect.NativeMethodAccessorImpl.invoke(Unknown Source)
	at sun.reflect.DelegatingMethodAccessorImpl.invoke(Unknown Source)
	at java.lang.reflect.Method.invoke(Unknown Source)
	at org.apache.maven.surefire.util.ReflectionUtils.invokeMethodWithArray2(ReflectionUtils.java:208)
	at org.apache.maven.surefire.booter.ProviderFactory$ProviderProxy.invoke(ProviderFactory.java:159)
	at org.apache.maven.surefire.booter.ProviderFactory.invokeProvider(ProviderFactory.java:87)
	at org.apache.maven.surefire.booter.ForkedBooter.runSuitesInProcess(ForkedBooter.java:153)
	at org.apache.maven.surefire.booter.ForkedBooter.main(ForkedBooter.java:95)
</failure>
    <system-out>TC135_Verify_Project_Sub_Page_Version_NewPage_Pa-11_Feb_2017 10 21 46 727;Time :319
</system-out>
  </testcase>
  <testcase name="TC91_Location_Page_News_Page_Location" classname="com.desktopWeb.scripts.page.TC_91_Location_Page_News_Page_Location" time="272.268">
    <failure message="Step TC91_Location_Page_News_Page_Location Failed with description Failed expected [true] but found [false]" type="java.lang.AssertionError">java.lang.AssertionError: Step TC91_Location_Page_News_Page_Location Failed with description Failed expected [true] but found [false]
	at org.testng.Assert.fail(Assert.java:94)
	at org.testng.Assert.failNotEquals(Assert.java:494)
	at org.testng.Assert.assertTrue(Assert.java:42)
	at com.ctaf.support.HtmlReportSupport.onFailure(HtmlReportSupport.java:778)
	at com.ctaf.utilities.Reporter.failureReport(Reporter.java:91)
	at com.desktopWeb.scripts.page.TC_91_Location_Page_News_Page_Location.TC91_Location_Page_News_Page_Location(TC_91_Location_Page_News_Page_Location.java:30)
</failure>
    <system-out> INFO [main] (TestEngine.java:507) - Current Test : TC91_Location_Page_News_Page_Location
 INFO [main] (HelperClass.java:182) - in login
 INFO [main] (ActionEngine.java:107) - Successfully click on Menu
 INFO [main] (ActionEngine.java:107) - Successfully click on Click on Menu/Login
 INFO [main] (ActionEngine.java:395) - Type  autosm2017@gmail.com in Email address
 INFO [main] (ActionEngine.java:395) - Type  Automation2017 in Password
 INFO [main] (ActionEngine.java:107) - Successfully click on Login button
 INFO [main] (HelperClass.java:759) - in navigateToNewsPage
 INFO [main] (ActionEngine.java:107) - Successfully click on Page
 INFO [main] (ActionEngine.java:107) - Successfully click on More
 INFO [main] (ActionEngine.java:1739) -  Able to get TscreenShot
 Able to get TscreenShot
</system-out>
  </testcase>
  <testcase name="TC136_WCCP_450_Verify_View_Project_Pa" classname="com.desktopWeb.scripts.sprint1.TC_136_WCCP_450_Verify_View_Project_Pa" time="63.782"/>
  <testcase name="TC42_Add_Key_Dates" classname="com.desktopWeb.scripts.tools.TC_42_Add_Key_Dates" time="65.616">
    <failure message="&#10;The data provider is trying to pass 4 parameters but the method com.desktopWeb.scripts.tools.TC_42_Add_Key_Dates#TC42_Add_Key_Dates takes 12 and TestNG is unable in inject a suitable object" type="org.testng.TestNGException">org.testng.TestNGException: 
The data provider is trying to pass 4 parameters but the method com.desktopWeb.scripts.tools.TC_42_Add_Key_Dates#TC42_Add_Key_Dates takes 12 and TestNG is unable in inject a suitable object
	at org.testng.internal.Invoker.injectParameters(Invoker.java:1359)
	at org.testng.internal.Invoker.invokeTestMethods(Invoker.java:1225)
	at org.testng.internal.TestMethodWorker.invokeTestMethods(TestMethodWorker.java:127)
	at org.testng.internal.TestMethodWorker.run(TestMethodWorker.java:111)
	at org.testng.TestRunner.privateRun(TestRunner.java:767)
	at org.testng.TestRunner.run(TestRunner.java:617)
	at org.testng.SuiteRunner.runTest(SuiteRunner.java:334)
	at org.testng.SuiteRunner.runSequentially(SuiteRunner.java:329)
	at org.testng.SuiteRunner.privateRun(SuiteRunner.java:291)
	at org.testng.SuiteRunner.run(SuiteRunner.java:240)
	at org.testng.SuiteRunnerWorker.runSuite(SuiteRunnerWorker.java:52)
	at org.testng.SuiteRunnerWorker.run(SuiteRunnerWorker.java:86)
	at org.testng.TestNG.runSuitesSequentially(TestNG.java:1198)
	at org.testng.TestNG.runSuitesLocally(TestNG.java:1123)
	at org.testng.TestNG.run(TestNG.java:1031)
	at org.apache.maven.surefire.testng.TestNGExecutor.run(TestNGExecutor.java:178)
	at org.apache.maven.surefire.testng.TestNGXmlTestSuite.execute(TestNGXmlTestSuite.java:92)
	at org.apache.maven.surefire.testng.TestNGProvider.invoke(TestNGProvider.java:96)
	at sun.reflect.NativeMethodAccessorImpl.invoke0(Native Method)
	at sun.reflect.NativeMethodAccessorImpl.invoke(Unknown Source)
	at sun.reflect.DelegatingMethodAccessorImpl.invoke(Unknown Source)
	at java.lang.reflect.Method.invoke(Unknown Source)
	at org.apache.maven.surefire.util.ReflectionUtils.invokeMethodWithArray2(ReflectionUtils.java:208)
	at org.apache.maven.surefire.booter.ProviderFactory$ProviderProxy.invoke(ProviderFactory.java:159)
	at org.apache.maven.surefire.booter.ProviderFactory.invokeProvider(ProviderFactory.java:87)
	at org.apache.maven.surefire.booter.ForkedBooter.runSuitesInProcess(ForkedBooter.java:153)
	at org.apache.maven.surefire.booter.ForkedBooter.main(ForkedBooter.java:95)
</failure>
    <system-out>TC136_WCCP_450_Verify_View_Project_Pa-11_Feb_2017 10 32 33 313;Time :162
</system-out>
  </testcase>
  <testcase name="TC92_Verify_Page_News_Page_Version_Approve" classname="com.desktopWeb.scripts.page.TC_92_Verify_Page_News_Page_Version_Approve" time="369.683">
    <failure message="Step TC92_Verify_Page_News_Page_Version_Approve Failed with description Failed expected [true] but found [false]" type="java.lang.AssertionError">java.lang.AssertionError: Step TC92_Verify_Page_News_Page_Version_Approve Failed with description Failed expected [true] but found [false]
	at org.testng.Assert.fail(Assert.java:94)
	at org.testng.Assert.failNotEquals(Assert.java:494)
	at org.testng.Assert.assertTrue(Assert.java:42)
	at com.ctaf.support.HtmlReportSupport.onFailure(HtmlReportSupport.java:778)
	at com.ctaf.utilities.Reporter.failureReport(Reporter.java:91)
	at com.desktopWeb.scripts.page.TC_92_Verify_Page_News_Page_Version_Approve.TC92_Verify_Page_News_Page_Version_Approve(TC_92_Verify_Page_News_Page_Version_Approve.java:29)
</failure>
    <system-out> INFO [main] (TestEngine.java:507) - Current Test : TC92_Verify_Page_News_Page_Version_Approve
 INFO [main] (HelperClass.java:182) - in login
 INFO [main] (ActionEngine.java:107) - Successfully click on Menu
 INFO [main] (ActionEngine.java:107) - Successfully click on Click on Menu/Login
 INFO [main] (ActionEngine.java:395) - Type  autosm2017@gmail.com in Email address
 INFO [main] (ActionEngine.java:395) - Type  Automation2017 in Password
 INFO [main] (ActionEngine.java:107) - Successfully click on Login button
 INFO [main] (HelperClass.java:407) - in navigateConsultation
 INFO [main] (ActionEngine.java:107) - Successfully click on Selected Project
 INFO [main] (ActionEngine.java:1362) - Element By.xpath: //li[contains(text(),'New Project for Test Execution')] is present
 INFO [main] (HelperClass.java:759) - in navigateToNewsPage
 INFO [main] (ActionEngine.java:107) - Successfully click on Page
 INFO [main] (ActionEngine.java:107) - Successfully click on More
 INFO [main] (ActionEngine.java:1739) -  Able to get TscreenShot
 Able to get TscreenShot
</system-out>
  </testcase>
  <testcase name="TC137_Verify_Project_Sub_Page_Version_Duplicate_Pa" classname="com.desktopWeb.scripts.sprint1.TC_137_Verify_Project_Sub_Page_Version_Duplicate_Pa" time="271.963">
    <failure message="Step TC137_Verify_Project_Sub_Page_Version_Duplicate_Pa Failed with description Failed expected [true] but found [false]" type="java.lang.AssertionError">java.lang.AssertionError: Step TC137_Verify_Project_Sub_Page_Version_Duplicate_Pa Failed with description Failed expected [true] but found [false]
	at org.testng.Assert.fail(Assert.java:94)
	at org.testng.Assert.failNotEquals(Assert.java:494)
	at org.testng.Assert.assertTrue(Assert.java:42)
	at com.ctaf.support.HtmlReportSupport.onFailure(HtmlReportSupport.java:778)
	at com.ctaf.utilities.Reporter.failureReport(Reporter.java:91)
	at com.desktopWeb.scripts.sprint1.TC_137_Verify_Project_Sub_Page_Version_Duplicate_Pa.TC137_Verify_Project_Sub_Page_Version_Duplicate_Pa(TC_137_Verify_Project_Sub_Page_Version_Duplicate_Pa.java:31)
</failure>
    <system-out>TC92_Verify_Page_News_Page_Version_Approve-11_Feb_2017 10 35 18 159;Time :445
 INFO [main] (TestEngine.java:507) - Current Test : TC137_Verify_Project_Sub_Page_Version_Duplicate_Pa
 INFO [main] (HelperClass.java:182) - in login
 INFO [main] (ActionEngine.java:107) - Successfully click on Menu
 INFO [main] (ActionEngine.java:107) - Successfully click on Click on Menu/Login
 INFO [main] (ActionEngine.java:395) - Type  autoprauthor@harvestdp.com in Email address
 INFO [main] (ActionEngine.java:395) - Type  Automation2017 in Password
 INFO [main] (ActionEngine.java:107) - Successfully click on Login button
 INFO [main] (HelperClass.java:733) - in navigateToProjectSubPage
 INFO [main] (ActionEngine.java:107) - Successfully click on Page
 INFO [main] (ActionEngine.java:107) - Successfully click on Project Sub Page
 INFO [main] (HelperClass.java:609) - in getRandomString
 INFO [main] (ActionEngine.java:1739) -  Able to get TscreenShot
 Able to get TscreenShot
</system-out>
  </testcase>
  <testcase name="TC43_Add_Links" classname="com.desktopWeb.scripts.tools.TC_43_Add_Links" time="273.477">
    <failure message="&#10;The data provider is trying to pass 6 parameters but the method com.desktopWeb.scripts.tools.TC_43_Add_Links#TC43_Add_Links takes 14 and TestNG is unable in inject a suitable object" type="org.testng.TestNGException">org.testng.TestNGException: 
The data provider is trying to pass 6 parameters but the method com.desktopWeb.scripts.tools.TC_43_Add_Links#TC43_Add_Links takes 14 and TestNG is unable in inject a suitable object
	at org.testng.internal.Invoker.injectParameters(Invoker.java:1359)
	at org.testng.internal.Invoker.invokeTestMethods(Invoker.java:1225)
	at org.testng.internal.TestMethodWorker.invokeTestMethods(TestMethodWorker.java:127)
	at org.testng.internal.TestMethodWorker.run(TestMethodWorker.java:111)
	at org.testng.TestRunner.privateRun(TestRunner.java:767)
	at org.testng.TestRunner.run(TestRunner.java:617)
	at org.testng.SuiteRunner.runTest(SuiteRunner.java:334)
	at org.testng.SuiteRunner.runSequentially(SuiteRunner.java:329)
	at org.testng.SuiteRunner.privateRun(SuiteRunner.java:291)
	at org.testng.SuiteRunner.run(SuiteRunner.java:240)
	at org.testng.SuiteRunnerWorker.runSuite(SuiteRunnerWorker.java:52)
	at org.testng.SuiteRunnerWorker.run(SuiteRunnerWorker.java:86)
	at org.testng.TestNG.runSuitesSequentially(TestNG.java:1198)
	at org.testng.TestNG.runSuitesLocally(TestNG.java:1123)
	at org.testng.TestNG.run(TestNG.java:1031)
	at org.apache.maven.surefire.testng.TestNGExecutor.run(TestNGExecutor.java:178)
	at org.apache.maven.surefire.testng.TestNGXmlTestSuite.execute(TestNGXmlTestSuite.java:92)
	at org.apache.maven.surefire.testng.TestNGProvider.invoke(TestNGProvider.java:96)
	at sun.reflect.NativeMethodAccessorImpl.invoke0(Native Method)
	at sun.reflect.NativeMethodAccessorImpl.invoke(Unknown Source)
	at sun.reflect.DelegatingMethodAccessorImpl.invoke(Unknown Source)
	at java.lang.reflect.Method.invoke(Unknown Source)
	at org.apache.maven.surefire.util.ReflectionUtils.invokeMethodWithArray2(ReflectionUtils.java:208)
	at org.apache.maven.surefire.booter.ProviderFactory$ProviderProxy.invoke(ProviderFactory.java:159)
	at org.apache.maven.surefire.booter.ProviderFactory.invokeProvider(ProviderFactory.java:87)
	at org.apache.maven.surefire.booter.ForkedBooter.runSuitesInProcess(ForkedBooter.java:153)
	at org.apache.maven.surefire.booter.ForkedBooter.main(ForkedBooter.java:95)
</failure>
    <system-out>TC137_Verify_Project_Sub_Page_Version_Duplicate_Pa-11_Feb_2017 10 42 44 974;Time :332
</system-out>
  </testcase>
  <testcase name="TC93_Detail_Page_News_Page_Project" classname="com.desktopWeb.scripts.page.TC_93_Detail_Page_News_Page_Project" time="275.975">
    <failure message="Step TC93_Detail_Page_News_Page_Project Failed with description Failed expected [true] but found [false]" type="java.lang.AssertionError">java.lang.AssertionError: Step TC93_Detail_Page_News_Page_Project Failed with description Failed expected [true] but found [false]
	at org.testng.Assert.fail(Assert.java:94)
	at org.testng.Assert.failNotEquals(Assert.java:494)
	at org.testng.Assert.assertTrue(Assert.java:42)
	at com.ctaf.support.HtmlReportSupport.onFailure(HtmlReportSupport.java:778)
	at com.ctaf.utilities.Reporter.failureReport(Reporter.java:91)
	at com.desktopWeb.scripts.page.TC_93_Detail_Page_News_Page_Project.TC93_Detail_Page_News_Page_Project(TC_93_Detail_Page_News_Page_Project.java:30)
</failure>
    <system-out> INFO [main] (TestEngine.java:507) - Current Test : TC93_Detail_Page_News_Page_Project
 INFO [main] (HelperClass.java:182) - in login
 INFO [main] (ActionEngine.java:107) - Successfully click on Menu
 INFO [main] (ActionEngine.java:107) - Successfully click on Click on Menu/Login
 INFO [main] (ActionEngine.java:395) - Type  autosm2017@gmail.com in Email address
 INFO [main] (ActionEngine.java:395) - Type  Automation2017 in Password
 INFO [main] (ActionEngine.java:107) - Successfully click on Login button
 INFO [main] (HelperClass.java:759) - in navigateToNewsPage
 INFO [main] (ActionEngine.java:107) - Successfully click on Page
 INFO [main] (ActionEngine.java:107) - Successfully click on More
 INFO [main] (ActionEngine.java:1739) -  Able to get TscreenShot
 Able to get TscreenShot
</system-out>
  </testcase>
  <testcase name="TC138_Verify_Project_Sub_Page_Delete_Pa" classname="com.desktopWeb.scripts.sprint1.TC_138_Verify_Project_Sub_Page_Delete_Pa" time="123.938"/>
  <testcase name="TC44_Add_Timelines" classname="com.desktopWeb.scripts.tools.TC_44_Add_Timelines" time="125.46">
    <failure message="&#10;The data provider is trying to pass 6 parameters but the method com.desktopWeb.scripts.tools.TC_44_Add_Timelines#TC44_Add_Timelines takes 15 and TestNG is unable in inject a suitable object" type="org.testng.TestNGException">org.testng.TestNGException: 
The data provider is trying to pass 6 parameters but the method com.desktopWeb.scripts.tools.TC_44_Add_Timelines#TC44_Add_Timelines takes 15 and TestNG is unable in inject a suitable object
	at org.testng.internal.Invoker.injectParameters(Invoker.java:1359)
	at org.testng.internal.Invoker.invokeTestMethods(Invoker.java:1225)
	at org.testng.internal.TestMethodWorker.invokeTestMethods(TestMethodWorker.java:127)
	at org.testng.internal.TestMethodWorker.run(TestMethodWorker.java:111)
	at org.testng.TestRunner.privateRun(TestRunner.java:767)
	at org.testng.TestRunner.run(TestRunner.java:617)
	at org.testng.SuiteRunner.runTest(SuiteRunner.java:334)
	at org.testng.SuiteRunner.runSequentially(SuiteRunner.java:329)
	at org.testng.SuiteRunner.privateRun(SuiteRunner.java:291)
	at org.testng.SuiteRunner.run(SuiteRunner.java:240)
	at org.testng.SuiteRunnerWorker.runSuite(SuiteRunnerWorker.java:52)
	at org.testng.SuiteRunnerWorker.run(SuiteRunnerWorker.java:86)
	at org.testng.TestNG.runSuitesSequentially(TestNG.java:1198)
	at org.testng.TestNG.runSuitesLocally(TestNG.java:1123)
	at org.testng.TestNG.run(TestNG.java:1031)
	at org.apache.maven.surefire.testng.TestNGExecutor.run(TestNGExecutor.java:178)
	at org.apache.maven.surefire.testng.TestNGXmlTestSuite.execute(TestNGXmlTestSuite.java:92)
	at org.apache.maven.surefire.testng.TestNGProvider.invoke(TestNGProvider.java:96)
	at sun.reflect.NativeMethodAccessorImpl.invoke0(Native Method)
	at sun.reflect.NativeMethodAccessorImpl.invoke(Unknown Source)
	at sun.reflect.DelegatingMethodAccessorImpl.invoke(Unknown Source)
	at java.lang.reflect.Method.invoke(Unknown Source)
	at org.apache.maven.surefire.util.ReflectionUtils.invokeMethodWithArray2(ReflectionUtils.java:208)
	at org.apache.maven.surefire.booter.ProviderFactory$ProviderProxy.invoke(ProviderFactory.java:159)
	at org.apache.maven.surefire.booter.ProviderFactory.invokeProvider(ProviderFactory.java:87)
	at org.apache.maven.surefire.booter.ForkedBooter.runSuitesInProcess(ForkedBooter.java:153)
	at org.apache.maven.surefire.booter.ForkedBooter.main(ForkedBooter.java:95)
</failure>
    <system-out>TC138_Verify_Project_Sub_Page_Delete_Pa-11_Feb_2017 10 54 48 354;Time :188
</system-out>
  </testcase>
  <testcase name="TC94_Verify_Page_Sitemap_Links" classname="com.desktopWeb.scripts.page.TC_94_Verify_Page_Sitemap_Links" time="2,056.018"/>
  <testcase name="TC139_Design_Project_Sub_Page_Template_Pa" classname="com.desktopWeb.scripts.sprint1.TC_139_Design_Project_Sub_Page_Template_Pa" time="253.096"/>
  <testcase name="TC45_Add_Contact_us" classname="com.desktopWeb.scripts.tools.TC_45_Add_Contact_us" time="255.015">
    <failure message="&#10;The data provider is trying to pass 5 parameters but the method com.desktopWeb.scripts.tools.TC_45_Add_Contact_us#TC45_Add_Contact_us takes 13 and TestNG is unable in inject a suitable object" type="org.testng.TestNGException">org.testng.TestNGException: 
The data provider is trying to pass 5 parameters but the method com.desktopWeb.scripts.tools.TC_45_Add_Contact_us#TC45_Add_Contact_us takes 13 and TestNG is unable in inject a suitable object
	at org.testng.internal.Invoker.injectParameters(Invoker.java:1359)
	at org.testng.internal.Invoker.invokeTestMethods(Invoker.java:1225)
	at org.testng.internal.TestMethodWorker.invokeTestMethods(TestMethodWorker.java:127)
	at org.testng.internal.TestMethodWorker.run(TestMethodWorker.java:111)
	at org.testng.TestRunner.privateRun(TestRunner.java:767)
	at org.testng.TestRunner.run(TestRunner.java:617)
	at org.testng.SuiteRunner.runTest(SuiteRunner.java:334)
	at org.testng.SuiteRunner.runSequentially(SuiteRunner.java:329)
	at org.testng.SuiteRunner.privateRun(SuiteRunner.java:291)
	at org.testng.SuiteRunner.run(SuiteRunner.java:240)
	at org.testng.SuiteRunnerWorker.runSuite(SuiteRunnerWorker.java:52)
	at org.testng.SuiteRunnerWorker.run(SuiteRunnerWorker.java:86)
	at org.testng.TestNG.runSuitesSequentially(TestNG.java:1198)
	at org.testng.TestNG.runSuitesLocally(TestNG.java:1123)
	at org.testng.TestNG.run(TestNG.java:1031)
	at org.apache.maven.surefire.testng.TestNGExecutor.run(TestNGExecutor.java:178)
	at org.apache.maven.surefire.testng.TestNGXmlTestSuite.execute(TestNGXmlTestSuite.java:92)
	at org.apache.maven.surefire.testng.TestNGProvider.invoke(TestNGProvider.java:96)
	at sun.reflect.NativeMethodAccessorImpl.invoke0(Native Method)
	at sun.reflect.NativeMethodAccessorImpl.invoke(Unknown Source)
	at sun.reflect.DelegatingMethodAccessorImpl.invoke(Unknown Source)
	at java.lang.reflect.Method.invoke(Unknown Source)
	at org.apache.maven.surefire.util.ReflectionUtils.invokeMethodWithArray2(ReflectionUtils.java:208)
	at org.apache.maven.surefire.booter.ProviderFactory$ProviderProxy.invoke(ProviderFactory.java:159)
	at org.apache.maven.surefire.booter.ProviderFactory.invokeProvider(ProviderFactory.java:87)
	at org.apache.maven.surefire.booter.ForkedBooter.runSuitesInProcess(ForkedBooter.java:153)
	at org.apache.maven.surefire.booter.ForkedBooter.main(ForkedBooter.java:95)
</failure>
    <system-out>TC139_Design_Project_Sub_Page_Template_Pa-11_Feb_2017 11 33 18 200;Time :348
</system-out>
  </testcase>
  <testcase name="TC140_SEO_Project_Sub_Page_Name_Pa" classname="com.desktopWeb.scripts.sprint1.TC_140_SEO_Project_Sub_Page_Name_Pa" time="211.505">
    <failure message="Step Click Failed with description Unable to click on Save Page expected [true] but found [false]" type="java.lang.AssertionError">java.lang.AssertionError: Step Click Failed with description Unable to click on Save Page expected [true] but found [false]
	at org.testng.Assert.fail(Assert.java:94)
	at org.testng.Assert.failNotEquals(Assert.java:494)
	at org.testng.Assert.assertTrue(Assert.java:42)
	at com.ctaf.support.HtmlReportSupport.onFailure(HtmlReportSupport.java:778)
	at com.ctaf.utilities.Reporter.failureReport(Reporter.java:91)
	at com.ctaf.accelerators.ActionEngine.click(ActionEngine.java:100)
	at com.desktopWeb.workflows.HelperClass.savePage(HelperClass.java:2379)
	at com.desktopWeb.scripts.sprint1.TC_140_SEO_Project_Sub_Page_Name_Pa.TC140_SEO_Project_Sub_Page_Name_Pa(TC_140_SEO_Project_Sub_Page_Name_Pa.java:25)
</failure>
    <system-out> INFO [main] (TestEngine.java:507) - Current Test : TC140_SEO_Project_Sub_Page_Name_Pa
 INFO [main] (HelperClass.java:182) - in login
 INFO [main] (ActionEngine.java:107) - Successfully click on Menu
 INFO [main] (ActionEngine.java:107) - Successfully click on Click on Menu/Login
 INFO [main] (ActionEngine.java:395) - Type  autoprauthor@harvestdp.com in Email address
 INFO [main] (ActionEngine.java:395) - Type  Automation2017 in Password
 INFO [main] (ActionEngine.java:107) - Successfully click on Login button
 INFO [main] (HelperClass.java:733) - in navigateToProjectSubPage
 INFO [main] (ActionEngine.java:107) - Successfully click on Page
 INFO [main] (ActionEngine.java:107) - Successfully click on Project Sub Page
 INFO [main] (ActionEngine.java:107) - Successfully click on SEO
 INFO [main] (HelperClass.java:609) - in getRandomString
 INFO [main] (ActionEngine.java:395) - Type  New DescZETA in SEO Name
 INFO [main] (ActionEngine.java:107) - Successfully click on Detail
 INFO [main] (ActionEngine.java:395) - Type  Testing SEO in Project Name
 INFO [main] (ActionEngine.java:107) - Successfully click on Submit
 INFO [main] (ActionEngine.java:1739) -  Able to get TscreenShot
 Able to get TscreenShot
</system-out>
    <system-err><![CDATA[org.openqa.selenium.WebDriverException: Element is not clickable at point (103, 32). Other element would receive the click: <div style="z-index: 1300;" class="ui-widget-overlay ui-front"></div>
Command duration or timeout: 109 milliseconds
Build info: version: '2.53.1', revision: 'a36b8b1cd5757287168e54b817830adce9b0158d', time: '2016-06-30 19:26:09'
System info: host: 'HW1315', ip: '192.168.3.11', os.name: 'Windows 7', os.arch: 'amd64', os.version: '6.1', java.version: '1.8.0_111'
Driver info: org.openqa.selenium.firefox.FirefoxDriver
Capabilities [{applicationCacheEnabled=true, rotatable=false, handlesAlerts=true, databaseEnabled=true, version=46.0, platform=WINDOWS, nativeEvents=false, acceptSslCerts=true, webStorageEnabled=true, locationContextEnabled=true, browserName=firefox, takesScreenshot=true, javascriptEnabled=true, cssSelectorsEnabled=true}]
Session ID: 1d05a1da-c96e-4f2a-acf1-eb6908a22eec
	at sun.reflect.NativeConstructorAccessorImpl.newInstance0(Native Method)
	at sun.reflect.NativeConstructorAccessorImpl.newInstance(Unknown Source)
	at sun.reflect.DelegatingConstructorAccessorImpl.newInstance(Unknown Source)
	at java.lang.reflect.Constructor.newInstance(Unknown Source)
	at org.openqa.selenium.remote.ErrorHandler.createThrowable(ErrorHandler.java:206)
	at org.openqa.selenium.remote.ErrorHandler.throwIfResponseFailed(ErrorHandler.java:158)
	at org.openqa.selenium.remote.RemoteWebDriver.execute(RemoteWebDriver.java:678)
	at org.openqa.selenium.remote.RemoteWebElement.execute(RemoteWebElement.java:327)
	at org.openqa.selenium.remote.RemoteWebElement.click(RemoteWebElement.java:85)
	at com.ctaf.accelerators.ActionEngine.click(ActionEngine.java:94)
	at com.desktopWeb.workflows.HelperClass.savePage(HelperClass.java:2379)
	at com.desktopWeb.scripts.sprint1.TC_140_SEO_Project_Sub_Page_Name_Pa.TC140_SEO_Project_Sub_Page_Name_Pa(TC_140_SEO_Project_Sub_Page_Name_Pa.java:25)
	at sun.reflect.NativeMethodAccessorImpl.invoke0(Native Method)
	at sun.reflect.NativeMethodAccessorImpl.invoke(Unknown Source)
	at sun.reflect.DelegatingMethodAccessorImpl.invoke(Unknown Source)
	at java.lang.reflect.Method.invoke(Unknown Source)
	at org.testng.internal.MethodInvocationHelper.invokeMethod(MethodInvocationHelper.java:80)
	at org.testng.internal.Invoker.invokeMethod(Invoker.java:714)
	at org.testng.internal.Invoker.invokeTestMethod(Invoker.java:901)
	at org.testng.internal.Invoker.invokeTestMethods(Invoker.java:1231)
	at org.testng.internal.TestMethodWorker.invokeTestMethods(TestMethodWorker.java:127)
	at org.testng.internal.TestMethodWorker.run(TestMethodWorker.java:111)
	at org.testng.TestRunner.privateRun(TestRunner.java:767)
	at org.testng.TestRunner.run(TestRunner.java:617)
	at org.testng.SuiteRunner.runTest(SuiteRunner.java:334)
	at org.testng.SuiteRunner.runSequentially(SuiteRunner.java:329)
	at org.testng.SuiteRunner.privateRun(SuiteRunner.java:291)
	at org.testng.SuiteRunner.run(SuiteRunner.java:240)
	at org.testng.SuiteRunnerWorker.runSuite(SuiteRunnerWorker.java:52)
	at org.testng.SuiteRunnerWorker.run(SuiteRunnerWorker.java:86)
	at org.testng.TestNG.runSuitesSequentially(TestNG.java:1198)
	at org.testng.TestNG.runSuitesLocally(TestNG.java:1123)
	at org.testng.TestNG.run(TestNG.java:1031)
	at org.apache.maven.surefire.testng.TestNGExecutor.run(TestNGExecutor.java:178)
	at org.apache.maven.surefire.testng.TestNGXmlTestSuite.execute(TestNGXmlTestSuite.java:92)
	at org.apache.maven.surefire.testng.TestNGProvider.invoke(TestNGProvider.java:96)
	at sun.reflect.NativeMethodAccessorImpl.invoke0(Native Method)
	at sun.reflect.NativeMethodAccessorImpl.invoke(Unknown Source)
	at sun.reflect.DelegatingMethodAccessorImpl.invoke(Unknown Source)
	at java.lang.reflect.Method.invoke(Unknown Source)
	at org.apache.maven.surefire.util.ReflectionUtils.invokeMethodWithArray2(ReflectionUtils.java:208)
	at org.apache.maven.surefire.booter.ProviderFactory$ProviderProxy.invoke(ProviderFactory.java:159)
	at org.apache.maven.surefire.booter.ProviderFactory.invokeProvider(ProviderFactory.java:87)
	at org.apache.maven.surefire.booter.ForkedBooter.runSuitesInProcess(ForkedBooter.java:153)
	at org.apache.maven.surefire.booter.ForkedBooter.main(ForkedBooter.java:95)
]]></system-err>
  </testcase>
  <testcase name="TC46_Add_News_Feed" classname="com.desktopWeb.scripts.tools.TC_46_Add_News_Feed" time="680.057"/>
  <testcase name="TC141_Location_Project_Sub_Page_Location_Pa" classname="com.desktopWeb.scripts.sprint1.TC_141_Location_Project_Sub_Page_Location_Pa" time="308.655">
    <failure message="Step TC141_Location_Project_Sub_Page_Location_Pa Failed with description Failed expected [true] but found [false]" type="java.lang.AssertionError">java.lang.AssertionError: Step TC141_Location_Project_Sub_Page_Location_Pa Failed with description Failed expected [true] but found [false]
	at org.testng.Assert.fail(Assert.java:94)
	at org.testng.Assert.failNotEquals(Assert.java:494)
	at org.testng.Assert.assertTrue(Assert.java:42)
	at com.ctaf.support.HtmlReportSupport.onFailure(HtmlReportSupport.java:778)
	at com.ctaf.utilities.Reporter.failureReport(Reporter.java:91)
	at com.desktopWeb.scripts.sprint1.TC_141_Location_Project_Sub_Page_Location_Pa.TC141_Location_Project_Sub_Page_Location_Pa(TC_141_Location_Project_Sub_Page_Location_Pa.java:29)
</failure>
    <system-out>TC46_Add_News_Feed-11_Feb_2017 11 44 17 375;Time :776
 INFO [main] (TestEngine.java:507) - Current Test : TC141_Location_Project_Sub_Page_Location_Pa
 INFO [main] (HelperClass.java:182) - in login
 INFO [main] (ActionEngine.java:107) - Successfully click on Menu
 INFO [main] (ActionEngine.java:107) - Successfully click on Click on Menu/Login
 INFO [main] (ActionEngine.java:395) - Type  autoprauthor@harvestdp.com in Email address
 INFO [main] (ActionEngine.java:395) - Type  Automation2017 in Password
 INFO [main] (ActionEngine.java:107) - Successfully click on Login button
 INFO [main] (HelperClass.java:733) - in navigateToProjectSubPage
 INFO [main] (ActionEngine.java:107) - Successfully click on Page
 INFO [main] (ActionEngine.java:107) - Successfully click on Project Sub Page
 INFO [main] (ActionEngine.java:1739) -  Able to get TscreenShot
 Able to get TscreenShot
</system-out>
  </testcase>
  <testcase name="TC47_Add_Feature" classname="com.desktopWeb.scripts.tools.TC_47_Add_Feature" time="221.68">
    <failure message="Step Click Failed with description Unable to click By.xpath: //input[@id=&apos;projectTemplate1&apos;] expected [true] but found [false]" type="java.lang.AssertionError">java.lang.AssertionError: Step Click Failed with description Unable to click By.xpath: //input[@id='projectTemplate1'] expected [true] but found [false]
	at org.testng.Assert.fail(Assert.java:94)
	at org.testng.Assert.failNotEquals(Assert.java:494)
	at org.testng.Assert.assertTrue(Assert.java:42)
	at com.ctaf.support.HtmlReportSupport.onFailure(HtmlReportSupport.java:778)
	at com.ctaf.utilities.Reporter.failureReport(Reporter.java:91)
	at com.desktopWeb.workflows.HelperClass.scrollandClick(HelperClass.java:476)
	at com.desktopWeb.workflows.HelperClass.createProject(HelperClass.java:2058)
	at com.desktopWeb.scripts.tools.TC_47_Add_Feature.TC47_Add_Feature(TC_47_Add_Feature.java:26)
</failure>
    <system-out>TC141_Location_Project_Sub_Page_Location_Pa-11_Feb_2017 11 57 14 832;Time :370
 INFO [main] (TestEngine.java:507) - Current Test : TC47_Add_Feature
 INFO [main] (HelperClass.java:182) - in login
 INFO [main] (ActionEngine.java:107) - Successfully click on Menu
 INFO [main] (ActionEngine.java:107) - Successfully click on Click on Menu/Login
 INFO [main] (ActionEngine.java:395) - Type  autosm2017@gmail.com in Email address
 INFO [main] (ActionEngine.java:395) - Type  Automation2017 in Password
 INFO [main] (ActionEngine.java:107) - Successfully click on Login button
 INFO [main] (ActionEngine.java:107) - Successfully click on Dashboard
 INFO [main] (ActionEngine.java:107) - Successfully click on Dashboard/Project
 INFO [main] (ActionEngine.java:107) - Successfully click on Launch New Project
 INFO [main] (HelperClass.java:609) - in getRandomString
 INFO [main] (ActionEngine.java:395) - Type  Automation Project - usvo in Project Name
 INFO [main] (ActionEngine.java:395) - Type  New Automation Project in Project Description
 INFO [main] (ActionEngine.java:107) - Successfully click on Next Button
 INFO [main] (HelperClass.java:460) - in scrollandClick
 INFO [main] (ActionEngine.java:1739) -  Able to get TscreenShot
 Able to get TscreenShot
</system-out>
  </testcase>
  <testcase name="TC142_Verify_Project_Sub_Page_Mobile_Preview_Pa" classname="com.desktopWeb.scripts.sprint1.TC_142_Verify_Project_Sub_Page_Mobile_Preview_Pa" time="271.182">
    <failure message="Step TC142_Verify_Project_Sub_Page_Mobile_Preview_Pa Failed with description Failed expected [true] but found [false]" type="java.lang.AssertionError">java.lang.AssertionError: Step TC142_Verify_Project_Sub_Page_Mobile_Preview_Pa Failed with description Failed expected [true] but found [false]
	at org.testng.Assert.fail(Assert.java:94)
	at org.testng.Assert.failNotEquals(Assert.java:494)
	at org.testng.Assert.assertTrue(Assert.java:42)
	at com.ctaf.support.HtmlReportSupport.onFailure(HtmlReportSupport.java:778)
	at com.ctaf.utilities.Reporter.failureReport(Reporter.java:91)
	at com.desktopWeb.scripts.sprint1.TC_142_Verify_Project_Sub_Page_Mobile_Preview_Pa.TC142_Verify_Project_Sub_Page_Mobile_Preview_Pa(TC_142_Verify_Project_Sub_Page_Mobile_Preview_Pa.java:26)
</failure>
    <system-out>TC47_Add_Feature-11_Feb_2017 12 03 28 357;Time :285
 INFO [main] (TestEngine.java:507) - Current Test : TC142_Verify_Project_Sub_Page_Mobile_Preview_Pa
 INFO [main] (HelperClass.java:182) - in login
 INFO [main] (ActionEngine.java:107) - Successfully click on Menu
 INFO [main] (ActionEngine.java:107) - Successfully click on Click on Menu/Login
 INFO [main] (ActionEngine.java:395) - Type  autoprauthor@harvestdp.com in Email address
 INFO [main] (ActionEngine.java:395) - Type  Automation2017 in Password
 INFO [main] (ActionEngine.java:107) - Successfully click on Login button
 INFO [main] (HelperClass.java:733) - in navigateToProjectSubPage
 INFO [main] (ActionEngine.java:107) - Successfully click on Page
 INFO [main] (ActionEngine.java:107) - Successfully click on Project Sub Page
 INFO [main] (ActionEngine.java:1739) -  Able to get TscreenShot
 Able to get TscreenShot
</system-out>
  </testcase>
  <testcase name="TC48_Add_Accodion" classname="com.desktopWeb.scripts.tools.TC_48_Add_Accodion" time="713.27"/>
  <testcase name="TC143_Verify_Project_Sub_Page_Version_Approve_Pa" classname="com.desktopWeb.scripts.sprint1.TC_143_Verify_Project_Sub_Page_Version_Approve_Pa" time="212.402">
    <failure message="Step Click Failed with description Unable to click on Save Page expected [true] but found [false]" type="java.lang.AssertionError">java.lang.AssertionError: Step Click Failed with description Unable to click on Save Page expected [true] but found [false]
	at org.testng.Assert.fail(Assert.java:94)
	at org.testng.Assert.failNotEquals(Assert.java:494)
	at org.testng.Assert.assertTrue(Assert.java:42)
	at com.ctaf.support.HtmlReportSupport.onFailure(HtmlReportSupport.java:778)
	at com.ctaf.utilities.Reporter.failureReport(Reporter.java:91)
	at com.ctaf.accelerators.ActionEngine.click(ActionEngine.java:100)
	at com.desktopWeb.workflows.HelperClass.savePage(HelperClass.java:2379)
	at com.desktopWeb.scripts.sprint1.TC_143_Verify_Project_Sub_Page_Version_Approve_Pa.TC143_Verify_Project_Sub_Page_Version_Approve_Pa(TC_143_Verify_Project_Sub_Page_Version_Approve_Pa.java:25)
</failure>
    <system-out>TC48_Add_Accodion-11_Feb_2017 12 14 13 549;Time :765
 INFO [main] (TestEngine.java:507) - Current Test : TC143_Verify_Project_Sub_Page_Version_Approve_Pa
 INFO [main] (HelperClass.java:182) - in login
 INFO [main] (ActionEngine.java:107) - Successfully click on Menu
 INFO [main] (ActionEngine.java:107) - Successfully click on Click on Menu/Login
 INFO [main] (ActionEngine.java:395) - Type  autoprauthor@harvestdp.com in Email address
 INFO [main] (ActionEngine.java:395) - Type  Automation2017 in Password
 INFO [main] (ActionEngine.java:107) - Successfully click on Login button
 INFO [main] (HelperClass.java:733) - in navigateToProjectSubPage
 INFO [main] (ActionEngine.java:107) - Successfully click on Page
 INFO [main] (ActionEngine.java:107) - Successfully click on Project Sub Page
 INFO [main] (HelperClass.java:609) - in getRandomString
 INFO [main] (ActionEngine.java:107) - Successfully click on Details
 INFO [main] (ActionEngine.java:395) - Type  Testing Version Approve - RgiC in Project Name
 INFO [main] (ActionEngine.java:107) - Successfully click on Submit
 INFO [main] (ActionEngine.java:1739) -  Able to get TscreenShot
 Able to get TscreenShot
</system-out>
    <system-err><![CDATA[org.openqa.selenium.WebDriverException: Element is not clickable at point (103, 32). Other element would receive the click: <div style="z-index: 1300;" class="ui-widget-overlay ui-front"></div>
Command duration or timeout: 125 milliseconds
Build info: version: '2.53.1', revision: 'a36b8b1cd5757287168e54b817830adce9b0158d', time: '2016-06-30 19:26:09'
System info: host: 'HW1315', ip: '192.168.3.11', os.name: 'Windows 7', os.arch: 'amd64', os.version: '6.1', java.version: '1.8.0_111'
Driver info: org.openqa.selenium.firefox.FirefoxDriver
Capabilities [{applicationCacheEnabled=true, rotatable=false, handlesAlerts=true, databaseEnabled=true, version=46.0, platform=WINDOWS, nativeEvents=false, acceptSslCerts=true, webStorageEnabled=true, locationContextEnabled=true, browserName=firefox, takesScreenshot=true, javascriptEnabled=true, cssSelectorsEnabled=true}]
Session ID: 0bcf6917-e287-4dca-a36c-211a607e2089
	at sun.reflect.NativeConstructorAccessorImpl.newInstance0(Native Method)
	at sun.reflect.NativeConstructorAccessorImpl.newInstance(Unknown Source)
	at sun.reflect.DelegatingConstructorAccessorImpl.newInstance(Unknown Source)
	at java.lang.reflect.Constructor.newInstance(Unknown Source)
	at org.openqa.selenium.remote.ErrorHandler.createThrowable(ErrorHandler.java:206)
	at org.openqa.selenium.remote.ErrorHandler.throwIfResponseFailed(ErrorHandler.java:158)
	at org.openqa.selenium.remote.RemoteWebDriver.execute(RemoteWebDriver.java:678)
	at org.openqa.selenium.remote.RemoteWebElement.execute(RemoteWebElement.java:327)
	at org.openqa.selenium.remote.RemoteWebElement.click(RemoteWebElement.java:85)
	at com.ctaf.accelerators.ActionEngine.click(ActionEngine.java:94)
	at com.desktopWeb.workflows.HelperClass.savePage(HelperClass.java:2379)
	at com.desktopWeb.scripts.sprint1.TC_143_Verify_Project_Sub_Page_Version_Approve_Pa.TC143_Verify_Project_Sub_Page_Version_Approve_Pa(TC_143_Verify_Project_Sub_Page_Version_Approve_Pa.java:25)
	at sun.reflect.NativeMethodAccessorImpl.invoke0(Native Method)
	at sun.reflect.NativeMethodAccessorImpl.invoke(Unknown Source)
	at sun.reflect.DelegatingMethodAccessorImpl.invoke(Unknown Source)
	at java.lang.reflect.Method.invoke(Unknown Source)
	at org.testng.internal.MethodInvocationHelper.invokeMethod(MethodInvocationHelper.java:80)
	at org.testng.internal.Invoker.invokeMethod(Invoker.java:714)
	at org.testng.internal.Invoker.invokeTestMethod(Invoker.java:901)
	at org.testng.internal.Invoker.invokeTestMethods(Invoker.java:1231)
	at org.testng.internal.TestMethodWorker.invokeTestMethods(TestMethodWorker.java:127)
	at org.testng.internal.TestMethodWorker.run(TestMethodWorker.java:111)
	at org.testng.TestRunner.privateRun(TestRunner.java:767)
	at org.testng.TestRunner.run(TestRunner.java:617)
	at org.testng.SuiteRunner.runTest(SuiteRunner.java:334)
	at org.testng.SuiteRunner.runSequentially(SuiteRunner.java:329)
	at org.testng.SuiteRunner.privateRun(SuiteRunner.java:291)
	at org.testng.SuiteRunner.run(SuiteRunner.java:240)
	at org.testng.SuiteRunnerWorker.runSuite(SuiteRunnerWorker.java:52)
	at org.testng.SuiteRunnerWorker.run(SuiteRunnerWorker.java:86)
	at org.testng.TestNG.runSuitesSequentially(TestNG.java:1198)
	at org.testng.TestNG.runSuitesLocally(TestNG.java:1123)
	at org.testng.TestNG.run(TestNG.java:1031)
	at org.apache.maven.surefire.testng.TestNGExecutor.run(TestNGExecutor.java:178)
	at org.apache.maven.surefire.testng.TestNGXmlTestSuite.execute(TestNGXmlTestSuite.java:92)
	at org.apache.maven.surefire.testng.TestNGProvider.invoke(TestNGProvider.java:96)
	at sun.reflect.NativeMethodAccessorImpl.invoke0(Native Method)
	at sun.reflect.NativeMethodAccessorImpl.invoke(Unknown Source)
	at sun.reflect.DelegatingMethodAccessorImpl.invoke(Unknown Source)
	at java.lang.reflect.Method.invoke(Unknown Source)
	at org.apache.maven.surefire.util.ReflectionUtils.invokeMethodWithArray2(ReflectionUtils.java:208)
	at org.apache.maven.surefire.booter.ProviderFactory$ProviderProxy.invoke(ProviderFactory.java:159)
	at org.apache.maven.surefire.booter.ProviderFactory.invokeProvider(ProviderFactory.java:87)
	at org.apache.maven.surefire.booter.ForkedBooter.runSuitesInProcess(ForkedBooter.java:153)
	at org.apache.maven.surefire.booter.ForkedBooter.main(ForkedBooter.java:95)
]]></system-err>
  </testcase>
  <testcase name="TC50_Verify_Authoring_Tools_Options" classname="com.desktopWeb.scripts.tools.TC_50_Verify_Authoring_Tools_Options" time="130.761"/>
  <testcase name="TC144_Detail_Project_Sub_Page_Project_Pa" classname="com.desktopWeb.scripts.sprint1.TC_144_Detail_Project_Sub_Page_Project_Pa" time="182.237">
    <failure message="Step Click Failed with description Unable to click on Save Page expected [true] but found [false]" type="java.lang.AssertionError">java.lang.AssertionError: Step Click Failed with description Unable to click on Save Page expected [true] but found [false]
	at org.testng.Assert.fail(Assert.java:94)
	at org.testng.Assert.failNotEquals(Assert.java:494)
	at org.testng.Assert.assertTrue(Assert.java:42)
	at com.ctaf.support.HtmlReportSupport.onFailure(HtmlReportSupport.java:778)
	at com.ctaf.utilities.Reporter.failureReport(Reporter.java:91)
	at com.ctaf.accelerators.ActionEngine.click(ActionEngine.java:100)
	at com.desktopWeb.workflows.HelperClass.savePage(HelperClass.java:2379)
	at com.desktopWeb.scripts.sprint1.TC_144_Detail_Project_Sub_Page_Project_Pa.TC144_Detail_Project_Sub_Page_Project_Pa(TC_144_Detail_Project_Sub_Page_Project_Pa.java:25)
</failure>
    <system-out>TC50_Verify_Authoring_Tools_Options-11_Feb_2017 12 31 40 840;Time :217
 INFO [main] (TestEngine.java:507) - Current Test : TC144_Detail_Project_Sub_Page_Project_Pa
 INFO [main] (HelperClass.java:182) - in login
 INFO [main] (ActionEngine.java:107) - Successfully click on Menu
 INFO [main] (ActionEngine.java:107) - Successfully click on Click on Menu/Login
 INFO [main] (ActionEngine.java:395) - Type  autoprauthor@harvestdp.com in Email address
 INFO [main] (ActionEngine.java:395) - Type  Automation2017 in Password
 INFO [main] (ActionEngine.java:107) - Successfully click on Login button
 INFO [main] (HelperClass.java:733) - in navigateToProjectSubPage
 INFO [main] (ActionEngine.java:107) - Successfully click on Page
 INFO [main] (ActionEngine.java:107) - Successfully click on Project Sub Page
 INFO [main] (HelperClass.java:609) - in getRandomString
 INFO [main] (ActionEngine.java:107) - Successfully click on Details
 INFO [main] (ActionEngine.java:395) - Type  New Project for Test Execution - UqnE in Project Name
 INFO [main] (ActionEngine.java:107) - Successfully click on Submit
 INFO [main] (ActionEngine.java:1739) -  Able to get TscreenShot
 Able to get TscreenShot
</system-out>
    <system-err><![CDATA[org.openqa.selenium.WebDriverException: Element is not clickable at point (103, 32). Other element would receive the click: <div style="z-index: 1300;" class="ui-widget-overlay ui-front"></div>
Command duration or timeout: 130 milliseconds
Build info: version: '2.53.1', revision: 'a36b8b1cd5757287168e54b817830adce9b0158d', time: '2016-06-30 19:26:09'
System info: host: 'HW1315', ip: '192.168.3.11', os.name: 'Windows 7', os.arch: 'amd64', os.version: '6.1', java.version: '1.8.0_111'
Driver info: org.openqa.selenium.firefox.FirefoxDriver
Capabilities [{applicationCacheEnabled=true, rotatable=false, handlesAlerts=true, databaseEnabled=true, version=46.0, platform=WINDOWS, nativeEvents=false, acceptSslCerts=true, webStorageEnabled=true, locationContextEnabled=true, browserName=firefox, takesScreenshot=true, javascriptEnabled=true, cssSelectorsEnabled=true}]
Session ID: 8c143cd8-eb45-4649-9e77-dad7ce2fcc75
	at sun.reflect.NativeConstructorAccessorImpl.newInstance0(Native Method)
	at sun.reflect.NativeConstructorAccessorImpl.newInstance(Unknown Source)
	at sun.reflect.DelegatingConstructorAccessorImpl.newInstance(Unknown Source)
	at java.lang.reflect.Constructor.newInstance(Unknown Source)
	at org.openqa.selenium.remote.ErrorHandler.createThrowable(ErrorHandler.java:206)
	at org.openqa.selenium.remote.ErrorHandler.throwIfResponseFailed(ErrorHandler.java:158)
	at org.openqa.selenium.remote.RemoteWebDriver.execute(RemoteWebDriver.java:678)
	at org.openqa.selenium.remote.RemoteWebElement.execute(RemoteWebElement.java:327)
	at org.openqa.selenium.remote.RemoteWebElement.click(RemoteWebElement.java:85)
	at com.ctaf.accelerators.ActionEngine.click(ActionEngine.java:94)
	at com.desktopWeb.workflows.HelperClass.savePage(HelperClass.java:2379)
	at com.desktopWeb.scripts.sprint1.TC_144_Detail_Project_Sub_Page_Project_Pa.TC144_Detail_Project_Sub_Page_Project_Pa(TC_144_Detail_Project_Sub_Page_Project_Pa.java:25)
	at sun.reflect.NativeMethodAccessorImpl.invoke0(Native Method)
	at sun.reflect.NativeMethodAccessorImpl.invoke(Unknown Source)
	at sun.reflect.DelegatingMethodAccessorImpl.invoke(Unknown Source)
	at java.lang.reflect.Method.invoke(Unknown Source)
	at org.testng.internal.MethodInvocationHelper.invokeMethod(MethodInvocationHelper.java:80)
	at org.testng.internal.Invoker.invokeMethod(Invoker.java:714)
	at org.testng.internal.Invoker.invokeTestMethod(Invoker.java:901)
	at org.testng.internal.Invoker.invokeTestMethods(Invoker.java:1231)
	at org.testng.internal.TestMethodWorker.invokeTestMethods(TestMethodWorker.java:127)
	at org.testng.internal.TestMethodWorker.run(TestMethodWorker.java:111)
	at org.testng.TestRunner.privateRun(TestRunner.java:767)
	at org.testng.TestRunner.run(TestRunner.java:617)
	at org.testng.SuiteRunner.runTest(SuiteRunner.java:334)
	at org.testng.SuiteRunner.runSequentially(SuiteRunner.java:329)
	at org.testng.SuiteRunner.privateRun(SuiteRunner.java:291)
	at org.testng.SuiteRunner.run(SuiteRunner.java:240)
	at org.testng.SuiteRunnerWorker.runSuite(SuiteRunnerWorker.java:52)
	at org.testng.SuiteRunnerWorker.run(SuiteRunnerWorker.java:86)
	at org.testng.TestNG.runSuitesSequentially(TestNG.java:1198)
	at org.testng.TestNG.runSuitesLocally(TestNG.java:1123)
	at org.testng.TestNG.run(TestNG.java:1031)
	at org.apache.maven.surefire.testng.TestNGExecutor.run(TestNGExecutor.java:178)
	at org.apache.maven.surefire.testng.TestNGXmlTestSuite.execute(TestNGXmlTestSuite.java:92)
	at org.apache.maven.surefire.testng.TestNGProvider.invoke(TestNGProvider.java:96)
	at sun.reflect.NativeMethodAccessorImpl.invoke0(Native Method)
	at sun.reflect.NativeMethodAccessorImpl.invoke(Unknown Source)
	at sun.reflect.DelegatingMethodAccessorImpl.invoke(Unknown Source)
	at java.lang.reflect.Method.invoke(Unknown Source)
	at org.apache.maven.surefire.util.ReflectionUtils.invokeMethodWithArray2(ReflectionUtils.java:208)
	at org.apache.maven.surefire.booter.ProviderFactory$ProviderProxy.invoke(ProviderFactory.java:159)
	at org.apache.maven.surefire.booter.ProviderFactory.invokeProvider(ProviderFactory.java:87)
	at org.apache.maven.surefire.booter.ForkedBooter.runSuitesInProcess(ForkedBooter.java:153)
	at org.apache.maven.surefire.booter.ForkedBooter.main(ForkedBooter.java:95)
]]></system-err>
  </testcase>
  <testcase name="TC145_Detail_Page_News_Page_Project_En" classname="com.desktopWeb.scripts.sprint1.TC_145_Detail_Page_News_Page_Project_En" time="258.839">
    <failure message="Step TC145_Detail_Page_News_Page_Project_En Failed with description Failed expected [true] but found [false]" type="java.lang.AssertionError">java.lang.AssertionError: Step TC145_Detail_Page_News_Page_Project_En Failed with description Failed expected [true] but found [false]
	at org.testng.Assert.fail(Assert.java:94)
	at org.testng.Assert.failNotEquals(Assert.java:494)
	at org.testng.Assert.assertTrue(Assert.java:42)
	at com.ctaf.support.HtmlReportSupport.onFailure(HtmlReportSupport.java:778)
	at com.ctaf.utilities.Reporter.failureReport(Reporter.java:91)
	at com.desktopWeb.scripts.sprint1.TC_145_Detail_Page_News_Page_Project_En.TC145_Detail_Page_News_Page_Project_En(TC_145_Detail_Page_News_Page_Project_En.java:30)
</failure>
    <system-out>TC144_Detail_Project_Sub_Page_Project_Pa-11_Feb_2017 12 35 19 435;Time :241
 INFO [main] (TestEngine.java:507) - Current Test : TC145_Detail_Page_News_Page_Project_En
 INFO [main] (HelperClass.java:182) - in login
 INFO [main] (ActionEngine.java:107) - Successfully click on Menu
 INFO [main] (ActionEngine.java:107) - Successfully click on Click on Menu/Login
 INFO [main] (ActionEngine.java:395) - Type  autoenmanager@harvestdp.com in Email address
 INFO [main] (ActionEngine.java:395) - Type  Automation2017 in Password
 INFO [main] (ActionEngine.java:107) - Successfully click on Login button
 INFO [main] (HelperClass.java:759) - in navigateToNewsPage
 INFO [main] (ActionEngine.java:107) - Successfully click on Page
 INFO [main] (ActionEngine.java:107) - Successfully click on More
 INFO [main] (ActionEngine.java:1739) -  Able to get TscreenShot
 Able to get TscreenShot
</system-out>
  </testcase>
  <testcase name="TC146_Verify_Page_News_Page_Delete_En" classname="com.desktopWeb.scripts.sprint1.TC_146_Verify_Page_News_Page_Delete_En" time="254.66">
    <failure message="Step TC146_Verify_Page_News_Page_Delete_En Failed with description Failed expected [true] but found [false]" type="java.lang.AssertionError">java.lang.AssertionError: Step TC146_Verify_Page_News_Page_Delete_En Failed with description Failed expected [true] but found [false]
	at org.testng.Assert.fail(Assert.java:94)
	at org.testng.Assert.failNotEquals(Assert.java:494)
	at org.testng.Assert.assertTrue(Assert.java:42)
	at com.ctaf.support.HtmlReportSupport.onFailure(HtmlReportSupport.java:778)
	at com.ctaf.utilities.Reporter.failureReport(Reporter.java:91)
	at com.desktopWeb.scripts.sprint1.TC_146_Verify_Page_News_Page_Delete_En.TC146_Verify_Page_News_Page_Delete_En(TC_146_Verify_Page_News_Page_Delete_En.java:29)
</failure>
    <system-out>TC145_Detail_Page_News_Page_Project_En-11_Feb_2017 12 39 21 675;Time :322
 INFO [main] (TestEngine.java:507) - Current Test : TC146_Verify_Page_News_Page_Delete_En
 INFO [main] (HelperClass.java:182) - in login
 INFO [main] (ActionEngine.java:107) - Successfully click on Menu
 INFO [main] (ActionEngine.java:107) - Successfully click on Click on Menu/Login
 INFO [main] (ActionEngine.java:395) - Type  autoenmanager@harvestdp.com in Email address
 INFO [main] (ActionEngine.java:395) - Type  Automation2017 in Password
 INFO [main] (ActionEngine.java:107) - Successfully click on Login button
 INFO [main] (HelperClass.java:759) - in navigateToNewsPage
 INFO [main] (ActionEngine.java:107) - Successfully click on Page
 INFO [main] (ActionEngine.java:107) - Successfully click on More
 INFO [main] (ActionEngine.java:1739) -  Able to get TscreenShot
 Able to get TscreenShot
</system-out>
  </testcase>
  <testcase name="TC147_SEO_Page_News_Page_Name_En" classname="com.desktopWeb.scripts.sprint1.TC_147_SEO_Page_News_Page_Name_En" time="267.663">
    <failure message="Step TC147_SEO_Page_News_Page_Name_En Failed with description Failed expected [true] but found [false]" type="java.lang.AssertionError">java.lang.AssertionError: Step TC147_SEO_Page_News_Page_Name_En Failed with description Failed expected [true] but found [false]
	at org.testng.Assert.fail(Assert.java:94)
	at org.testng.Assert.failNotEquals(Assert.java:494)
	at org.testng.Assert.assertTrue(Assert.java:42)
	at com.ctaf.support.HtmlReportSupport.onFailure(HtmlReportSupport.java:778)
	at com.ctaf.utilities.Reporter.failureReport(Reporter.java:91)
	at com.desktopWeb.scripts.sprint1.TC_147_SEO_Page_News_Page_Name_En.TC147_SEO_Page_News_Page_Name_En(TC_147_SEO_Page_News_Page_Name_En.java:30)
</failure>
    <system-out>TC146_Verify_Page_News_Page_Delete_En-11_Feb_2017 12 44 45 143;Time :362
 INFO [main] (TestEngine.java:507) - Current Test : TC147_SEO_Page_News_Page_Name_En
 INFO [main] (HelperClass.java:182) - in login
 INFO [main] (ActionEngine.java:107) - Successfully click on Menu
 INFO [main] (ActionEngine.java:107) - Successfully click on Click on Menu/Login
 INFO [main] (ActionEngine.java:395) - Type  autoenmanager@harvestdp.com in Email address
 INFO [main] (ActionEngine.java:395) - Type  Automation2017 in Password
 INFO [main] (ActionEngine.java:107) - Successfully click on Login button
 INFO [main] (HelperClass.java:759) - in navigateToNewsPage
 INFO [main] (ActionEngine.java:107) - Successfully click on Page
 INFO [main] (ActionEngine.java:107) - Successfully click on More
 INFO [main] (ActionEngine.java:1739) -  Able to get TscreenShot
 Able to get TscreenShot
</system-out>
  </testcase>
  <testcase name="TC148_Verify_Page_News_Page_Version_Duplicate_En" classname="com.desktopWeb.scripts.sprint1.TC_148_Verify_Page_News_Page_Version_Duplicate_En" time="257.372">
    <failure message="Step TC148_Verify_Page_News_Page_Version_Duplicate_En Failed with description Failed expected [true] but found [false]" type="java.lang.AssertionError">java.lang.AssertionError: Step TC148_Verify_Page_News_Page_Version_Duplicate_En Failed with description Failed expected [true] but found [false]
	at org.testng.Assert.fail(Assert.java:94)
	at org.testng.Assert.failNotEquals(Assert.java:494)
	at org.testng.Assert.assertTrue(Assert.java:42)
	at com.ctaf.support.HtmlReportSupport.onFailure(HtmlReportSupport.java:778)
	at com.ctaf.utilities.Reporter.failureReport(Reporter.java:91)
	at com.desktopWeb.scripts.sprint1.TC_148_Verify_Page_News_Page_Version_Duplicate_En.TC148_Verify_Page_News_Page_Version_Duplicate_En(TC_148_Verify_Page_News_Page_Version_Duplicate_En.java:32)
</failure>
    <system-out>TC147_SEO_Page_News_Page_Name_En-11_Feb_2017 12 50 49 297;Time :312
 INFO [main] (TestEngine.java:507) - Current Test : TC148_Verify_Page_News_Page_Version_Duplicate_En
 INFO [main] (HelperClass.java:182) - in login
 INFO [main] (ActionEngine.java:107) - Successfully click on Menu
 INFO [main] (ActionEngine.java:107) - Successfully click on Click on Menu/Login
 INFO [main] (ActionEngine.java:395) - Type  autoenmanager@harvestdp.com in Email address
 INFO [main] (ActionEngine.java:395) - Type  Automation2017 in Password
 INFO [main] (ActionEngine.java:107) - Successfully click on Login button
 INFO [main] (HelperClass.java:759) - in navigateToNewsPage
 INFO [main] (ActionEngine.java:107) - Successfully click on Page
 INFO [main] (ActionEngine.java:107) - Successfully click on More
 INFO [main] (ActionEngine.java:1739) -  Able to get TscreenShot
 Able to get TscreenShot
</system-out>
  </testcase>
  <testcase name="TC149_Verify_Page_News_Page_Mobile_Preview_En" classname="com.desktopWeb.scripts.sprint1.TC_149_Verify_Page_News_Page_Mobile_Preview_En" time="238.834">
    <failure message="Step TC149_Verify_Page_News_Page_Mobile_Preview_En Failed with description Failed expected [true] but found [false]" type="java.lang.AssertionError">java.lang.AssertionError: Step TC149_Verify_Page_News_Page_Mobile_Preview_En Failed with description Failed expected [true] but found [false]
	at org.testng.Assert.fail(Assert.java:94)
	at org.testng.Assert.failNotEquals(Assert.java:494)
	at org.testng.Assert.assertTrue(Assert.java:42)
	at com.ctaf.support.HtmlReportSupport.onFailure(HtmlReportSupport.java:778)
	at com.ctaf.utilities.Reporter.failureReport(Reporter.java:91)
	at com.desktopWeb.scripts.sprint1.TC_149_Verify_Page_News_Page_Mobile_Preview_En.TC149_Verify_Page_News_Page_Mobile_Preview_En(TC_149_Verify_Page_News_Page_Mobile_Preview_En.java:27)
</failure>
    <system-out>TC148_Verify_Page_News_Page_Version_Duplicate_En-11_Feb_2017 12 56 02 316;Time :309
 INFO [main] (TestEngine.java:507) - Current Test : TC149_Verify_Page_News_Page_Mobile_Preview_En
 INFO [main] (HelperClass.java:182) - in login
 INFO [main] (ActionEngine.java:107) - Successfully click on Menu
 INFO [main] (ActionEngine.java:107) - Successfully click on Click on Menu/Login
 INFO [main] (ActionEngine.java:395) - Type  autoenmanager@harvestdp.com in Email address
 INFO [main] (ActionEngine.java:395) - Type  Automation2017 in Password
 INFO [main] (ActionEngine.java:107) - Successfully click on Login button
 INFO [main] (HelperClass.java:759) - in navigateToNewsPage
 INFO [main] (ActionEngine.java:107) - Successfully click on Page
 INFO [main] (ActionEngine.java:107) - Successfully click on More
 INFO [main] (ActionEngine.java:1739) -  Able to get TscreenShot
 Able to get TscreenShot
</system-out>
  </testcase>
  <testcase name="TC150_Design_Page_News_Page_Template_En" classname="com.desktopWeb.scripts.sprint1.TC_150_Design_Page_News_Page_Template_En" time="286.981">
    <failure message="Step TC150_Design_Page_News_Page_Template_En Failed with description Failed expected [true] but found [false]" type="java.lang.AssertionError">java.lang.AssertionError: Step TC150_Design_Page_News_Page_Template_En Failed with description Failed expected [true] but found [false]
	at org.testng.Assert.fail(Assert.java:94)
	at org.testng.Assert.failNotEquals(Assert.java:494)
	at org.testng.Assert.assertTrue(Assert.java:42)
	at com.ctaf.support.HtmlReportSupport.onFailure(HtmlReportSupport.java:778)
	at com.ctaf.utilities.Reporter.failureReport(Reporter.java:91)
	at com.desktopWeb.scripts.sprint1.TC_150_Design_Page_News_Page_Template_En.TC150_Design_Page_News_Page_Template_En(TC_150_Design_Page_News_Page_Template_En.java:31)
</failure>
    <system-out>TC149_Verify_Page_News_Page_Mobile_Preview_En-11_Feb_2017 01 01 12 853;Time :293
 INFO [main] (TestEngine.java:507) - Current Test : TC150_Design_Page_News_Page_Template_En
 INFO [main] (HelperClass.java:182) - in login
 INFO [main] (ActionEngine.java:107) - Successfully click on Menu
 INFO [main] (ActionEngine.java:107) - Successfully click on Click on Menu/Login
 INFO [main] (ActionEngine.java:395) - Type  autoenmanager@harvestdp.com in Email address
 INFO [main] (ActionEngine.java:395) - Type  Automation2017 in Password
 INFO [main] (ActionEngine.java:107) - Successfully click on Login button
 INFO [main] (HelperClass.java:759) - in navigateToNewsPage
 INFO [main] (ActionEngine.java:107) - Successfully click on Page
 INFO [main] (ActionEngine.java:107) - Successfully click on More
 INFO [main] (ActionEngine.java:1739) -  Able to get TscreenShot
 Able to get TscreenShot
</system-out>
  </testcase>
  <testcase name="TC151_Location_Page_News_Page_Location_En" classname="com.desktopWeb.scripts.sprint1.TC_151_Location_Page_News_Page_Location_En" time="247.437">
    <failure message="Step TC151_Location_Page_News_Page_Location_En Failed with description Failed expected [true] but found [false]" type="java.lang.AssertionError">java.lang.AssertionError: Step TC151_Location_Page_News_Page_Location_En Failed with description Failed expected [true] but found [false]
	at org.testng.Assert.fail(Assert.java:94)
	at org.testng.Assert.failNotEquals(Assert.java:494)
	at org.testng.Assert.assertTrue(Assert.java:42)
	at com.ctaf.support.HtmlReportSupport.onFailure(HtmlReportSupport.java:778)
	at com.ctaf.utilities.Reporter.failureReport(Reporter.java:91)
	at com.desktopWeb.scripts.sprint1.TC_151_Location_Page_News_Page_Location_En.TC151_Location_Page_News_Page_Location_En(TC_151_Location_Page_News_Page_Location_En.java:30)
</failure>
    <system-out>TC150_Design_Page_News_Page_Template_En-11_Feb_2017 01 06 07 025;Time :353
 INFO [main] (TestEngine.java:507) - Current Test : TC151_Location_Page_News_Page_Location_En
 INFO [main] (HelperClass.java:182) - in login
 INFO [main] (ActionEngine.java:107) - Successfully click on Menu
 INFO [main] (ActionEngine.java:107) - Successfully click on Click on Menu/Login
 INFO [main] (ActionEngine.java:395) - Type  autoenmanager@harvestdp.com in Email address
 INFO [main] (ActionEngine.java:395) - Type  Automation2017 in Password
 INFO [main] (ActionEngine.java:107) - Successfully click on Login button
 INFO [main] (HelperClass.java:759) - in navigateToNewsPage
 INFO [main] (ActionEngine.java:107) - Successfully click on Page
 INFO [main] (ActionEngine.java:107) - Successfully click on More
 INFO [main] (ActionEngine.java:1739) -  Able to get TscreenShot
 Able to get TscreenShot
</system-out>
  </testcase>
  <testcase name="TC152_Verify_Page_News_Page_Version_Approve_En" classname="com.desktopWeb.scripts.sprint1.TC_152_Verify_Page_News_Page_Version_Approve_En" time="241.566">
    <failure message="Step TC152_Verify_Page_News_Page_Version_Approve_En Failed with description Failed expected [true] but found [false]" type="java.lang.AssertionError">java.lang.AssertionError: Step TC152_Verify_Page_News_Page_Version_Approve_En Failed with description Failed expected [true] but found [false]
	at org.testng.Assert.fail(Assert.java:94)
	at org.testng.Assert.failNotEquals(Assert.java:494)
	at org.testng.Assert.assertTrue(Assert.java:42)
	at com.ctaf.support.HtmlReportSupport.onFailure(HtmlReportSupport.java:778)
	at com.ctaf.utilities.Reporter.failureReport(Reporter.java:91)
	at com.desktopWeb.scripts.sprint1.TC_152_Verify_Page_News_Page_Version_Approve_En.TC152_Verify_Page_News_Page_Version_Approve_En(TC_152_Verify_Page_News_Page_Version_Approve_En.java:33)
</failure>
    <system-out>TC151_Location_Page_News_Page_Location_En-11_Feb_2017 01 12 02 040;Time :295
 INFO [main] (TestEngine.java:507) - Current Test : TC152_Verify_Page_News_Page_Version_Approve_En
 INFO [main] (HelperClass.java:182) - in login
 INFO [main] (ActionEngine.java:107) - Successfully click on Menu
 INFO [main] (ActionEngine.java:107) - Successfully click on Click on Menu/Login
 INFO [main] (ActionEngine.java:395) - Type  autoenmanager@harvestdp.com in Email address
 INFO [main] (ActionEngine.java:395) - Type  Automation2017 in Password
 INFO [main] (ActionEngine.java:107) - Successfully click on Login button
 INFO [main] (HelperClass.java:759) - in navigateToNewsPage
 INFO [main] (ActionEngine.java:107) - Successfully click on Page
 INFO [main] (ActionEngine.java:107) - Successfully click on More
 INFO [main] (ActionEngine.java:1739) -  Able to get TscreenShot
 Able to get TscreenShot
</system-out>
  </testcase>
  <testcase name="TC153_Verify_Page_News_Page_Version_NewPage_En" classname="com.desktopWeb.scripts.sprint1.TC_153_Verify_Page_News_Page_Version_NewPage_En" time="248.187">
    <failure message="Step TC153_Verify_Page_News_Page_Version_NewPage_En Failed with description Failed expected [true] but found [false]" type="java.lang.AssertionError">java.lang.AssertionError: Step TC153_Verify_Page_News_Page_Version_NewPage_En Failed with description Failed expected [true] but found [false]
	at org.testng.Assert.fail(Assert.java:94)
	at org.testng.Assert.failNotEquals(Assert.java:494)
	at org.testng.Assert.assertTrue(Assert.java:42)
	at com.ctaf.support.HtmlReportSupport.onFailure(HtmlReportSupport.java:778)
	at com.ctaf.utilities.Reporter.failureReport(Reporter.java:91)
	at com.desktopWeb.scripts.sprint1.TC_153_Verify_Page_News_Page_Version_NewPage_En.TC153_Verify_Page_News_Page_Version_NewPage_En(TC_153_Verify_Page_News_Page_Version_NewPage_En.java:32)
</failure>
    <system-out>TC152_Verify_Page_News_Page_Version_Approve_En-11_Feb_2017 01 16 58 190;Time :283
 INFO [main] (TestEngine.java:507) - Current Test : TC153_Verify_Page_News_Page_Version_NewPage_En
 INFO [main] (HelperClass.java:182) - in login
 INFO [main] (ActionEngine.java:107) - Successfully click on Menu
 INFO [main] (ActionEngine.java:107) - Successfully click on Click on Menu/Login
 INFO [main] (ActionEngine.java:395) - Type  autoenmanager@harvestdp.com in Email address
 INFO [main] (ActionEngine.java:395) - Type  Automation2017 in Password
 INFO [main] (ActionEngine.java:107) - Successfully click on Login button
 INFO [main] (HelperClass.java:759) - in navigateToNewsPage
 INFO [main] (ActionEngine.java:107) - Successfully click on Page
 INFO [main] (ActionEngine.java:107) - Successfully click on More
 INFO [main] (ActionEngine.java:1739) -  Able to get TscreenShot
 Able to get TscreenShot
</system-out>
  </testcase>
  <testcase name="TC154_Verify_Page_News_Page_Version_Duplicate_Cm" classname="com.desktopWeb.scripts.sprint1.TC_154_Verify_Page_News_Page_Version_Duplicate_Cm" time="238.383">
    <failure message="Step TC154_Verify_Page_News_Page_Version_Duplicate_Cm Failed with description Failed expected [true] but found [false]" type="java.lang.AssertionError">java.lang.AssertionError: Step TC154_Verify_Page_News_Page_Version_Duplicate_Cm Failed with description Failed expected [true] but found [false]
	at org.testng.Assert.fail(Assert.java:94)
	at org.testng.Assert.failNotEquals(Assert.java:494)
	at org.testng.Assert.assertTrue(Assert.java:42)
	at com.ctaf.support.HtmlReportSupport.onFailure(HtmlReportSupport.java:778)
	at com.ctaf.utilities.Reporter.failureReport(Reporter.java:91)
	at com.desktopWeb.scripts.sprint1.TC_154_Verify_Page_News_Page_Version_Duplicate_Cm.TC154_Verify_Page_News_Page_Version_Duplicate_Cm(TC_154_Verify_Page_News_Page_Version_Duplicate_Cm.java:31)
</failure>
    <system-out>TC153_Verify_Page_News_Page_Version_NewPage_En-11_Feb_2017 01 21 42 472;Time :291
 INFO [main] (TestEngine.java:507) - Current Test : TC154_Verify_Page_News_Page_Version_Duplicate_Cm
 INFO [main] (HelperClass.java:182) - in login
 INFO [main] (ActionEngine.java:107) - Successfully click on Menu
 INFO [main] (ActionEngine.java:107) - Successfully click on Click on Menu/Login
 INFO [main] (ActionEngine.java:395) - Type  autoconmanager@harvestdp.com in Email address
 INFO [main] (ActionEngine.java:395) - Type  Automation2017 in Password
 INFO [main] (ActionEngine.java:107) - Successfully click on Login button
 INFO [main] (HelperClass.java:759) - in navigateToNewsPage
 INFO [main] (ActionEngine.java:107) - Successfully click on Page
 INFO [main] (ActionEngine.java:107) - Successfully click on More
 INFO [main] (ActionEngine.java:1739) -  Able to get TscreenShot
 Able to get TscreenShot
</system-out>
  </testcase>
  <testcase name="TC155_Verify_Page_News_Page_Mobile_Preview_Cm" classname="com.desktopWeb.scripts.sprint1.TC_155_Verify_Page_News_Page_Mobile_Preview_Cm" time="238.057">
    <failure message="Step TC155_Verify_Page_News_Page_Mobile_Preview_Cm Failed with description Failed expected [true] but found [false]" type="java.lang.AssertionError">java.lang.AssertionError: Step TC155_Verify_Page_News_Page_Mobile_Preview_Cm Failed with description Failed expected [true] but found [false]
	at org.testng.Assert.fail(Assert.java:94)
	at org.testng.Assert.failNotEquals(Assert.java:494)
	at org.testng.Assert.assertTrue(Assert.java:42)
	at com.ctaf.support.HtmlReportSupport.onFailure(HtmlReportSupport.java:778)
	at com.ctaf.utilities.Reporter.failureReport(Reporter.java:91)
	at com.desktopWeb.scripts.sprint1.TC_155_Verify_Page_News_Page_Mobile_Preview_Cm.TC155_Verify_Page_News_Page_Mobile_Preview_Cm(TC_155_Verify_Page_News_Page_Mobile_Preview_Cm.java:27)
</failure>
    <system-out>TC154_Verify_Page_News_Page_Version_Duplicate_Cm-11_Feb_2017 01 26 34 913;Time :281
 INFO [main] (TestEngine.java:507) - Current Test : TC155_Verify_Page_News_Page_Mobile_Preview_Cm
 INFO [main] (HelperClass.java:182) - in login
 INFO [main] (ActionEngine.java:107) - Successfully click on Menu
 INFO [main] (ActionEngine.java:107) - Successfully click on Click on Menu/Login
 INFO [main] (ActionEngine.java:395) - Type  autoconmanager@harvestdp.com in Email address
 INFO [main] (ActionEngine.java:395) - Type  Automation2017 in Password
 INFO [main] (ActionEngine.java:107) - Successfully click on Login button
 INFO [main] (HelperClass.java:759) - in navigateToNewsPage
 INFO [main] (ActionEngine.java:107) - Successfully click on Page
 INFO [main] (ActionEngine.java:107) - Successfully click on More
 INFO [main] (ActionEngine.java:1739) -  Able to get TscreenShot
 Able to get TscreenShot
</system-out>
  </testcase>
  <testcase name="TC156_Design_Page_News_Page_Template_Cm" classname="com.desktopWeb.scripts.sprint1.TC_156_Design_Page_News_Page_Template_Cm" time="243.189">
    <failure message="Step TC156_Design_Page_News_Page_Template_Cm Failed with description Failed expected [true] but found [false]" type="java.lang.AssertionError">java.lang.AssertionError: Step TC156_Design_Page_News_Page_Template_Cm Failed with description Failed expected [true] but found [false]
	at org.testng.Assert.fail(Assert.java:94)
	at org.testng.Assert.failNotEquals(Assert.java:494)
	at org.testng.Assert.assertTrue(Assert.java:42)
	at com.ctaf.support.HtmlReportSupport.onFailure(HtmlReportSupport.java:778)
	at com.ctaf.utilities.Reporter.failureReport(Reporter.java:91)
	at com.desktopWeb.scripts.sprint1.TC_156_Design_Page_News_Page_Template_Cm.TC156_Design_Page_News_Page_Template_Cm(TC_156_Design_Page_News_Page_Template_Cm.java:30)
</failure>
    <system-out>TC155_Verify_Page_News_Page_Mobile_Preview_Cm-11_Feb_2017 01 31 17 022;Time :278
 INFO [main] (TestEngine.java:507) - Current Test : TC156_Design_Page_News_Page_Template_Cm
 INFO [main] (HelperClass.java:182) - in login
 INFO [main] (ActionEngine.java:107) - Successfully click on Menu
 INFO [main] (ActionEngine.java:107) - Successfully click on Click on Menu/Login
 INFO [main] (ActionEngine.java:395) - Type  autoconmanager@harvestdp.com in Email address
 INFO [main] (ActionEngine.java:395) - Type  Automation2017 in Password
 INFO [main] (ActionEngine.java:107) - Successfully click on Login button
 INFO [main] (HelperClass.java:759) - in navigateToNewsPage
 INFO [main] (ActionEngine.java:107) - Successfully click on Page
 INFO [main] (ActionEngine.java:107) - Successfully click on More
 INFO [main] (ActionEngine.java:1739) -  Able to get TscreenShot
 Able to get TscreenShot
</system-out>
  </testcase>
  <testcase name="TC157_Verify_Page_News_Page_Version_Approve_Cm" classname="com.desktopWeb.scripts.sprint1.TC_157_Verify_Page_News_Page_Version_Approve_Cm" time="44.581">
    <failure message="Step Click Failed with description Unable to click on Selected Project expected [true] but found [false]" type="java.lang.AssertionError">java.lang.AssertionError: Step Click Failed with description Unable to click on Selected Project expected [true] but found [false]
	at org.testng.Assert.fail(Assert.java:94)
	at org.testng.Assert.failNotEquals(Assert.java:494)
	at org.testng.Assert.assertTrue(Assert.java:42)
	at com.ctaf.support.HtmlReportSupport.onFailure(HtmlReportSupport.java:778)
	at com.ctaf.utilities.Reporter.failureReport(Reporter.java:91)
	at com.ctaf.accelerators.ActionEngine.click(ActionEngine.java:100)
	at com.desktopWeb.workflows.HelperClass.navigateConsultation(HelperClass.java:415)
	at com.desktopWeb.scripts.sprint1.TC_157_Verify_Page_News_Page_Version_Approve_Cm.TC157_Verify_Page_News_Page_Version_Approve_Cm(TC_157_Verify_Page_News_Page_Version_Approve_Cm.java:24)
</failure>
    <system-out>TC156_Design_Page_News_Page_Template_Cm-11_Feb_2017 01 35 56 644;Time :284
 INFO [main] (TestEngine.java:507) - Current Test : TC157_Verify_Page_News_Page_Version_Approve_Cm
 INFO [main] (HelperClass.java:182) - in login
 INFO [main] (ActionEngine.java:107) - Successfully click on Menu
 INFO [main] (ActionEngine.java:107) - Successfully click on Click on Menu/Login
 INFO [main] (ActionEngine.java:395) - Type  autoconmanager@harvestdp.com in Email address
 INFO [main] (ActionEngine.java:395) - Type  Automation2017 in Password
 INFO [main] (ActionEngine.java:107) - Successfully click on Login button
 INFO [main] (HelperClass.java:407) - in navigateConsultation
 INFO [main] (ActionEngine.java:1739) -  Able to get TscreenShot
 Able to get TscreenShot
</system-out>
    <system-err><![CDATA[org.openqa.selenium.WebDriverException: Element is not clickable at point (1116.9666748046875, 185.10000610351562). Other element would receive the click: <div class="ccm-notification-inner"></div>
Command duration or timeout: 328 milliseconds
Build info: version: '2.53.1', revision: 'a36b8b1cd5757287168e54b817830adce9b0158d', time: '2016-06-30 19:26:09'
System info: host: 'HW1315', ip: '192.168.3.11', os.name: 'Windows 7', os.arch: 'amd64', os.version: '6.1', java.version: '1.8.0_111'
Driver info: org.openqa.selenium.firefox.FirefoxDriver
Capabilities [{applicationCacheEnabled=true, rotatable=false, handlesAlerts=true, databaseEnabled=true, version=46.0, platform=WINDOWS, nativeEvents=false, acceptSslCerts=true, webStorageEnabled=true, locationContextEnabled=true, browserName=firefox, takesScreenshot=true, javascriptEnabled=true, cssSelectorsEnabled=true}]
Session ID: 46cd82af-65c3-41b0-b293-22a0567585ce
	at sun.reflect.NativeConstructorAccessorImpl.newInstance0(Native Method)
	at sun.reflect.NativeConstructorAccessorImpl.newInstance(Unknown Source)
	at sun.reflect.DelegatingConstructorAccessorImpl.newInstance(Unknown Source)
	at java.lang.reflect.Constructor.newInstance(Unknown Source)
	at org.openqa.selenium.remote.ErrorHandler.createThrowable(ErrorHandler.java:206)
	at org.openqa.selenium.remote.ErrorHandler.throwIfResponseFailed(ErrorHandler.java:158)
	at org.openqa.selenium.remote.RemoteWebDriver.execute(RemoteWebDriver.java:678)
	at org.openqa.selenium.remote.RemoteWebElement.execute(RemoteWebElement.java:327)
	at org.openqa.selenium.remote.RemoteWebElement.click(RemoteWebElement.java:85)
	at com.ctaf.accelerators.ActionEngine.click(ActionEngine.java:94)
	at com.desktopWeb.workflows.HelperClass.navigateConsultation(HelperClass.java:415)
	at com.desktopWeb.scripts.sprint1.TC_157_Verify_Page_News_Page_Version_Approve_Cm.TC157_Verify_Page_News_Page_Version_Approve_Cm(TC_157_Verify_Page_News_Page_Version_Approve_Cm.java:24)
	at sun.reflect.NativeMethodAccessorImpl.invoke0(Native Method)
	at sun.reflect.NativeMethodAccessorImpl.invoke(Unknown Source)
	at sun.reflect.DelegatingMethodAccessorImpl.invoke(Unknown Source)
	at java.lang.reflect.Method.invoke(Unknown Source)
	at org.testng.internal.MethodInvocationHelper.invokeMethod(MethodInvocationHelper.java:80)
	at org.testng.internal.Invoker.invokeMethod(Invoker.java:714)
	at org.testng.internal.Invoker.invokeTestMethod(Invoker.java:901)
	at org.testng.internal.Invoker.invokeTestMethods(Invoker.java:1231)
	at org.testng.internal.TestMethodWorker.invokeTestMethods(TestMethodWorker.java:127)
	at org.testng.internal.TestMethodWorker.run(TestMethodWorker.java:111)
	at org.testng.TestRunner.privateRun(TestRunner.java:767)
	at org.testng.TestRunner.run(TestRunner.java:617)
	at org.testng.SuiteRunner.runTest(SuiteRunner.java:334)
	at org.testng.SuiteRunner.runSequentially(SuiteRunner.java:329)
	at org.testng.SuiteRunner.privateRun(SuiteRunner.java:291)
	at org.testng.SuiteRunner.run(SuiteRunner.java:240)
	at org.testng.SuiteRunnerWorker.runSuite(SuiteRunnerWorker.java:52)
	at org.testng.SuiteRunnerWorker.run(SuiteRunnerWorker.java:86)
	at org.testng.TestNG.runSuitesSequentially(TestNG.java:1198)
	at org.testng.TestNG.runSuitesLocally(TestNG.java:1123)
	at org.testng.TestNG.run(TestNG.java:1031)
	at org.apache.maven.surefire.testng.TestNGExecutor.run(TestNGExecutor.java:178)
	at org.apache.maven.surefire.testng.TestNGXmlTestSuite.execute(TestNGXmlTestSuite.java:92)
	at org.apache.maven.surefire.testng.TestNGProvider.invoke(TestNGProvider.java:96)
	at sun.reflect.NativeMethodAccessorImpl.invoke0(Native Method)
	at sun.reflect.NativeMethodAccessorImpl.invoke(Unknown Source)
	at sun.reflect.DelegatingMethodAccessorImpl.invoke(Unknown Source)
	at java.lang.reflect.Method.invoke(Unknown Source)
	at org.apache.maven.surefire.util.ReflectionUtils.invokeMethodWithArray2(ReflectionUtils.java:208)
	at org.apache.maven.surefire.booter.ProviderFactory$ProviderProxy.invoke(ProviderFactory.java:159)
	at org.apache.maven.surefire.booter.ProviderFactory.invokeProvider(ProviderFactory.java:87)
	at org.apache.maven.surefire.booter.ForkedBooter.runSuitesInProcess(ForkedBooter.java:153)
	at org.apache.maven.surefire.booter.ForkedBooter.main(ForkedBooter.java:95)
]]></system-err>
  </testcase>
  <testcase name="TC158_Location_Page_News_Page_Location_Cm" classname="com.desktopWeb.scripts.sprint1.TC_158_Location_Page_News_Page_Location_Cm" time="237.77">
    <failure message="Step TC158_Location_Page_News_Page_Location_Cm Failed with description Failed expected [true] but found [false]" type="java.lang.AssertionError">java.lang.AssertionError: Step TC158_Location_Page_News_Page_Location_Cm Failed with description Failed expected [true] but found [false]
	at org.testng.Assert.fail(Assert.java:94)
	at org.testng.Assert.failNotEquals(Assert.java:494)
	at org.testng.Assert.assertTrue(Assert.java:42)
	at com.ctaf.support.HtmlReportSupport.onFailure(HtmlReportSupport.java:778)
	at com.ctaf.utilities.Reporter.failureReport(Reporter.java:91)
	at com.desktopWeb.scripts.sprint1.TC_158_Location_Page_News_Page_Location_Cm.TC158_Location_Page_News_Page_Location_Cm(TC_158_Location_Page_News_Page_Location_Cm.java:30)
</failure>
    <system-out>TC157_Verify_Page_News_Page_Version_Approve_Cm-11_Feb_2017 01 40 42 769;Time :90
 INFO [main] (TestEngine.java:507) - Current Test : TC158_Location_Page_News_Page_Location_Cm
 INFO [main] (HelperClass.java:182) - in login
 INFO [main] (ActionEngine.java:107) - Successfully click on Menu
 INFO [main] (ActionEngine.java:107) - Successfully click on Click on Menu/Login
 INFO [main] (ActionEngine.java:395) - Type  autoconmanager@harvestdp.com in Email address
 INFO [main] (ActionEngine.java:395) - Type  Automation2017 in Password
 INFO [main] (ActionEngine.java:107) - Successfully click on Login button
 INFO [main] (HelperClass.java:759) - in navigateToNewsPage
 INFO [main] (ActionEngine.java:107) - Successfully click on Page
 INFO [main] (ActionEngine.java:107) - Successfully click on More
 INFO [main] (ActionEngine.java:1739) -  Able to get TscreenShot
 Able to get TscreenShot
</system-out>
  </testcase>
  <testcase name="TC159_Detail_Page_News_Page_Project_Cm" classname="com.desktopWeb.scripts.sprint1.TC_159_Detail_Page_News_Page_Project_Cm" time="252.146">
    <failure message="Step TC159_Detail_Page_News_Page_Project_Cm Failed with description Failed expected [true] but found [false]" type="java.lang.AssertionError">java.lang.AssertionError: Step TC159_Detail_Page_News_Page_Project_Cm Failed with description Failed expected [true] but found [false]
	at org.testng.Assert.fail(Assert.java:94)
	at org.testng.Assert.failNotEquals(Assert.java:494)
	at org.testng.Assert.assertTrue(Assert.java:42)
	at com.ctaf.support.HtmlReportSupport.onFailure(HtmlReportSupport.java:778)
	at com.ctaf.utilities.Reporter.failureReport(Reporter.java:91)
	at com.desktopWeb.scripts.sprint1.TC_159_Detail_Page_News_Page_Project_Cm.TC159_Detail_Page_News_Page_Project_Cm(TC_159_Detail_Page_News_Page_Project_Cm.java:31)
</failure>
    <system-out>TC158_Location_Page_News_Page_Location_Cm-11_Feb_2017 01 42 13 557;Time :278
 INFO [main] (TestEngine.java:507) - Current Test : TC159_Detail_Page_News_Page_Project_Cm
 INFO [main] (HelperClass.java:182) - in login
 INFO [main] (ActionEngine.java:107) - Successfully click on Menu
 INFO [main] (ActionEngine.java:107) - Successfully click on Click on Menu/Login
 INFO [main] (ActionEngine.java:395) - Type  autoconmanager@harvestdp.com in Email address
 INFO [main] (ActionEngine.java:395) - Type  Automation2017 in Password
 INFO [main] (ActionEngine.java:107) - Successfully click on Login button
 INFO [main] (HelperClass.java:759) - in navigateToNewsPage
 INFO [main] (ActionEngine.java:107) - Successfully click on Page
 INFO [main] (ActionEngine.java:107) - Successfully click on More
 INFO [main] (ActionEngine.java:1739) -  Able to get TscreenShot
 Able to get TscreenShot
</system-out>
    <system-err>org.openqa.selenium.TimeoutException: Timed out after 180 seconds waiting for element to be clickable: By.xpath: //li/a[contains(text(),'News Page')]
Build info: version: '2.53.1', revision: 'a36b8b1cd5757287168e54b817830adce9b0158d', time: '2016-06-30 19:26:09'
System info: host: 'HW1315', ip: '192.168.3.11', os.name: 'Windows 7', os.arch: 'amd64', os.version: '6.1', java.version: '1.8.0_111'
Driver info: org.openqa.selenium.firefox.FirefoxDriver
Capabilities [{applicationCacheEnabled=true, rotatable=false, handlesAlerts=true, databaseEnabled=true, version=46.0, platform=WINDOWS, nativeEvents=false, acceptSslCerts=true, webStorageEnabled=true, locationContextEnabled=true, browserName=firefox, takesScreenshot=true, javascriptEnabled=true, cssSelectorsEnabled=true}]
Session ID: 904e22e9-5b1d-40da-8b4d-bce2ec764759
	at org.openqa.selenium.support.ui.WebDriverWait.timeoutException(WebDriverWait.java:80)
	at org.openqa.selenium.support.ui.FluentWait.until(FluentWait.java:261)
	at com.ctaf.accelerators.ActionEngine.explicityWait(ActionEngine.java:2715)
	at com.ctaf.accelerators.ActionEngine.click(ActionEngine.java:91)
	at com.desktopWeb.workflows.HelperClass.navigateToNewsPage(HelperClass.java:764)
	at com.desktopWeb.scripts.sprint1.TC_159_Detail_Page_News_Page_Project_Cm.TC159_Detail_Page_News_Page_Project_Cm(TC_159_Detail_Page_News_Page_Project_Cm.java:23)
	at sun.reflect.NativeMethodAccessorImpl.invoke0(Native Method)
	at sun.reflect.NativeMethodAccessorImpl.invoke(Unknown Source)
	at sun.reflect.DelegatingMethodAccessorImpl.invoke(Unknown Source)
	at java.lang.reflect.Method.invoke(Unknown Source)
	at org.testng.internal.MethodInvocationHelper.invokeMethod(MethodInvocationHelper.java:80)
	at org.testng.internal.Invoker.invokeMethod(Invoker.java:714)
	at org.testng.internal.Invoker.invokeTestMethod(Invoker.java:901)
	at org.testng.internal.Invoker.invokeTestMethods(Invoker.java:1231)
	at org.testng.internal.TestMethodWorker.invokeTestMethods(TestMethodWorker.java:127)
	at org.testng.internal.TestMethodWorker.run(TestMethodWorker.java:111)
	at org.testng.TestRunner.privateRun(TestRunner.java:767)
	at org.testng.TestRunner.run(TestRunner.java:617)
	at org.testng.SuiteRunner.runTest(SuiteRunner.java:334)
	at org.testng.SuiteRunner.runSequentially(SuiteRunner.java:329)
	at org.testng.SuiteRunner.privateRun(SuiteRunner.java:291)
	at org.testng.SuiteRunner.run(SuiteRunner.java:240)
	at org.testng.SuiteRunnerWorker.runSuite(SuiteRunnerWorker.java:52)
	at org.testng.SuiteRunnerWorker.run(SuiteRunnerWorker.java:86)
	at org.testng.TestNG.runSuitesSequentially(TestNG.java:1198)
	at org.testng.TestNG.runSuitesLocally(TestNG.java:1123)
	at org.testng.TestNG.run(TestNG.java:1031)
	at org.apache.maven.surefire.testng.TestNGExecutor.run(TestNGExecutor.java:178)
	at org.apache.maven.surefire.testng.TestNGXmlTestSuite.execute(TestNGXmlTestSuite.java:92)
	at org.apache.maven.surefire.testng.TestNGProvider.invoke(TestNGProvider.java:96)
	at sun.reflect.NativeMethodAccessorImpl.invoke0(Native Method)
	at sun.reflect.NativeMethodAccessorImpl.invoke(Unknown Source)
	at sun.reflect.DelegatingMethodAccessorImpl.invoke(Unknown Source)
	at java.lang.reflect.Method.invoke(Unknown Source)
	at org.apache.maven.surefire.util.ReflectionUtils.invokeMethodWithArray2(ReflectionUtils.java:208)
	at org.apache.maven.surefire.booter.ProviderFactory$ProviderProxy.invoke(ProviderFactory.java:159)
	at org.apache.maven.surefire.booter.ProviderFactory.invokeProvider(ProviderFactory.java:87)
	at org.apache.maven.surefire.booter.ForkedBooter.runSuitesInProcess(ForkedBooter.java:153)
	at org.apache.maven.surefire.booter.ForkedBooter.main(ForkedBooter.java:95)
</system-err>
  </testcase>
  <testcase name="TC160_Verify_Page_News_Page_Version_NewPage_Cm" classname="com.desktopWeb.scripts.sprint1.TC_160_Verify_Page_News_Page_Version_NewPage_Cm" time="258.632">
    <failure message="Step TC160_Verify_Page_News_Page_Version_NewPage_Cm Failed with description Failed expected [true] but found [false]" type="java.lang.AssertionError">java.lang.AssertionError: Step TC160_Verify_Page_News_Page_Version_NewPage_Cm Failed with description Failed expected [true] but found [false]
	at org.testng.Assert.fail(Assert.java:94)
	at org.testng.Assert.failNotEquals(Assert.java:494)
	at org.testng.Assert.assertTrue(Assert.java:42)
	at com.ctaf.support.HtmlReportSupport.onFailure(HtmlReportSupport.java:778)
	at com.ctaf.utilities.Reporter.failureReport(Reporter.java:91)
	at com.desktopWeb.scripts.sprint1.TC_160_Verify_Page_News_Page_Version_NewPage_Cm.TC160_Verify_Page_News_Page_Version_NewPage_Cm(TC_160_Verify_Page_News_Page_Version_NewPage_Cm.java:32)
</failure>
    <system-out>TC159_Detail_Page_News_Page_Project_Cm-11_Feb_2017 01 46 52 454;Time :362
 INFO [main] (TestEngine.java:507) - Current Test : TC160_Verify_Page_News_Page_Version_NewPage_Cm
 INFO [main] (HelperClass.java:182) - in login
 INFO [main] (ActionEngine.java:107) - Successfully click on Menu
 INFO [main] (ActionEngine.java:107) - Successfully click on Click on Menu/Login
 INFO [main] (ActionEngine.java:395) - Type  autoconmanager@harvestdp.com in Email address
 INFO [main] (ActionEngine.java:395) - Type  Automation2017 in Password
 INFO [main] (ActionEngine.java:107) - Successfully click on Login button
 INFO [main] (HelperClass.java:759) - in navigateToNewsPage
 INFO [main] (ActionEngine.java:107) - Successfully click on Page
 INFO [main] (ActionEngine.java:107) - Successfully click on More
 INFO [main] (ActionEngine.java:1739) -  Able to get TscreenShot
 Able to get TscreenShot
</system-out>
  </testcase>
  <testcase name="TC161_Verify_Project_News_Page_Delete_Cm" classname="com.desktopWeb.scripts.sprint1.TC_161_Verify_Project_News_Page_Delete_Cm" time="257.516">
    <failure message="Step TC161_Verify_Project_News_Page_Delete_Cm Failed with description Failed expected [true] but found [false]" type="java.lang.AssertionError">java.lang.AssertionError: Step TC161_Verify_Project_News_Page_Delete_Cm Failed with description Failed expected [true] but found [false]
	at org.testng.Assert.fail(Assert.java:94)
	at org.testng.Assert.failNotEquals(Assert.java:494)
	at org.testng.Assert.assertTrue(Assert.java:42)
	at com.ctaf.support.HtmlReportSupport.onFailure(HtmlReportSupport.java:778)
	at com.ctaf.utilities.Reporter.failureReport(Reporter.java:91)
	at com.desktopWeb.scripts.sprint1.TC_161_Verify_Project_News_Page_Delete_Cm.TC161_Verify_Project_News_Page_Delete_Cm(TC_161_Verify_Project_News_Page_Delete_Cm.java:29)
</failure>
    <system-out>TC160_Verify_Page_News_Page_Version_NewPage_Cm-11_Feb_2017 01 52 55 388;Time :424
 INFO [main] (TestEngine.java:507) - Current Test : TC161_Verify_Project_News_Page_Delete_Cm
 INFO [main] (HelperClass.java:182) - in login
 INFO [main] (ActionEngine.java:107) - Successfully click on Menu
 INFO [main] (ActionEngine.java:107) - Successfully click on Click on Menu/Login
 INFO [main] (ActionEngine.java:395) - Type  autoconmanager@harvestdp.com in Email address
 INFO [main] (ActionEngine.java:395) - Type  Automation2017 in Password
 INFO [main] (ActionEngine.java:107) - Successfully click on Login button
 INFO [main] (ActionEngine.java:107) - Successfully click on Page
 INFO [main] (ActionEngine.java:107) - Successfully click on More
 INFO [main] (ActionEngine.java:1739) -  Able to get TscreenShot
 Able to get TscreenShot
</system-out>
  </testcase>
  <testcase name="TC162_Verify_Page_News_Page_Version_Duplicate_Pa" classname="com.desktopWeb.scripts.sprint1.TC_162_Verify_Page_News_Page_Version_Duplicate_Pa" time="260.736">
    <failure message="Step TC162_Verify_Page_News_Page_Version_Duplicate_Pa Failed with description Failed expected [true] but found [false]" type="java.lang.AssertionError">java.lang.AssertionError: Step TC162_Verify_Page_News_Page_Version_Duplicate_Pa Failed with description Failed expected [true] but found [false]
	at org.testng.Assert.fail(Assert.java:94)
	at org.testng.Assert.failNotEquals(Assert.java:494)
	at org.testng.Assert.assertTrue(Assert.java:42)
	at com.ctaf.support.HtmlReportSupport.onFailure(HtmlReportSupport.java:778)
	at com.ctaf.utilities.Reporter.failureReport(Reporter.java:91)
	at com.desktopWeb.scripts.sprint1.TC_162_Verify_Page_News_Page_Version_Duplicate_Pa.TC162_Verify_Page_News_Page_Version_Duplicate_Pa(TC_162_Verify_Page_News_Page_Version_Duplicate_Pa.java:31)
</failure>
    <system-out>TC161_Verify_Project_News_Page_Delete_Cm-11_Feb_2017 02 00 00 404;Time :318
 INFO [main] (TestEngine.java:507) - Current Test : TC162_Verify_Page_News_Page_Version_Duplicate_Pa
 INFO [main] (HelperClass.java:182) - in login
 INFO [main] (ActionEngine.java:107) - Successfully click on Menu
 INFO [main] (ActionEngine.java:107) - Successfully click on Click on Menu/Login
 INFO [main] (ActionEngine.java:395) - Type  autoprauthor@harvestdp.com in Email address
 INFO [main] (ActionEngine.java:395) - Type  Automation2017 in Password
 INFO [main] (ActionEngine.java:107) - Successfully click on Login button
 INFO [main] (HelperClass.java:759) - in navigateToNewsPage
 INFO [main] (ActionEngine.java:107) - Successfully click on Page
 INFO [main] (ActionEngine.java:107) - Successfully click on More
 INFO [main] (ActionEngine.java:1739) -  Able to get TscreenShot
 Able to get TscreenShot
</system-out>
  </testcase>
  <testcase name="TC163_Verify_Page_News_Page_Mobile_Preview_Pa" classname="com.desktopWeb.scripts.sprint1.TC_163_Verify_Page_News_Page_Mobile_Preview_Pa" time="257.494">
    <failure message="Step TC163_Verify_Page_News_Page_Mobile_Preview_Pa Failed with description Failed expected [true] but found [false]" type="java.lang.AssertionError">java.lang.AssertionError: Step TC163_Verify_Page_News_Page_Mobile_Preview_Pa Failed with description Failed expected [true] but found [false]
	at org.testng.Assert.fail(Assert.java:94)
	at org.testng.Assert.failNotEquals(Assert.java:494)
	at org.testng.Assert.assertTrue(Assert.java:42)
	at com.ctaf.support.HtmlReportSupport.onFailure(HtmlReportSupport.java:778)
	at com.ctaf.utilities.Reporter.failureReport(Reporter.java:91)
	at com.desktopWeb.scripts.sprint1.TC_163_Verify_Page_News_Page_Mobile_Preview_Pa.TC163_Verify_Page_News_Page_Mobile_Preview_Pa(TC_163_Verify_Page_News_Page_Mobile_Preview_Pa.java:27)
</failure>
    <system-out>TC162_Verify_Page_News_Page_Version_Duplicate_Pa-11_Feb_2017 02 05 20 261;Time :375
 INFO [main] (TestEngine.java:507) - Current Test : TC163_Verify_Page_News_Page_Mobile_Preview_Pa
 INFO [main] (HelperClass.java:182) - in login
 INFO [main] (ActionEngine.java:107) - Successfully click on Menu
 INFO [main] (ActionEngine.java:107) - Successfully click on Click on Menu/Login
 INFO [main] (ActionEngine.java:395) - Type  autoprauthor@harvestdp.com in Email address
 INFO [main] (ActionEngine.java:395) - Type  Automation2017 in Password
 INFO [main] (ActionEngine.java:107) - Successfully click on Login button
 INFO [main] (HelperClass.java:759) - in navigateToNewsPage
 INFO [main] (ActionEngine.java:107) - Successfully click on Page
 INFO [main] (ActionEngine.java:107) - Successfully click on More
 INFO [main] (ActionEngine.java:1739) -  Able to get TscreenShot
 Able to get TscreenShot
</system-out>
  </testcase>
  <testcase name="TC164_Verify_Page_News_Page_Version_Approve_Pa" classname="com.desktopWeb.scripts.sprint1.TC_164_Verify_Page_News_Page_Version_Approve_Pa" time="52.144">
    <failure message="Step Click Failed with description Unable to click on Selected Project expected [true] but found [false]" type="java.lang.AssertionError">java.lang.AssertionError: Step Click Failed with description Unable to click on Selected Project expected [true] but found [false]
	at org.testng.Assert.fail(Assert.java:94)
	at org.testng.Assert.failNotEquals(Assert.java:494)
	at org.testng.Assert.assertTrue(Assert.java:42)
	at com.ctaf.support.HtmlReportSupport.onFailure(HtmlReportSupport.java:778)
	at com.ctaf.utilities.Reporter.failureReport(Reporter.java:91)
	at com.ctaf.accelerators.ActionEngine.click(ActionEngine.java:100)
	at com.desktopWeb.workflows.HelperClass.navigateConsultation(HelperClass.java:415)
	at com.desktopWeb.scripts.sprint1.TC_164_Verify_Page_News_Page_Version_Approve_Pa.TC164_Verify_Page_News_Page_Version_Approve_Pa(TC_164_Verify_Page_News_Page_Version_Approve_Pa.java:24)
</failure>
    <system-out>TC163_Verify_Page_News_Page_Mobile_Preview_Pa-11_Feb_2017 02 11 36 697;Time :992
 INFO [main] (TestEngine.java:507) - Current Test : TC164_Verify_Page_News_Page_Version_Approve_Pa
 INFO [main] (HelperClass.java:182) - in login
 INFO [main] (ActionEngine.java:107) - Successfully click on Menu
 INFO [main] (ActionEngine.java:107) - Successfully click on Click on Menu/Login
 INFO [main] (ActionEngine.java:395) - Type  autoprauthor@harvestdp.com in Email address
 INFO [main] (ActionEngine.java:395) - Type  Automation2017 in Password
 INFO [main] (ActionEngine.java:107) - Successfully click on Login button
 INFO [main] (HelperClass.java:407) - in navigateConsultation
 INFO [main] (ActionEngine.java:1739) -  Able to get TscreenShot
 Able to get TscreenShot
</system-out>
    <system-err><![CDATA[org.openqa.selenium.WebDriverException: Element is not clickable at point (1116.9666748046875, 185.10000610351562). Other element would receive the click: <div class="ccm-notification-inner"></div>
Command duration or timeout: 190 milliseconds
Build info: version: '2.53.1', revision: 'a36b8b1cd5757287168e54b817830adce9b0158d', time: '2016-06-30 19:26:09'
System info: host: 'HW1315', ip: '192.168.3.11', os.name: 'Windows 7', os.arch: 'amd64', os.version: '6.1', java.version: '1.8.0_111'
Driver info: org.openqa.selenium.firefox.FirefoxDriver
Capabilities [{applicationCacheEnabled=true, rotatable=false, handlesAlerts=true, databaseEnabled=true, version=46.0, platform=WINDOWS, nativeEvents=false, acceptSslCerts=true, webStorageEnabled=true, locationContextEnabled=true, browserName=firefox, takesScreenshot=true, javascriptEnabled=true, cssSelectorsEnabled=true}]
Session ID: 9dc7fbb4-6914-476b-9607-d1a25ce9c160
	at sun.reflect.NativeConstructorAccessorImpl.newInstance0(Native Method)
	at sun.reflect.NativeConstructorAccessorImpl.newInstance(Unknown Source)
	at sun.reflect.DelegatingConstructorAccessorImpl.newInstance(Unknown Source)
	at java.lang.reflect.Constructor.newInstance(Unknown Source)
	at org.openqa.selenium.remote.ErrorHandler.createThrowable(ErrorHandler.java:206)
	at org.openqa.selenium.remote.ErrorHandler.throwIfResponseFailed(ErrorHandler.java:158)
	at org.openqa.selenium.remote.RemoteWebDriver.execute(RemoteWebDriver.java:678)
	at org.openqa.selenium.remote.RemoteWebElement.execute(RemoteWebElement.java:327)
	at org.openqa.selenium.remote.RemoteWebElement.click(RemoteWebElement.java:85)
	at com.ctaf.accelerators.ActionEngine.click(ActionEngine.java:94)
	at com.desktopWeb.workflows.HelperClass.navigateConsultation(HelperClass.java:415)
	at com.desktopWeb.scripts.sprint1.TC_164_Verify_Page_News_Page_Version_Approve_Pa.TC164_Verify_Page_News_Page_Version_Approve_Pa(TC_164_Verify_Page_News_Page_Version_Approve_Pa.java:24)
	at sun.reflect.NativeMethodAccessorImpl.invoke0(Native Method)
	at sun.reflect.NativeMethodAccessorImpl.invoke(Unknown Source)
	at sun.reflect.DelegatingMethodAccessorImpl.invoke(Unknown Source)
	at java.lang.reflect.Method.invoke(Unknown Source)
	at org.testng.internal.MethodInvocationHelper.invokeMethod(MethodInvocationHelper.java:80)
	at org.testng.internal.Invoker.invokeMethod(Invoker.java:714)
	at org.testng.internal.Invoker.invokeTestMethod(Invoker.java:901)
	at org.testng.internal.Invoker.invokeTestMethods(Invoker.java:1231)
	at org.testng.internal.TestMethodWorker.invokeTestMethods(TestMethodWorker.java:127)
	at org.testng.internal.TestMethodWorker.run(TestMethodWorker.java:111)
	at org.testng.TestRunner.privateRun(TestRunner.java:767)
	at org.testng.TestRunner.run(TestRunner.java:617)
	at org.testng.SuiteRunner.runTest(SuiteRunner.java:334)
	at org.testng.SuiteRunner.runSequentially(SuiteRunner.java:329)
	at org.testng.SuiteRunner.privateRun(SuiteRunner.java:291)
	at org.testng.SuiteRunner.run(SuiteRunner.java:240)
	at org.testng.SuiteRunnerWorker.runSuite(SuiteRunnerWorker.java:52)
	at org.testng.SuiteRunnerWorker.run(SuiteRunnerWorker.java:86)
	at org.testng.TestNG.runSuitesSequentially(TestNG.java:1198)
	at org.testng.TestNG.runSuitesLocally(TestNG.java:1123)
	at org.testng.TestNG.run(TestNG.java:1031)
	at org.apache.maven.surefire.testng.TestNGExecutor.run(TestNGExecutor.java:178)
	at org.apache.maven.surefire.testng.TestNGXmlTestSuite.execute(TestNGXmlTestSuite.java:92)
	at org.apache.maven.surefire.testng.TestNGProvider.invoke(TestNGProvider.java:96)
	at sun.reflect.NativeMethodAccessorImpl.invoke0(Native Method)
	at sun.reflect.NativeMethodAccessorImpl.invoke(Unknown Source)
	at sun.reflect.DelegatingMethodAccessorImpl.invoke(Unknown Source)
	at java.lang.reflect.Method.invoke(Unknown Source)
	at org.apache.maven.surefire.util.ReflectionUtils.invokeMethodWithArray2(ReflectionUtils.java:208)
	at org.apache.maven.surefire.booter.ProviderFactory$ProviderProxy.invoke(ProviderFactory.java:159)
	at org.apache.maven.surefire.booter.ProviderFactory.invokeProvider(ProviderFactory.java:87)
	at org.apache.maven.surefire.booter.ForkedBooter.runSuitesInProcess(ForkedBooter.java:153)
	at org.apache.maven.surefire.booter.ForkedBooter.main(ForkedBooter.java:95)
]]></system-err>
  </testcase>
  <testcase name="TC165_Location_Page_News_Page_Location_Pa" classname="com.desktopWeb.scripts.sprint1.TC_165_Location_Page_News_Page_Location_Pa" time="242.616">
    <failure message="Step TC165_Location_Page_News_Page_Location_Pa Failed with description Failed expected [true] but found [false]" type="java.lang.AssertionError">java.lang.AssertionError: Step TC165_Location_Page_News_Page_Location_Pa Failed with description Failed expected [true] but found [false]
	at org.testng.Assert.fail(Assert.java:94)
	at org.testng.Assert.failNotEquals(Assert.java:494)
	at org.testng.Assert.assertTrue(Assert.java:42)
	at com.ctaf.support.HtmlReportSupport.onFailure(HtmlReportSupport.java:778)
	at com.ctaf.utilities.Reporter.failureReport(Reporter.java:91)
	at com.desktopWeb.scripts.sprint1.TC_165_Location_Page_News_Page_Location_Pa.TC165_Location_Page_News_Page_Location_Pa(TC_165_Location_Page_News_Page_Location_Pa.java:30)
</failure>
    <system-out>TC164_Verify_Page_News_Page_Version_Approve_Pa-11_Feb_2017 02 28 11 191;Time :108
 INFO [main] (TestEngine.java:507) - Current Test : TC165_Location_Page_News_Page_Location_Pa
 INFO [main] (HelperClass.java:182) - in login
 INFO [main] (ActionEngine.java:107) - Successfully click on Menu
 INFO [main] (ActionEngine.java:107) - Successfully click on Click on Menu/Login
 INFO [main] (ActionEngine.java:395) - Type  autoprauthor@harvestdp.com in Email address
 INFO [main] (ActionEngine.java:395) - Type  Automation2017 in Password
 INFO [main] (ActionEngine.java:107) - Successfully click on Login button
 INFO [main] (HelperClass.java:759) - in navigateToNewsPage
 INFO [main] (ActionEngine.java:107) - Successfully click on Page
 INFO [main] (ActionEngine.java:107) - Successfully click on More
 INFO [main] (ActionEngine.java:1739) -  Able to get TscreenShot
 Able to get TscreenShot
</system-out>
  </testcase>
  <testcase name="TC166_Design_Page_News_Page_Template_Pa" classname="com.desktopWeb.scripts.sprint1.TC_166_Design_Page_News_Page_Template_Pa" time="242.026">
    <failure message="Step TC166_Design_Page_News_Page_Template_Pa Failed with description Failed expected [true] but found [false]" type="java.lang.AssertionError">java.lang.AssertionError: Step TC166_Design_Page_News_Page_Template_Pa Failed with description Failed expected [true] but found [false]
	at org.testng.Assert.fail(Assert.java:94)
	at org.testng.Assert.failNotEquals(Assert.java:494)
	at org.testng.Assert.assertTrue(Assert.java:42)
	at com.ctaf.support.HtmlReportSupport.onFailure(HtmlReportSupport.java:778)
	at com.ctaf.utilities.Reporter.failureReport(Reporter.java:91)
	at com.desktopWeb.scripts.sprint1.TC_166_Design_Page_News_Page_Template_Pa.TC166_Design_Page_News_Page_Template_Pa(TC_166_Design_Page_News_Page_Template_Pa.java:30)
</failure>
    <system-out>TC165_Location_Page_News_Page_Location_Pa-11_Feb_2017 02 30 00 085;Time :290
 INFO [main] (TestEngine.java:507) - Current Test : TC166_Design_Page_News_Page_Template_Pa
 INFO [main] (HelperClass.java:182) - in login
 INFO [main] (ActionEngine.java:107) - Successfully click on Menu
 INFO [main] (ActionEngine.java:107) - Successfully click on Click on Menu/Login
 INFO [main] (ActionEngine.java:395) - Type  autoprauthor@harvestdp.com in Email address
 INFO [main] (ActionEngine.java:395) - Type  Automation2017 in Password
 INFO [main] (ActionEngine.java:107) - Successfully click on Login button
 INFO [main] (HelperClass.java:759) - in navigateToNewsPage
 INFO [main] (ActionEngine.java:107) - Successfully click on Page
 INFO [main] (ActionEngine.java:107) - Successfully click on More
 INFO [main] (ActionEngine.java:1739) -  Able to get TscreenShot
 Able to get TscreenShot
</system-out>
  </testcase>
  <testcase name="TC167_Verify_Page_News_Page_Version_NewPage_Pa" classname="com.desktopWeb.scripts.sprint1.TC_167_Verify_Page_News_Page_Version_NewPage_Pa" time="243.046">
    <failure message="Step TC167_Verify_Page_News_Page_Version_NewPage_Pa Failed with description Failed expected [true] but found [false]" type="java.lang.AssertionError">java.lang.AssertionError: Step TC167_Verify_Page_News_Page_Version_NewPage_Pa Failed with description Failed expected [true] but found [false]
	at org.testng.Assert.fail(Assert.java:94)
	at org.testng.Assert.failNotEquals(Assert.java:494)
	at org.testng.Assert.assertTrue(Assert.java:42)
	at com.ctaf.support.HtmlReportSupport.onFailure(HtmlReportSupport.java:778)
	at com.ctaf.utilities.Reporter.failureReport(Reporter.java:91)
	at com.desktopWeb.scripts.sprint1.TC_167_Verify_Page_News_Page_Version_NewPage_Pa.TC167_Verify_Page_News_Page_Version_NewPage_Pa(TC_167_Verify_Page_News_Page_Version_NewPage_Pa.java:32)
</failure>
    <system-out>TC166_Design_Page_News_Page_Template_Pa-11_Feb_2017 02 34 51 703;Time :946
 INFO [main] (TestEngine.java:507) - Current Test : TC167_Verify_Page_News_Page_Version_NewPage_Pa
 INFO [main] (HelperClass.java:182) - in login
 INFO [main] (ActionEngine.java:107) - Successfully click on Menu
 INFO [main] (ActionEngine.java:107) - Successfully click on Click on Menu/Login
 INFO [main] (ActionEngine.java:395) - Type  autoprauthor@harvestdp.com in Email address
 INFO [main] (ActionEngine.java:395) - Type  Automation2017 in Password
 INFO [main] (ActionEngine.java:107) - Successfully click on Login button
 INFO [main] (HelperClass.java:759) - in navigateToNewsPage
 INFO [main] (ActionEngine.java:107) - Successfully click on Page
 INFO [main] (ActionEngine.java:107) - Successfully click on More
 INFO [main] (ActionEngine.java:1739) -  Able to get TscreenShot
 Able to get TscreenShot
</system-out>
  </testcase>
  <testcase name="TC168_Verify_Project_News_Page_Delete_Pa" classname="com.desktopWeb.scripts.sprint1.TC_168_Verify_Project_Sub_Page_Delete_Pa" time="253.48">
    <failure message="Step TC168_Verify_Project_News_Page_Delete_Pa Failed with description Failed expected [true] but found [false]" type="java.lang.AssertionError">java.lang.AssertionError: Step TC168_Verify_Project_News_Page_Delete_Pa Failed with description Failed expected [true] but found [false]
	at org.testng.Assert.fail(Assert.java:94)
	at org.testng.Assert.failNotEquals(Assert.java:494)
	at org.testng.Assert.assertTrue(Assert.java:42)
	at com.ctaf.support.HtmlReportSupport.onFailure(HtmlReportSupport.java:778)
	at com.ctaf.utilities.Reporter.failureReport(Reporter.java:91)
	at com.desktopWeb.scripts.sprint1.TC_168_Verify_Project_Sub_Page_Delete_Pa.TC168_Verify_Project_News_Page_Delete_Pa(TC_168_Verify_Project_Sub_Page_Delete_Pa.java:27)
</failure>
    <system-out>TC167_Verify_Page_News_Page_Version_NewPage_Pa-11_Feb_2017 02 50 39 405;Time :286
 INFO [main] (TestEngine.java:507) - Current Test : TC168_Verify_Project_News_Page_Delete_Pa
 INFO [main] (HelperClass.java:182) - in login
 INFO [main] (ActionEngine.java:107) - Successfully click on Menu
 INFO [main] (ActionEngine.java:107) - Successfully click on Click on Menu/Login
 INFO [main] (ActionEngine.java:395) - Type  autoprauthor@harvestdp.com in Email address
 INFO [main] (ActionEngine.java:395) - Type  Automation2017 in Password
 INFO [main] (ActionEngine.java:107) - Successfully click on Login button
 INFO [main] (HelperClass.java:759) - in navigateToNewsPage
 INFO [main] (ActionEngine.java:107) - Successfully click on Page
 INFO [main] (ActionEngine.java:107) - Successfully click on More
 INFO [main] (ActionEngine.java:1739) -  Able to get TscreenShot
 Able to get TscreenShot
</system-out>
  </testcase>
  <testcase name="TC169_Detail_Page_News_Page_Project_Pa" classname="com.desktopWeb.scripts.sprint1.TC_169_Detail_Page_News_Page_Project_Pa" time="45.523">
    <failure message="Step Click Failed with description Unable to click on Selected Project expected [true] but found [false]" type="java.lang.AssertionError">java.lang.AssertionError: Step Click Failed with description Unable to click on Selected Project expected [true] but found [false]
	at org.testng.Assert.fail(Assert.java:94)
	at org.testng.Assert.failNotEquals(Assert.java:494)
	at org.testng.Assert.assertTrue(Assert.java:42)
	at com.ctaf.support.HtmlReportSupport.onFailure(HtmlReportSupport.java:778)
	at com.ctaf.utilities.Reporter.failureReport(Reporter.java:91)
	at com.ctaf.accelerators.ActionEngine.click(ActionEngine.java:100)
	at com.desktopWeb.workflows.HelperClass.navigateConsultation(HelperClass.java:415)
	at com.desktopWeb.scripts.sprint1.TC_169_Detail_Page_News_Page_Project_Pa.TC169_Detail_Page_News_Page_Project_Pa(TC_169_Detail_Page_News_Page_Project_Pa.java:23)
</failure>
    <system-out>TC168_Verify_Project_News_Page_Delete_Pa-11_Feb_2017 02 55 26 321;Time :297
 INFO [main] (TestEngine.java:507) - Current Test : TC169_Detail_Page_News_Page_Project_Pa
 INFO [main] (HelperClass.java:182) - in login
 INFO [main] (ActionEngine.java:107) - Successfully click on Menu
 INFO [main] (ActionEngine.java:107) - Successfully click on Click on Menu/Login
 INFO [main] (ActionEngine.java:395) - Type  autoprauthor@harvestdp.com in Email address
 INFO [main] (ActionEngine.java:395) - Type  Automation2017 in Password
 INFO [main] (ActionEngine.java:107) - Successfully click on Login button
 INFO [main] (HelperClass.java:407) - in navigateConsultation
 INFO [main] (ActionEngine.java:1739) -  Able to get TscreenShot
 Able to get TscreenShot
</system-out>
    <system-err><![CDATA[org.openqa.selenium.WebDriverException: Element is not clickable at point (1116.9666748046875, 185.10000610351562). Other element would receive the click: <div class="ccm-notification-inner"></div>
Command duration or timeout: 265 milliseconds
Build info: version: '2.53.1', revision: 'a36b8b1cd5757287168e54b817830adce9b0158d', time: '2016-06-30 19:26:09'
System info: host: 'HW1315', ip: '192.168.3.11', os.name: 'Windows 7', os.arch: 'amd64', os.version: '6.1', java.version: '1.8.0_111'
Driver info: org.openqa.selenium.firefox.FirefoxDriver
Capabilities [{applicationCacheEnabled=true, rotatable=false, handlesAlerts=true, databaseEnabled=true, version=46.0, platform=WINDOWS, nativeEvents=false, acceptSslCerts=true, webStorageEnabled=true, locationContextEnabled=true, browserName=firefox, takesScreenshot=true, javascriptEnabled=true, cssSelectorsEnabled=true}]
Session ID: 7f0eb6ae-3383-4f81-8043-9be2c529e242
	at sun.reflect.NativeConstructorAccessorImpl.newInstance0(Native Method)
	at sun.reflect.NativeConstructorAccessorImpl.newInstance(Unknown Source)
	at sun.reflect.DelegatingConstructorAccessorImpl.newInstance(Unknown Source)
	at java.lang.reflect.Constructor.newInstance(Unknown Source)
	at org.openqa.selenium.remote.ErrorHandler.createThrowable(ErrorHandler.java:206)
	at org.openqa.selenium.remote.ErrorHandler.throwIfResponseFailed(ErrorHandler.java:158)
	at org.openqa.selenium.remote.RemoteWebDriver.execute(RemoteWebDriver.java:678)
	at org.openqa.selenium.remote.RemoteWebElement.execute(RemoteWebElement.java:327)
	at org.openqa.selenium.remote.RemoteWebElement.click(RemoteWebElement.java:85)
	at com.ctaf.accelerators.ActionEngine.click(ActionEngine.java:94)
	at com.desktopWeb.workflows.HelperClass.navigateConsultation(HelperClass.java:415)
	at com.desktopWeb.scripts.sprint1.TC_169_Detail_Page_News_Page_Project_Pa.TC169_Detail_Page_News_Page_Project_Pa(TC_169_Detail_Page_News_Page_Project_Pa.java:23)
	at sun.reflect.NativeMethodAccessorImpl.invoke0(Native Method)
	at sun.reflect.NativeMethodAccessorImpl.invoke(Unknown Source)
	at sun.reflect.DelegatingMethodAccessorImpl.invoke(Unknown Source)
	at java.lang.reflect.Method.invoke(Unknown Source)
	at org.testng.internal.MethodInvocationHelper.invokeMethod(MethodInvocationHelper.java:80)
	at org.testng.internal.Invoker.invokeMethod(Invoker.java:714)
	at org.testng.internal.Invoker.invokeTestMethod(Invoker.java:901)
	at org.testng.internal.Invoker.invokeTestMethods(Invoker.java:1231)
	at org.testng.internal.TestMethodWorker.invokeTestMethods(TestMethodWorker.java:127)
	at org.testng.internal.TestMethodWorker.run(TestMethodWorker.java:111)
	at org.testng.TestRunner.privateRun(TestRunner.java:767)
	at org.testng.TestRunner.run(TestRunner.java:617)
	at org.testng.SuiteRunner.runTest(SuiteRunner.java:334)
	at org.testng.SuiteRunner.runSequentially(SuiteRunner.java:329)
	at org.testng.SuiteRunner.privateRun(SuiteRunner.java:291)
	at org.testng.SuiteRunner.run(SuiteRunner.java:240)
	at org.testng.SuiteRunnerWorker.runSuite(SuiteRunnerWorker.java:52)
	at org.testng.SuiteRunnerWorker.run(SuiteRunnerWorker.java:86)
	at org.testng.TestNG.runSuitesSequentially(TestNG.java:1198)
	at org.testng.TestNG.runSuitesLocally(TestNG.java:1123)
	at org.testng.TestNG.run(TestNG.java:1031)
	at org.apache.maven.surefire.testng.TestNGExecutor.run(TestNGExecutor.java:178)
	at org.apache.maven.surefire.testng.TestNGXmlTestSuite.execute(TestNGXmlTestSuite.java:92)
	at org.apache.maven.surefire.testng.TestNGProvider.invoke(TestNGProvider.java:96)
	at sun.reflect.NativeMethodAccessorImpl.invoke0(Native Method)
	at sun.reflect.NativeMethodAccessorImpl.invoke(Unknown Source)
	at sun.reflect.DelegatingMethodAccessorImpl.invoke(Unknown Source)
	at java.lang.reflect.Method.invoke(Unknown Source)
	at org.apache.maven.surefire.util.ReflectionUtils.invokeMethodWithArray2(ReflectionUtils.java:208)
	at org.apache.maven.surefire.booter.ProviderFactory$ProviderProxy.invoke(ProviderFactory.java:159)
	at org.apache.maven.surefire.booter.ProviderFactory.invokeProvider(ProviderFactory.java:87)
	at org.apache.maven.surefire.booter.ForkedBooter.runSuitesInProcess(ForkedBooter.java:153)
	at org.apache.maven.surefire.booter.ForkedBooter.main(ForkedBooter.java:95)
]]></system-err>
  </testcase>
  <testcase name="TC03_CommonChecks_HomePage_HambergerMenu_Login_Signout_GuestUser" classname="com.desktopWeb.scripts.common.TC_03_CommonChecks_HomePage_HamburgerMenu_Login_Signout_GuestUser" time="214.603"/>
  <testcase name="TC03_CommonChecks_HomePage_HambergerMenu_Login_Signout_GuestUser" classname="com.desktopWeb.scripts.common.TC_03_CommonChecks_HomePage_HamburgerMenu_Login_Signout_GuestUser" time="254.409"/>
  <testcase name="TC03_CommonChecks_HomePage_HambergerMenu_Login_Signout_GuestUser" classname="com.desktopWeb.scripts.common.TC_03_CommonChecks_HomePage_HamburgerMenu_Login_Signout_GuestUser" time="216.929"/>
</testsuite>